# Ds Dp Dd Z1s Z1p Z1d Z2s Z2p Z2d CAs CAp CAd Rs Rp Rd, sum of errors
 -30.000 -20.000  -6.000  +1.000  +1.000  +1.000  +0.000  +0.000  +0.100  +0.000  +0.000  +0.000  +2.000  +2.000  +2.000  +9.912532
 -30.000 -10.000  -2.000  +3.000  +3.000  +5.000  +0.000  +0.000  +1.000  +0.000  +0.000 +80.000  +2.000  +2.000  +2.000  +1.472456
 -20.000 -20.000  -2.000  +3.000  +3.000  +5.000  +0.000  +0.000  +1.000  +0.000  +0.000 +80.000  +2.000  +2.000  +2.000  +2.169332
 -20.000 -10.000  -6.000  +3.000  +3.000  +5.000  +0.000  +0.000  +1.000  +0.000  +0.000 +80.000  +2.000  +2.000  +2.000  +1.606531
 -20.000 -10.000  -2.000  +1.000  +3.000  +5.000  +0.000  +0.000  +1.000  +0.000  +0.000 +80.000  +2.000  +2.000  +2.000  +1.683354
 -20.000 -10.000  -2.000  +3.000  +1.000  +5.000  +0.000  +0.000  +1.000  +0.000  +0.000 +80.000  +2.000  +2.000  +2.000  +4.683714
 -20.000 -10.000  -2.000  +3.000  +3.000  +1.000  +0.000  +0.000  +1.000  +0.000  +0.000 +80.000  +2.000  +2.000  +2.000  +1.430300
 -20.000 -10.000  -2.000  +3.000  +3.000  +5.000  +0.000  +0.000  +0.100  +0.000  +0.000 +80.000  +2.000  +2.000  +2.000  +1.436908
 -20.000 -10.000  -2.000  +3.000  +3.000  +5.000  +0.000  +0.000  +1.000  +0.000  +0.000  +0.000  +2.000  +2.000  +2.000  +1.366725
# Info: parameter out of range.
 -25.625 -15.625  -4.250  +1.875  +1.875  +2.750  +0.000  +0.000  +0.494  +0.000  +0.000 +35.000  +2.000  +2.000  +2.000  +2.876201
# Info: parameter out of range.
 -20.977 -10.977  -2.391  +2.805  +1.930  +4.609  +0.000  +0.000  +0.912  +0.000  +0.000 +72.188  +2.000  +2.000  +2.000  +1.549561
# Info: parameter out of range.
 -23.499 -13.499  -3.399  +2.300  +2.371  +3.601  +0.000  +0.000  +0.685  +0.000  +0.000 +52.012  +2.000  +2.000  +2.000  +0.707394
# Info: parameter out of range.
 -20.905 -15.280  -2.362  +2.819  +2.894  +4.638  +0.000  +0.000  +0.919  +0.000  +0.000 +72.762  +2.000  +2.000  +2.000  +1.793667
# Info: parameter out of range.
 -21.357 -12.920  -2.543  +2.729  +2.841  +4.457  +0.000  +0.000  +0.878  +0.000  +0.000 +69.144  +2.000  +2.000  +2.000  +1.508905
# Info: parameter out of range.
 -20.990 -10.462  -2.396  +1.927  +2.884  +4.604  +0.000  +0.000  +0.911  +0.000  +0.000 +72.084  +2.000  +2.000  +2.000  +1.050464
# Info: parameter out of range.
 -21.051 -10.491  -4.171  +2.860  +2.877  +4.579  +0.000  +0.000  +0.905  +0.000  +0.000 +71.589  +2.000  +2.000  +2.000  +1.349969
# Info: parameter out of range.
 -21.544 -10.949  -2.477  +2.766  +2.401  +4.382  +0.000  +0.000  +0.861  +0.000  +0.000 +67.646  +2.000  +2.000  +2.000  +1.008117
# Info: parameter out of range.
 -21.746 -11.797  -2.549  +2.730  +2.829  +4.301  +0.000  +0.000  +0.843  +0.000  +0.000 +66.030  +2.000  +2.000  +2.000  +1.391190
# Info: parameter out of range.
 -25.552 -10.450  -2.312  +2.849  +2.898  +4.529  +0.000  +0.000  +0.894  +0.000  +0.000 +70.585  +2.000  +2.000  +2.000  +1.294235
# Info: parameter out of range.
 -20.899 -10.478  -2.331  +2.840  +2.891  +4.500  +0.000  +0.000  +0.494  +0.000  +0.000 +69.997  +2.000  +2.000  +2.000  +1.366215
# Info: parameter out of range.
 -20.955 -10.508  -2.352  +2.829  +2.884  +2.719  +0.000  +0.000  +0.912  +0.000  +0.000 +69.371  +2.000  +2.000  +2.000  +1.339772
# Info: parameter out of range.
 -21.779 -11.326  -2.614  +2.701  +2.802  +4.270  +0.000  +0.000  +0.838  +0.000  +0.000 +62.595  +2.000  +2.000  +2.000  +1.323110
# Info: parameter out of range.
 -21.017 -10.510  -2.378  +2.817  +2.875  +4.574  +0.000  +0.000  +0.906  +0.000  +0.000 +33.492  +2.000  +2.000  +2.000  +1.338276
# Info: parameter out of range.
 -21.474 -10.751  -2.547  +2.735  +2.820  +4.329  +0.000  +0.000  +0.679  +0.000  +0.000 +66.209  +2.000  +2.000  +2.000  +1.317500
# Info: parameter out of range.
 -21.576 -10.774  -3.365  +2.738  +2.809  +4.353  +0.000  +0.000  +0.871  +0.000  +0.000 +66.669  +2.000  +2.000  +2.000  +1.273458
# Info: parameter out of range.
 -21.567 -10.799  -2.519  +2.717  +2.808  +3.524  +0.000  +0.000  +0.871  +0.000  +0.000 +65.391  +2.000  +2.000  +2.000  +1.295689
# Info: parameter out of range.
 -21.632 -10.818  -2.541  +2.704  +2.800  +4.387  +0.000  +0.000  +0.866  +0.000  +0.000 +49.446  +2.000  +2.000  +2.000  +1.287419
 -22.680 -10.800  -2.775  +2.483  +2.645  +4.157  +0.000  +0.000  +0.822  +0.000  +0.000 +64.915  +2.000  +2.000  +2.000  +1.104005
# Info: parameter out of range.
 -21.927 -10.910  -2.635  +2.648  +2.761  +4.260  +0.000  +0.000  +0.763  +0.000  +0.000 +64.901  +2.000  +2.000  +2.000  +1.272892
# Info: parameter out of range.
 -21.996 -10.941  -2.628  +2.634  +2.752  +3.904  +0.000  +0.000  +0.853  +0.000  +0.000 +64.462  +2.000  +2.000  +2.000  +1.246759
# Info: parameter out of range.
 -23.766 -10.797  -2.545  +2.687  +2.788  +4.368  +0.000  +0.000  +0.862  +0.000  +0.000 +66.676  +2.000  +2.000  +2.000  +1.229066
# Info: parameter out of range.
 -21.940 -10.980  -2.659  +2.614  +2.738  +4.295  +0.000  +0.000  +0.847  +0.000  +0.000 +57.183  +2.000  +2.000  +2.000  +1.236300
 -23.009 -11.560  -2.013  +2.277  +2.526  +4.040  +0.000  +0.000  +0.780  +0.000  +0.000 +60.800  +2.000  +2.000  +2.000  +0.944572
 -22.929 -11.587  -2.588  +2.274  +2.515  +4.077  +0.000  +0.000  +0.892  +0.000  +0.000 +61.543  +2.000  +2.000  +2.000  +0.922785
 -23.093 -11.717  -2.585  +2.198  +2.465  +4.477  +0.000  +0.000  +0.812  +0.000  +0.000 +61.253  +2.000  +2.000  +2.000  +0.783317
 -23.438 -11.863  -2.535  +2.115  +2.410  +4.131  +0.000  +0.000  +0.809  +0.000  +0.000 +69.549  +2.000  +2.000  +2.000  +0.661777
 -21.529 -12.312  -2.648  +1.898  +2.266  +4.000  +0.000  +0.000  +0.782  +0.000  +0.000 +60.775  +2.000  +2.000  +2.000  +0.622034
 -22.328 -12.688  -2.386  +1.955  +2.314  +4.171  +0.000  +0.000  +0.811  +0.000  +0.000 +61.500  +2.000  +2.000  +2.000  +0.502369
 -24.352 -13.582  -2.762  +2.519  +1.933  +3.616  +0.000  +0.000  +0.697  +0.000  +0.000 +51.685  +2.000  +2.000  +2.000  +1.636984
 -21.830 -11.242  -2.487  +2.075  +2.646  +4.357  +0.000  +0.000  +0.857  +0.000  +0.000 +66.984  +2.000  +2.000  +2.000  +0.968620
 -23.869 -13.168  -2.683  +1.507  +2.477  +3.831  +0.000  +0.000  +0.746  +0.000  +0.000 +55.959  +2.000  +2.000  +2.000  +0.941649
 -24.093 -13.356  -2.722  +2.056  +2.190  +3.725  +0.000  +0.000  +0.722  +0.000  +0.000 +53.863  +2.000  +2.000  +2.000  +0.721340
 -23.185 -13.487  -3.373  +1.799  +2.226  +3.963  +0.000  +0.000  +0.784  +0.000  +0.000 +58.313  +2.000  +2.000  +2.000  +0.888543
 -22.154 -11.959  -2.876  +2.642  +2.212  +4.205  +0.000  +0.000  +0.828  +0.000  +0.000 +63.743  +2.000  +2.000  +2.000  +0.796246
 -22.901 -13.634  -3.043  +1.966  +2.098  +3.991  +0.000  +0.000  +0.666  +0.000  +0.000 +58.709  +2.000  +2.000  +2.000  +1.129515
 -22.922 -12.099  -2.702  +2.197  +2.411  +4.056  +0.000  +0.000  +0.836  +0.000  +0.000 +60.835  +2.000  +2.000  +2.000  +0.742684
 -22.578 -11.386  -2.090  +2.541  +2.433  +4.128  +0.000  +0.000  +0.787  +0.000  +0.000 +62.570  +2.000  +2.000  +2.000  +0.921533
 -23.034 -12.962  -3.052  +1.984  +2.278  +4.004  +0.000  +0.000  +0.785  +0.000  +0.000 +59.377  +2.000  +2.000  +2.000  +0.551576
 -23.829 -13.165  -2.632  +1.534  +2.464  +3.836  +0.000  +0.000  +0.732  +0.000  +0.000 +56.047  +2.000  +2.000  +2.000  +0.896712
 -22.573 -12.261  -2.815  +2.365  +2.275  +4.113  +0.000  +0.000  +0.804  +0.000  +0.000 +61.819  +2.000  +2.000  +2.000  +0.670526
 -22.761 -13.542  -2.980  +2.020  +2.164  +3.474  +0.000  +0.000  +0.746  +0.000  +0.000 +58.680  +2.000  +2.000  +2.000  +0.777249
 -23.010 -12.174  -2.684  +2.153  +2.389  +4.226  +0.000  +0.000  +0.796  +0.000  +0.000 +60.610  +2.000  +2.000  +2.000  +0.651952
 -22.954 -13.180  -2.858  +2.009  +2.212  +3.937  +0.000  +0.000  +0.713  +0.000  +0.000 +59.042  +2.000  +2.000  +2.000  +0.665419
 -21.498 -11.878  -2.872  +2.139  +2.439  +4.321  +0.000  +0.000  +0.824  +0.000  +0.000 +67.307  +2.000  +2.000  +2.000  +0.776427
 -23.444 -12.987  -2.760  +2.077  +2.252  +3.874  +0.000  +0.000  +0.747  +0.000  +0.000 +57.224  +2.000  +2.000  +2.000  +0.541889
 -22.079 -11.608  -2.035  +1.839  +2.229  +4.514  +0.000  +0.000  +0.877  +0.000  +0.000 +70.462  +2.000  +2.000  +2.000  +0.770085
 -23.144 -13.026  -3.058  +2.185  +2.335  +3.829  +0.000  +0.000  +0.733  +0.000  +0.000 +56.624  +2.000  +2.000  +2.000  +0.583613
 -23.147 -13.037  -2.681  +1.729  +2.340  +3.930  +0.000  +0.000  +0.740  +0.000  +0.000 +59.356  +2.000  +2.000  +2.000  +0.706594
 -22.716 -12.455  -2.781  +2.206  +2.291  +4.067  +0.000  +0.000  +0.788  +0.000  +0.000 +61.203  +2.000  +2.000  +2.000  +0.586749
 -22.707 -11.936  -2.618  +2.134  +2.422  +4.139  +0.000  +0.000  +0.850  +0.000  +0.000 +62.674  +2.000  +2.000  +2.000  +0.702606
 -22.892 -12.869  -2.798  +2.041  +2.265  +3.987  +0.000  +0.000  +0.747  +0.000  +0.000 +59.950  +2.000  +2.000  +2.000  +0.537180
 -22.087 -13.505  -3.006  +2.010  +2.187  +3.908  +0.000  +0.000  +0.738  +0.000  +0.000 +49.767  +2.000  +2.000  +2.000  +0.713539
 -23.100 -12.273  -2.653  +2.088  +2.355  +4.076  +0.000  +0.000  +0.791  +0.000  +0.000 +64.603  +2.000  +2.000  +2.000  +0.567487
 -22.537 -13.219  -2.850  +1.955  +2.200  +3.776  +0.000  +0.000  +0.750  +0.000  +0.000 +59.705  +2.000  +2.000  +2.000  +0.733457
 -22.892 -12.435  -2.725  +2.104  +2.342  +4.113  +0.000  +0.000  +0.784  +0.000  +0.000 +60.383  +2.000  +2.000  +2.000  +0.561084
 -24.358 -13.112  -2.906  +2.262  +2.342  +4.031  +0.000  +0.000  +0.765  +0.000  +0.000 +59.442  +2.000  +2.000  +2.000  +0.635192
 -22.236 -12.512  -2.712  +1.989  +2.285  +4.007  +0.000  +0.000  +0.777  +0.000  +0.000 +60.441  +2.000  +2.000  +2.000  +0.539069
 -23.051 -12.983  -2.755  +1.900  +2.315  +3.948  +0.000  +0.000  +0.756  +0.000  +0.000 +58.822  +2.000  +2.000  +2.000  +0.541220
 -22.600 -12.401  -2.402  +1.850  +2.266  +4.217  +0.000  +0.000  +0.817  +0.000  +0.000 +63.951  +2.000  +2.000  +2.000  +0.685779
 -23.008 -12.870  -2.894  +2.101  +2.318  +3.926  +0.000  +0.000  +0.754  +0.000  +0.000 +58.456  +2.000  +2.000  +2.000  +0.525888
 -22.621 -13.303  -2.868  +1.949  +2.238  +3.933  +0.000  +0.000  +0.749  +0.000  +0.000 +54.435  +2.000  +2.000  +2.000  +0.643754
 -22.980 -12.531  -2.707  +2.054  +2.325  +4.040  +0.000  +0.000  +0.781  +0.000  +0.000 +62.061  +2.000  +2.000  +2.000  +0.526389
 -22.852 -13.165  -2.791  +1.921  +2.246  +3.876  +0.000  +0.000  +0.755  +0.000  +0.000 +59.075  +2.000  +2.000  +2.000  +0.648991
 -22.882 -12.618  -2.742  +2.058  +2.318  +4.054  +0.000  +0.000  +0.777  +0.000  +0.000 +60.056  +2.000  +2.000  +2.000  +0.518753
 -22.672 -12.552  -2.386  +2.059  +2.320  +3.998  +0.000  +0.000  +0.753  +0.000  +0.000 +60.251  +2.000  +2.000  +2.000  +0.518536
 -22.068 -12.419  -2.585  +1.962  +2.363  +4.159  +0.000  +0.000  +0.792  +0.000  +0.000 +63.160  +2.000  +2.000  +2.000  +0.530325
 -22.215 -12.281  -2.547  +2.155  +2.312  +4.137  +0.000  +0.000  +0.792  +0.000  +0.000 +62.647  +2.000  +2.000  +2.000  +0.575192
 -22.842 -12.808  -2.703  +1.964  +2.314  +3.996  +0.000  +0.000  +0.765  +0.000  +0.000 +59.778  +2.000  +2.000  +2.000  +0.511246
 -23.181 -12.827  -2.588  +2.060  +2.349  +4.075  +0.000  +0.000  +0.768  +0.000  +0.000 +60.862  +2.000  +2.000  +2.000  +0.526651
 -22.598 -12.459  -2.449  +2.013  +2.391  +4.117  +0.000  +0.000  +0.803  +0.000  +0.000 +61.582  +2.000  +2.000  +2.000  +0.577307
 -22.818 -12.767  -2.711  +2.034  +2.296  +4.020  +0.000  +0.000  +0.761  +0.000  +0.000 +60.358  +2.000  +2.000  +2.000  +0.507971
 -23.610 -12.996  -2.694  +2.109  +2.276  +3.911  +0.000  +0.000  +0.751  +0.000  +0.000 +57.670  +2.000  +2.000  +2.000  +0.506018
 -22.603 -12.631  -2.717  +2.024  +2.271  +3.954  +0.000  +0.000  +0.771  +0.000  +0.000 +59.171  +2.000  +2.000  +2.000  +0.541227
 -23.037 -12.778  -2.620  +2.051  +2.330  +4.045  +0.000  +0.000  +0.768  +0.000  +0.000 +60.439  +2.000  +2.000  +2.000  +0.517533
 -22.819 -12.988  -2.577  +2.029  +2.296  +3.990  +0.000  +0.000  +0.754  +0.000  +0.000 +57.566  +2.000  +2.000  +2.000  +0.498460
 -22.744 -12.679  -2.310  +1.963  +2.298  +4.120  +0.000  +0.000  +0.781  +0.000  +0.000 +60.949  +2.000  +2.000  +2.000  +0.516742
 -22.836 -12.946  -2.355  +1.983  +2.293  +4.008  +0.000  +0.000  +0.759  +0.000  +0.000 +59.572  +2.000  +2.000  +2.000  +0.500719
 -23.087 -13.110  -2.703  +1.963  +2.284  +4.068  +0.000  +0.000  +0.785  +0.000  +0.000 +59.207  +2.000  +2.000  +2.000  +0.533097
 -22.775 -12.692  -2.465  +2.035  +2.311  +4.015  +0.000  +0.000  +0.761  +0.000  +0.000 +59.990  +2.000  +2.000  +2.000  +0.499180
 -22.656 -12.863  -2.430  +1.967  +2.270  +4.013  +0.000  +0.000  +0.768  +0.000  +0.000 +58.907  +2.000  +2.000  +2.000  +0.550026
 -22.942 -12.799  -2.573  +2.030  +2.315  +4.037  +0.000  +0.000  +0.768  +0.000  +0.000 +60.056  +2.000  +2.000  +2.000  +0.503052
 -22.998 -12.992  -2.806  +2.071  +2.306  +3.917  +0.000  +0.000  +0.751  +0.000  +0.000 +58.174  +2.000  +2.000  +2.000  +0.506274
 -22.940 -12.909  -2.439  +2.098  +2.287  +4.022  +0.000  +0.000  +0.764  +0.000  +0.000 +58.943  +2.000  +2.000  +2.000  +0.499818
 -22.993 -12.986  -2.363  +2.044  +2.303  +3.998  +0.000  +0.000  +0.769  +0.000  +0.000 +58.010  +2.000  +2.000  +2.000  +0.491032
 -22.812 -12.759  -2.157  +1.999  +2.293  +4.121  +0.000  +0.000  +0.783  +0.000  +0.000 +60.153  +2.000  +2.000  +2.000  +0.499875
 -22.001 -12.696  -2.135  +1.934  +2.327  +4.180  +0.000  +0.000  +0.792  +0.000  +0.000 +61.277  +2.000  +2.000  +2.000  +0.496978
 -22.434 -12.867  -2.146  +1.990  +2.291  +4.090  +0.000  +0.000  +0.780  +0.000  +0.000 +59.196  +2.000  +2.000  +2.000  +0.490732
 -23.075 -13.023  -2.274  +2.072  +2.287  +3.935  +0.000  +0.000  +0.729  +0.000  +0.000 +57.176  +2.000  +2.000  +2.000  +0.492163
 -22.627 -12.783  -2.284  +2.068  +2.306  +4.079  +0.000  +0.000  +0.774  +0.000  +0.000 +58.506  +2.000  +2.000  +2.000  +0.501640
 -22.784 -12.905  -2.337  +2.004  +2.296  +4.026  +0.000  +0.000  +0.763  +0.000  +0.000 +59.305  +2.000  +2.000  +2.000  +0.492019
 -22.643 -13.007  -2.527  +2.052  +2.307  +3.943  +0.000  +0.000  +0.745  +0.000  +0.000 +57.713  +2.000  +2.000  +2.000  +0.498452
 -22.442 -12.882  -2.268  +1.942  +2.318  +4.022  +0.000  +0.000  +0.759  +0.000  +0.000 +58.616  +2.000  +2.000  +2.000  +0.495276
 -22.522 -13.147  -2.191  +1.982  +2.295  +4.031  +0.000  +0.000  +0.762  +0.000  +0.000 +57.225  +2.000  +2.000  +2.000  +0.481576
# Info: parameter out of range.
 -22.715 -12.963  -2.429  +2.016  +2.300  +4.009  +0.000  +0.000  +0.758  +0.000  +0.000 +58.065  +2.000  +2.000  +2.000  +0.492952
 -22.598 -12.860  -2.009  +1.944  +2.298  +4.130  +0.000  +0.000  +0.783  +0.000  +0.000 +59.505  +2.000  +2.000  +2.000  +0.500531
 -22.632 -12.970  -2.397  +2.025  +2.305  +3.989  +0.000  +0.000  +0.755  +0.000  +0.000 +58.161  +2.000  +2.000  +2.000  +0.487940
 -23.398 -13.240  -2.466  +2.084  +2.271  +3.845  +0.000  +0.000  +0.727  +0.000  +0.000 +55.162  +2.000  +2.000  +2.000  +0.496884
 -22.351 -12.832  -2.218  +1.972  +2.313  +4.096  +0.000  +0.000  +0.776  +0.000  +0.000 +59.748  +2.000  +2.000  +2.000  +0.488024
 -22.935 -13.041  -2.321  +2.084  +2.280  +4.021  +0.000  +0.000  +0.764  +0.000  +0.000 +58.106  +2.000  +2.000  +2.000  +0.487833
 -22.716 -12.979  -2.133  +2.027  +2.293  +4.037  +0.000  +0.000  +0.766  +0.000  +0.000 +58.667  +2.000  +2.000  +2.000  +0.486929
 -22.267 -12.909  -2.253  +1.959  +2.307  +4.137  +0.000  +0.000  +0.804  +0.000  +0.000 +59.928  +2.000  +2.000  +2.000  +0.490145
 -22.429 -13.027  -2.168  +2.017  +2.301  +4.074  +0.000  +0.000  +0.781  +0.000  +0.000 +57.955  +2.000  +2.000  +2.000  +0.494083
 -22.695 -12.936  -2.295  +2.007  +2.297  +4.038  +0.000  +0.000  +0.767  +0.000  +0.000 +58.968  +2.000  +2.000  +2.000  +0.491624
 -22.518 -12.997  -2.211  +2.013  +2.300  +4.062  +0.000  +0.000  +0.776  +0.000  +0.000 +58.293  +2.000  +2.000  +2.000  +0.488741
 -22.100 -12.950  -2.105  +1.969  +2.293  +4.118  +0.000  +0.000  +0.777  +0.000  +0.000 +59.321  +2.000  +2.000  +2.000  +0.496061
 -22.770 -12.977  -2.298  +2.025  +2.301  +4.028  +0.000  +0.000  +0.771  +0.000  +0.000 +58.338  +2.000  +2.000  +2.000  +0.484166
 -22.743 -13.096  -2.359  +2.032  +2.307  +4.011  +0.000  +0.000  +0.763  +0.000  +0.000 +57.920  +2.000  +2.000  +2.000  +0.488386
 -23.030 -13.101  -2.279  +2.081  +2.291  +3.932  +0.000  +0.000  +0.729  +0.000  +0.000 +56.686  +2.000  +2.000  +2.000  +0.482430
 -22.907 -13.039  -2.339  +2.044  +2.297  +3.974  +0.000  +0.000  +0.745  +0.000  +0.000 +57.920  +2.000  +2.000  +2.000  +0.484781
 -22.722 -12.925  -2.185  +2.027  +2.287  +4.016  +0.000  +0.000  +0.753  +0.000  +0.000 +58.293  +2.000  +2.000  +2.000  +0.491752
 -22.738 -13.054  -2.316  +2.031  +2.302  +4.012  +0.000  +0.000  +0.761  +0.000  +0.000 +58.013  +2.000  +2.000  +2.000  +0.491700
 -22.633 -13.121  -2.275  +2.007  +2.301  +4.021  +0.000  +0.000  +0.763  +0.000  +0.000 +57.572  +2.000  +2.000  +2.000  +0.474947
 -22.436 -12.989  -2.205  +1.977  +2.304  +4.063  +0.000  +0.000  +0.769  +0.000  +0.000 +58.487  +2.000  +2.000  +2.000  +0.490595
 -22.577 -13.059  -2.294  +2.003  +2.300  +4.010  +0.000  +0.000  +0.758  +0.000  +0.000 +57.693  +2.000  +2.000  +2.000  +0.483075
 -22.729 -13.094  -2.256  +2.033  +2.288  +4.026  +0.000  +0.000  +0.763  +0.000  +0.000 +57.666  +2.000  +2.000  +2.000  +0.484425
 -22.619 -13.063  -2.162  +2.004  +2.294  +4.034  +0.000  +0.000  +0.764  +0.000  +0.000 +57.946  +2.000  +2.000  +2.000  +0.480676
 -22.715 -13.093  -2.265  +2.013  +2.296  +4.003  +0.000  +0.000  +0.753  +0.000  +0.000 +57.572  +2.000  +2.000  +2.000  +0.483033
 -22.646 -13.062  -2.245  +2.003  +2.298  +4.029  +0.000  +0.000  +0.766  +0.000  +0.000 +57.781  +2.000  +2.000  +2.000  +0.480562
 -22.776 -13.124  -2.235  +2.031  +2.293  +3.981  +0.000  +0.000  +0.745  +0.000  +0.000 +56.956  +2.000  +2.000  +2.000  +0.485061
 -22.868 -13.201  -2.277  +2.042  +2.287  +3.970  +0.000  +0.000  +0.750  +0.000  +0.000 +56.616  +2.000  +2.000  +2.000  +0.474280
 -22.551 -13.086  -2.256  +1.991  +2.297  +4.050  +0.000  +0.000  +0.774  +0.000  +0.000 +58.062  +2.000  +2.000  +2.000  +0.486800
 -22.720 -13.114  -2.241  +2.021  +2.294  +3.998  +0.000  +0.000  +0.753  +0.000  +0.000 +57.232  +2.000  +2.000  +2.000  +0.481400
 -22.596 -13.121  -2.231  +1.986  +2.304  +3.998  +0.000  +0.000  +0.754  +0.000  +0.000 +57.244  +2.000  +2.000  +2.000  +0.475226
 -22.753 -13.172  -2.178  +2.011  +2.292  +4.011  +0.000  +0.000  +0.758  +0.000  +0.000 +57.104  +2.000  +2.000  +2.000  +0.478613
 -22.625 -13.157  -2.185  +2.002  +2.296  +4.021  +0.000  +0.000  +0.764  +0.000  +0.000 +57.108  +2.000  +2.000  +2.000  +0.486926
 -22.692 -13.109  -2.245  +2.010  +2.296  +4.007  +0.000  +0.000  +0.756  +0.000  +0.000 +57.456  +2.000  +2.000  +2.000  +0.483652
 -22.791 -13.147  -2.271  +2.027  +2.291  +3.986  +0.000  +0.000  +0.752  +0.000  +0.000 +57.094  +2.000  +2.000  +2.000  +0.490004
 -22.695 -13.174  -2.234  +2.012  +2.291  +4.000  +0.000  +0.000  +0.756  +0.000  +0.000 +56.921  +2.000  +2.000  +2.000  +0.481484
 -22.794 -13.158  -2.259  +2.032  +2.291  +3.984  +0.000  +0.000  +0.751  +0.000  +0.000 +56.924  +2.000  +2.000  +2.000  +0.487939
 -22.744 -13.132  -2.220  +2.023  +2.291  +4.002  +0.000  +0.000  +0.757  +0.000  +0.000 +57.281  +2.000  +2.000  +2.000  +0.485404
 -22.757 -13.131  -2.261  +2.023  +2.292  +4.000  +0.000  +0.000  +0.758  +0.000  +0.000 +57.199  +2.000  +2.000  +2.000  +0.483081
 -22.810 -13.187  -2.227  +2.027  +2.290  +3.991  +0.000  +0.000  +0.754  +0.000  +0.000 +56.860  +2.000  +2.000  +2.000  +0.475930
 -22.732 -13.161  -2.254  +2.014  +2.295  +3.984  +0.000  +0.000  +0.752  +0.000  +0.000 +56.930  +2.000  +2.000  +2.000  +0.477600
 -22.750 -13.161  -2.276  +2.025  +2.294  +3.996  +0.000  +0.000  +0.756  +0.000  +0.000 +57.094  +2.000  +2.000  +2.000  +0.480257
 -22.746 -13.179  -2.231  +2.022  +2.291  +3.995  +0.000  +0.000  +0.757  +0.000  +0.000 +56.862  +2.000  +2.000  +2.000  +0.479669
 -22.732 -13.174  -2.236  +2.015  +2.292  +4.000  +0.000  +0.000  +0.759  +0.000  +0.000 +57.017  +2.000  +2.000  +2.000  +0.480922
 -22.779 -13.210  -2.279  +2.022  +2.293  +3.982  +0.000  +0.000  +0.754  +0.000  +0.000 +56.594  +2.000  +2.000  +2.000  +0.483421
 -22.753 -13.152  -2.234  +2.023  +2.291  +3.997  +0.000  +0.000  +0.756  +0.000  +0.000 +57.109  +2.000  +2.000  +2.000  +0.477666
 -22.765 -13.216  -2.232  +2.022  +2.291  +3.984  +0.000  +0.000  +0.752  +0.000  +0.000 +56.654  +2.000  +2.000  +2.000  +0.478887
 -22.844 -13.184  -2.258  +2.036  +2.292  +3.979  +0.000  +0.000  +0.753  +0.000  +0.000 +56.865  +2.000  +2.000  +2.000  +0.479212
 -22.835 -13.186  -2.261  +2.037  +2.290  +3.974  +0.000  +0.000  +0.749  +0.000  +0.000 +56.731  +2.000  +2.000  +2.000  +0.473438
 -22.838 -13.205  -2.217  +2.031  +2.288  +3.973  +0.000  +0.000  +0.749  +0.000  +0.000 +56.563  +2.000  +2.000  +2.000  +0.482163
 -22.772 -13.172  -2.261  +2.026  +2.292  +3.990  +0.000  +0.000  +0.755  +0.000  +0.000 +56.961  +2.000  +2.000  +2.000  +0.480130
 -22.816 -13.194  -2.232  +2.030  +2.289  +3.978  +0.000  +0.000  +0.751  +0.000  +0.000 +56.696  +2.000  +2.000  +2.000  +0.484861
 -22.783 -13.178  -2.254  +2.027  +2.292  +3.987  +0.000  +0.000  +0.754  +0.000  +0.000 +56.895  +2.000  +2.000  +2.000  +0.476468
 -22.851 -13.187  -2.268  +2.035  +2.291  +3.971  +0.000  +0.000  +0.748  +0.000  +0.000 +56.803  +2.000  +2.000  +2.000  +0.480991
 -22.773 -13.181  -2.240  +2.025  +2.291  +3.989  +0.000  +0.000  +0.755  +0.000  +0.000 +56.847  +2.000  +2.000  +2.000  +0.481018
 -22.791 -13.183  -2.246  +2.030  +2.291  +3.984  +0.000  +0.000  +0.753  +0.000  +0.000 +56.797  +2.000  +2.000  +2.000  +0.479640
 -22.840 -13.185  -2.259  +2.037  +2.291  +3.976  +0.000  +0.000  +0.751  +0.000  +0.000 +56.798  +2.000  +2.000  +2.000  +0.480546
 -22.800 -13.201  -2.246  +2.030  +2.290  +3.979  +0.000  +0.000  +0.750  +0.000  +0.000 +56.692  +2.000  +2.000  +2.000  +0.478740
 -22.794 -13.169  -2.248  +2.030  +2.291  +3.985  +0.000  +0.000  +0.752  +0.000  +0.000 +56.920  +2.000  +2.000  +2.000  +0.484682
 -22.784 -13.174  -2.257  +2.026  +2.293  +3.979  +0.000  +0.000  +0.750  +0.000  +0.000 +56.831  +2.000  +2.000  +2.000  +0.483476
 -22.809 -13.182  -2.257  +2.032  +2.291  +3.980  +0.000  +0.000  +0.751  +0.000  +0.000 +56.813  +2.000  +2.000  +2.000  +0.476365
 -22.823 -13.186  -2.244  +2.032  +2.290  +3.982  +0.000  +0.000  +0.751  +0.000  +0.000 +56.796  +2.000  +2.000  +2.000  +0.480830
 -22.852 -13.194  -2.269  +2.040  +2.289  +3.972  +0.000  +0.000  +0.749  +0.000  +0.000 +56.674  +2.000  +2.000  +2.000  +0.479821
 -22.839 -13.204  -2.262  +2.036  +2.291  +3.971  +0.000  +0.000  +0.749  +0.000  +0.000 +56.613  +2.000  +2.000  +2.000  +0.472737
 -22.863 -13.207  -2.254  +2.043  +2.288  +3.976  +0.000  +0.000  +0.750  +0.000  +0.000 +56.648  +2.000  +2.000  +2.000  +0.483354
 -22.804 -13.182  -2.257  +2.030  +2.292  +3.978  +0.000  +0.000  +0.750  +0.000  +0.000 +56.785  +2.000  +2.000  +2.000  +0.479743
 -22.820 -13.193  -2.270  +2.036  +2.291  +3.971  +0.000  +0.000  +0.749  +0.000  +0.000 +56.680  +2.000  +2.000  +2.000  +0.477918
 -22.798 -13.196  -2.258  +2.031  +2.290  +3.976  +0.000  +0.000  +0.749  +0.000  +0.000 +56.648  +2.000  +2.000  +2.000  +0.486670
 -22.829 -13.188  -2.259  +2.035  +2.291  +3.976  +0.000  +0.000  +0.751  +0.000  +0.000 +56.761  +2.000  +2.000  +2.000  +0.484427
 -22.839 -13.194  -2.261  +2.036  +2.291  +3.974  +0.000  +0.000  +0.750  +0.000  +0.000 +56.705  +2.000  +2.000  +2.000  +0.482348
 -22.845 -13.199  -2.266  +2.038  +2.290  +3.971  +0.000  +0.000  +0.749  +0.000  +0.000 +56.643  +2.000  +2.000  +2.000  +0.480687
 -22.821 -13.193  -2.259  +2.033  +2.291  +3.975  +0.000  +0.000  +0.750  +0.000  +0.000 +56.699  +2.000  +2.000  +2.000  +0.482923
 -22.815 -13.193  -2.254  +2.033  +2.291  +3.978  +0.000  +0.000  +0.751  +0.000  +0.000 +56.705  +2.000  +2.000  +2.000  +0.476496
 -22.820 -13.202  -2.254  +2.033  +2.290  +3.975  +0.000  +0.000  +0.750  +0.000  +0.000 +56.653  +2.000  +2.000  +2.000  +0.480134
 -22.829 -13.198  -2.266  +2.036  +2.291  +3.971  +0.000  +0.000  +0.749  +0.000  +0.000 +56.646  +2.000  +2.000  +2.000  +0.483837
 -22.824 -13.193  -2.260  +2.034  +2.291  +3.976  +0.000  +0.000  +0.750  +0.000  +0.000 +56.713  +2.000  +2.000  +2.000  +0.479108
 -22.837 -13.195  -2.262  +2.037  +2.290  +3.972  +0.000  +0.000  +0.749  +0.000  +0.000 +56.672  +2.000  +2.000  +2.000  +0.476237
 -22.831 -13.195  -2.253  +2.034  +2.290  +3.977  +0.000  +0.000  +0.750  +0.000  +0.000 +56.704  +2.000  +2.000  +2.000  +0.482357
 -22.841 -13.201  -2.259  +2.037  +2.290  +3.974  +0.000  +0.000  +0.750  +0.000  +0.000 +56.653  +2.000  +2.000  +2.000  +0.475767
 -22.834 -13.200  -2.266  +2.037  +2.290  +3.971  +0.000  +0.000  +0.749  +0.000  +0.000 +56.635  +2.000  +2.000  +2.000  +0.479339
 -22.825 -13.202  -2.260  +2.035  +2.290  +3.973  +0.000  +0.000  +0.749  +0.000  +0.000 +56.616  +2.000  +2.000  +2.000  +0.482887
 -22.836 -13.196  -2.261  +2.036  +2.291  +3.974  +0.000  +0.000  +0.750  +0.000  +0.000 +56.683  +2.000  +2.000  +2.000  +0.484769
 -22.839 -13.199  -2.262  +2.036  +2.291  +3.972  +0.000  +0.000  +0.749  +0.000  +0.000 +56.659  +2.000  +2.000  +2.000  +0.472839
 -22.842 -13.201  -2.264  +2.037  +2.290  +3.971  +0.000  +0.000  +0.749  +0.000  +0.000 +56.628  +2.000  +2.000  +2.000  +0.483198
 -22.829 -13.203  -2.258  +2.034  +2.291  +3.973  +0.000  +0.000  +0.749  +0.000  +0.000 +56.633  +2.000  +2.000  +2.000  +0.476215
 -22.837 -13.202  -2.264  +2.036  +2.291  +3.971  +0.000  +0.000  +0.749  +0.000  +0.000 +56.624  +2.000  +2.000  +2.000  +0.477443
 -22.832 -13.198  -2.261  +2.035  +2.291  +3.973  +0.000  +0.000  +0.749  +0.000  +0.000 +56.663  +2.000  +2.000  +2.000  +0.478931
 -22.827 -13.199  -2.258  +2.034  +2.291  +3.974  +0.000  +0.000  +0.750  +0.000  +0.000 +56.659  +2.000  +2.000  +2.000  +0.479916
 -22.838 -13.199  -2.262  +2.036  +2.290  +3.972  +0.000  +0.000  +0.749  +0.000  +0.000 +56.642  +2.000  +2.000  +2.000  +0.486133
 -22.840 -13.202  -2.260  +2.036  +2.290  +3.972  +0.000  +0.000  +0.749  +0.000  +0.000 +56.633  +2.000  +2.000  +2.000  +0.479159
 -22.833 -13.203  -2.261  +2.035  +2.290  +3.973  +0.000  +0.000  +0.750  +0.000  +0.000 +56.635  +2.000  +2.000  +2.000  +0.475928
 -22.827 -13.201  -2.258  +2.034  +2.291  +3.974  +0.000  +0.000  +0.750  +0.000  +0.000 +56.651  +2.000  +2.000  +2.000  +0.486902
 -22.839 -13.201  -2.262  +2.036  +2.290  +3.972  +0.000  +0.000  +0.749  +0.000  +0.000 +56.634  +2.000  +2.000  +2.000  +0.483721
 -22.841 -13.203  -2.263  +2.036  +2.290  +3.971  +0.000  +0.000  +0.749  +0.000  +0.000 +56.620  +2.000  +2.000  +2.000  +0.475766
 -22.833 -13.201  -2.260  +2.035  +2.291  +3.973  +0.000  +0.000  +0.749  +0.000  +0.000 +56.636  +2.000  +2.000  +2.000  +0.475706
 -22.840 -13.203  -2.261  +2.036  +2.290  +3.972  +0.000  +0.000  +0.749  +0.000  +0.000 +56.623  +2.000  +2.000  +2.000  +0.480189
 -22.836 -13.201  -2.262  +2.035  +2.291  +3.972  +0.000  +0.000  +0.749  +0.000  +0.000 +56.638  +2.000  +2.000  +2.000  +0.486651
 -22.838 -13.203  -2.263  +2.036  +2.291  +3.971  +0.000  +0.000  +0.749  +0.000  +0.000 +56.618  +2.000  +2.000  +2.000  +0.475950
 -22.834 -13.203  -2.260  +2.035  +2.291  +3.972  +0.000  +0.000  +0.749  +0.000  +0.000 +56.623  +2.000  +2.000  +2.000  +0.472731
 -22.836 -13.203  -2.261  +2.035  +2.290  +3.972  +0.000  +0.000  +0.749  +0.000  +0.000 +56.624  +2.000  +2.000  +2.000  +0.482628
 -22.839 -13.201  -2.262  +2.036  +2.291  +3.972  +0.000  +0.000  +0.749  +0.000  +0.000 +56.636  +2.000  +2.000  +2.000  +0.484610
 -22.840 -13.204  -2.262  +2.036  +2.290  +3.971  +0.000  +0.000  +0.749  +0.000  +0.000 +56.610  +2.000  +2.000  +2.000  +0.483547
 -22.836 -13.205  -2.262  +2.036  +2.290  +3.972  +0.000  +0.000  +0.749  +0.000  +0.000 +56.606  +2.000  +2.000  +2.000  +0.472769
 -22.835 -13.202  -2.262  +2.035  +2.291  +3.972  +0.000  +0.000  +0.749  +0.000  +0.000 +56.630  +2.000  +2.000  +2.000  +0.475979
 -22.838 -13.203  -2.262  +2.036  +2.290  +3.971  +0.000  +0.000  +0.749  +0.000  +0.000 +56.618  +2.000  +2.000  +2.000  +0.475972
 -22.834 -13.203  -2.262  +2.035  +2.291  +3.972  +0.000  +0.000  +0.749  +0.000  +0.000 +56.618  +2.000  +2.000  +2.000  +0.478819
 -22.838 -13.203  -2.262  +2.036  +2.290  +3.972  +0.000  +0.000  +0.749  +0.000  +0.000 +56.622  +2.000  +2.000  +2.000  +0.472788
 -22.840 -13.204  -2.262  +2.036  +2.290  +3.971  +0.000  +0.000  +0.749  +0.000  +0.000 +56.609  +2.000  +2.000  +2.000  +0.480137
 -22.836 -13.202  -2.262  +2.035  +2.290  +3.972  +0.000  +0.000  +0.749  +0.000  +0.000 +56.625  +2.000  +2.000  +2.000  +0.487076
 -22.835 -13.203  -2.261  +2.035  +2.291  +3.972  +0.000  +0.000  +0.749  +0.000  +0.000 +56.626  +2.000  +2.000  +2.000  +0.490349
 -22.836 -13.203  -2.261  +2.035  +2.290  +3.972  +0.000  +0.000  +0.749  +0.000  +0.000 +56.620  +2.000  +2.000  +2.000  +0.486596
 -22.836 -13.203  -2.262  +2.035  +2.291  +3.972  +0.000  +0.000  +0.749  +0.000  +0.000 +56.620  +2.000  +2.000  +2.000  +0.486589
 -22.838 -13.203  -2.262  +2.036  +2.290  +3.972  +0.000  +0.000  +0.749  +0.000  +0.000 +56.621  +2.000  +2.000  +2.000  +0.482218
 -22.834 -13.202  -2.260  +2.035  +2.291  +3.972  +0.000  +0.000  +0.749  +0.000  +0.000 +56.629  +2.000  +2.000  +2.000  +0.480155
 -22.836 -13.203  -2.261  +2.035  +2.290  +3.972  +0.000  +0.000  +0.749  +0.000  +0.000 +56.622  +2.000  +2.000  +2.000  +0.480424
 -22.835 -13.204  -2.261  +2.035  +2.290  +3.972  +0.000  +0.000  +0.749  +0.000  +0.000 +56.614  +2.000  +2.000  +2.000  +0.483565
 -22.837 -13.204  -2.261  +2.035  +2.291  +3.972  +0.000  +0.000  +0.749  +0.000  +0.000 +56.618  +2.000  +2.000  +2.000  +0.483542
 -22.837 -13.204  -2.261  +2.036  +2.290  +3.972  +0.000  +0.000  +0.749  +0.000  +0.000 +56.616  +2.000  +2.000  +2.000  +0.472748
 -22.836 -13.204  -2.261  +2.035  +2.290  +3.972  +0.000  +0.000  +0.749  +0.000  +0.000 +56.620  +2.000  +2.000  +2.000  +0.479533
 -22.836 -13.204  -2.260  +2.035  +2.290  +3.972  +0.000  +0.000  +0.749  +0.000  +0.000 +56.620  +2.000  +2.000  +2.000  +0.485967
 -22.836 -13.203  -2.261  +2.035  +2.291  +3.972  +0.000  +0.000  +0.749  +0.000  +0.000 +56.620  +2.000  +2.000  +2.000  +0.477335
 -22.837 -13.202  -2.261  +2.035  +2.291  +3.972  +0.000  +0.000  +0.749  +0.000  +0.000 +56.628  +2.000  +2.000  +2.000  +0.480429
 -22.835 -13.203  -2.261  +2.035  +2.290  +3.972  +0.000  +0.000  +0.749  +0.000  +0.000 +56.627  +2.000  +2.000  +2.000  +0.472775
 -22.834 -13.203  -2.260  +2.035  +2.291  +3.972  +0.000  +0.000  +0.749  +0.000  +0.000 +56.625  +2.000  +2.000  +2.000  +0.483759
 -22.837 -13.203  -2.261  +2.035  +2.290  +3.972  +0.000  +0.000  +0.749  +0.000  +0.000 +56.622  +2.000  +2.000  +2.000  +0.476267
 -22.835 -13.204  -2.261  +2.035  +2.290  +3.972  +0.000  +0.000  +0.749  +0.000  +0.000 +56.617  +2.000  +2.000  +2.000  +0.472753
 -22.835 -13.203  -2.261  +2.035  +2.290  +3.972  +0.000  +0.000  +0.749  +0.000  +0.000 +56.622  +2.000  +2.000  +2.000  +0.480166
 -22.836 -13.203  -2.261  +2.035  +2.290  +3.972  +0.000  +0.000  +0.749  +0.000  +0.000 +56.622  +2.000  +2.000  +2.000  +0.477333
 -22.838 -13.204  -2.262  +2.036  +2.290  +3.971  +0.000  +0.000  +0.749  +0.000  +0.000 +56.613  +2.000  +2.000  +2.000  +0.479536
 -22.835 -13.203  -2.261  +2.035  +2.291  +3.972  +0.000  +0.000  +0.749  +0.000  +0.000 +56.625  +2.000  +2.000  +2.000  +0.484584
 -22.834 -13.203  -2.260  +2.035  +2.291  +3.972  +0.000  +0.000  +0.749  +0.000  +0.000 +56.626  +2.000  +2.000  +2.000  +0.487343
 -22.835 -13.204  -2.261  +2.035  +2.291  +3.972  +0.000  +0.000  +0.749  +0.000  +0.000 +56.622  +2.000  +2.000  +2.000  +0.479536
 -22.835 -13.203  -2.261  +2.035  +2.291  +3.972  +0.000  +0.000  +0.749  +0.000  +0.000 +56.622  +2.000  +2.000  +2.000  +0.483222
 -22.835 -13.203  -2.261  +2.035  +2.290  +3.972  +0.000  +0.000  +0.749  +0.000  +0.000 +56.622  +2.000  +2.000  +2.000  +0.484235
 -22.836 -13.203  -2.261  +2.035  +2.290  +3.972  +0.000  +0.000  +0.749  +0.000  +0.000 +56.623  +2.000  +2.000  +2.000  +0.479804
 -22.835 -13.203  -2.260  +2.035  +2.290  +3.972  +0.000  +0.000  +0.749  +0.000  +0.000 +56.625  +2.000  +2.000  +2.000  +0.476706
 -22.834 -13.204  -2.260  +2.035  +2.290  +3.972  +0.000  +0.000  +0.749  +0.000  +0.000 +56.620  +2.000  +2.000  +2.000  +0.480156
 -22.836 -13.204  -2.261  +2.035  +2.290  +3.972  +0.000  +0.000  +0.749  +0.000  +0.000 +56.619  +2.000  +2.000  +2.000  +0.486561
 -22.836 -13.204  -2.261  +2.035  +2.290  +3.972  +0.000  +0.000  +0.749  +0.000  +0.000 +56.618  +2.000  +2.000  +2.000  +0.482931
 -22.834 -13.203  -2.261  +2.035  +2.291  +3.972  +0.000  +0.000  +0.749  +0.000  +0.000 +56.624  +2.000  +2.000  +2.000  +0.475636
 -22.835 -13.204  -2.261  +2.035  +2.290  +3.972  +0.000  +0.000  +0.749  +0.000  +0.000 +56.621  +2.000  +2.000  +2.000  +0.486566
 -22.835 -13.203  -2.261  +2.035  +2.290  +3.972  +0.000  +0.000  +0.749  +0.000  +0.000 +56.622  +2.000  +2.000  +2.000  +0.483223
 -22.835 -13.203  -2.261  +2.035  +2.290  +3.972  +0.000  +0.000  +0.749  +0.000  +0.000 +56.622  +2.000  +2.000  +2.000  +0.480405
 -22.835 -13.204  -2.260  +2.035  +2.290  +3.972  +0.000  +0.000  +0.749  +0.000  +0.000 +56.622  +2.000  +2.000  +2.000  +0.475633
 -22.834 -13.203  -2.260  +2.035  +2.291  +3.972  +0.000  +0.000  +0.749  +0.000  +0.000 +56.627  +2.000  +2.000  +2.000  +0.482162
 -22.835 -13.204  -2.261  +2.035  +2.290  +3.972  +0.000  +0.000  +0.749  +0.000  +0.000 +56.620  +2.000  +2.000  +2.000  +0.478756
 -22.835 -13.203  -2.260  +2.035  +2.290  +3.972  +0.000  +0.000  +0.749  +0.000  +0.000 +56.623  +2.000  +2.000  +2.000  +0.479345
 -22.835 -13.203  -2.261  +2.035  +2.291  +3.972  +0.000  +0.000  +0.749  +0.000  +0.000 +56.625  +2.000  +2.000  +2.000  +0.479795
 -22.834 -13.203  -2.260  +2.035  +2.291  +3.972  +0.000  +0.000  +0.749  +0.000  +0.000 +56.623  +2.000  +2.000  +2.000  +0.482151
 -22.835 -13.203  -2.261  +2.035  +2.290  +3.972  +0.000  +0.000  +0.749  +0.000  +0.000 +56.623  +2.000  +2.000  +2.000  +0.481196
 -22.835 -13.203  -2.261  +2.035  +2.291  +3.972  +0.000  +0.000  +0.749  +0.000  +0.000 +56.623  +2.000  +2.000  +2.000  +0.479546
 -22.835 -13.203  -2.260  +2.035  +2.291  +3.972  +0.000  +0.000  +0.749  +0.000  +0.000 +56.624  +2.000  +2.000  +2.000  +0.480404
 -22.835 -13.203  -2.260  +2.035  +2.291  +3.972  +0.000  +0.000  +0.749  +0.000  +0.000 +56.622  +2.000  +2.000  +2.000  +0.482596
 -22.835 -13.203  -2.260  +2.035  +2.291  +3.972  +0.000  +0.000  +0.749  +0.000  +0.000 +56.623  +2.000  +2.000  +2.000  +0.483186
 -22.835 -13.204  -2.261  +2.035  +2.290  +3.972  +0.000  +0.000  +0.749  +0.000  +0.000 +56.621  +2.000  +2.000  +2.000  +0.479326
 -22.835 -13.203  -2.260  +2.035  +2.291  +3.972  +0.000  +0.000  +0.749  +0.000  +0.000 +56.624  +2.000  +2.000  +2.000  +0.483792
 -22.834 -13.203  -2.260  +2.035  +2.291  +3.972  +0.000  +0.000  +0.749  +0.000  +0.000 +56.623  +2.000  +2.000  +2.000  +0.482159
 -22.835 -13.203  -2.260  +2.035  +2.290  +3.972  +0.000  +0.000  +0.749  +0.000  +0.000 +56.622  +2.000  +2.000  +2.000  +0.476679
 -22.835 -13.204  -2.260  +2.035  +2.291  +3.972  +0.000  +0.000  +0.749  +0.000  +0.000 +56.622  +2.000  +2.000  +2.000  +0.476219
 -22.835 -13.203  -2.261  +2.035  +2.291  +3.972  +0.000  +0.000  +0.749  +0.000  +0.000 +56.622  +2.000  +2.000  +2.000  +0.479528
 -22.835 -13.203  -2.260  +2.035  +2.291  +3.972  +0.000  +0.000  +0.749  +0.000  +0.000 +56.623  +2.000  +2.000  +2.000  +0.479538
 -22.835 -13.204  -2.260  +2.035  +2.291  +3.972  +0.000  +0.000  +0.749  +0.000  +0.000 +56.622  +2.000  +2.000  +2.000  +0.475878
 -22.835 -13.204  -2.260  +2.035  +2.290  +3.972  +0.000  +0.000  +0.749  +0.000  +0.000 +56.620  +2.000  +2.000  +2.000  +0.479075
 -22.834 -13.204  -2.260  +2.035  +2.291  +3.972  +0.000  +0.000  +0.749  +0.000  +0.000 +56.621  +2.000  +2.000  +2.000  +0.482929
 -22.835 -13.203  -2.260  +2.035  +2.291  +3.972  +0.000  +0.000  +0.749  +0.000  +0.000 +56.622  +2.000  +2.000  +2.000  +0.479083
 -22.835 -13.204  -2.260  +2.035  +2.291  +3.972  +0.000  +0.000  +0.749  +0.000  +0.000 +56.621  +2.000  +2.000  +2.000  +0.482147
 -22.835 -13.203  -2.260  +2.035  +2.291  +3.972  +0.000  +0.000  +0.749  +0.000  +0.000 +56.622  +2.000  +2.000  +2.000  +0.482926
 -22.835 -13.203  -2.260  +2.035  +2.291  +3.972  +0.000  +0.000  +0.749  +0.000  +0.000 +56.623  +2.000  +2.000  +2.000  +0.482597
 -22.835 -13.203  -2.260  +2.035  +2.291  +3.972  +0.000  +0.000  +0.749  +0.000  +0.000 +56.622  +2.000  +2.000  +2.000  +0.479539
 -22.835 -13.203  -2.260  +2.035  +2.291  +3.972  +0.000  +0.000  +0.749  +0.000  +0.000 +56.622  +2.000  +2.000  +2.000  +0.482927
 -22.835 -13.203  -2.260  +2.035  +2.291  +3.972  +0.000  +0.000  +0.749  +0.000  +0.000 +56.622  +2.000  +2.000  +2.000  +0.479528
 -22.835 -13.204  -2.260  +2.035  +2.291  +3.972  +0.000  +0.000  +0.749  +0.000  +0.000 +56.621  +2.000  +2.000  +2.000  +0.476679
 -22.834 -13.203  -2.260  +2.035  +2.291  +3.972  +0.000  +0.000  +0.749  +0.000  +0.000 +56.623  +2.000  +2.000  +2.000  +0.479781
 -22.835 -13.203  -2.260  +2.035  +2.291  +3.972  +0.000  +0.000  +0.749  +0.000  +0.000 +56.622  +2.000  +2.000  +2.000  +0.482927
 -22.835 -13.203  -2.260  +2.035  +2.291  +3.972  +0.000  +0.000  +0.749  +0.000  +0.000 +56.622  +2.000  +2.000  +2.000  +0.485955
 -22.834 -13.203  -2.260  +2.035  +2.291  +3.972  +0.000  +0.000  +0.749  +0.000  +0.000 +56.622  +2.000  +2.000  +2.000  +0.479782
 -22.834 -13.203  -2.260  +2.035  +2.291  +3.972  +0.000  +0.000  +0.749  +0.000  +0.000 +56.623  +2.000  +2.000  +2.000  +0.479782
 -22.834 -13.203  -2.260  +2.035  +2.291  +3.972  +0.000  +0.000  +0.749  +0.000  +0.000 +56.623  +2.000  +2.000  +2.000  +0.479792
 -22.834 -13.203  -2.260  +2.035  +2.291  +3.972  +0.000  +0.000  +0.749  +0.000  +0.000 +56.622  +2.000  +2.000  +2.000  +0.479530
 -22.835 -13.204  -2.260  +2.035  +2.291  +3.972  +0.000  +0.000  +0.749  +0.000  +0.000 +56.622  +2.000  +2.000  +2.000  +0.482928
 -22.834 -13.203  -2.260  +2.035  +2.291  +3.972  +0.000  +0.000  +0.749  +0.000  +0.000 +56.623  +2.000  +2.000  +2.000  +0.482598
 -22.834 -13.203  -2.260  +2.035  +2.291  +3.972  +0.000  +0.000  +0.749  +0.000  +0.000 +56.623  +2.000  +2.000  +2.000  +0.479782
 -22.834 -13.203  -2.260  +2.035  +2.291  +3.972  +0.000  +0.000  +0.749  +0.000  +0.000 +56.623  +2.000  +2.000  +2.000  +0.476680
 -22.834 -13.203  -2.260  +2.035  +2.291  +3.972  +0.000  +0.000  +0.749  +0.000  +0.000 +56.623  +2.000  +2.000  +2.000  +0.479782
 -22.834 -13.203  -2.260  +2.035  +2.291  +3.972  +0.000  +0.000  +0.749  +0.000  +0.000 +56.623  +2.000  +2.000  +2.000  +0.479781
 -22.834 -13.203  -2.260  +2.035  +2.291  +3.972  +0.000  +0.000  +0.749  +0.000  +0.000 +56.623  +2.000  +2.000  +2.000  +0.482597
 -22.834 -13.203  -2.260  +2.035  +2.291  +3.972  +0.000  +0.000  +0.749  +0.000  +0.000 +56.622  +2.000  +2.000  +2.000  +0.479782
 -22.835 -13.203  -2.260  +2.035  +2.291  +3.972  +0.000  +0.000  +0.749  +0.000  +0.000 +56.623  +2.000  +2.000  +2.000  +0.482597
 -22.834 -13.203  -2.260  +2.035  +2.291  +3.972  +0.000  +0.000  +0.749  +0.000  +0.000 +56.622  +2.000  +2.000  +2.000  +0.482928
 -22.834 -13.203  -2.260  +2.035  +2.291  +3.972  +0.000  +0.000  +0.749  +0.000  +0.000 +56.623  +2.000  +2.000  +2.000  +0.479792
 -22.834 -13.203  -2.260  +2.035  +2.291  +3.972  +0.000  +0.000  +0.749  +0.000  +0.000 +56.623  +2.000  +2.000  +2.000  +0.479076
 -22.834 -13.203  -2.260  +2.035  +2.291  +3.972  +0.000  +0.000  +0.749  +0.000  +0.000 +56.623  +2.000  +2.000  +2.000  +0.485958
 -22.834 -13.203  -2.260  +2.035  +2.291  +3.972  +0.000  +0.000  +0.749  +0.000  +0.000 +56.623  +2.000  +2.000  +2.000  +0.479781
 -22.834 -13.203  -2.260  +2.035  +2.291  +3.972  +0.000  +0.000  +0.749  +0.000  +0.000 +56.622  +2.000  +2.000  +2.000  +0.482928
 -22.834 -13.203  -2.260  +2.035  +2.291  +3.972  +0.000  +0.000  +0.749  +0.000  +0.000 +56.623  +2.000  +2.000  +2.000  +0.482928
 -22.834 -13.203  -2.260  +2.035  +2.291  +3.972  +0.000  +0.000  +0.749  +0.000  +0.000 +56.623  +2.000  +2.000  +2.000  +0.485957
 -22.834 -13.203  -2.260  +2.035  +2.291  +3.972  +0.000  +0.000  +0.749  +0.000  +0.000 +56.623  +2.000  +2.000  +2.000  +0.479782
 -22.834 -13.203  -2.260  +2.035  +2.291  +3.972  +0.000  +0.000  +0.749  +0.000  +0.000 +56.623  +2.000  +2.000  +2.000  +0.479782
 -22.834 -13.203  -2.260  +2.035  +2.291  +3.972  +0.000  +0.000  +0.749  +0.000  +0.000 +56.623  +2.000  +2.000  +2.000  +0.479782
 -22.834 -13.203  -2.260  +2.035  +2.291  +3.972  +0.000  +0.000  +0.749  +0.000  +0.000 +56.623  +2.000  +2.000  +2.000  +0.479781
 -22.834 -13.203  -2.260  +2.035  +2.291  +3.972  +0.000  +0.000  +0.749  +0.000  +0.000 +56.623  +2.000  +2.000  +2.000  +0.479782
 -22.834 -13.203  -2.260  +2.035  +2.291  +3.972  +0.000  +0.000  +0.749  +0.000  +0.000 +56.623  +2.000  +2.000  +2.000  +0.479076
 -22.834 -13.203  -2.260  +2.035  +2.291  +3.972  +0.000  +0.000  +0.749  +0.000  +0.000 +56.623  +2.000  +2.000  +2.000  +0.472731
 -22.834 -13.203  -2.260  +2.035  +2.291  +3.972  +0.000  +0.000  +0.749  +0.000  +0.000 +56.622  +2.000  +2.000  +2.000  +0.482598
 -22.834 -13.203  -2.260  +2.035  +2.291  +3.972  +0.000  +0.000  +0.749  +0.000  +0.000 +56.623  +2.000  +2.000  +2.000  +0.479075
 -22.834 -13.203  -2.260  +2.035  +2.291  +3.972  +0.000  +0.000  +0.749  +0.000  +0.000 +56.623  +2.000  +2.000  +2.000  +0.479782
 -22.834 -13.203  -2.260  +2.035  +2.291  +3.972  +0.000  +0.000  +0.749  +0.000  +0.000 +56.623  +2.000  +2.000  +2.000  +0.479782
 -22.834 -13.203  -2.260  +2.035  +2.291  +3.972  +0.000  +0.000  +0.749  +0.000  +0.000 +56.623  +2.000  +2.000  +2.000  +0.479782
 -22.834 -13.203  -2.260  +2.035  +2.291  +3.972  +0.000  +0.000  +0.749  +0.000  +0.000 +56.623  +2.000  +2.000  +2.000  +0.476680
 -22.834 -13.203  -2.260  +2.035  +2.291  +3.972  +0.000  +0.000  +0.749  +0.000  +0.000 +56.623  +2.000  +2.000  +2.000  +0.479782
 -22.834 -13.203  -2.260  +2.035  +2.291  +3.972  +0.000  +0.000  +0.749  +0.000  +0.000 +56.623  +2.000  +2.000  +2.000  +0.479782
 -22.834 -13.203  -2.260  +2.035  +2.291  +3.972  +0.000  +0.000  +0.749  +0.000  +0.000 +56.623  +2.000  +2.000  +2.000  +0.479782
 -22.834 -13.203  -2.260  +2.035  +2.291  +3.972  +0.000  +0.000  +0.749  +0.000  +0.000 +56.623  +2.000  +2.000  +2.000  +0.472731
 -22.834 -13.203  -2.260  +2.035  +2.291  +3.972  +0.000  +0.000  +0.749  +0.000  +0.000 +56.623  +2.000  +2.000  +2.000  +0.476220
 -22.834 -13.203  -2.260  +2.035  +2.291  +3.972  +0.000  +0.000  +0.749  +0.000  +0.000 +56.623  +2.000  +2.000  +2.000  +0.479782
 -22.834 -13.203  -2.260  +2.035  +2.291  +3.972  +0.000  +0.000  +0.749  +0.000  +0.000 +56.623  +2.000  +2.000  +2.000  +0.479782
 -22.834 -13.203  -2.260  +2.035  +2.291  +3.972  +0.000  +0.000  +0.749  +0.000  +0.000 +56.623  +2.000  +2.000  +2.000  +0.479782
 -22.834 -13.203  -2.260  +2.035  +2.291  +3.972  +0.000  +0.000  +0.749  +0.000  +0.000 +56.623  +2.000  +2.000  +2.000  +0.479782
 -22.834 -13.203  -2.260  +2.035  +2.291  +3.972  +0.000  +0.000  +0.749  +0.000  +0.000 +56.623  +2.000  +2.000  +2.000  +0.479782
 -22.834 -13.203  -2.260  +2.035  +2.291  +3.972  +0.000  +0.000  +0.749  +0.000  +0.000 +56.623  +2.000  +2.000  +2.000  +0.479782
 -22.834 -13.203  -2.260  +2.035  +2.291  +3.972  +0.000  +0.000  +0.749  +0.000  +0.000 +56.623  +2.000  +2.000  +2.000  +0.479782
 -22.834 -13.203  -2.260  +2.035  +2.291  +3.972  +0.000  +0.000  +0.749  +0.000  +0.000 +56.623  +2.000  +2.000  +2.000  +0.479782
 -22.834 -13.203  -2.260  +2.035  +2.291  +3.972  +0.000  +0.000  +0.749  +0.000  +0.000 +56.623  +2.000  +2.000  +2.000  +0.479782
 -22.834 -13.203  -2.260  +2.035  +2.291  +3.972  +0.000  +0.000  +0.749  +0.000  +0.000 +56.623  +2.000  +2.000  +2.000  +0.472731
 -22.834 -13.203  -2.260  +2.035  +2.291  +3.972  +0.000  +0.000  +0.749  +0.000  +0.000 +56.623  +2.000  +2.000  +2.000  +0.472731
 -22.834 -13.203  -2.260  +2.035  +2.291  +3.972  +0.000  +0.000  +0.749  +0.000  +0.000 +56.623  +2.000  +2.000  +2.000  +0.479782
 -22.834 -13.203  -2.260  +2.035  +2.291  +3.972  +0.000  +0.000  +0.749  +0.000  +0.000 +56.623  +2.000  +2.000  +2.000  +0.479782
 -22.834 -13.203  -2.260  +2.035  +2.291  +3.972  +0.000  +0.000  +0.749  +0.000  +0.000 +56.623  +2.000  +2.000  +2.000  +0.479782
 -22.834 -13.203  -2.260  +2.035  +2.291  +3.972  +0.000  +0.000  +0.749  +0.000  +0.000 +56.623  +2.000  +2.000  +2.000  +0.479782
 -22.834 -13.203  -2.260  +2.035  +2.291  +3.972  +0.000  +0.000  +0.749  +0.000  +0.000 +56.623  +2.000  +2.000  +2.000  +0.479782
 -22.834 -13.203  -2.260  +2.035  +2.291  +3.972  +0.000  +0.000  +0.749  +0.000  +0.000 +56.623  +2.000  +2.000  +2.000  +0.479782
 -22.834 -13.203  -2.260  +2.035  +2.291  +3.972  +0.000  +0.000  +0.749  +0.000  +0.000 +56.623  +2.000  +2.000  +2.000  +0.472731
 -22.834 -13.203  -2.260  +2.035  +2.291  +3.972  +0.000  +0.000  +0.749  +0.000  +0.000 +56.623  +2.000  +2.000  +2.000  +0.479782
 -22.834 -13.203  -2.260  +2.035  +2.291  +3.972  +0.000  +0.000  +0.749  +0.000  +0.000 +56.623  +2.000  +2.000  +2.000  +0.472731
 -22.834 -13.203  -2.260  +2.035  +2.291  +3.972  +0.000  +0.000  +0.749  +0.000  +0.000 +56.623  +2.000  +2.000  +2.000  +0.475881
 -22.834 -13.203  -2.260  +2.035  +2.291  +3.972  +0.000  +0.000  +0.749  +0.000  +0.000 +56.623  +2.000  +2.000  +2.000  +0.475881
 -22.834 -13.203  -2.260  +2.035  +2.291  +3.972  +0.000  +0.000  +0.749  +0.000  +0.000 +56.623  +2.000  +2.000  +2.000  +0.472731
# Info: converged
