# Ds Dp Dd Z1s Z1p Z1d Z2s Z2p Z2d CAs CAp CAd Rs Rp Rd, sum of errors
 -30.000 -20.000  -6.000  +1.000  +1.000  +1.000  +0.000  +0.000  +0.100  +0.000  +0.000  +0.000  +2.000  +2.000  +2.000  +2.782451
 -30.000 -10.000  -2.000  +3.000  +3.000  +5.000  +0.000  +0.000  +1.000  +0.000  +0.000 +80.000  +2.000  +2.000  +2.000  +1.768301
 -20.000 -20.000  -2.000  +3.000  +3.000  +5.000  +0.000  +0.000  +1.000  +0.000  +0.000 +80.000  +2.000  +2.000  +2.000  +3.135633
 -20.000 -10.000  -6.000  +3.000  +3.000  +5.000  +0.000  +0.000  +1.000  +0.000  +0.000 +80.000  +2.000  +2.000  +2.000  +1.738889
 -20.000 -10.000  -2.000  +1.000  +3.000  +5.000  +0.000  +0.000  +1.000  +0.000  +0.000 +80.000  +2.000  +2.000  +2.000  +1.963811
 -20.000 -10.000  -2.000  +3.000  +1.000  +5.000  +0.000  +0.000  +1.000  +0.000  +0.000 +80.000  +2.000  +2.000  +2.000  +1.879613
 -20.000 -10.000  -2.000  +3.000  +3.000  +1.000  +0.000  +0.000  +1.000  +0.000  +0.000 +80.000  +2.000  +2.000  +2.000  +1.954033
 -20.000 -10.000  -2.000  +3.000  +3.000  +5.000  +0.000  +0.000  +0.100  +0.000  +0.000 +80.000  +2.000  +2.000  +2.000  +2.235598
 -20.000 -10.000  -2.000  +3.000  +3.000  +5.000  +0.000  +0.000  +1.000  +0.000  +0.000  +0.000  +2.000  +2.000  +2.000  +2.156780
# Info: parameter out of range.
 -21.250 -15.625  -2.500  +2.750  +2.750  +4.500  +0.000  +0.000  +0.887  +0.000  +0.000 +70.000  +2.000  +2.000  +2.000  +2.650048
# Info: parameter out of range.
 -25.703 -15.352  -4.281  +1.859  +1.859  +2.719  +0.000  +0.000  +0.487  +0.000  +0.000 +34.375  +2.000  +2.000  +2.000  +1.728753
# Info: parameter out of range.
 -21.606 -13.147  -2.643  +2.679  +2.679  +4.357  +0.000  +0.000  +0.855  +0.000  +0.000 +67.148  +2.000  +2.000  +2.000  +2.356357
# Info: parameter out of range.
 -21.785 -11.908  -2.714  +2.643  +2.643  +4.286  +0.000  +0.000  +0.839  +0.000  +0.000 +65.723  +2.000  +2.000  +2.000  +2.209907
# Info: parameter out of range.
 -21.093 -10.454  -2.437  +2.781  +2.781  +4.563  +0.000  +0.000  +0.508  +0.000  +0.000 +71.256  +2.000  +2.000  +2.000  +2.154126
# Info: parameter out of range.
 -21.942 -11.317  -2.777  +2.612  +2.612  +4.223  +0.000  +0.000  +0.857  +0.000  +0.000 +64.463  +2.000  +2.000  +2.000  +2.134567
# Info: parameter out of range.
 -21.171 -10.445  -2.468  +2.766  +2.766  +4.532  +0.000  +0.000  +0.928  +0.000  +0.000 +35.631  +2.000  +2.000  +2.000  +2.185505
 -22.852 -12.676  -3.141  +2.430  +2.430  +3.859  +0.000  +0.000  +0.743  +0.000  +0.000 +17.188  +2.000  +2.000  +2.000  +2.310074
 -23.398 -12.903  -3.359  +2.320  +2.320  +3.641  +0.000  +0.000  +0.497  +0.000  +0.000 +52.816  +2.000  +2.000  +2.000  +2.225803
 -23.823 -13.334  -3.529  +2.235  +2.235  +3.471  +0.000  +0.000  +0.672  +0.000  +0.000 +49.419  +2.000  +2.000  +2.000  +2.187011
 -22.852 -12.676  -3.141  +1.430  +2.430  +3.859  +0.000  +0.000  +0.743  +0.000  +0.000 +57.188  +2.000  +2.000  +2.000  +2.489467
 -22.852 -12.676  -3.141  +2.430  +2.430  +1.859  +0.000  +0.000  +0.743  +0.000  +0.000 +57.188  +2.000  +2.000  +2.000  +2.175080
 -22.852 -12.676  -3.141  +2.430  +1.430  +3.859  +0.000  +0.000  +0.743  +0.000  +0.000 +57.188  +2.000  +2.000  +2.000  +0.978889
 -27.852 -12.676  -3.141  +2.430  +2.430  +3.859  +0.000  +0.000  +0.743  +0.000  +0.000 +57.188  +2.000  +2.000  +2.000  +2.055702
 -22.852 -12.676  -5.141  +2.430  +2.430  +3.859  +0.000  +0.000  +0.743  +0.000  +0.000 +57.188  +2.000  +2.000  +2.000  +2.218741
# Info: parameter out of range.
 -23.437 -12.898  -3.375  +1.875  +2.313  +3.625  +0.000  +0.000  +0.707  +0.000  +0.000 +52.503  +2.000  +2.000  +2.000  +2.332552
 -24.608 -13.343  -3.843  +2.766  +2.078  +3.157  +0.000  +0.000  +0.636  +0.000  +0.000 +43.134  +2.000  +2.000  +2.000  +2.001447
# Info: parameter out of range.
 -23.547 -12.940  -3.419  +2.396  +2.291  +3.581  +0.000  +0.000  +0.701  +0.000  +0.000 +34.125  +2.000  +2.000  +2.000  +2.205463
 -25.124 -13.515  -4.049  +2.423  +1.975  +2.951  +0.000  +0.000  +0.870  +0.000  +0.000 +44.635  +2.000  +2.000  +2.000  +1.843825
# Info: parameter out of range.
 -23.698 -12.995  -4.354  +2.400  +2.260  +3.521  +0.000  +0.000  +0.721  +0.000  +0.000 +52.172  +2.000  +2.000  +2.000  +2.166368
 -25.581 -13.702  -3.951  +2.347  +1.884  +2.768  +0.000  +0.000  +0.703  +0.000  +0.000 +64.700  +2.000  +2.000  +2.000  +1.700374
 -25.745 -13.399  -3.946  +2.536  +1.851  +2.702  +0.000  +0.000  +0.740  +0.000  +0.000 +53.225  +2.000  +2.000  +2.000  +1.630500
 -27.439 -14.239  -4.536  +2.368  +1.512  +4.524  +0.000  +0.000  +0.667  +0.000  +0.000 +44.466  +2.000  +2.000  +2.000  +0.925242
 -27.527 -14.231  -3.368  +2.389  +1.495  +3.114  +0.000  +0.000  +0.676  +0.000  +0.000 +47.556  +2.000  +2.000  +2.000  +0.935168
 -23.293 -14.938  -4.638  +2.350  +1.091  +2.589  +0.000  +0.000  +0.637  +0.000  +0.000 +40.132  +2.000  +2.000  +2.000  +2.196638
 -26.712 -13.241  -3.515  +2.410  +2.095  +3.542  +0.000  +0.000  +0.717  +0.000  +0.000 +52.924  +2.000  +2.000  +2.000  +1.922352
 -27.062 -14.245  -3.854  +1.925  +1.447  +3.388  +0.000  +0.000  +0.765  +0.000  +0.000 +56.633  +2.000  +2.000  +2.000  +0.977553
 -25.046 -14.598  -4.267  +2.160  +1.268  +2.964  +0.000  +0.000  +0.696  +0.000  +0.000 +47.771  +2.000  +2.000  +2.000  +1.585277
 -26.615 -14.595  -3.786  +2.080  +1.211  +3.559  +0.000  +0.000  +0.500  +0.000  +0.000 +56.843  +2.000  +2.000  +2.000  +2.354985
 -25.497 -13.785  -3.984  +2.338  +1.784  +3.103  +0.000  +0.000  +0.777  +0.000  +0.000 +47.687  +2.000  +2.000  +2.000  +1.510289
 -25.984 -12.367  -3.480  +2.764  +1.308  +3.887  +0.000  +0.000  +0.955  +0.000  +0.000 +70.432  +2.000  +2.000  +2.000  +1.260485
 -26.207 -13.683  -3.693  +2.380  +1.140  +4.118  +0.000  +0.000  +0.802  +0.000  +0.000 +41.540  +2.000  +2.000  +2.000  +2.310999
 -25.737 -13.697  -3.886  +2.356  +1.698  +3.105  +0.000  +0.000  +0.728  +0.000  +0.000 +58.910  +2.000  +2.000  +2.000  +1.350321
 -26.041 -14.060  -3.683  +2.146  +1.134  +4.284  +0.000  +0.000  +0.762  +0.000  +0.000 +54.435  +2.000  +2.000  +2.000  +2.378986
 -25.819 -13.565  -3.880  +2.439  +1.672  +3.098  +0.000  +0.000  +0.745  +0.000  +0.000 +53.528  +2.000  +2.000  +2.000  +1.277142
 -26.933 -12.603  -3.266  +2.592  +1.818  +4.055  +0.000  +0.000  +0.818  +0.000  +0.000 +61.329  +2.000  +2.000  +2.000  +1.540569
 -25.518 -14.099  -4.016  +2.268  +1.406  +3.237  +0.000  +0.000  +0.727  +0.000  +0.000 +51.160  +2.000  +2.000  +2.000  +1.015875
 -26.488 -13.494  -3.557  +2.397  +1.208  +3.951  +0.000  +0.000  +0.725  +0.000  +0.000 +62.281  +2.000  +2.000  +2.000  +1.882614
 -25.744 -13.713  -3.877  +2.352  +1.640  +3.315  +0.000  +0.000  +0.764  +0.000  +0.000 +51.336  +2.000  +2.000  +2.000  +1.202824
 -26.249 -13.586  -3.652  +2.378  +1.279  +4.000  +0.000  +0.000  +0.783  +0.000  +0.000 +49.165  +2.000  +2.000  +2.000  +1.535663
 -25.865 -13.669  -3.828  +2.361  +1.593  +3.329  +0.000  +0.000  +0.742  +0.000  +0.000 +56.474  +2.000  +2.000  +2.000  +1.113552
 -26.179 -13.745  -3.645  +2.276  +1.286  +4.066  +0.000  +0.000  +0.764  +0.000  +0.000 +55.283  +2.000  +2.000  +2.000  +1.489580
 -25.909 -13.610  -3.821  +2.398  +1.575  +3.340  +0.000  +0.000  +0.750  +0.000  +0.000 +53.967  +2.000  +2.000  +2.000  +1.064363
 -25.995 -15.253  -4.130  +1.859  +1.716  +3.140  +0.000  +0.000  +0.503  +0.000  +0.000 +34.263  +2.000  +2.000  +2.000  +1.332170
 -25.987 -13.089  -3.643  +2.538  +1.410  +3.700  +0.000  +0.000  +0.842  +0.000  +0.000 +61.390  +2.000  +2.000  +2.000  +1.039341
 -26.295 -13.752  -3.675  +2.317  +1.327  +3.808  +0.000  +0.000  +0.714  +0.000  +0.000 +55.873  +2.000  +2.000  +2.000  +1.347330
 -25.882 -13.722  -3.826  +2.344  +1.562  +3.438  +0.000  +0.000  +0.752  +0.000  +0.000 +52.470  +2.000  +2.000  +2.000  +1.029993
 -26.179 -13.808  -3.724  +2.304  +1.366  +3.821  +0.000  +0.000  +0.739  +0.000  +0.000 +49.734  +2.000  +2.000  +2.000  +1.193248
 -25.944 -13.704  -3.802  +2.347  +1.536  +3.452  +0.000  +0.000  +0.741  +0.000  +0.000 +54.789  +2.000  +2.000  +2.000  +0.988971
 -26.144 -13.891  -3.725  +2.254  +1.374  +3.839  +0.000  +0.000  +0.728  +0.000  +0.000 +52.446  +2.000  +2.000  +2.000  +1.138950
 -25.968 -13.680  -3.797  +2.362  +1.525  +3.464  +0.000  +0.000  +0.745  +0.000  +0.000 +53.587  +2.000  +2.000  +2.000  +0.975336
 -26.061 -14.560  -3.942  +2.070  +1.568  +3.419  +0.000  +0.000  +0.612  +0.000  +0.000 +43.073  +2.000  +2.000  +2.000  +0.933936
 -26.210 -14.136  -3.788  +2.196  +1.418  +3.677  +0.000  +0.000  +0.667  +0.000  +0.000 +49.643  +2.000  +2.000  +2.000  +1.013872
 -26.748 -13.768  -3.540  +2.254  +1.577  +3.987  +0.000  +0.000  +0.678  +0.000  +0.000 +50.573  +2.000  +2.000  +2.000  +0.987492
 -26.190 -13.640  -3.707  +2.340  +1.605  +3.626  +0.000  +0.000  +0.739  +0.000  +0.000 +52.323  +2.000  +2.000  +2.000  +1.114438
 -26.205 -14.012  -3.768  +2.232  +1.464  +3.664  +0.000  +0.000  +0.685  +0.000  +0.000 +50.313  +2.000  +2.000  +2.000  +0.911772
 -26.522 -14.149  -3.685  +2.161  +1.468  +3.903  +0.000  +0.000  +0.652  +0.000  +0.000 +46.058  +2.000  +2.000  +2.000  +0.903670
 -25.661 -14.179  -3.982  +2.230  +1.400  +3.347  +0.000  +0.000  +0.709  +0.000  +0.000 +49.145  +2.000  +2.000  +2.000  +1.053656
 -26.476 -13.871  -3.651  +2.248  +1.533  +3.827  +0.000  +0.000  +0.685  +0.000  +0.000 +50.216  +2.000  +2.000  +2.000  +0.910785
# Info: parameter out of range.
 -24.755 -13.400  -3.483  +2.325  +1.466  +3.761  +0.000  +0.000  +0.715  +0.000  +0.000 +53.088  +2.000  +2.000  +2.000  +0.942974
 -25.676 -13.790  -3.704  +2.614  +1.561  +4.031  +0.000  +0.000  +0.594  +0.000  +0.000 +40.456  +2.000  +2.000  +2.000  +1.001497
 -26.716 -14.131  -3.816  +2.097  +1.475  +3.549  +0.000  +0.000  +0.722  +0.000  +0.000 +52.589  +2.000  +2.000  +2.000  +0.905091
 -26.958 -14.468  -3.765  +2.111  +1.470  +3.976  +0.000  +0.000  +0.609  +0.000  +0.000 +43.253  +2.000  +2.000  +2.000  +0.900330
 -28.721 -15.016  -4.150  +2.095  +1.531  +3.733  +0.000  +0.000  +0.613  +0.000  +0.000 +41.294  +2.000  +2.000  +2.000  +0.846241
 -26.247 -14.381  -4.460  +1.956  +1.511  +4.535  +0.000  +0.000  +0.635  +0.000  +0.000 +45.260  +2.000  +2.000  +2.000  +0.892991
 -27.760 -14.006  -4.015  +2.247  +1.423  +4.509  +0.000  +0.000  +0.706  +0.000  +0.000 +50.290  +2.000  +2.000  +2.000  +1.041453
 -26.486 -14.422  -3.961  +2.115  +1.532  +3.692  +0.000  +0.000  +0.635  +0.000  +0.000 +44.877  +2.000  +2.000  +2.000  +0.877574
 -26.144 -14.374  -3.278  +1.886  +1.484  +3.195  +0.000  +0.000  +0.642  +0.000  +0.000 +48.998  +2.000  +2.000  +2.000  +0.867191
 -27.362 -14.691  -3.924  +1.935  +1.536  +3.939  +0.000  +0.000  +0.613  +0.000  +0.000 +42.823  +2.000  +2.000  +2.000  +0.860889
 -27.313 -15.037  -4.109  +1.841  +1.469  +3.803  +0.000  +0.000  +0.595  +0.000  +0.000 +41.072  +2.000  +2.000  +2.000  +0.895738
 -27.222 -15.003  -4.016  +1.927  +1.525  +4.145  +0.000  +0.000  +0.526  +0.000  +0.000 +35.820  +2.000  +2.000  +2.000  +0.819209
 -27.591 -15.199  -4.231  +1.805  +1.546  +3.851  +0.000  +0.000  +0.565  +0.000  +0.000 +39.791  +2.000  +2.000  +2.000  +0.836992
 -27.314 -15.062  -4.267  +1.779  +1.563  +3.747  +0.000  +0.000  +0.597  +0.000  +0.000 +41.731  +2.000  +2.000  +2.000  +0.890700
 -26.959 -14.500  -3.963  +2.034  +1.588  +3.906  +0.000  +0.000  +0.612  +0.000  +0.000 +44.076  +2.000  +2.000  +2.000  +0.977950
 -27.224 -14.903  -4.072  +1.889  +1.499  +3.829  +0.000  +0.000  +0.599  +0.000  +0.000 +41.823  +2.000  +2.000  +2.000  +0.856492
 -28.269 -15.286  -3.514  +1.901  +1.543  +2.998  +0.000  +0.000  +0.562  +0.000  +0.000 +39.029  +2.000  +2.000  +2.000  +0.838037
 -27.441 -14.661  -3.519  +2.109  +1.486  +3.598  +0.000  +0.000  +0.592  +0.000  +0.000 +41.883  +2.000  +2.000  +2.000  +0.875526
 -28.508 -15.361  -3.715  +1.772  +1.506  +3.630  +0.000  +0.000  +0.543  +0.000  +0.000 +37.989  +2.000  +2.000  +2.000  +0.825526
 -27.820 -15.297  -4.206  +1.693  +1.557  +3.732  +0.000  +0.000  +0.574  +0.000  +0.000 +40.009  +2.000  +2.000  +2.000  +0.837481
 -29.536 -15.815  -4.679  +1.869  +1.577  +4.269  +0.000  +0.000  +0.507  +0.000  +0.000 +30.646  +2.000  +2.000  +2.000  +0.828271
 -28.861 -15.779  -4.222  +1.803  +1.534  +3.608  +0.000  +0.000  +0.509  +0.000  +0.000 +33.777  +2.000  +2.000  +2.000  +0.793818
 -29.408 -15.786  -4.111  +1.828  +1.581  +3.663  +0.000  +0.000  +0.500  +0.000  +0.000 +32.765  +2.000  +2.000  +2.000  +0.838971
 -28.083 -15.866  -4.024  +1.555  +1.561  +3.741  +0.000  +0.000  +0.459  +0.000  +0.000 +31.163  +2.000  +2.000  +2.000  +0.777131
 -27.065 -15.115  -4.041  +1.754  +1.506  +3.831  +0.000  +0.000  +0.561  +0.000  +0.000 +39.290  +2.000  +2.000  +2.000  +0.826107
 -27.902 -15.572  -4.769  +1.644  +1.535  +4.704  +0.000  +0.000  +0.499  +0.000  +0.000 +33.092  +2.000  +2.000  +2.000  +0.830844
 -28.372 -15.630  -4.219  +1.839  +1.516  +4.213  +0.000  +0.000  +0.468  +0.000  +0.000 +30.383  +2.000  +2.000  +2.000  +0.805518
 -28.796 -15.836  -4.191  +1.736  +1.519  +4.184  +0.000  +0.000  +0.453  +0.000  +0.000 +28.249  +2.000  +2.000  +2.000  +0.791004
 -28.709 -15.529  -3.508  +1.920  +1.526  +3.201  +0.000  +0.000  +0.507  +0.000  +0.000 +33.738  +2.000  +2.000  +2.000  +0.815216
 -26.868 -15.215  -3.305  +1.708  +1.472  +3.370  +0.000  +0.000  +0.500  +0.000  +0.000 +36.956  +2.000  +2.000  +2.000  +0.872126
 -28.869 -15.665  -4.336  +1.829  +1.550  +4.044  +0.000  +0.000  +0.505  +0.000  +0.000 +32.223  +2.000  +2.000  +2.000  +0.800400
 -29.790 -16.052  -4.017  +1.841  +1.553  +3.861  +0.000  +0.000  +0.432  +0.000  +0.000 +26.545  +2.000  +2.000  +2.000  +0.787368
 -28.667 -15.979  -4.418  +1.840  +1.566  +4.119  +0.000  +0.000  +0.422  +0.000  +0.000 +24.986  +2.000  +2.000  +2.000  +0.806913
# Info: parameter out of range.
 -27.995 -15.397  -4.067  +1.861  +1.533  +4.008  +0.000  +0.000  +0.498  +0.000  +0.000 +32.976  +2.000  +2.000  +2.000  +0.803411
 -28.650 -16.022  -4.866  +1.656  +1.557  +4.744  +0.000  +0.000  +0.429  +0.000  +0.000 +26.338  +2.000  +2.000  +2.000  +0.832764
 -28.694 -15.652  -3.847  +1.854  +1.534  +3.587  +0.000  +0.000  +0.488  +0.000  +0.000 +31.888  +2.000  +2.000  +2.000  +0.799396
 -28.698 -15.491  -3.813  +1.739  +1.510  +3.693  +0.000  +0.000  +0.531  +0.000  +0.000 +36.815  +2.000  +2.000  +2.000  +0.814968
 -28.675 -15.857  -4.267  +1.815  +1.552  +4.013  +0.000  +0.000  +0.449  +0.000  +0.000 +27.943  +2.000  +2.000  +2.000  +0.791398
 -29.068 -15.896  -4.024  +1.735  +1.568  +3.548  +0.000  +0.000  +0.480  +0.000  +0.000 +30.808  +2.000  +2.000  +2.000  +0.806845
 -28.546 -15.697  -4.170  +1.813  +1.529  +4.047  +0.000  +0.000  +0.471  +0.000  +0.000 +30.489  +2.000  +2.000  +2.000  +0.791860
 -29.583 -16.204  -4.202  +1.700  +1.550  +3.763  +0.000  +0.000  +0.444  +0.000  +0.000 +27.593  +2.000  +2.000  +2.000  +0.766750
 -28.888 -16.071  -3.899  +1.701  +1.533  +3.657  +0.000  +0.000  +0.421  +0.000  +0.000 +27.188  +2.000  +2.000  +2.000  +0.767323
 -29.112 -16.188  -4.401  +1.637  +1.549  +4.132  +0.000  +0.000  +0.422  +0.000  +0.000 +26.349  +2.000  +2.000  +2.000  +0.754929
 -29.007 -16.164  -4.070  +1.646  +1.552  +4.241  +0.000  +0.000  +0.378  +0.000  +0.000 +22.603  +2.000  +2.000  +2.000  +0.757226
 -29.437 -16.363  -4.098  +1.595  +1.563  +3.851  +0.000  +0.000  +0.393  +0.000  +0.000 +23.919  +2.000  +2.000  +2.000  +0.756619
 -29.499 -16.329  -3.959  +1.538  +1.544  +3.845  +0.000  +0.000  +0.401  +0.000  +0.000 +25.459  +2.000  +2.000  +2.000  +0.734167
 -29.554 -16.473  -3.977  +1.568  +1.582  +3.588  +0.000  +0.000  +0.385  +0.000  +0.000 +24.456  +2.000  +2.000  +2.000  +0.788629
 -28.985 -15.995  -4.137  +1.694  +1.535  +4.035  +0.000  +0.000  +0.436  +0.000  +0.000 +27.301  +2.000  +2.000  +2.000  +0.768000
 -28.358 -16.243  -4.180  +1.425  +1.544  +3.955  +0.000  +0.000  +0.407  +0.000  +0.000 +26.349  +2.000  +2.000  +2.000  +0.716260
# Info: parameter out of range.
 -28.596 -16.030  -4.071  +1.586  +1.554  +3.838  +0.000  +0.000  +0.436  +0.000  +0.000 +28.504  +2.000  +2.000  +2.000  +0.759475
 -29.135 -16.402  -4.083  +1.513  +1.562  +3.785  +0.000  +0.000  +0.390  +0.000  +0.000 +24.690  +2.000  +2.000  +2.000  +0.743474
 -29.294 -16.410  -4.367  +1.459  +1.572  +4.196  +0.000  +0.000  +0.397  +0.000  +0.000 +24.178  +2.000  +2.000  +2.000  +0.746085
 -28.526 -16.328  -4.105  +1.400  +1.560  +4.198  +0.000  +0.000  +0.362  +0.000  +0.000 +22.920  +2.000  +2.000  +2.000  +0.721318
 -29.496 -16.577  -4.245  +1.467  +1.558  +4.213  +0.000  +0.000  +0.352  +0.000  +0.000 +20.613  +2.000  +2.000  +2.000  +0.718536
 -29.207 -16.546  -4.289  +1.362  +1.561  +3.802  +0.000  +0.000  +0.402  +0.000  +0.000 +26.016  +2.000  +2.000  +2.000  +0.707389
 -28.720 -16.393  -4.310  +1.355  +1.549  +4.180  +0.000  +0.000  +0.390  +0.000  +0.000 +25.225  +2.000  +2.000  +2.000  +0.721842
 -28.947 -16.619  -3.984  +1.243  +1.563  +3.912  +0.000  +0.000  +0.353  +0.000  +0.000 +22.513  +2.000  +2.000  +2.000  +0.679232
 -28.678 -16.449  -3.922  +1.367  +1.538  +3.777  +0.000  +0.000  +0.368  +0.000  +0.000 +24.268  +2.000  +2.000  +2.000  +0.699263
 -28.723 -16.469  -4.166  +1.276  +1.541  +4.185  +0.000  +0.000  +0.369  +0.000  +0.000 +23.650  +2.000  +2.000  +2.000  +0.706201
 -28.165 -16.577  -4.341  +1.186  +1.560  +4.211  +0.000  +0.000  +0.349  +0.000  +0.000 +22.429  +2.000  +2.000  +2.000  +0.692757
 -28.806 -16.559  -3.998  +1.326  +1.557  +3.883  +0.000  +0.000  +0.351  +0.000  +0.000 +21.965  +2.000  +2.000  +2.000  +0.694730
 -29.069 -16.681  -4.176  +1.263  +1.546  +3.787  +0.000  +0.000  +0.375  +0.000  +0.000 +24.031  +2.000  +2.000  +2.000  +0.676785
 -27.992 -16.459  -4.019  +1.145  +1.545  +3.665  +0.000  +0.000  +0.392  +0.000  +0.000 +27.193  +2.000  +2.000  +2.000  +0.672796
 -29.039 -16.847  -4.043  +1.117  +1.559  +3.850  +0.000  +0.000  +0.333  +0.000  +0.000 +21.668  +2.000  +2.000  +2.000  +0.657753
 -28.148 -16.619  -3.873  +1.118  +1.541  +4.015  +0.000  +0.000  +0.320  +0.000  +0.000 +20.913  +2.000  +2.000  +2.000  +0.678621
 -28.487 -16.734  -3.923  +1.165  +1.561  +3.589  +0.000  +0.000  +0.342  +0.000  +0.000 +22.595  +2.000  +2.000  +2.000  +0.660675
 -28.485 -16.824  -4.168  +1.024  +1.570  +3.951  +0.000  +0.000  +0.336  +0.000  +0.000 +21.559  +2.000  +2.000  +2.000  +0.709359
 -28.630 -16.543  -3.983  +1.281  +1.546  +3.820  +0.000  +0.000  +0.360  +0.000  +0.000 +23.591  +2.000  +2.000  +2.000  +0.681202
 -28.313 -16.711  -4.087  +1.054  +1.548  +3.830  +0.000  +0.000  +0.355  +0.000  +0.000 +24.268  +2.000  +2.000  +2.000  +0.738662
 -28.683 -16.597  -4.021  +1.258  +1.555  +3.869  +0.000  +0.000  +0.352  +0.000  +0.000 +22.541  +2.000  +2.000  +2.000  +0.677674
 -29.084 -16.698  -3.664  +1.212  +1.544  +3.417  +0.000  +0.000  +0.358  +0.000  +0.000 +23.832  +2.000  +2.000  +2.000  +0.673320
 -28.732 -16.770  -3.943  +1.099  +1.557  +3.706  +0.000  +0.000  +0.347  +0.000  +0.000 +22.731  +2.000  +2.000  +2.000  +0.661828
 -28.361 -16.732  -3.932  +1.101  +1.539  +3.563  +0.000  +0.000  +0.351  +0.000  +0.000 +23.862  +2.000  +2.000  +2.000  +0.691862
 -28.800 -16.647  -3.971  +1.208  +1.557  +3.825  +0.000  +0.000  +0.353  +0.000  +0.000 +22.851  +2.000  +2.000  +2.000  +0.667696
 -29.324 -16.739  -4.067  +1.248  +1.564  +3.412  +0.000  +0.000  +0.392  +0.000  +0.000 +25.947  +2.000  +2.000  +2.000  +0.682727
 -28.442 -16.649  -3.922  +1.151  +1.547  +3.864  +0.000  +0.000  +0.338  +0.000  +0.000 +22.172  +2.000  +2.000  +2.000  +0.666448
 -28.729 -16.774  -3.895  +1.082  +1.549  +3.556  +0.000  +0.000  +0.357  +0.000  +0.000 +24.227  +2.000  +2.000  +2.000  +0.682562
 -28.694 -16.641  -3.989  +1.214  +1.553  +3.791  +0.000  +0.000  +0.353  +0.000  +0.000 +22.962  +2.000  +2.000  +2.000  +0.668354
 -28.249 -16.680  -3.693  +1.064  +1.560  +3.640  +0.000  +0.000  +0.328  +0.000  +0.000 +22.469  +2.000  +2.000  +2.000  +0.664436
 -28.025 -16.659  -4.211  +1.079  +1.566  +4.066  +0.000  +0.000  +0.339  +0.000  +0.000 +22.328  +2.000  +2.000  +2.000  +0.655060
 -29.125 -16.948  -3.904  +1.130  +1.570  +3.918  +0.000  +0.000  +0.291  +0.000  +0.000 +17.751  +2.000  +2.000  +2.000  +0.648865
 -28.531 -16.842  -3.913  +1.039  +1.566  +3.823  +0.000  +0.000  +0.314  +0.000  +0.000 +20.679  +2.000  +2.000  +2.000  +0.707540
 -28.653 -16.692  -3.970  +1.170  +1.556  +3.799  +0.000  +0.000  +0.344  +0.000  +0.000 +22.391  +2.000  +2.000  +2.000  +0.661008
 -28.387 -16.848  -3.932  +1.036  +1.562  +3.784  +0.000  +0.000  +0.313  +0.000  +0.000 +20.676  +2.000  +2.000  +2.000  +0.713673
 -28.697 -16.697  -3.961  +1.165  +1.558  +3.814  +0.000  +0.000  +0.343  +0.000  +0.000 +22.307  +2.000  +2.000  +2.000  +0.660133
 -28.810 -16.858  -3.991  +1.096  +1.575  +3.731  +0.000  +0.000  +0.328  +0.000  +0.000 +21.388  +2.000  +2.000  +2.000  +0.650274
 -29.144 -16.871  -4.294  +1.191  +1.565  +3.978  +0.000  +0.000  +0.338  +0.000  +0.000 +20.820  +2.000  +2.000  +2.000  +0.660495
 -28.763 -16.806  -4.132  +1.179  +1.570  +3.981  +0.000  +0.000  +0.318  +0.000  +0.000 +20.082  +2.000  +2.000  +2.000  +0.675873
 -28.740 -16.779  -3.990  +1.119  +1.561  +3.774  +0.000  +0.000  +0.339  +0.000  +0.000 +22.068  +2.000  +2.000  +2.000  +0.655703
 -28.863 -16.907  -4.109  +1.095  +1.572  +3.881  +0.000  +0.000  +0.320  +0.000  +0.000 +20.340  +2.000  +2.000  +2.000  +0.648277
 -29.123 -16.908  -4.202  +1.083  +1.571  +4.164  +0.000  +0.000  +0.316  +0.000  +0.000 +19.573  +2.000  +2.000  +2.000  +0.650956
 -28.462 -16.780  -3.809  +1.030  +1.567  +3.821  +0.000  +0.000  +0.314  +0.000  +0.000 +21.036  +2.000  +2.000  +2.000  +0.710204
 -28.973 -16.848  -4.173  +1.151  +1.566  +3.939  +0.000  +0.000  +0.332  +0.000  +0.000 +20.874  +2.000  +2.000  +2.000  +0.654494
 -28.977 -16.991  -4.195  +1.053  +1.576  +4.017  +0.000  +0.000  +0.307  +0.000  +0.000 +19.191  +2.000  +2.000  +2.000  +0.649342
 -28.621 -16.877  -4.151  +1.085  +1.580  +4.023  +0.000  +0.000  +0.310  +0.000  +0.000 +19.211  +2.000  +2.000  +2.000  +0.649350
 -28.890 -16.970  -4.244  +1.074  +1.583  +4.160  +0.000  +0.000  +0.297  +0.000  +0.000 +18.096  +2.000  +2.000  +2.000  +0.645724
 -29.821 -17.168  -4.031  +1.112  +1.583  +3.892  +0.000  +0.000  +0.286  +0.000  +0.000 +16.778  +2.000  +2.000  +2.000  +0.643785
 -29.084 -17.058  -4.034  +1.031  +1.587  +4.007  +0.000  +0.000  +0.282  +0.000  +0.000 +17.208  +2.000  +2.000  +2.000  +0.686188
 -29.001 -16.901  -4.138  +1.121  +1.571  +3.956  +0.000  +0.000  +0.320  +0.000  +0.000 +19.958  +2.000  +2.000  +2.000  +0.649994
 -28.904 -16.997  -3.988  +1.109  +1.582  +3.731  +0.000  +0.000  +0.299  +0.000  +0.000 +18.605  +2.000  +2.000  +2.000  +0.652298
 -29.068 -16.930  -4.149  +1.089  +1.574  +4.056  +0.000  +0.000  +0.312  +0.000  +0.000 +19.331  +2.000  +2.000  +2.000  +0.647665
 -29.281 -17.065  -4.240  +1.093  +1.578  +4.244  +0.000  +0.000  +0.282  +0.000  +0.000 +16.276  +2.000  +2.000  +2.000  +0.643191
 -29.161 -17.063  -4.118  +1.062  +1.583  +4.091  +0.000  +0.000  +0.282  +0.000  +0.000 +16.786  +2.000  +2.000  +2.000  +0.642882
 -29.676 -17.133  -4.097  +1.092  +1.575  +4.042  +0.000  +0.000  +0.284  +0.000  +0.000 +16.926  +2.000  +2.000  +2.000  +0.643859
 -29.494 -17.055  -4.028  +1.134  +1.578  +4.054  +0.000  +0.000  +0.282  +0.000  +0.000 +16.380  +2.000  +2.000  +2.000  +0.648928
 -29.106 -17.007  -4.153  +1.073  +1.577  +4.026  +0.000  +0.000  +0.301  +0.000  +0.000 +18.488  +2.000  +2.000  +2.000  +0.645499
 -29.342 -17.113  -4.381  +1.043  +1.586  +4.181  +0.000  +0.000  +0.300  +0.000  +0.000 +18.004  +2.000  +2.000  +2.000  +0.685675
 -29.179 -16.989  -4.023  +1.108  +1.574  +3.983  +0.000  +0.000  +0.293  +0.000  +0.000 +17.814  +2.000  +2.000  +2.000  +0.646169
 -29.682 -17.174  -4.154  +1.081  +1.585  +4.242  +0.000  +0.000  +0.265  +0.000  +0.000 +14.784  +2.000  +2.000  +2.000  +0.640214
 -29.631 -17.212  -4.116  +1.085  +1.586  +4.115  +0.000  +0.000  +0.261  +0.000  +0.000 +14.656  +2.000  +2.000  +2.000  +0.639552
 -29.633 -17.209  -4.265  +1.060  +1.588  +4.220  +0.000  +0.000  +0.271  +0.000  +0.000 +15.383  +2.000  +2.000  +2.000  +0.639384
# Info: parameter out of range.
 -29.194 -17.049  -4.195  +1.078  +1.583  +4.135  +0.000  +0.000  +0.288  +0.000  +0.000 +17.178  +2.000  +2.000  +2.000  +0.643359
 -29.913 -17.261  -4.151  +1.093  +1.588  +4.219  +0.000  +0.000  +0.254  +0.000  +0.000 +13.703  +2.000  +2.000  +2.000  +0.639447
 -29.403 -17.168  -4.221  +1.073  +1.594  +4.248  +0.000  +0.000  +0.263  +0.000  +0.000 +14.460  +2.000  +2.000  +2.000  +0.644042
 -29.608 -17.142  -4.128  +1.088  +1.579  +4.094  +0.000  +0.000  +0.279  +0.000  +0.000 +16.310  +2.000  +2.000  +2.000  +0.641599
 -29.205 -17.127  -4.311  +1.047  +1.584  +4.448  +0.000  +0.000  +0.259  +0.000  +0.000 +14.491  +2.000  +2.000  +2.000  +0.684049
 -29.667 -17.157  -4.101  +1.096  +1.583  +4.031  +0.000  +0.000  +0.280  +0.000  +0.000 +16.206  +2.000  +2.000  +2.000  +0.641797
 -29.950 -17.272  -4.123  +1.086  +1.585  +4.180  +0.000  +0.000  +0.256  +0.000  +0.000 +13.848  +2.000  +2.000  +2.000  +0.637881
# Info: parameter out of range.
 -29.468 -17.126  -4.192  +1.087  +1.581  +4.197  +0.000  +0.000  +0.275  +0.000  +0.000 +15.742  +2.000  +2.000  +2.000  +0.641508
# Info: parameter out of range.
 -29.427 -17.129  -4.136  +1.073  +1.584  +4.127  +0.000  +0.000  +0.275  +0.000  +0.000 +15.932  +2.000  +2.000  +2.000  +0.641153
 -29.661 -17.224  -4.215  +1.067  +1.586  +4.317  +0.000  +0.000  +0.254  +0.000  +0.000 +13.883  +2.000  +2.000  +2.000  +0.638952
 -29.734 -17.260  -4.210  +1.070  +1.591  +4.311  +0.000  +0.000  +0.249  +0.000  +0.000 +13.173  +2.000  +2.000  +2.000  +0.638261
 -29.939 -17.310  -4.150  +1.066  +1.592  +4.236  +0.000  +0.000  +0.245  +0.000  +0.000 +13.098  +2.000  +2.000  +2.000  +0.636755
# Info: parameter out of range.
 -29.598 -17.185  -4.154  +1.075  +1.586  +4.178  +0.000  +0.000  +0.266  +0.000  +0.000 +14.999  +2.000  +2.000  +2.000  +0.639763
 -29.832 -17.309  -4.192  +1.070  +1.591  +4.202  +0.000  +0.000  +0.249  +0.000  +0.000 +13.402  +2.000  +2.000  +2.000  +0.636729
 -29.976 -17.330  -4.201  +1.075  +1.591  +4.271  +0.000  +0.000  +0.244  +0.000  +0.000 +12.788  +2.000  +2.000  +2.000  +0.636392
# Info: parameter out of range.
 -29.730 -17.242  -4.152  +1.079  +1.587  +4.180  +0.000  +0.000  +0.257  +0.000  +0.000 +14.158  +2.000  +2.000  +2.000  +0.638533
 -29.700 -17.277  -4.226  +1.051  +1.590  +4.260  +0.000  +0.000  +0.252  +0.000  +0.000 +13.730  +2.000  +2.000  +2.000  +0.638197
 -29.998 -17.347  -4.103  +1.081  +1.590  +4.269  +0.000  +0.000  +0.230  +0.000  +0.000 +11.637  +2.000  +2.000  +2.000  +0.636074
# Info: parameter out of range.
 -29.759 -17.259  -4.192  +1.070  +1.588  +4.278  +0.000  +0.000  +0.251  +0.000  +0.000 +13.556  +2.000  +2.000  +2.000  +0.637824
 -29.992 -17.349  -4.197  +1.063  +1.592  +4.322  +0.000  +0.000  +0.237  +0.000  +0.000 +12.151  +2.000  +2.000  +2.000  +0.635672
# Info: parameter out of range.
 -29.813 -17.283  -4.192  +1.070  +1.590  +4.281  +0.000  +0.000  +0.247  +0.000  +0.000 +13.100  +2.000  +2.000  +2.000  +0.637375
# Info: parameter out of range.
 -29.804 -17.292  -4.197  +1.062  +1.590  +4.257  +0.000  +0.000  +0.249  +0.000  +0.000 +13.339  +2.000  +2.000  +2.000  +0.637070
 -29.829 -17.348  -4.233  +1.053  +1.596  +4.350  +0.000  +0.000  +0.233  +0.000  +0.000 +11.920  +2.000  +2.000  +2.000  +0.635878
# Info: parameter out of range.
 -29.829 -17.290  -4.188  +1.068  +1.589  +4.276  +0.000  +0.000  +0.246  +0.000  +0.000 +13.118  +2.000  +2.000  +2.000  +0.637039
 -29.986 -17.360  -4.174  +1.064  +1.592  +4.264  +0.000  +0.000  +0.236  +0.000  +0.000 +12.263  +2.000  +2.000  +2.000  +0.635331
# Info: parameter out of range.
 -29.863 -17.311  -4.189  +1.065  +1.591  +4.265  +0.000  +0.000  +0.244  +0.000  +0.000 +12.943  +2.000  +2.000  +2.000  +0.636521
# Info: parameter out of range.
 -29.878 -17.311  -4.184  +1.068  +1.591  +4.274  +0.000  +0.000  +0.243  +0.000  +0.000 +12.822  +2.000  +2.000  +2.000  +0.636544
 -29.899 -17.356  -4.218  +1.068  +1.591  +4.318  +0.000  +0.000  +0.234  +0.000  +0.000 +11.883  +2.000  +2.000  +2.000  +0.635338
# Info: parameter out of range.
 -29.880 -17.324  -4.189  +1.068  +1.591  +4.247  +0.000  +0.000  +0.244  +0.000  +0.000 +12.852  +2.000  +2.000  +2.000  +0.636290
 -29.978 -17.370  -4.192  +1.066  +1.593  +4.303  +0.000  +0.000  +0.233  +0.000  +0.000 +11.788  +2.000  +2.000  +2.000  +0.635168
# Info: parameter out of range.
 -29.903 -17.329  -4.189  +1.066  +1.591  +4.279  +0.000  +0.000  +0.240  +0.000  +0.000 +12.552  +2.000  +2.000  +2.000  +0.636073
 -29.890 -17.366  -4.173  +1.058  +1.593  +4.316  +0.000  +0.000  +0.228  +0.000  +0.000 +11.474  +2.000  +2.000  +2.000  +0.635127
 -29.989 -17.382  -4.180  +1.061  +1.593  +4.359  +0.000  +0.000  +0.224  +0.000  +0.000 +11.065  +2.000  +2.000  +2.000  +0.634772
 -29.868 -17.368  -4.286  +1.044  +1.595  +4.359  +0.000  +0.000  +0.236  +0.000  +0.000 +12.136  +2.000  +2.000  +2.000  +0.635644
 -29.955 -17.395  -4.225  +1.053  +1.595  +4.368  +0.000  +0.000  +0.225  +0.000  +0.000 +11.118  +2.000  +2.000  +2.000  +0.634550
# Info: parameter out of range.
 -29.887 -17.358  -4.220  +1.056  +1.594  +4.338  +0.000  +0.000  +0.232  +0.000  +0.000 +11.827  +2.000  +2.000  +2.000  +0.635466
 -29.871 -17.390  -4.220  +1.055  +1.595  +4.334  +0.000  +0.000  +0.225  +0.000  +0.000 +11.238  +2.000  +2.000  +2.000  +0.634616
 -29.995 -17.376  -4.114  +1.077  +1.591  +4.291  +0.000  +0.000  +0.223  +0.000  +0.000 +11.028  +2.000  +2.000  +2.000  +0.635293
# Info: parameter out of range.
 -29.916 -17.366  -4.203  +1.060  +1.594  +4.329  +0.000  +0.000  +0.230  +0.000  +0.000 +11.655  +2.000  +2.000  +2.000  +0.635198
 -29.996 -17.395  -4.152  +1.056  +1.595  +4.323  +0.000  +0.000  +0.222  +0.000  +0.000 +11.024  +2.000  +2.000  +2.000  +0.634590
 -29.912 -17.400  -4.191  +1.057  +1.595  +4.391  +0.000  +0.000  +0.216  +0.000  +0.000 +10.334  +2.000  +2.000  +2.000  +0.634453
 -29.881 -17.390  -4.270  +1.040  +1.597  +4.389  +0.000  +0.000  +0.227  +0.000  +0.000 +11.396  +2.000  +2.000  +2.000  +0.635234
 -29.967 -17.380  -4.153  +1.067  +1.593  +4.316  +0.000  +0.000  +0.224  +0.000  +0.000 +11.120  +2.000  +2.000  +2.000  +0.634940
 -29.973 -17.403  -4.168  +1.059  +1.594  +4.349  +0.000  +0.000  +0.219  +0.000  +0.000 +10.635  +2.000  +2.000  +2.000  +0.634268
 -29.910 -17.408  -4.173  +1.050  +1.596  +4.387  +0.000  +0.000  +0.213  +0.000  +0.000 +10.215  +2.000  +2.000  +2.000  +0.634234
# Info: parameter out of range.
 -29.918 -17.380  -4.178  +1.058  +1.594  +4.335  +0.000  +0.000  +0.224  +0.000  +0.000 +11.159  +2.000  +2.000  +2.000  +0.634815
 -29.914 -17.409  -4.219  +1.045  +1.597  +4.396  +0.000  +0.000  +0.218  +0.000  +0.000 +10.577  +2.000  +2.000  +2.000  +0.634436
 -29.962 -17.416  -4.204  +1.052  +1.596  +4.392  +0.000  +0.000  +0.216  +0.000  +0.000 +10.393  +2.000  +2.000  +2.000  +0.634111
 -29.885 -17.422  -4.208  +1.045  +1.598  +4.376  +0.000  +0.000  +0.214  +0.000  +0.000 +10.318  +2.000  +2.000  +2.000  +0.634064
# Info: parameter out of range.
 -29.905 -17.398  -4.206  +1.053  +1.596  +4.354  +0.000  +0.000  +0.221  +0.000  +0.000 +10.907  +2.000  +2.000  +2.000  +0.634449
 -29.858 -17.418  -4.246  +1.048  +1.597  +4.430  +0.000  +0.000  +0.214  +0.000  +0.000 +10.101  +2.000  +2.000  +2.000  +0.633991
 -29.875 -17.424  -4.179  +1.049  +1.597  +4.401  +0.000  +0.000  +0.208  +0.000  +0.000  +9.752  +2.000  +2.000  +2.000  +0.633934
 -29.909 -17.424  -4.210  +1.043  +1.597  +4.380  +0.000  +0.000  +0.215  +0.000  +0.000 +10.391  +2.000  +2.000  +2.000  +0.634074
 -29.917 -17.433  -4.196  +1.044  +1.598  +4.424  +0.000  +0.000  +0.208  +0.000  +0.000  +9.688  +2.000  +2.000  +2.000  +0.633823
 -29.908 -17.428  -4.177  +1.053  +1.596  +4.389  +0.000  +0.000  +0.209  +0.000  +0.000  +9.796  +2.000  +2.000  +2.000  +0.633759
 -29.833 -17.440  -4.230  +1.037  +1.599  +4.446  +0.000  +0.000  +0.205  +0.000  +0.000  +9.528  +2.000  +2.000  +2.000  +0.674931
 -29.938 -17.413  -4.184  +1.053  +1.596  +4.373  +0.000  +0.000  +0.215  +0.000  +0.000 +10.359  +2.000  +2.000  +2.000  +0.634096
 -29.902 -17.436  -4.228  +1.047  +1.598  +4.405  +0.000  +0.000  +0.211  +0.000  +0.000  +9.985  +2.000  +2.000  +2.000  +0.633689
 -29.836 -17.434  -4.203  +1.044  +1.598  +4.403  +0.000  +0.000  +0.207  +0.000  +0.000  +9.704  +2.000  +2.000  +2.000  +0.633701
 -29.834 -17.442  -4.228  +1.040  +1.599  +4.429  +0.000  +0.000  +0.206  +0.000  +0.000  +9.575  +2.000  +2.000  +2.000  +0.633681
 -29.845 -17.435  -4.206  +1.049  +1.598  +4.434  +0.000  +0.000  +0.204  +0.000  +0.000  +9.339  +2.000  +2.000  +2.000  +0.633746
 -29.859 -17.440  -4.208  +1.048  +1.597  +4.452  +0.000  +0.000  +0.203  +0.000  +0.000  +9.166  +2.000  +2.000  +2.000  +0.633459
 -29.886 -17.450  -4.160  +1.045  +1.599  +4.404  +0.000  +0.000  +0.200  +0.000  +0.000  +9.151  +2.000  +2.000  +2.000  +0.633420
 -29.872 -17.451  -4.222  +1.044  +1.598  +4.434  +0.000  +0.000  +0.204  +0.000  +0.000  +9.349  +2.000  +2.000  +2.000  +0.633339
 -29.819 -17.446  -4.212  +1.048  +1.598  +4.413  +0.000  +0.000  +0.203  +0.000  +0.000  +9.328  +2.000  +2.000  +2.000  +0.633499
 -29.805 -17.455  -4.239  +1.039  +1.600  +4.454  +0.000  +0.000  +0.201  +0.000  +0.000  +9.103  +2.000  +2.000  +2.000  +0.674442
 -29.882 -17.435  -4.193  +1.049  +1.597  +4.405  +0.000  +0.000  +0.207  +0.000  +0.000  +9.623  +2.000  +2.000  +2.000  +0.633641
 -29.878 -17.449  -4.207  +1.042  +1.598  +4.401  +0.000  +0.000  +0.206  +0.000  +0.000  +9.631  +2.000  +2.000  +2.000  +0.633432
 -29.897 -17.454  -4.212  +1.047  +1.599  +4.433  +0.000  +0.000  +0.203  +0.000  +0.000  +9.248  +2.000  +2.000  +2.000  +0.633311
 -29.829 -17.455  -4.183  +1.044  +1.598  +4.438  +0.000  +0.000  +0.197  +0.000  +0.000  +8.783  +2.000  +2.000  +2.000  +0.633211
 -29.896 -17.453  -4.171  +1.052  +1.597  +4.417  +0.000  +0.000  +0.200  +0.000  +0.000  +8.995  +2.000  +2.000  +2.000  +0.633233
 -29.852 -17.464  -4.201  +1.043  +1.599  +4.443  +0.000  +0.000  +0.197  +0.000  +0.000  +8.790  +2.000  +2.000  +2.000  +0.633032
 -29.923 -17.458  -4.179  +1.043  +1.598  +4.442  +0.000  +0.000  +0.199  +0.000  +0.000  +8.950  +2.000  +2.000  +2.000  +0.633196
 -29.899 -17.468  -4.176  +1.042  +1.599  +4.401  +0.000  +0.000  +0.199  +0.000  +0.000  +9.058  +2.000  +2.000  +2.000  +0.633049
 -29.886 -17.465  -4.169  +1.048  +1.599  +4.452  +0.000  +0.000  +0.194  +0.000  +0.000  +8.450  +2.000  +2.000  +2.000  +0.633113
 -29.878 -17.467  -4.218  +1.046  +1.598  +4.461  +0.000  +0.000  +0.198  +0.000  +0.000  +8.755  +2.000  +2.000  +2.000  +0.632886
 -29.893 -17.470  -4.155  +1.048  +1.599  +4.438  +0.000  +0.000  +0.192  +0.000  +0.000  +8.408  +2.000  +2.000  +2.000  +0.632917
 -29.867 -17.472  -4.151  +1.045  +1.598  +4.440  +0.000  +0.000  +0.191  +0.000  +0.000  +8.299  +2.000  +2.000  +2.000  +0.632792
 -29.861 -17.477  -4.187  +1.038  +1.600  +4.462  +0.000  +0.000  +0.192  +0.000  +0.000  +8.379  +2.000  +2.000  +2.000  +0.673985
 -29.887 -17.459  -4.175  +1.049  +1.598  +4.428  +0.000  +0.000  +0.198  +0.000  +0.000  +8.841  +2.000  +2.000  +2.000  +0.633103
 -29.942 -17.475  -4.173  +1.047  +1.599  +4.438  +0.000  +0.000  +0.195  +0.000  +0.000  +8.605  +2.000  +2.000  +2.000  +0.632771
 -29.853 -17.477  -4.176  +1.048  +1.599  +4.433  +0.000  +0.000  +0.192  +0.000  +0.000  +8.351  +2.000  +2.000  +2.000  +0.632915
 -29.882 -17.473  -4.188  +1.044  +1.599  +4.419  +0.000  +0.000  +0.197  +0.000  +0.000  +8.827  +2.000  +2.000  +2.000  +0.632766
 -29.879 -17.483  -4.185  +1.042  +1.600  +4.440  +0.000  +0.000  +0.193  +0.000  +0.000  +8.433  +2.000  +2.000  +2.000  +0.632661
 -29.862 -17.477  -4.186  +1.049  +1.598  +4.477  +0.000  +0.000  +0.190  +0.000  +0.000  +8.059  +2.000  +2.000  +2.000  +0.632637
 -29.913 -17.484  -4.157  +1.048  +1.599  +4.444  +0.000  +0.000  +0.190  +0.000  +0.000  +8.144  +2.000  +2.000  +2.000  +0.632532
 -29.876 -17.482  -4.203  +1.044  +1.599  +4.450  +0.000  +0.000  +0.194  +0.000  +0.000  +8.460  +2.000  +2.000  +2.000  +0.632554
 -29.922 -17.476  -4.189  +1.043  +1.598  +4.459  +0.000  +0.000  +0.195  +0.000  +0.000  +8.544  +2.000  +2.000  +2.000  +0.632712
 -29.908 -17.489  -4.140  +1.045  +1.599  +4.430  +0.000  +0.000  +0.188  +0.000  +0.000  +8.088  +2.000  +2.000  +2.000  +0.632417
 -29.929 -17.489  -4.204  +1.045  +1.599  +4.449  +0.000  +0.000  +0.194  +0.000  +0.000  +8.491  +2.000  +2.000  +2.000  +0.632419
 -29.851 -17.488  -4.189  +1.043  +1.599  +4.454  +0.000  +0.000  +0.190  +0.000  +0.000  +8.157  +2.000  +2.000  +2.000  +0.632361
 -29.903 -17.494  -4.176  +1.046  +1.599  +4.482  +0.000  +0.000  +0.186  +0.000  +0.000  +7.767  +2.000  +2.000  +2.000  +0.632279
 -29.858 -17.495  -4.170  +1.048  +1.599  +4.447  +0.000  +0.000  +0.186  +0.000  +0.000  +7.855  +2.000  +2.000  +2.000  +0.632505
 -29.895 -17.491  -4.172  +1.050  +1.598  +4.468  +0.000  +0.000  +0.187  +0.000  +0.000  +7.823  +2.000  +2.000  +2.000  +0.632260
 -29.921 -17.501  -4.167  +1.044  +1.599  +4.430  +0.000  +0.000  +0.189  +0.000  +0.000  +8.137  +2.000  +2.000  +2.000  +0.632163
 -29.918 -17.501  -4.140  +1.048  +1.599  +4.451  +0.000  +0.000  +0.184  +0.000  +0.000  +7.655  +2.000  +2.000  +2.000  +0.632175
 -29.883 -17.502  -4.183  +1.044  +1.599  +4.459  +0.000  +0.000  +0.186  +0.000  +0.000  +7.849  +2.000  +2.000  +2.000  +0.632078
 -29.944 -17.494  -4.172  +1.043  +1.598  +4.459  +0.000  +0.000  +0.190  +0.000  +0.000  +8.136  +2.000  +2.000  +2.000  +0.632250
 -29.877 -17.501  -4.131  +1.046  +1.599  +4.459  +0.000  +0.000  +0.181  +0.000  +0.000  +7.412  +2.000  +2.000  +2.000  +0.632036
 -29.890 -17.504  -4.193  +1.047  +1.599  +4.485  +0.000  +0.000  +0.185  +0.000  +0.000  +7.646  +2.000  +2.000  +2.000  +0.631934
 -29.957 -17.509  -4.144  +1.049  +1.599  +4.469  +0.000  +0.000  +0.182  +0.000  +0.000  +7.449  +2.000  +2.000  +2.000  +0.631924
 -29.919 -17.507  -4.150  +1.047  +1.599  +4.438  +0.000  +0.000  +0.185  +0.000  +0.000  +7.760  +2.000  +2.000  +2.000  +0.631872
 -29.932 -17.513  -4.148  +1.042  +1.600  +4.444  +0.000  +0.000  +0.184  +0.000  +0.000  +7.689  +2.000  +2.000  +2.000  +0.631858
 -29.880 -17.516  -4.142  +1.048  +1.600  +4.450  +0.000  +0.000  +0.179  +0.000  +0.000  +7.263  +2.000  +2.000  +2.000  +0.631990
 -29.896 -17.513  -4.174  +1.043  +1.599  +4.458  +0.000  +0.000  +0.184  +0.000  +0.000  +7.646  +2.000  +2.000  +2.000  +0.631784
 -29.888 -17.516  -4.149  +1.047  +1.599  +4.486  +0.000  +0.000  +0.178  +0.000  +0.000  +7.042  +2.000  +2.000  +2.000  +0.631676
 -29.927 -17.517  -4.125  +1.048  +1.599  +4.463  +0.000  +0.000  +0.178  +0.000  +0.000  +7.128  +2.000  +2.000  +2.000  +0.631646
 -29.945 -17.523  -4.175  +1.047  +1.599  +4.465  +0.000  +0.000  +0.183  +0.000  +0.000  +7.494  +2.000  +2.000  +2.000  +0.631605
 -29.958 -17.509  -4.172  +1.044  +1.598  +4.477  +0.000  +0.000  +0.185  +0.000  +0.000  +7.700  +2.000  +2.000  +2.000  +0.631793
 -29.966 -17.523  -4.116  +1.045  +1.599  +4.440  +0.000  +0.000  +0.180  +0.000  +0.000  +7.331  +2.000  +2.000  +2.000  +0.631560
 -29.900 -17.521  -4.158  +1.042  +1.599  +4.448  +0.000  +0.000  +0.181  +0.000  +0.000  +7.498  +2.000  +2.000  +2.000  +0.631546
 -29.934 -17.527  -4.155  +1.043  +1.600  +4.482  +0.000  +0.000  +0.178  +0.000  +0.000  +7.122  +2.000  +2.000  +2.000  +0.631446
 -29.922 -17.524  -4.158  +1.048  +1.598  +4.485  +0.000  +0.000  +0.178  +0.000  +0.000  +7.051  +2.000  +2.000  +2.000  +0.631386
 -29.886 -17.531  -4.130  +1.047  +1.600  +4.455  +0.000  +0.000  +0.175  +0.000  +0.000  +6.878  +2.000  +2.000  +2.000  +0.631517
 -29.946 -17.533  -4.117  +1.048  +1.599  +4.473  +0.000  +0.000  +0.173  +0.000  +0.000  +6.739  +2.000  +2.000  +2.000  +0.631296
 -29.969 -17.534  -4.135  +1.045  +1.600  +4.442  +0.000  +0.000  +0.179  +0.000  +0.000  +7.269  +2.000  +2.000  +2.000  +0.631289
 -29.940 -17.536  -4.162  +1.043  +1.600  +4.459  +0.000  +0.000  +0.179  +0.000  +0.000  +7.217  +2.000  +2.000  +2.000  +0.631238
 -29.921 -17.535  -4.108  +1.043  +1.599  +4.457  +0.000  +0.000  +0.173  +0.000  +0.000  +6.783  +2.000  +2.000  +2.000  +0.631210
 -29.889 -17.538  -4.164  +1.045  +1.599  +4.486  +0.000  +0.000  +0.175  +0.000  +0.000  +6.808  +2.000  +2.000  +2.000  +0.631139
 -29.951 -17.543  -4.124  +1.049  +1.599  +4.486  +0.000  +0.000  +0.171  +0.000  +0.000  +6.469  +2.000  +2.000  +2.000  +0.631156
 -29.981 -17.536  -4.151  +1.044  +1.599  +4.488  +0.000  +0.000  +0.177  +0.000  +0.000  +6.987  +2.000  +2.000  +2.000  +0.631128
 -29.945 -17.543  -4.125  +1.048  +1.599  +4.462  +0.000  +0.000  +0.173  +0.000  +0.000  +6.709  +2.000  +2.000  +2.000  +0.630996
 -29.964 -17.550  -4.113  +1.043  +1.600  +4.453  +0.000  +0.000  +0.172  +0.000  +0.000  +6.694  +2.000  +2.000  +2.000  +0.630944
 -29.944 -17.546  -4.153  +1.042  +1.600  +4.460  +0.000  +0.000  +0.176  +0.000  +0.000  +6.994  +2.000  +2.000  +2.000  +0.630990
 -29.915 -17.548  -4.140  +1.045  +1.599  +4.496  +0.000  +0.000  +0.170  +0.000  +0.000  +6.397  +2.000  +2.000  +2.000  +0.630858
 -29.937 -17.548  -4.108  +1.047  +1.599  +4.487  +0.000  +0.000  +0.168  +0.000  +0.000  +6.243  +2.000  +2.000  +2.000  +0.630817
 -29.961 -17.553  -4.162  +1.047  +1.599  +4.498  +0.000  +0.000  +0.172  +0.000  +0.000  +6.543  +2.000  +2.000  +2.000  +0.630779
 -29.933 -17.547  -4.155  +1.042  +1.599  +4.471  +0.000  +0.000  +0.175  +0.000  +0.000  +6.875  +2.000  +2.000  +2.000  +0.630856
# Info: parameter out of range.
 -29.918 -17.542  -4.151  +1.045  +1.599  +4.481  +0.000  +0.000  +0.174  +0.000  +0.000  +6.744  +2.000  +2.000  +2.000  +0.631013
 -29.898 -17.558  -4.126  +1.045  +1.600  +4.464  +0.000  +0.000  +0.168  +0.000  +0.000  +6.313  +2.000  +2.000  +2.000  +0.630753
 -29.956 -17.556  -4.119  +1.045  +1.600  +4.467  +0.000  +0.000  +0.170  +0.000  +0.000  +6.448  +2.000  +2.000  +2.000  +0.630689
 -29.932 -17.559  -4.144  +1.041  +1.600  +4.487  +0.000  +0.000  +0.170  +0.000  +0.000  +6.417  +2.000  +2.000  +2.000  +0.630687
 -29.930 -17.559  -4.114  +1.047  +1.599  +4.496  +0.000  +0.000  +0.165  +0.000  +0.000  +5.988  +2.000  +2.000  +2.000  +0.630624
 -29.902 -17.557  -4.153  +1.046  +1.599  +4.514  +0.000  +0.000  +0.167  +0.000  +0.000  +6.112  +2.000  +2.000  +2.000  +0.630528
 -29.948 -17.562  -4.130  +1.045  +1.600  +4.475  +0.000  +0.000  +0.169  +0.000  +0.000  +6.338  +2.000  +2.000  +2.000  +0.630532
 -29.933 -17.566  -4.109  +1.049  +1.600  +4.501  +0.000  +0.000  +0.162  +0.000  +0.000  +5.725  +2.000  +2.000  +2.000  +0.630665
 -29.928 -17.570  -4.157  +1.045  +1.600  +4.488  +0.000  +0.000  +0.168  +0.000  +0.000  +6.228  +2.000  +2.000  +2.000  +0.630456
 -29.896 -17.569  -4.101  +1.043  +1.600  +4.475  +0.000  +0.000  +0.162  +0.000  +0.000  +5.849  +2.000  +2.000  +2.000  +0.630417
 -29.958 -17.566  -4.131  +1.045  +1.599  +4.511  +0.000  +0.000  +0.165  +0.000  +0.000  +5.963  +2.000  +2.000  +2.000  +0.630391
 -29.900 -17.571  -4.141  +1.045  +1.600  +4.520  +0.000  +0.000  +0.162  +0.000  +0.000  +5.708  +2.000  +2.000  +2.000  +0.630350
 -29.917 -17.571  -4.115  +1.051  +1.599  +4.508  +0.000  +0.000  +0.161  +0.000  +0.000  +5.560  +2.000  +2.000  +2.000  +0.630428
 -29.912 -17.565  -4.152  +1.043  +1.599  +4.496  +0.000  +0.000  +0.167  +0.000  +0.000  +6.211  +2.000  +2.000  +2.000  +0.630360
 -29.910 -17.573  -4.156  +1.044  +1.600  +4.501  +0.000  +0.000  +0.165  +0.000  +0.000  +6.004  +2.000  +2.000  +2.000  +0.630224
 -29.883 -17.574  -4.146  +1.045  +1.600  +4.528  +0.000  +0.000  +0.161  +0.000  +0.000  +5.571  +2.000  +2.000  +2.000  +0.630218
 -29.924 -17.582  -4.121  +1.044  +1.600  +4.493  +0.000  +0.000  +0.161  +0.000  +0.000  +5.662  +2.000  +2.000  +2.000  +0.630148
 -29.897 -17.573  -4.109  +1.045  +1.599  +4.520  +0.000  +0.000  +0.158  +0.000  +0.000  +5.405  +2.000  +2.000  +2.000  +0.630139
 -29.903 -17.573  -4.149  +1.038  +1.600  +4.503  +0.000  +0.000  +0.165  +0.000  +0.000  +6.033  +2.000  +2.000  +2.000  +0.671355
 -29.913 -17.571  -4.124  +1.048  +1.599  +4.507  +0.000  +0.000  +0.162  +0.000  +0.000  +5.679  +2.000  +2.000  +2.000  +0.630326
 -29.928 -17.575  -4.169  +1.046  +1.599  +4.544  +0.000  +0.000  +0.163  +0.000  +0.000  +5.701  +2.000  +2.000  +2.000  +0.630092
 -29.859 -17.580  -4.149  +1.045  +1.600  +4.516  +0.000  +0.000  +0.160  +0.000  +0.000  +5.522  +2.000  +2.000  +2.000  +0.630086
 -29.892 -17.585  -4.127  +1.048  +1.600  +4.536  +0.000  +0.000  +0.156  +0.000  +0.000  +5.102  +2.000  +2.000  +2.000  +0.630150
 -29.901 -17.583  -4.134  +1.046  +1.599  +4.516  +0.000  +0.000  +0.159  +0.000  +0.000  +5.454  +2.000  +2.000  +2.000  +0.629965
 -29.885 -17.585  -4.154  +1.044  +1.600  +4.532  +0.000  +0.000  +0.159  +0.000  +0.000  +5.427  +2.000  +2.000  +2.000  +0.629927
 -29.882 -17.586  -4.121  +1.047  +1.599  +4.546  +0.000  +0.000  +0.154  +0.000  +0.000  +4.956  +2.000  +2.000  +2.000  +0.629958
 -29.909 -17.589  -4.125  +1.046  +1.600  +4.522  +0.000  +0.000  +0.157  +0.000  +0.000  +5.236  +2.000  +2.000  +2.000  +0.629875
 -29.904 -17.579  -4.144  +1.043  +1.599  +4.511  +0.000  +0.000  +0.162  +0.000  +0.000  +5.739  +2.000  +2.000  +2.000  +0.629993
 -29.868 -17.580  -4.155  +1.047  +1.599  +4.559  +0.000  +0.000  +0.157  +0.000  +0.000  +5.198  +2.000  +2.000  +2.000  +0.629848
 -29.887 -17.591  -4.178  +1.046  +1.600  +4.541  +0.000  +0.000  +0.159  +0.000  +0.000  +5.404  +2.000  +2.000  +2.000  +0.629791
 -29.845 -17.593  -4.121  +1.045  +1.600  +4.517  +0.000  +0.000  +0.154  +0.000  +0.000  +5.033  +2.000  +2.000  +2.000  +0.629755
 -29.912 -17.591  -4.135  +1.046  +1.599  +4.545  +0.000  +0.000  +0.155  +0.000  +0.000  +5.090  +2.000  +2.000  +2.000  +0.629684
 -29.868 -17.595  -4.137  +1.049  +1.600  +4.558  +0.000  +0.000  +0.152  +0.000  +0.000  +4.710  +2.000  +2.000  +2.000  +0.629816
 -29.863 -17.594  -4.147  +1.046  +1.600  +4.564  +0.000  +0.000  +0.153  +0.000  +0.000  +4.809  +2.000  +2.000  +2.000  +0.629663
 -29.877 -17.594  -4.167  +1.045  +1.600  +4.539  +0.000  +0.000  +0.158  +0.000  +0.000  +5.270  +2.000  +2.000  +2.000  +0.629611
 -29.872 -17.597  -4.137  +1.048  +1.599  +4.555  +0.000  +0.000  +0.152  +0.000  +0.000  +4.761  +2.000  +2.000  +2.000  +0.629582
 -29.839 -17.595  -4.170  +1.046  +1.599  +4.572  +0.000  +0.000  +0.153  +0.000  +0.000  +4.833  +2.000  +2.000  +2.000  +0.629538
 -29.873 -17.608  -4.143  +1.046  +1.600  +4.539  +0.000  +0.000  +0.151  +0.000  +0.000  +4.779  +2.000  +2.000  +2.000  +0.629539
 -29.874 -17.595  -4.163  +1.043  +1.599  +4.534  +0.000  +0.000  +0.157  +0.000  +0.000  +5.284  +2.000  +2.000  +2.000  +0.629548
 -29.852 -17.601  -4.118  +1.045  +1.599  +4.550  +0.000  +0.000  +0.149  +0.000  +0.000  +4.561  +2.000  +2.000  +2.000  +0.629429
 -29.895 -17.601  -4.173  +1.047  +1.599  +4.583  +0.000  +0.000  +0.154  +0.000  +0.000  +4.814  +2.000  +2.000  +2.000  +0.629378
 -29.825 -17.605  -4.170  +1.046  +1.600  +4.564  +0.000  +0.000  +0.151  +0.000  +0.000  +4.688  +2.000  +2.000  +2.000  +0.629396
 -29.864 -17.604  -4.163  +1.046  +1.599  +4.545  +0.000  +0.000  +0.154  +0.000  +0.000  +4.938  +2.000  +2.000  +2.000  +0.629317
 -29.846 -17.608  -4.142  +1.047  +1.599  +4.571  +0.000  +0.000  +0.148  +0.000  +0.000  +4.395  +2.000  +2.000  +2.000  +0.629312
 -29.845 -17.607  -4.173  +1.043  +1.600  +4.560  +0.000  +0.000  +0.152  +0.000  +0.000  +4.813  +2.000  +2.000  +2.000  +0.629271
 -29.836 -17.612  -4.150  +1.048  +1.599  +4.586  +0.000  +0.000  +0.146  +0.000  +0.000  +4.171  +2.000  +2.000  +2.000  +0.629305
 -29.827 -17.600  -4.171  +1.046  +1.598  +4.594  +0.000  +0.000  +0.150  +0.000  +0.000  +4.524  +2.000  +2.000  +2.000  +0.629232
 -29.858 -17.615  -4.146  +1.046  +1.599  +4.566  +0.000  +0.000  +0.148  +0.000  +0.000  +4.393  +2.000  +2.000  +2.000  +0.629092
 -29.848 -17.612  -4.205  +1.047  +1.599  +4.592  +0.000  +0.000  +0.152  +0.000  +0.000  +4.623  +2.000  +2.000  +2.000  +0.629132
 -29.880 -17.610  -4.161  +1.047  +1.599  +4.585  +0.000  +0.000  +0.149  +0.000  +0.000  +4.479  +2.000  +2.000  +2.000  +0.629101
 -29.806 -17.616  -4.154  +1.046  +1.599  +4.567  +0.000  +0.000  +0.146  +0.000  +0.000  +4.270  +2.000  +2.000  +2.000  +0.629055
 -29.823 -17.616  -4.163  +1.047  +1.599  +4.611  +0.000  +0.000  +0.144  +0.000  +0.000  +3.978  +2.000  +2.000  +2.000  +0.629043
 -29.834 -17.615  -4.189  +1.045  +1.599  +4.594  +0.000  +0.000  +0.149  +0.000  +0.000  +4.418  +2.000  +2.000  +2.000  +0.628982
 -29.844 -17.611  -4.190  +1.043  +1.599  +4.581  +0.000  +0.000  +0.152  +0.000  +0.000  +4.703  +2.000  +2.000  +2.000  +0.629010
 -29.835 -17.616  -4.172  +1.048  +1.598  +4.613  +0.000  +0.000  +0.145  +0.000  +0.000  +4.035  +2.000  +2.000  +2.000  +0.628880
 -29.855 -17.627  -4.173  +1.046  +1.600  +4.584  +0.000  +0.000  +0.146  +0.000  +0.000  +4.201  +2.000  +2.000  +2.000  +0.628851
 -29.836 -17.619  -4.132  +1.045  +1.599  +4.583  +0.000  +0.000  +0.143  +0.000  +0.000  +3.996  +2.000  +2.000  +2.000  +0.628862
 -29.793 -17.624  -4.168  +1.045  +1.599  +4.590  +0.000  +0.000  +0.144  +0.000  +0.000  +4.019  +2.000  +2.000  +2.000  +0.628816
 -29.798 -17.622  -4.190  +1.046  +1.599  +4.615  +0.000  +0.000  +0.145  +0.000  +0.000  +4.012  +2.000  +2.000  +2.000  +0.628760
 -29.849 -17.621  -4.190  +1.045  +1.599  +4.625  +0.000  +0.000  +0.146  +0.000  +0.000  +4.071  +2.000  +2.000  +2.000  +0.628753
 -29.838 -17.623  -4.188  +1.044  +1.599  +4.585  +0.000  +0.000  +0.148  +0.000  +0.000  +4.386  +2.000  +2.000  +2.000  +0.628690
 -29.815 -17.631  -4.160  +1.048  +1.599  +4.616  +0.000  +0.000  +0.140  +0.000  +0.000  +3.581  +2.000  +2.000  +2.000  +0.628717
 -29.821 -17.631  -4.155  +1.047  +1.599  +4.609  +0.000  +0.000  +0.140  +0.000  +0.000  +3.658  +2.000  +2.000  +2.000  +0.628572
 -29.816 -17.633  -4.168  +1.043  +1.600  +4.589  +0.000  +0.000  +0.143  +0.000  +0.000  +3.947  +2.000  +2.000  +2.000  +0.628617
 -29.810 -17.634  -4.216  +1.046  +1.600  +4.620  +0.000  +0.000  +0.144  +0.000  +0.000  +3.972  +2.000  +2.000  +2.000  +0.628579
 -29.780 -17.627  -4.185  +1.045  +1.599  +4.628  +0.000  +0.000  +0.141  +0.000  +0.000  +3.711  +2.000  +2.000  +2.000  +0.628510
 -29.839 -17.631  -4.194  +1.046  +1.599  +4.632  +0.000  +0.000  +0.143  +0.000  +0.000  +3.815  +2.000  +2.000  +2.000  +0.628458
 -29.844 -17.636  -4.174  +1.045  +1.599  +4.611  +0.000  +0.000  +0.142  +0.000  +0.000  +3.773  +2.000  +2.000  +2.000  +0.628448
 -29.792 -17.641  -4.170  +1.046  +1.599  +4.597  +0.000  +0.000  +0.139  +0.000  +0.000  +3.639  +2.000  +2.000  +2.000  +0.628413
 -29.820 -17.633  -4.202  +1.043  +1.599  +4.602  +0.000  +0.000  +0.145  +0.000  +0.000  +4.144  +2.000  +2.000  +2.000  +0.628423
 -29.792 -17.644  -4.178  +1.046  +1.599  +4.637  +0.000  +0.000  +0.136  +0.000  +0.000  +3.279  +2.000  +2.000  +2.000  +0.578572
 -29.809 -17.636  -4.201  +1.048  +1.598  +4.645  +0.000  +0.000  +0.140  +0.000  +0.000  +3.551  +2.000  +2.000  +2.000  +0.628301
 -29.815 -17.636  -4.149  +1.045  +1.599  +4.620  +0.000  +0.000  +0.137  +0.000  +0.000  +3.420  +2.000  +2.000  +2.000  +0.599260
 -29.802 -17.640  -4.209  +1.044  +1.599  +4.635  +0.000  +0.000  +0.141  +0.000  +0.000  +3.675  +2.000  +2.000  +2.000  +0.628211
 -29.848 -17.647  -4.184  +1.046  +1.600  +4.617  +0.000  +0.000  +0.140  +0.000  +0.000  +3.613  +2.000  +2.000  +2.000  +0.628176
 -29.791 -17.647  -4.173  +1.045  +1.599  +4.609  +0.000  +0.000  +0.137  +0.000  +0.000  +3.458  +2.000  +2.000  +2.000  +0.599163
 -29.773 -17.645  -4.193  +1.045  +1.599  +4.629  +0.000  +0.000  +0.138  +0.000  +0.000  +3.422  +2.000  +2.000  +2.000  +0.599132
 -29.785 -17.651  -4.162  +1.048  +1.599  +4.645  +0.000  +0.000  +0.132  +0.000  +0.000  +2.871  +2.000  +2.000  +2.000  +0.552213
 -29.811 -17.646  -4.192  +1.046  +1.599  +4.662  +0.000  +0.000  +0.136  +0.000  +0.000  +3.183  +2.000  +2.000  +2.000  +0.578281
 -29.796 -17.653  -4.159  +1.043  +1.600  +4.618  +0.000  +0.000  +0.134  +0.000  +0.000  +3.179  +2.000  +2.000  +2.000  +0.578215
 -29.801 -17.652  -4.139  +1.047  +1.599  +4.625  +0.000  +0.000  +0.131  +0.000  +0.000  +2.931  +2.000  +2.000  +2.000  +0.552065
 -29.743 -17.646  -4.152  +1.046  +1.599  +4.644  +0.000  +0.000  +0.130  +0.000  +0.000  +2.822  +2.000  +2.000  +2.000  +0.552181
 -29.759 -17.660  -4.188  +1.046  +1.600  +4.647  +0.000  +0.000  +0.131  +0.000  +0.000  +2.866  +2.000  +2.000  +2.000  +0.552197
 -29.774 -17.652  -4.168  +1.047  +1.599  +4.668  +0.000  +0.000  +0.130  +0.000  +0.000  +2.680  +2.000  +2.000  +2.000  +0.552145
 -29.792 -17.656  -4.142  +1.047  +1.599  +4.658  +0.000  +0.000  +0.128  +0.000  +0.000  +2.531  +2.000  +2.000  +2.000  +0.552056
 -29.773 -17.660  -4.147  +1.047  +1.599  +4.655  +0.000  +0.000  +0.127  +0.000  +0.000  +2.487  +2.000  +2.000  +2.000  +0.551779
 -29.745 -17.661  -4.122  +1.047  +1.600  +4.628  +0.000  +0.000  +0.125  +0.000  +0.000  +2.409  +2.000  +2.000  +2.000  +0.552042
 -29.747 -17.657  -4.146  +1.051  +1.599  +4.674  +0.000  +0.000  +0.125  +0.000  +0.000  +2.220  +2.000  +2.000  +2.000  +0.552142
 -29.748 -17.660  -4.138  +1.046  +1.599  +4.654  +0.000  +0.000  +0.125  +0.000  +0.000  +2.366  +2.000  +2.000  +2.000  +0.551916
 -29.772 -17.651  -4.101  +1.048  +1.599  +4.655  +0.000  +0.000  +0.124  +0.000  +0.000  +2.245  +2.000  +2.000  +2.000  +0.551867
 -29.795 -17.666  -4.123  +1.049  +1.600  +4.660  +0.000  +0.000  +0.123  +0.000  +0.000  +2.145  +2.000  +2.000  +2.000  +0.551852
 -29.769 -17.664  -4.097  +1.048  +1.599  +4.634  +0.000  +0.000  +0.122  +0.000  +0.000  +2.154  +2.000  +2.000  +2.000  +0.551787
 -29.802 -17.661  -4.106  +1.045  +1.600  +4.618  +0.000  +0.000  +0.127  +0.000  +0.000  +2.597  +2.000  +2.000  +2.000  +0.551724
 -29.748 -17.668  -4.105  +1.048  +1.599  +4.666  +0.000  +0.000  +0.119  +0.000  +0.000  +1.803  +2.000  +2.000  +2.000  +0.551677
 -29.746 -17.667  -4.093  +1.047  +1.599  +4.635  +0.000  +0.000  +0.120  +0.000  +0.000  +2.020  +2.000  +2.000  +2.000  +0.551580
 -29.794 -17.663  -4.106  +1.048  +1.599  +4.666  +0.000  +0.000  +0.121  +0.000  +0.000  +2.045  +2.000  +2.000  +2.000  +0.551516
 -29.802 -17.665  -4.082  +1.049  +1.599  +4.643  +0.000  +0.000  +0.121  +0.000  +0.000  +2.008  +2.000  +2.000  +2.000  +0.551517
 -29.785 -17.677  -4.114  +1.047  +1.600  +4.639  +0.000  +0.000  +0.121  +0.000  +0.000  +2.070  +2.000  +2.000  +2.000  +0.551480
 -29.760 -17.665  -4.089  +1.045  +1.599  +4.629  +0.000  +0.000  +0.121  +0.000  +0.000  +2.151  +2.000  +2.000  +2.000  +0.551432
 -29.783 -17.668  -4.114  +1.046  +1.599  +4.653  +0.000  +0.000  +0.122  +0.000  +0.000  +2.141  +2.000  +2.000  +2.000  +0.551419
 -29.781 -17.674  -4.055  +1.046  +1.600  +4.632  +0.000  +0.000  +0.116  +0.000  +0.000  +1.722  +2.000  +2.000  +2.000  +0.551300
 -29.748 -17.676  -4.083  +1.049  +1.599  +4.673  +0.000  +0.000  +0.114  +0.000  +0.000  +1.393  +2.000  +2.000  +2.000  +0.529676
 -29.801 -17.671  -4.079  +1.047  +1.599  +4.627  +0.000  +0.000  +0.120  +0.000  +0.000  +2.085  +2.000  +2.000  +2.000  +0.551195
 -29.818 -17.673  -4.088  +1.047  +1.599  +4.656  +0.000  +0.000  +0.119  +0.000  +0.000  +1.883  +2.000  +2.000  +2.000  +0.551184
 -29.766 -17.676  -4.101  +1.045  +1.600  +4.651  +0.000  +0.000  +0.118  +0.000  +0.000  +1.865  +2.000  +2.000  +2.000  +0.551171
 -29.767 -17.682  -4.075  +1.045  +1.600  +4.624  +0.000  +0.000  +0.117  +0.000  +0.000  +1.782  +2.000  +2.000  +2.000  +0.551083
 -29.771 -17.669  -4.057  +1.046  +1.599  +4.647  +0.000  +0.000  +0.116  +0.000  +0.000  +1.686  +2.000  +2.000  +2.000  +0.551059
 -29.799 -17.682  -4.074  +1.047  +1.599  +4.662  +0.000  +0.000  +0.114  +0.000  +0.000  +1.488  +2.000  +2.000  +2.000  +0.529337
 -29.780 -17.683  -4.039  +1.048  +1.599  +4.640  +0.000  +0.000  +0.112  +0.000  +0.000  +1.334  +2.000  +2.000  +2.000  +0.529197
 -29.781 -17.679  -4.093  +1.047  +1.599  +4.663  +0.000  +0.000  +0.117  +0.000  +0.000  +1.658  +2.000  +2.000  +2.000  +0.550905
 -29.756 -17.684  -4.073  +1.047  +1.599  +4.677  +0.000  +0.000  +0.111  +0.000  +0.000  +1.187  +2.000  +2.000  +2.000  +0.529303
 -29.724 -17.685  -4.061  +1.046  +1.599  +4.654  +0.000  +0.000  +0.110  +0.000  +0.000  +1.215  +2.000  +2.000  +2.000  +0.529232
 -29.765 -17.683  -4.038  +1.049  +1.599  +4.659  +0.000  +0.000  +0.109  +0.000  +0.000  +1.071  +2.000  +2.000  +2.000  +0.529130
 -29.764 -17.678  -4.055  +1.050  +1.598  +4.694  +0.000  +0.000  +0.109  +0.000  +0.000  +0.976  +2.000  +2.000  +2.000  +0.529193
 -29.758 -17.694  -4.072  +1.050  +1.599  +4.683  +0.000  +0.000  +0.108  +0.000  +0.000  +0.895  +2.000  +2.000  +2.000  +0.529254
 -29.743 -17.687  -4.031  +1.050  +1.600  +4.672  +0.000  +0.000  +0.105  +0.000  +0.000  +0.733  +2.000  +2.000  +2.000  +0.529311
 -29.774 -17.693  -4.027  +1.047  +1.599  +4.662  +0.000  +0.000  +0.106  +0.000  +0.000  +0.832  +2.000  +2.000  +2.000  +0.528796
 -29.717 -17.690  -4.025  +1.049  +1.599  +4.673  +0.000  +0.000  +0.103  +0.000  +0.000  +0.573  +2.000  +2.000  +2.000  +0.529012
 -29.767 -17.685  -4.067  +1.047  +1.599  +4.663  +0.000  +0.000  +0.112  +0.000  +0.000  +1.288  +2.000  +2.000  +2.000  +0.529029
 -29.757 -17.688  -4.023  +1.050  +1.599  +4.655  +0.000  +0.000  +0.106  +0.000  +0.000  +0.859  +2.000  +2.000  +2.000  +0.528895
 -29.754 -17.678  -4.011  +1.046  +1.599  +4.642  +0.000  +0.000  +0.109  +0.000  +0.000  +1.142  +2.000  +2.000  +2.000  +0.528927
 -29.796 -17.685  -4.010  +1.050  +1.599  +4.669  +0.000  +0.000  +0.106  +0.000  +0.000  +0.804  +2.000  +2.000  +2.000  +0.528791
 -29.744 -17.687  -4.026  +1.050  +1.598  +4.690  +0.000  +0.000  +0.104  +0.000  +0.000  +0.552  +2.000  +2.000  +2.000  +0.528718
 -29.754 -17.694  -4.002  +1.048  +1.599  +4.634  +0.000  +0.000  +0.105  +0.000  +0.000  +0.804  +2.000  +2.000  +2.000  +0.528624
 -29.750 -17.692  -4.010  +1.048  +1.599  +4.663  +0.000  +0.000  +0.103  +0.000  +0.000  +0.642  +2.000  +2.000  +2.000  +0.528555
# Info: parameter out of range.
 -29.761 -17.687  -4.042  +1.048  +1.599  +4.662  +0.000  +0.000  +0.109  +0.000  +0.000  +1.032  +2.000  +2.000  +2.000  +0.528894
 -29.805 -17.686  -4.012  +1.047  +1.599  +4.645  +0.000  +0.000  +0.109  +0.000  +0.000  +1.094  +2.000  +2.000  +2.000  +0.528596
 -29.782 -17.700  -4.027  +1.051  +1.599  +4.678  +0.000  +0.000  +0.103  +0.000  +0.000  +0.513  +2.000  +2.000  +2.000  +0.528570
 -29.785 -17.692  -4.016  +1.047  +1.599  +4.671  +0.000  +0.000  +0.105  +0.000  +0.000  +0.710  +2.000  +2.000  +2.000  +0.528504
 -29.786 -17.696  -3.991  +1.049  +1.599  +4.666  +0.000  +0.000  +0.102  +0.000  +0.000  +0.456  +2.000  +2.000  +2.000  +0.528359
 -29.776 -17.690  -3.996  +1.050  +1.598  +4.667  +0.000  +0.000  +0.103  +0.000  +0.000  +0.562  +2.000  +2.000  +2.000  +0.528371
 -29.750 -17.700  -4.010  +1.047  +1.599  +4.660  +0.000  +0.000  +0.102  +0.000  +0.000  +0.529  +2.000  +2.000  +2.000  +0.528266
 -29.803 -17.700  -3.990  +1.047  +1.599  +4.631  +0.000  +0.000  +0.104  +0.000  +0.000  +0.775  +2.000  +2.000  +2.000  +0.528224
 -29.805 -17.695  -4.011  +1.049  +1.598  +4.686  +0.000  +0.000  +0.103  +0.000  +0.000  +0.516  +2.000  +2.000  +2.000  +0.528249
# Info: parameter out of range.
 -29.792 -17.691  -4.009  +1.048  +1.599  +4.655  +0.000  +0.000  +0.106  +0.000  +0.000  +0.841  +2.000  +2.000  +2.000  +0.528481
 -29.781 -17.689  -3.982  +1.046  +1.599  +4.647  +0.000  +0.000  +0.104  +0.000  +0.000  +0.745  +2.000  +2.000  +2.000  +0.528273
 -29.819 -17.697  -3.991  +1.048  +1.599  +4.658  +0.000  +0.000  +0.104  +0.000  +0.000  +0.641  +2.000  +2.000  +2.000  +0.528125
 -29.793 -17.697  -3.979  +1.049  +1.599  +4.647  +0.000  +0.000  +0.102  +0.000  +0.000  +0.557  +2.000  +2.000  +2.000  +0.528075
# Info: parameter out of range.
 -29.791 -17.693  -4.002  +1.048  +1.599  +4.656  +0.000  +0.000  +0.104  +0.000  +0.000  +0.719  +2.000  +2.000  +2.000  +0.528363
 -29.806 -17.701  -3.993  +1.046  +1.599  +4.646  +0.000  +0.000  +0.103  +0.000  +0.000  +0.673  +2.000  +2.000  +2.000  +0.528106
 -29.795 -17.701  -3.985  +1.047  +1.599  +4.654  +0.000  +0.000  +0.101  +0.000  +0.000  +0.504  +2.000  +2.000  +2.000  +0.528048
 -29.802 -17.699  -3.995  +1.045  +1.599  +4.641  +0.000  +0.000  +0.104  +0.000  +0.000  +0.779  +2.000  +2.000  +2.000  +0.528021
 -29.813 -17.709  -4.007  +1.049  +1.599  +4.659  +0.000  +0.000  +0.102  +0.000  +0.000  +0.498  +2.000  +2.000  +2.000  +0.528035
 -29.859 -17.700  -3.978  +1.048  +1.599  +4.646  +0.000  +0.000  +0.104  +0.000  +0.000  +0.707  +2.000  +2.000  +2.000  +0.527935
 -29.818 -17.706  -3.969  +1.046  +1.600  +4.609  +0.000  +0.000  +0.103  +0.000  +0.000  +0.768  +2.000  +2.000  +2.000  +0.527881
 -29.823 -17.702  -3.983  +1.047  +1.599  +4.658  +0.000  +0.000  +0.102  +0.000  +0.000  +0.506  +2.000  +2.000  +2.000  +0.527842
 -29.808 -17.707  -3.980  +1.046  +1.599  +4.632  +0.000  +0.000  +0.102  +0.000  +0.000  +0.607  +2.000  +2.000  +2.000  +0.527844
 -29.822 -17.704  -3.976  +1.048  +1.599  +4.640  +0.000  +0.000  +0.102  +0.000  +0.000  +0.558  +2.000  +2.000  +2.000  +0.527794
 -29.842 -17.710  -3.989  +1.045  +1.600  +4.638  +0.000  +0.000  +0.103  +0.000  +0.000  +0.675  +2.000  +2.000  +2.000  +0.527766
 -29.852 -17.708  -3.984  +1.046  +1.599  +4.627  +0.000  +0.000  +0.104  +0.000  +0.000  +0.771  +2.000  +2.000  +2.000  +0.527711
 -29.844 -17.700  -3.957  +1.044  +1.599  +4.614  +0.000  +0.000  +0.104  +0.000  +0.000  +0.844  +2.000  +2.000  +2.000  +0.527741
 -29.865 -17.710  -3.960  +1.047  +1.599  +4.625  +0.000  +0.000  +0.101  +0.000  +0.000  +0.580  +2.000  +2.000  +2.000  +0.527611
 -29.809 -17.712  -3.972  +1.045  +1.599  +4.615  +0.000  +0.000  +0.101  +0.000  +0.000  +0.621  +2.000  +2.000  +2.000  +0.527600
 -29.848 -17.707  -3.982  +1.047  +1.599  +4.654  +0.000  +0.000  +0.101  +0.000  +0.000  +0.523  +2.000  +2.000  +2.000  +0.527603
 -29.868 -17.706  -3.971  +1.047  +1.599  +4.636  +0.000  +0.000  +0.103  +0.000  +0.000  +0.663  +2.000  +2.000  +2.000  +0.527568
 -29.864 -17.712  -3.964  +1.045  +1.599  +4.604  +0.000  +0.000  +0.103  +0.000  +0.000  +0.803  +2.000  +2.000  +2.000  +0.527501
 -29.876 -17.713  -3.969  +1.043  +1.600  +4.613  +0.000  +0.000  +0.103  +0.000  +0.000  +0.811  +2.000  +2.000  +2.000  +0.527492
 -29.864 -17.708  -3.950  +1.046  +1.599  +4.609  +0.000  +0.000  +0.102  +0.000  +0.000  +0.729  +2.000  +2.000  +2.000  +0.527436
 -29.868 -17.719  -3.981  +1.048  +1.599  +4.632  +0.000  +0.000  +0.101  +0.000  +0.000  +0.531  +2.000  +2.000  +2.000  +0.527424
 -29.864 -17.713  -3.953  +1.046  +1.599  +4.620  +0.000  +0.000  +0.100  +0.000  +0.000  +0.544  +2.000  +2.000  +2.000  +0.527325
 -29.851 -17.713  -3.976  +1.044  +1.599  +4.621  +0.000  +0.000  +0.103  +0.000  +0.000  +0.726  +2.000  +2.000  +2.000  +0.527417
 -29.868 -17.716  -3.952  +1.044  +1.600  +4.584  +0.000  +0.000  +0.103  +0.000  +0.000  +0.834  +2.000  +2.000  +2.000  +0.527330
 -29.922 -17.713  -3.957  +1.046  +1.599  +4.614  +0.000  +0.000  +0.103  +0.000  +0.000  +0.789  +2.000  +2.000  +2.000  +0.527274
 -29.876 -17.721  -3.955  +1.044  +1.600  +4.588  +0.000  +0.000  +0.102  +0.000  +0.000  +0.779  +2.000  +2.000  +2.000  +0.527219
 -29.883 -17.717  -3.958  +1.045  +1.599  +4.616  +0.000  +0.000  +0.101  +0.000  +0.000  +0.633  +2.000  +2.000  +2.000  +0.527223
 -29.873 -17.717  -3.952  +1.047  +1.599  +4.608  +0.000  +0.000  +0.101  +0.000  +0.000  +0.580  +2.000  +2.000  +2.000  +0.527153
 -29.886 -17.725  -3.970  +1.045  +1.600  +4.611  +0.000  +0.000  +0.101  +0.000  +0.000  +0.625  +2.000  +2.000  +2.000  +0.527135
 -29.887 -17.715  -3.937  +1.043  +1.599  +4.584  +0.000  +0.000  +0.103  +0.000  +0.000  +0.847  +2.000  +2.000  +2.000  +0.527166
 -29.914 -17.721  -3.933  +1.046  +1.600  +4.585  +0.000  +0.000  +0.101  +0.000  +0.000  +0.681  +2.000  +2.000  +2.000  +0.527047
 -29.909 -17.719  -3.952  +1.046  +1.599  +4.623  +0.000  +0.000  +0.100  +0.000  +0.000  +0.536  +2.000  +2.000  +2.000  +0.527043
 -29.924 -17.724  -3.951  +1.045  +1.600  +4.588  +0.000  +0.000  +0.103  +0.000  +0.000  +0.824  +2.000  +2.000  +2.000  +0.526969
# Info: parameter out of range.
 -29.908 -17.716  -3.954  +1.045  +1.599  +4.607  +0.000  +0.000  +0.102  +0.000  +0.000  +0.739  +2.000  +2.000  +2.000  +0.527193
 -29.911 -17.723  -3.942  +1.045  +1.600  +4.582  +0.000  +0.000  +0.102  +0.000  +0.000  +0.769  +2.000  +2.000  +2.000  +0.526993
 -29.927 -17.719  -3.943  +1.046  +1.599  +4.609  +0.000  +0.000  +0.101  +0.000  +0.000  +0.621  +2.000  +2.000  +2.000  +0.526951
 -29.900 -17.724  -3.941  +1.045  +1.599  +4.590  +0.000  +0.000  +0.101  +0.000  +0.000  +0.632  +2.000  +2.000  +2.000  +0.526911
# Info: parameter out of range.
 -29.896 -17.718  -3.943  +1.044  +1.599  +4.592  +0.000  +0.000  +0.102  +0.000  +0.000  +0.753  +2.000  +2.000  +2.000  +0.527086
 -29.944 -17.726  -3.942  +1.043  +1.600  +4.587  +0.000  +0.000  +0.102  +0.000  +0.000  +0.781  +2.000  +2.000  +2.000  +0.526892
 -29.945 -17.719  -3.916  +1.045  +1.599  +4.578  +0.000  +0.000  +0.102  +0.000  +0.000  +0.774  +2.000  +2.000  +2.000  +0.526851
 -29.947 -17.726  -3.938  +1.046  +1.600  +4.594  +0.000  +0.000  +0.101  +0.000  +0.000  +0.652  +2.000  +2.000  +2.000  +0.526831
 -29.938 -17.723  -3.948  +1.045  +1.599  +4.602  +0.000  +0.000  +0.102  +0.000  +0.000  +0.716  +2.000  +2.000  +2.000  +0.526848
 -29.950 -17.727  -3.929  +1.044  +1.600  +4.560  +0.000  +0.000  +0.103  +0.000  +0.000  +0.906  +2.000  +2.000  +2.000  +0.526750
 -29.957 -17.724  -3.935  +1.045  +1.599  +4.595  +0.000  +0.000  +0.102  +0.000  +0.000  +0.707  +2.000  +2.000  +2.000  +0.526773
 -29.954 -17.724  -3.922  +1.045  +1.599  +4.591  +0.000  +0.000  +0.100  +0.000  +0.000  +0.624  +2.000  +2.000  +2.000  +0.526730
 -29.957 -17.729  -3.925  +1.043  +1.600  +4.566  +0.000  +0.000  +0.102  +0.000  +0.000  +0.827  +2.000  +2.000  +2.000  +0.526681
 -29.998 -17.725  -3.922  +1.044  +1.600  +4.578  +0.000  +0.000  +0.103  +0.000  +0.000  +0.865  +2.000  +2.000  +2.000  +0.526691
 -29.967 -17.723  -3.917  +1.046  +1.599  +4.578  +0.000  +0.000  +0.101  +0.000  +0.000  +0.737  +2.000  +2.000  +2.000  +0.526630
 -29.972 -17.732  -3.942  +1.045  +1.600  +4.588  +0.000  +0.000  +0.102  +0.000  +0.000  +0.734  +2.000  +2.000  +2.000  +0.526625
 -29.988 -17.729  -3.909  +1.045  +1.600  +4.560  +0.000  +0.000  +0.102  +0.000  +0.000  +0.797  +2.000  +2.000  +2.000  +0.526585
 -29.989 -17.728  -3.912  +1.043  +1.600  +4.560  +0.000  +0.000  +0.103  +0.000  +0.000  +0.897  +2.000  +2.000  +2.000  +0.526563
 -29.986 -17.730  -3.910  +1.044  +1.600  +4.551  +0.000  +0.000  +0.102  +0.000  +0.000  +0.890  +2.000  +2.000  +2.000  +0.555950
 -29.965 -17.726  -3.928  +1.045  +1.599  +4.584  +0.000  +0.000  +0.102  +0.000  +0.000  +0.753  +2.000  +2.000  +2.000  +0.526708
 -29.997 -17.727  -3.916  +1.045  +1.599  +4.591  +0.000  +0.000  +0.101  +0.000  +0.000  +0.652  +2.000  +2.000  +2.000  +0.526551
# Info: parameter out of range.
 -29.966 -17.725  -3.922  +1.045  +1.599  +4.583  +0.000  +0.000  +0.101  +0.000  +0.000  +0.703  +2.000  +2.000  +2.000  +0.526676
 -29.994 -17.729  -3.913  +1.045  +1.600  +4.568  +0.000  +0.000  +0.102  +0.000  +0.000  +0.800  +2.000  +2.000  +2.000  +0.526532
 -29.959 -17.730  -3.917  +1.045  +1.600  +4.571  +0.000  +0.000  +0.100  +0.000  +0.000  +0.672  +2.000  +2.000  +2.000  +0.526522
# Info: parameter out of range.
 -29.968 -17.728  -3.921  +1.044  +1.600  +4.570  +0.000  +0.000  +0.102  +0.000  +0.000  +0.788  +2.000  +2.000  +2.000  +0.526630
 -29.992 -17.731  -3.915  +1.045  +1.600  +4.563  +0.000  +0.000  +0.102  +0.000  +0.000  +0.816  +2.000  +2.000  +2.000  +0.526478
 -29.997 -17.729  -3.914  +1.046  +1.599  +4.575  +0.000  +0.000  +0.101  +0.000  +0.000  +0.739  +2.000  +2.000  +2.000  +0.526486
# Info: parameter out of range.
 -29.977 -17.726  -3.917  +1.046  +1.599  +4.575  +0.000  +0.000  +0.101  +0.000  +0.000  +0.750  +2.000  +2.000  +2.000  +0.526590
# Info: parameter out of range.
 -29.979 -17.730  -3.928  +1.045  +1.600  +4.579  +0.000  +0.000  +0.102  +0.000  +0.000  +0.750  +2.000  +2.000  +2.000  +0.526580
 -29.997 -17.732  -3.914  +1.044  +1.600  +4.567  +0.000  +0.000  +0.101  +0.000  +0.000  +0.781  +2.000  +2.000  +2.000  +0.526474
 -29.988 -17.730  -3.923  +1.044  +1.599  +4.583  +0.000  +0.000  +0.101  +0.000  +0.000  +0.730  +2.000  +2.000  +2.000  +0.526492
 -29.999 -17.729  -3.903  +1.044  +1.600  +4.565  +0.000  +0.000  +0.101  +0.000  +0.000  +0.772  +2.000  +2.000  +2.000  +0.526439
# Info: parameter out of range.
 -29.989 -17.729  -3.913  +1.044  +1.600  +4.566  +0.000  +0.000  +0.102  +0.000  +0.000  +0.821  +2.000  +2.000  +2.000  +0.526522
 -29.982 -17.732  -3.912  +1.044  +1.600  +4.548  +0.000  +0.000  +0.102  +0.000  +0.000  +0.881  +2.000  +2.000  +2.000  +0.555832
 -29.993 -17.728  -3.915  +1.045  +1.599  +4.581  +0.000  +0.000  +0.101  +0.000  +0.000  +0.709  +2.000  +2.000  +2.000  +0.526524
 -29.985 -17.730  -3.916  +1.045  +1.599  +4.575  +0.000  +0.000  +0.101  +0.000  +0.000  +0.710  +2.000  +2.000  +2.000  +0.526457
 -29.983 -17.731  -3.914  +1.044  +1.600  +4.561  +0.000  +0.000  +0.102  +0.000  +0.000  +0.801  +2.000  +2.000  +2.000  +0.526446
 -29.986 -17.732  -3.915  +1.045  +1.599  +4.573  +0.000  +0.000  +0.101  +0.000  +0.000  +0.684  +2.000  +2.000  +2.000  +0.526418
# Info: parameter out of range.
 -29.975 -17.730  -3.915  +1.045  +1.600  +4.570  +0.000  +0.000  +0.101  +0.000  +0.000  +0.713  +2.000  +2.000  +2.000  +0.526482
 -29.990 -17.731  -3.903  +1.045  +1.600  +4.554  +0.000  +0.000  +0.101  +0.000  +0.000  +0.774  +2.000  +2.000  +2.000  +0.526453
 -29.980 -17.733  -3.910  +1.044  +1.600  +4.557  +0.000  +0.000  +0.101  +0.000  +0.000  +0.774  +2.000  +2.000  +2.000  +0.526420
# Info: parameter out of range.
 -29.982 -17.731  -3.913  +1.045  +1.600  +4.567  +0.000  +0.000  +0.101  +0.000  +0.000  +0.738  +2.000  +2.000  +2.000  +0.526463
 -29.984 -17.731  -3.907  +1.044  +1.600  +4.567  +0.000  +0.000  +0.100  +0.000  +0.000  +0.692  +2.000  +2.000  +2.000  +0.526415
 -29.975 -17.730  -3.906  +1.045  +1.599  +4.563  +0.000  +0.000  +0.100  +0.000  +0.000  +0.706  +2.000  +2.000  +2.000  +0.526396
 -29.989 -17.731  -3.905  +1.044  +1.600  +4.561  +0.000  +0.000  +0.101  +0.000  +0.000  +0.739  +2.000  +2.000  +2.000  +0.526388
 -29.987 -17.732  -3.900  +1.045  +1.600  +4.550  +0.000  +0.000  +0.101  +0.000  +0.000  +0.776  +2.000  +2.000  +2.000  +0.548440
 -29.985 -17.731  -3.912  +1.045  +1.599  +4.569  +0.000  +0.000  +0.101  +0.000  +0.000  +0.726  +2.000  +2.000  +2.000  +0.526439
 -29.980 -17.731  -3.915  +1.044  +1.599  +4.575  +0.000  +0.000  +0.101  +0.000  +0.000  +0.699  +2.000  +2.000  +2.000  +0.526425
# Info: parameter out of range.
 -29.984 -17.731  -3.911  +1.044  +1.600  +4.564  +0.000  +0.000  +0.101  +0.000  +0.000  +0.762  +2.000  +2.000  +2.000  +0.526428
 -29.984 -17.731  -3.906  +1.044  +1.600  +4.563  +0.000  +0.000  +0.101  +0.000  +0.000  +0.731  +2.000  +2.000  +2.000  +0.526394
 -29.966 -17.734  -3.916  +1.044  +1.600  +4.566  +0.000  +0.000  +0.100  +0.000  +0.000  +0.675  +2.000  +2.000  +2.000  +0.526372
# Info: parameter out of range.
 -29.982 -17.731  -3.911  +1.044  +1.600  +4.565  +0.000  +0.000  +0.101  +0.000  +0.000  +0.737  +2.000  +2.000  +2.000  +0.526419
 -29.982 -17.733  -3.904  +1.045  +1.600  +4.554  +0.000  +0.000  +0.101  +0.000  +0.000  +0.735  +2.000  +2.000  +2.000  +0.526421
 -29.980 -17.731  -3.912  +1.044  +1.599  +4.570  +0.000  +0.000  +0.101  +0.000  +0.000  +0.708  +2.000  +2.000  +2.000  +0.526409
 -29.981 -17.730  -3.910  +1.045  +1.599  +4.575  +0.000  +0.000  +0.100  +0.000  +0.000  +0.644  +2.000  +2.000  +2.000  +0.526385
 -29.979 -17.731  -3.909  +1.045  +1.599  +4.570  +0.000  +0.000  +0.100  +0.000  +0.000  +0.657  +2.000  +2.000  +2.000  +0.526375
 -29.974 -17.731  -3.902  +1.044  +1.599  +4.560  +0.000  +0.000  +0.100  +0.000  +0.000  +0.704  +2.000  +2.000  +2.000  +0.526365
 -29.973 -17.731  -3.910  +1.045  +1.599  +4.565  +0.000  +0.000  +0.100  +0.000  +0.000  +0.699  +2.000  +2.000  +2.000  +0.526364
 -29.975 -17.731  -3.904  +1.045  +1.599  +4.561  +0.000  +0.000  +0.100  +0.000  +0.000  +0.681  +2.000  +2.000  +2.000  +0.526354
 -29.980 -17.733  -3.909  +1.044  +1.599  +4.567  +0.000  +0.000  +0.100  +0.000  +0.000  +0.677  +2.000  +2.000  +2.000  +0.526350
# Info: parameter out of range.
 -29.980 -17.731  -3.907  +1.045  +1.599  +4.564  +0.000  +0.000  +0.100  +0.000  +0.000  +0.708  +2.000  +2.000  +2.000  +0.526380
# Info: parameter out of range.
 -29.982 -17.731  -3.907  +1.045  +1.599  +4.564  +0.000  +0.000  +0.101  +0.000  +0.000  +0.710  +2.000  +2.000  +2.000  +0.526375
 -29.971 -17.733  -3.906  +1.044  +1.600  +4.555  +0.000  +0.000  +0.100  +0.000  +0.000  +0.734  +2.000  +2.000  +2.000  +0.526351
 -29.970 -17.733  -3.909  +1.045  +1.599  +4.563  +0.000  +0.000  +0.100  +0.000  +0.000  +0.677  +2.000  +2.000  +2.000  +0.526349
# Info: parameter out of range.
 -29.978 -17.732  -3.907  +1.045  +1.599  +4.563  +0.000  +0.000  +0.100  +0.000  +0.000  +0.699  +2.000  +2.000  +2.000  +0.526366
 -29.968 -17.733  -3.907  +1.044  +1.599  +4.555  +0.000  +0.000  +0.100  +0.000  +0.000  +0.729  +2.000  +2.000  +2.000  +0.526341
 -29.981 -17.730  -3.898  +1.045  +1.599  +4.556  +0.000  +0.000  +0.100  +0.000  +0.000  +0.725  +2.000  +2.000  +2.000  +0.526333
 -29.970 -17.732  -3.904  +1.044  +1.599  +4.557  +0.000  +0.000  +0.100  +0.000  +0.000  +0.708  +2.000  +2.000  +2.000  +0.526323
 -29.973 -17.733  -3.909  +1.045  +1.599  +4.559  +0.000  +0.000  +0.100  +0.000  +0.000  +0.703  +2.000  +2.000  +2.000  +0.526326
 -29.974 -17.733  -3.902  +1.044  +1.600  +4.553  +0.000  +0.000  +0.100  +0.000  +0.000  +0.709  +2.000  +2.000  +2.000  +0.526325
 -29.972 -17.734  -3.907  +1.044  +1.600  +4.555  +0.000  +0.000  +0.100  +0.000  +0.000  +0.735  +2.000  +2.000  +2.000  +0.526326
 -29.976 -17.732  -3.905  +1.045  +1.599  +4.562  +0.000  +0.000  +0.100  +0.000  +0.000  +0.682  +2.000  +2.000  +2.000  +0.526315
 -29.966 -17.733  -3.901  +1.044  +1.599  +4.548  +0.000  +0.000  +0.100  +0.000  +0.000  +0.740  +2.000  +2.000  +2.000  +0.548335
 -29.976 -17.733  -3.907  +1.044  +1.599  +4.562  +0.000  +0.000  +0.100  +0.000  +0.000  +0.693  +2.000  +2.000  +2.000  +0.526340
 -29.978 -17.733  -3.901  +1.044  +1.599  +4.552  +0.000  +0.000  +0.100  +0.000  +0.000  +0.744  +2.000  +2.000  +2.000  +0.526316
 -29.982 -17.732  -3.901  +1.045  +1.599  +4.559  +0.000  +0.000  +0.100  +0.000  +0.000  +0.695  +2.000  +2.000  +2.000  +0.526308
 -29.975 -17.732  -3.899  +1.044  +1.599  +4.551  +0.000  +0.000  +0.100  +0.000  +0.000  +0.732  +2.000  +2.000  +2.000  +0.555721
 -29.976 -17.733  -3.905  +1.044  +1.599  +4.559  +0.000  +0.000  +0.100  +0.000  +0.000  +0.703  +2.000  +2.000  +2.000  +0.526331
 -29.969 -17.735  -3.911  +1.044  +1.600  +4.558  +0.000  +0.000  +0.100  +0.000  +0.000  +0.695  +2.000  +2.000  +2.000  +0.526317
 -29.972 -17.734  -3.905  +1.044  +1.599  +4.555  +0.000  +0.000  +0.100  +0.000  +0.000  +0.715  +2.000  +2.000  +2.000  +0.526306
 -29.977 -17.732  -3.902  +1.045  +1.599  +4.559  +0.000  +0.000  +0.100  +0.000  +0.000  +0.678  +2.000  +2.000  +2.000  +0.526308
 -29.976 -17.732  -3.898  +1.044  +1.599  +4.554  +0.000  +0.000  +0.100  +0.000  +0.000  +0.703  +2.000  +2.000  +2.000  +0.526311
 -29.976 -17.732  -3.905  +1.045  +1.599  +4.561  +0.000  +0.000  +0.100  +0.000  +0.000  +0.696  +2.000  +2.000  +2.000  +0.526298
 -29.981 -17.733  -3.903  +1.044  +1.599  +4.558  +0.000  +0.000  +0.100  +0.000  +0.000  +0.694  +2.000  +2.000  +2.000  +0.526294
 -29.985 -17.730  -3.894  +1.045  +1.599  +4.557  +0.000  +0.000  +0.100  +0.000  +0.000  +0.707  +2.000  +2.000  +2.000  +0.526304
# Info: parameter out of range.
 -29.978 -17.732  -3.901  +1.044  +1.599  +4.555  +0.000  +0.000  +0.100  +0.000  +0.000  +0.720  +2.000  +2.000  +2.000  +0.526314
 -29.981 -17.732  -3.898  +1.044  +1.599  +4.553  +0.000  +0.000  +0.100  +0.000  +0.000  +0.720  +2.000  +2.000  +2.000  +0.526289
 -29.980 -17.732  -3.900  +1.045  +1.599  +4.559  +0.000  +0.000  +0.100  +0.000  +0.000  +0.682  +2.000  +2.000  +2.000  +0.526290
 -29.983 -17.732  -3.904  +1.045  +1.599  +4.561  +0.000  +0.000  +0.100  +0.000  +0.000  +0.694  +2.000  +2.000  +2.000  +0.526293
 -29.983 -17.732  -3.900  +1.044  +1.599  +4.557  +0.000  +0.000  +0.100  +0.000  +0.000  +0.723  +2.000  +2.000  +2.000  +0.526292
 -29.978 -17.732  -3.901  +1.045  +1.599  +4.556  +0.000  +0.000  +0.100  +0.000  +0.000  +0.713  +2.000  +2.000  +2.000  +0.526286
 -29.990 -17.731  -3.897  +1.045  +1.599  +4.560  +0.000  +0.000  +0.100  +0.000  +0.000  +0.693  +2.000  +2.000  +2.000  +0.526283
 -29.978 -17.734  -3.908  +1.044  +1.599  +4.559  +0.000  +0.000  +0.100  +0.000  +0.000  +0.696  +2.000  +2.000  +2.000  +0.526282
 -29.987 -17.733  -3.898  +1.045  +1.599  +4.554  +0.000  +0.000  +0.100  +0.000  +0.000  +0.708  +2.000  +2.000  +2.000  +0.526272
 -29.984 -17.731  -3.898  +1.045  +1.599  +4.557  +0.000  +0.000  +0.100  +0.000  +0.000  +0.713  +2.000  +2.000  +2.000  +0.526290
 -29.983 -17.733  -3.896  +1.044  +1.599  +4.553  +0.000  +0.000  +0.100  +0.000  +0.000  +0.718  +2.000  +2.000  +2.000  +0.526278
 -29.982 -17.732  -3.899  +1.045  +1.599  +4.556  +0.000  +0.000  +0.100  +0.000  +0.000  +0.688  +2.000  +2.000  +2.000  +0.526275
 -29.981 -17.734  -3.901  +1.044  +1.599  +4.556  +0.000  +0.000  +0.100  +0.000  +0.000  +0.692  +2.000  +2.000  +2.000  +0.526275
 -29.985 -17.733  -3.899  +1.044  +1.599  +4.553  +0.000  +0.000  +0.100  +0.000  +0.000  +0.725  +2.000  +2.000  +2.000  +0.526260
 -29.985 -17.733  -3.902  +1.045  +1.599  +4.559  +0.000  +0.000  +0.100  +0.000  +0.000  +0.687  +2.000  +2.000  +2.000  +0.526259
 -29.989 -17.733  -3.898  +1.044  +1.599  +4.557  +0.000  +0.000  +0.100  +0.000  +0.000  +0.689  +2.000  +2.000  +2.000  +0.526265
 -29.978 -17.736  -3.904  +1.044  +1.600  +4.551  +0.000  +0.000  +0.100  +0.000  +0.000  +0.708  +2.000  +2.000  +2.000  +0.555688
 -29.987 -17.732  -3.898  +1.045  +1.599  +4.558  +0.000  +0.000  +0.100  +0.000  +0.000  +0.696  +2.000  +2.000  +2.000  +0.526274
 -29.992 -17.731  -3.890  +1.045  +1.599  +4.552  +0.000  +0.000  +0.100  +0.000  +0.000  +0.705  +2.000  +2.000  +2.000  +0.526262
 -29.989 -17.733  -3.900  +1.045  +1.599  +4.559  +0.000  +0.000  +0.100  +0.000  +0.000  +0.679  +2.000  +2.000  +2.000  +0.526270
 -29.992 -17.733  -3.898  +1.044  +1.599  +4.556  +0.000  +0.000  +0.100  +0.000  +0.000  +0.708  +2.000  +2.000  +2.000  +0.526264
 -29.996 -17.732  -3.895  +1.045  +1.599  +4.557  +0.000  +0.000  +0.100  +0.000  +0.000  +0.708  +2.000  +2.000  +2.000  +0.526251
 -29.992 -17.733  -3.897  +1.045  +1.600  +4.554  +0.000  +0.000  +0.100  +0.000  +0.000  +0.706  +2.000  +2.000  +2.000  +0.526247
 -29.993 -17.733  -3.897  +1.045  +1.599  +4.557  +0.000  +0.000  +0.100  +0.000  +0.000  +0.693  +2.000  +2.000  +2.000  +0.526243
 -29.992 -17.733  -3.894  +1.044  +1.599  +4.553  +0.000  +0.000  +0.100  +0.000  +0.000  +0.726  +2.000  +2.000  +2.000  +0.526256
 -29.992 -17.732  -3.894  +1.045  +1.599  +4.553  +0.000  +0.000  +0.100  +0.000  +0.000  +0.725  +2.000  +2.000  +2.000  +0.526251
 -29.990 -17.732  -3.894  +1.045  +1.599  +4.553  +0.000  +0.000  +0.100  +0.000  +0.000  +0.711  +2.000  +2.000  +2.000  +0.526243
# Info: converged
