# Ds Dp Dd Z1s Z1p Z1d Z2s Z2p Z2d CAs CAp CAd Rs Rp Rd, sum of errors
 -30.000 -20.000  -6.000  +1.000  +1.000  +1.000  +0.000  +0.000  +0.100  +0.000  +0.000  +0.000  +2.000  +2.000  +2.000  +1.257275
 -30.000 -10.000  -2.000  +3.000  +3.000  +5.000  +0.000  +0.000  +1.000  +0.000  +0.000 +80.000  +2.000  +2.000  +2.000  +0.947361
 -20.000 -20.000  -2.000  +3.000  +3.000  +5.000  +0.000  +0.000  +1.000  +0.000  +0.000 +80.000  +2.000  +2.000  +2.000  +1.523374
 -20.000 -10.000  -6.000  +3.000  +3.000  +5.000  +0.000  +0.000  +1.000  +0.000  +0.000 +80.000  +2.000  +2.000  +2.000  +1.235113
 -20.000 -10.000  -2.000  +1.000  +3.000  +5.000  +0.000  +0.000  +1.000  +0.000  +0.000 +80.000  +2.000  +2.000  +2.000  +1.017223
 -20.000 -10.000  -2.000  +3.000  +1.000  +5.000  +0.000  +0.000  +1.000  +0.000  +0.000 +80.000  +2.000  +2.000  +2.000  +1.171422
 -20.000 -10.000  -2.000  +3.000  +3.000  +1.000  +0.000  +0.000  +1.000  +0.000  +0.000 +80.000  +2.000  +2.000  +2.000  +0.972906
 -20.000 -10.000  -2.000  +3.000  +3.000  +5.000  +0.000  +0.000  +0.100  +0.000  +0.000 +80.000  +2.000  +2.000  +2.000  +0.910569
 -20.000 -10.000  -2.000  +3.000  +3.000  +5.000  +0.000  +0.000  +1.000  +0.000  +0.000  +0.000  +2.000  +2.000  +2.000  +0.918564
# Info: parameter out of range.
 -21.250 -15.625  -2.500  +2.750  +2.750  +4.500  +0.000  +0.000  +0.887  +0.000  +0.000 +70.000  +2.000  +2.000  +2.000  +1.240464
# Info: parameter out of range.
 -25.703 -15.352  -4.281  +1.859  +1.859  +2.719  +0.000  +0.000  +0.487  +0.000  +0.000 +34.375  +2.000  +2.000  +2.000  +0.889916
# Info: parameter out of range.
 -21.606 -13.147  -2.643  +2.679  +2.679  +4.357  +0.000  +0.000  +0.855  +0.000  +0.000 +67.148  +2.000  +2.000  +2.000  +1.069321
# Info: parameter out of range.
 -21.082 -10.531  -4.183  +2.784  +2.784  +4.567  +0.000  +0.000  +0.903  +0.000  +0.000 +71.345  +2.000  +2.000  +2.000  +0.941158
# Info: parameter out of range.
 -21.149 -10.564  -2.319  +2.770  +1.895  +4.540  +0.000  +0.000  +0.897  +0.000  +0.000 +70.804  +2.000  +2.000  +2.000  +0.822395
# Info: parameter out of range.
 -21.924 -11.976  -2.620  +2.615  +2.685  +4.230  +0.000  +0.000  +0.827  +0.000  +0.000 +64.607  +2.000  +2.000  +2.000  +0.990252
# Info: parameter out of range.
 -21.241 -10.526  -2.338  +1.877  +2.826  +4.504  +0.000  +0.000  +0.888  +0.000  +0.000 +70.071  +2.000  +2.000  +2.000  +0.858198
# Info: parameter out of range.
 -22.161 -11.424  -2.630  +2.638  +2.678  +4.136  +0.000  +0.000  +0.806  +0.000  +0.000 +62.716  +2.000  +2.000  +2.000  +0.957776
# Info: parameter out of range.
 -21.334 -10.525  -2.359  +2.808  +2.815  +2.717  +0.000  +0.000  +0.880  +0.000  +0.000 +69.332  +2.000  +2.000  +2.000  +0.934648
 -22.967 -10.451  -2.740  +2.636  +2.617  +4.376  +0.000  +0.000  +0.733  +0.000  +0.000 +56.266  +2.000  +2.000  +2.000  +0.901934
# Info: parameter out of range.
 -25.842 -10.497  -2.389  +2.796  +2.800  +4.589  +0.000  +0.000  +0.868  +0.000  +0.000 +68.262  +2.000  +2.000  +2.000  +0.920708
# Info: parameter out of range.
 -21.681 -10.760  -3.368  +2.688  +2.693  +4.374  +0.000  +0.000  +0.817  +0.000  +0.000 +63.742  +2.000  +2.000  +2.000  +0.936439
# Info: parameter out of range.
 -21.980 -10.875  -2.961  +2.641  +2.647  +4.277  +0.000  +0.000  +0.774  +0.000  +0.000 +59.940  +2.000  +2.000  +2.000  +0.930319
# Info: parameter out of range.
 -21.847 -10.779  -2.494  +2.690  +2.698  +3.546  +0.000  +0.000  +0.799  +0.000  +0.000 +62.148  +2.000  +2.000  +2.000  +0.931956
# Info: parameter out of range.
 -22.104 -10.906  -2.561  +2.631  +2.639  +3.961  +0.000  +0.000  +0.759  +0.000  +0.000 +58.557  +2.000  +2.000  +2.000  +0.927141
 -22.771 -11.199  -2.196  +2.502  +2.512  +4.395  +0.000  +0.000  +0.658  +0.000  +0.000 +49.643  +2.000  +2.000  +2.000  +0.908285
 -22.815 -11.241  -2.505  +2.479  +2.488  +4.820  +0.000  +0.000  +0.649  +0.000  +0.000 +48.799  +2.000  +2.000  +2.000  +0.906770
# Info: parameter out of range.
 -23.962 -10.832  -2.468  +2.656  +2.662  +4.504  +0.000  +0.000  +0.772  +0.000  +0.000 +59.753  +2.000  +2.000  +2.000  +0.916432
# Info: parameter out of range.
 -21.288 -10.635  -2.303  +2.736  +2.741  +4.679  +0.000  +0.000  +0.824  +0.000  +0.000 +29.357  +2.000  +2.000  +2.000  +0.925495
 -20.575 -10.282  -2.160  +2.885  +2.448  +4.770  +0.000  +0.000  +0.948  +0.000  +0.000 +35.402  +2.000  +2.000  +2.000  +0.896722
 -22.556 -10.698  -2.394  +2.713  +2.279  +4.522  +0.000  +0.000  +0.834  +0.000  +0.000 +65.279  +2.000  +2.000  +2.000  +0.882741
 -20.575 -10.282  -2.160  +2.885  +2.448  +4.770  +0.000  +0.000  +0.498  +0.000  +0.000 +75.402  +2.000  +2.000  +2.000  +0.883068
 -21.960 -10.882  -2.258  +2.636  +2.204  +4.468  +0.000  +0.000  +0.778  +0.000  +0.000 +60.224  +2.000  +2.000  +2.000  +0.874184
 -21.982 -10.903  -2.412  +2.624  +2.192  +4.680  +0.000  +0.000  +0.773  +0.000  +0.000 +59.802  +2.000  +2.000  +2.000  +0.873264
 -22.058 -10.507  -2.530  +2.703  +2.256  +4.458  +0.000  +0.000  +0.815  +0.000  +0.000 +63.535  +2.000  +2.000  +2.000  +0.875678
 -23.426 -12.958  -3.300  +2.315  +1.877  +3.629  +0.000  +0.000  +0.692  +0.000  +0.000 +52.590  +2.000  +2.000  +2.000  +0.861291
 -21.195 -10.545  -2.328  +2.323  +2.361  +4.522  +0.000  +0.000  +0.892  +0.000  +0.000 +70.438  +2.000  +2.000  +2.000  +0.866745
# Info: parameter out of range.
 -21.219 -10.600  -2.311  +2.753  +2.318  +4.609  +0.000  +0.000  +0.860  +0.000  +0.000 +50.081  +2.000  +2.000  +2.000  +0.892061
 -22.507 -11.235  -2.614  +2.489  +2.059  +4.288  +0.000  +0.000  +0.684  +0.000  +0.000 +79.438  +2.000  +2.000  +2.000  +0.848686
# Info: parameter out of range.
 -21.339 -10.659  -2.339  +2.728  +2.294  +4.579  +0.000  +0.000  +0.647  +0.000  +0.000 +70.333  +2.000  +2.000  +2.000  +0.882411
 -21.349 -11.366  -2.631  +2.434  +2.006  +4.269  +0.000  +0.000  +0.710  +0.000  +0.000 +66.512  +2.000  +2.000  +2.000  +0.848044
 -22.567 -11.581  -2.759  +2.345  +1.918  +4.134  +0.000  +0.000  +0.913  +0.000  +0.000 +60.502  +2.000  +2.000  +2.000  +0.829195
 -21.976 -12.001  -2.626  +2.281  +1.872  +4.175  +0.000  +0.000  +0.770  +0.000  +0.000 +66.542  +2.000  +2.000  +2.000  +0.821059
 -22.078 -11.906  -2.990  +2.260  +1.842  +4.092  +0.000  +0.000  +0.805  +0.000  +0.000 +71.433  +2.000  +2.000  +2.000  +0.813047
 -22.080 -12.136  -2.980  +2.180  +1.766  +3.732  +0.000  +0.000  +0.818  +0.000  +0.000 +74.763  +2.000  +2.000  +2.000  +0.787358
 -23.088 -12.891  -3.226  +2.445  +1.448  +3.693  +0.000  +0.000  +0.680  +0.000  +0.000 +65.208  +2.000  +2.000  +2.000  +0.666149
# Info: parameter out of range.
 -22.763 -12.334  -3.034  +2.358  +1.864  +3.872  +0.000  +0.000  +0.738  +0.000  +0.000 +60.995  +2.000  +2.000  +2.000  +0.838326
 -21.756 -12.460  -3.027  +2.279  +1.593  +3.839  +0.000  +0.000  +0.898  +0.000  +0.000 +54.752  +2.000  +2.000  +2.000  +0.735715
 -23.015 -12.603  -3.109  +2.295  +1.544  +3.750  +0.000  +0.000  +0.920  +0.000  +0.000 +64.738  +2.000  +2.000  +2.000  +0.710999
 -21.665 -11.702  -2.725  +2.357  +1.606  +4.116  +0.000  +0.000  +0.937  +0.000  +0.000 +71.191  +2.000  +2.000  +2.000  +0.730889
 -21.634 -12.485  -2.992  +2.372  +1.473  +3.850  +0.000  +0.000  +0.768  +0.000  +0.000 +74.356  +2.000  +2.000  +2.000  +0.676087
 -23.173 -13.982  -3.599  +1.847  +1.391  +3.272  +0.000  +0.000  +0.752  +0.000  +0.000 +64.942  +2.000  +2.000  +2.000  +0.590038
 -22.646 -13.041  -3.536  +2.228  +1.293  +3.412  +0.000  +0.000  +0.875  +0.000  +0.000 +68.804  +2.000  +2.000  +2.000  +0.579857
 -22.686 -13.419  -3.309  +2.241  +1.187  +3.324  +0.000  +0.000  +0.857  +0.000  +0.000 +63.256  +2.000  +2.000  +2.000  +0.564611
 -22.836 -13.509  -3.401  +2.336  +1.118  +3.582  +0.000  +0.000  +0.853  +0.000  +0.000 +57.049  +2.000  +2.000  +2.000  +0.621067
 -23.430 -13.448  -3.447  +2.251  +1.171  +3.411  +0.000  +0.000  +0.762  +0.000  +0.000 +77.633  +2.000  +2.000  +2.000  +0.570128
 -23.963 -14.643  -3.930  +2.147  +1.051  +2.957  +0.000  +0.000  +0.680  +0.000  +0.000 +62.805  +2.000  +2.000  +2.000  +0.684042
# Info: parameter out of range.
 -22.974 -13.015  -3.269  +2.264  +1.405  +3.594  +0.000  +0.000  +0.849  +0.000  +0.000 +65.747  +2.000  +2.000  +2.000  +0.633755
 -21.654 -11.805  -2.765  +2.349  +1.571  +4.077  +0.000  +0.000  +0.919  +0.000  +0.000 +71.443  +2.000  +2.000  +2.000  +0.716628
 -23.386 -13.933  -3.639  +2.198  +1.181  +3.237  +0.000  +0.000  +0.740  +0.000  +0.000 +64.965  +2.000  +2.000  +2.000  +0.546969
 -24.421 -14.324  -3.865  +2.081  +1.076  +3.031  +0.000  +0.000  +0.824  +0.000  +0.000 +57.545  +2.000  +2.000  +2.000  +0.660355
 -23.300 -14.276  -3.790  +1.916  +1.007  +3.023  +0.000  +0.000  +0.948  +0.000  +0.000 +64.777  +2.000  +2.000  +2.000  +0.849011
 -23.141 -13.238  -3.367  +2.313  +1.338  +3.525  +0.000  +0.000  +0.747  +0.000  +0.000 +65.100  +2.000  +2.000  +2.000  +0.595379
 -21.647 -12.572  -3.027  +2.339  +1.445  +3.808  +0.000  +0.000  +0.785  +0.000  +0.000 +74.329  +2.000  +2.000  +2.000  +0.659671
 -23.727 -13.886  -3.656  +2.145  +1.168  +3.225  +0.000  +0.000  +0.814  +0.000  +0.000 +61.741  +2.000  +2.000  +2.000  +0.558724
 -23.283 -14.099  -3.719  +2.125  +1.057  +3.153  +0.000  +0.000  +0.751  +0.000  +0.000 +65.125  +2.000  +2.000  +2.000  +0.706070
 -23.051 -13.286  -3.382  +2.230  +1.318  +3.484  +0.000  +0.000  +0.824  +0.000  +0.000 +65.592  +2.000  +2.000  +2.000  +0.581763
 -23.474 -13.549  -3.583  +2.027  +1.394  +3.141  +0.000  +0.000  +0.739  +0.000  +0.000 +75.960  +2.000  +2.000  +2.000  +0.608525
 -22.996 -13.519  -3.446  +2.259  +1.187  +3.472  +0.000  +0.000  +0.825  +0.000  +0.000 +61.776  +2.000  +2.000  +2.000  +0.560999
 -23.133 -13.891  -3.636  +2.037  +1.136  +3.184  +0.000  +0.000  +0.865  +0.000  +0.000 +67.077  +2.000  +2.000  +2.000  +0.595441
 -23.139 -13.401  -3.435  +2.244  +1.287  +3.440  +0.000  +0.000  +0.776  +0.000  +0.000 +65.595  +2.000  +2.000  +2.000  +0.566611
 -23.092 -13.001  -3.363  +2.601  +1.058  +3.479  +0.000  +0.000  +0.866  +0.000  +0.000 +67.399  +2.000  +2.000  +2.000  +0.757367
 -23.153 -13.737  -3.540  +2.036  +1.307  +3.324  +0.000  +0.000  +0.781  +0.000  +0.000 +65.556  +2.000  +2.000  +2.000  +0.561241
 -23.240 -13.810  -3.620  +2.171  +1.128  +3.227  +0.000  +0.000  +0.783  +0.000  +0.000 +66.740  +2.000  +2.000  +2.000  +0.599518
 -23.098 -13.417  -3.441  +2.215  +1.270  +3.420  +0.000  +0.000  +0.814  +0.000  +0.000 +65.879  +2.000  +2.000  +2.000  +0.560154
 -23.758 -14.149  -3.442  +2.169  +1.146  +3.301  +0.000  +0.000  +0.717  +0.000  +0.000 +62.796  +2.000  +2.000  +2.000  +0.555837
 -23.056 -13.917  -3.530  +2.126  +1.262  +3.275  +0.000  +0.000  +0.819  +0.000  +0.000 +50.257  +2.000  +2.000  +2.000  +0.545435
 -23.326 -14.093  -3.566  +2.103  +1.140  +3.204  +0.000  +0.000  +0.815  +0.000  +0.000 +58.462  +2.000  +2.000  +2.000  +0.573725
 -23.186 -13.574  -3.467  +2.209  +1.251  +3.381  +0.000  +0.000  +0.786  +0.000  +0.000 +63.811  +2.000  +2.000  +2.000  +0.550976
 -23.903 -14.115  -3.732  +2.098  +1.256  +3.334  +0.000  +0.000  +0.717  +0.000  +0.000 +60.940  +2.000  +2.000  +2.000  +0.536934
 -23.624 -13.891  -3.548  +2.319  +1.123  +3.338  +0.000  +0.000  +0.777  +0.000  +0.000 +57.486  +2.000  +2.000  +2.000  +0.594263
 -23.271 -13.775  -3.542  +2.107  +1.261  +3.327  +0.000  +0.000  +0.780  +0.000  +0.000 +63.538  +2.000  +2.000  +2.000  +0.546100
 -23.850 -14.173  -3.666  +2.058  +1.262  +3.154  +0.000  +0.000  +0.722  +0.000  +0.000 +61.706  +2.000  +2.000  +2.000  +0.535778
 -23.936 -14.464  -3.727  +2.063  +1.176  +3.139  +0.000  +0.000  +0.710  +0.000  +0.000 +56.560  +2.000  +2.000  +2.000  +0.528520
 -23.359 -14.139  -3.531  +2.111  +1.281  +3.312  +0.000  +0.000  +0.684  +0.000  +0.000 +59.402  +2.000  +2.000  +2.000  +0.545258
 -23.229 -13.873  -3.766  +2.073  +1.336  +3.238  +0.000  +0.000  +0.772  +0.000  +0.000 +57.499  +2.000  +2.000  +2.000  +0.582767
 -23.626 -14.080  -3.523  +2.145  +1.194  +3.286  +0.000  +0.000  +0.731  +0.000  +0.000 +61.472  +2.000  +2.000  +2.000  +0.533748
 -23.911 -14.575  -3.755  +2.018  +1.218  +3.135  +0.000  +0.000  +0.689  +0.000  +0.000 +55.899  +2.000  +2.000  +2.000  +0.516459
 -23.842 -14.376  -3.613  +1.984  +1.297  +3.253  +0.000  +0.000  +0.723  +0.000  +0.000 +52.479  +2.000  +2.000  +2.000  +0.543628
 -24.100 -14.684  -3.727  +2.044  +1.225  +3.145  +0.000  +0.000  +0.669  +0.000  +0.000 +51.140  +2.000  +2.000  +2.000  +0.513493
 -24.576 -14.734  -3.788  +2.004  +1.215  +3.165  +0.000  +0.000  +0.592  +0.000  +0.000 +64.642  +2.000  +2.000  +2.000  +0.506437
 -24.577 -14.661  -3.852  +1.992  +1.180  +3.091  +0.000  +0.000  +0.705  +0.000  +0.000 +56.807  +2.000  +2.000  +2.000  +0.520552
 -24.278 -14.495  -3.830  +2.122  +1.135  +3.109  +0.000  +0.000  +0.661  +0.000  +0.000 +64.813  +2.000  +2.000  +2.000  +0.554836
 -23.951 -14.406  -3.667  +2.018  +1.256  +3.217  +0.000  +0.000  +0.708  +0.000  +0.000 +55.562  +2.000  +2.000  +2.000  +0.526955
 -24.229 -14.830  -3.694  +1.987  +1.176  +2.998  +0.000  +0.000  +0.664  +0.000  +0.000 +55.007  +2.000  +2.000  +2.000  +0.514093
 -24.376 -14.936  -3.767  +2.010  +1.148  +3.140  +0.000  +0.000  +0.645  +0.000  +0.000 +52.567  +2.000  +2.000  +2.000  +0.525660
 -24.788 -15.242  -3.971  +1.889  +1.205  +2.972  +0.000  +0.000  +0.615  +0.000  +0.000 +50.574  +2.000  +2.000  +2.000  +0.495126
 -24.691 -15.054  -3.828  +1.928  +1.230  +3.076  +0.000  +0.000  +0.612  +0.000  +0.000 +53.990  +2.000  +2.000  +2.000  +0.500517
 -24.861 -15.273  -3.929  +1.950  +1.143  +2.963  +0.000  +0.000  +0.590  +0.000  +0.000 +54.594  +2.000  +2.000  +2.000  +0.518069
 -24.557 -14.827  -3.869  +1.943  +1.250  +2.996  +0.000  +0.000  +0.639  +0.000  +0.000 +58.097  +2.000  +2.000  +2.000  +0.513420
 -24.351 -15.144  -3.789  +1.949  +1.235  +3.022  +0.000  +0.000  +0.563  +0.000  +0.000 +54.179  +2.000  +2.000  +2.000  +0.500950
 -23.940 -14.499  -3.676  +1.991  +1.296  +3.164  +0.000  +0.000  +0.671  +0.000  +0.000 +56.288  +2.000  +2.000  +2.000  +0.542205
 -24.631 -15.080  -3.866  +1.960  +1.181  +3.013  +0.000  +0.000  +0.610  +0.000  +0.000 +55.018  +2.000  +2.000  +2.000  +0.502828
 -25.070 -15.324  -3.878  +1.908  +1.211  +2.962  +0.000  +0.000  +0.552  +0.000  +0.000 +54.763  +2.000  +2.000  +2.000  +0.488842
 -24.963 -15.192  -3.984  +1.919  +1.262  +3.089  +0.000  +0.000  +0.549  +0.000  +0.000 +55.593  +2.000  +2.000  +2.000  +0.510127
 -25.307 -15.465  -4.016  +1.831  +1.222  +2.929  +0.000  +0.000  +0.514  +0.000  +0.000 +60.573  +2.000  +2.000  +2.000  +0.484357
 -25.037 -15.481  -3.911  +1.904  +1.191  +3.061  +0.000  +0.000  +0.513  +0.000  +0.000 +54.236  +2.000  +2.000  +2.000  +0.484209
 -24.650 -15.188  -3.778  +1.924  +1.160  +2.961  +0.000  +0.000  +0.594  +0.000  +0.000 +56.400  +2.000  +2.000  +2.000  +0.508579
 -24.884 -15.191  -3.933  +1.920  +1.237  +3.057  +0.000  +0.000  +0.560  +0.000  +0.000 +55.795  +2.000  +2.000  +2.000  +0.498975
 -25.114 -15.761  -4.010  +1.818  +1.213  +2.858  +0.000  +0.000  +0.542  +0.000  +0.000 +45.140  +2.000  +2.000  +2.000  +0.478817
 -25.180 -15.586  -3.968  +1.827  +1.255  +2.971  +0.000  +0.000  +0.507  +0.000  +0.000 +52.295  +2.000  +2.000  +2.000  +0.493071
 -25.667 -15.632  -4.090  +1.807  +1.206  +2.950  +0.000  +0.000  +0.541  +0.000  +0.000 +52.663  +2.000  +2.000  +2.000  +0.479640
 -25.571 -15.867  -4.116  +1.798  +1.205  +2.864  +0.000  +0.000  +0.474  +0.000  +0.000 +52.520  +2.000  +2.000  +2.000  +0.472665
 -25.549 -15.898  -4.058  +1.775  +1.190  +2.834  +0.000  +0.000  +0.504  +0.000  +0.000 +49.896  +2.000  +2.000  +2.000  +0.473804
 -25.835 -16.011  -4.041  +1.778  +1.218  +2.886  +0.000  +0.000  +0.422  +0.000  +0.000 +54.947  +2.000  +2.000  +2.000  +0.466272
 -25.607 -15.774  -4.062  +1.828  +1.159  +2.865  +0.000  +0.000  +0.508  +0.000  +0.000 +53.890  +2.000  +2.000  +2.000  +0.488920
 -25.287 -15.633  -3.992  +1.827  +1.231  +2.944  +0.000  +0.000  +0.507  +0.000  +0.000 +52.694  +2.000  +2.000  +2.000  +0.482912
 -25.771 -16.113  -4.181  +1.726  +1.207  +2.870  +0.000  +0.000  +0.452  +0.000  +0.000 +50.904  +2.000  +2.000  +2.000  +0.464989
 -25.650 -16.134  -4.083  +1.777  +1.193  +2.888  +0.000  +0.000  +0.475  +0.000  +0.000 +42.677  +2.000  +2.000  +2.000  +0.465466
 -26.074 -16.281  -4.231  +1.673  +1.225  +2.712  +0.000  +0.000  +0.467  +0.000  +0.000 +46.124  +2.000  +2.000  +2.000  +0.461383
 -26.021 -16.292  -4.211  +1.711  +1.183  +2.771  +0.000  +0.000  +0.462  +0.000  +0.000 +46.024  +2.000  +2.000  +2.000  +0.464262
 -25.729 -16.457  -4.143  +1.707  +1.203  +2.721  +0.000  +0.000  +0.409  +0.000  +0.000 +44.395  +2.000  +2.000  +2.000  +0.455992
 -26.436 -16.503  -4.256  +1.669  +1.194  +2.778  +0.000  +0.000  +0.374  +0.000  +0.000 +51.732  +2.000  +2.000  +2.000  +0.452199
 -26.223 -16.517  -4.258  +1.685  +1.217  +2.788  +0.000  +0.000  +0.379  +0.000  +0.000 +47.435  +2.000  +2.000  +2.000  +0.453043
 -26.364 -16.710  -4.235  +1.634  +1.205  +2.740  +0.000  +0.000  +0.386  +0.000  +0.000 +43.540  +2.000  +2.000  +2.000  +0.446480
 -26.233 -16.741  -4.359  +1.617  +1.189  +2.681  +0.000  +0.000  +0.429  +0.000  +0.000 +38.261  +2.000  +2.000  +2.000  +0.453585
 -26.563 -16.769  -4.385  +1.578  +1.213  +2.627  +0.000  +0.000  +0.365  +0.000  +0.000 +49.427  +2.000  +2.000  +2.000  +0.445232
 -26.640 -16.954  -4.339  +1.592  +1.200  +2.585  +0.000  +0.000  +0.365  +0.000  +0.000 +40.830  +2.000  +2.000  +2.000  +0.441586
 -26.545 -16.941  -4.340  +1.578  +1.228  +2.637  +0.000  +0.000  +0.332  +0.000  +0.000 +44.412  +2.000  +2.000  +2.000  +0.440679
 -26.609 -17.116  -4.347  +1.592  +1.187  +2.677  +0.000  +0.000  +0.293  +0.000  +0.000 +43.884  +2.000  +2.000  +2.000  +0.438698
 -27.174 -17.105  -4.487  +1.529  +1.205  +2.657  +0.000  +0.000  +0.322  +0.000  +0.000 +45.485  +2.000  +2.000  +2.000  +0.436234
 -26.906 -16.913  -4.303  +1.597  +1.223  +2.691  +0.000  +0.000  +0.275  +0.000  +0.000 +53.426  +2.000  +2.000  +2.000  +0.436986
 -27.086 -17.236  -4.415  +1.507  +1.197  +2.560  +0.000  +0.000  +0.299  +0.000  +0.000 +45.749  +2.000  +2.000  +2.000  +0.436874
 -27.035 -17.434  -4.456  +1.483  +1.221  +2.516  +0.000  +0.000  +0.285  +0.000  +0.000 +39.956  +2.000  +2.000  +2.000  +0.426661
 -27.275 -17.407  -4.533  +1.480  +1.213  +2.498  +0.000  +0.000  +0.248  +0.000  +0.000 +47.252  +2.000  +2.000  +2.000  +0.427449
 -27.255 -17.508  -4.420  +1.512  +1.206  +2.578  +0.000  +0.000  +0.240  +0.000  +0.000 +40.821  +2.000  +2.000  +2.000  +0.423429
 -27.332 -17.461  -4.487  +1.477  +1.220  +2.619  +0.000  +0.000  +0.208  +0.000  +0.000 +49.416  +2.000  +2.000  +2.000  +0.422608
 -27.623 -17.604  -4.522  +1.467  +1.190  +2.562  +0.000  +0.000  +0.211  +0.000  +0.000 +47.085  +2.000  +2.000  +2.000  +0.430060
 -27.812 -17.551  -4.559  +1.421  +1.232  +2.493  +0.000  +0.000  +0.229  +0.000  +0.000 +48.413  +2.000  +2.000  +2.000  +0.419686
 -27.742 -17.914  -4.667  +1.372  +1.197  +2.430  +0.000  +0.000  +0.235  +0.000  +0.000 +37.619  +2.000  +2.000  +2.000  +0.438995
 -27.115 -17.163  -4.394  +1.541  +1.217  +2.626  +0.000  +0.000  +0.265  +0.000  +0.000 +49.474  +2.000  +2.000  +2.000  +0.430217
 -27.569 -17.572  -4.550  +1.470  +1.229  +2.577  +0.000  +0.000  +0.203  +0.000  +0.000 +46.227  +2.000  +2.000  +2.000  +0.418790
 -27.580 -17.820  -4.494  +1.433  +1.227  +2.460  +0.000  +0.000  +0.150  +0.000  +0.000 +46.676  +2.000  +2.000  +2.000  +0.412648
 -27.755 -17.926  -4.611  +1.395  +1.218  +2.450  +0.000  +0.000  +0.178  +0.000  +0.000 +41.988  +2.000  +2.000  +2.000  +0.417263
 -27.280 -17.565  -4.506  +1.451  +1.251  +2.486  +0.000  +0.000  +0.225  +0.000  +0.000 +43.102  +2.000  +2.000  +2.000  +0.421864
 -27.630 -17.802  -4.488  +1.430  +1.237  +2.546  +0.000  +0.000  +0.182  +0.000  +0.000 +41.898  +2.000  +2.000  +2.000  +0.412172
 -28.018 -17.868  -4.572  +1.414  +1.234  +2.536  +0.000  +0.000  +0.119  +0.000  +0.000 +49.680  +2.000  +2.000  +2.000  +0.408600
 -27.989 -17.884  -4.646  +1.362  +1.257  +2.464  +0.000  +0.000  +0.134  +0.000  +0.000 +51.029  +2.000  +2.000  +2.000  +0.408686
 -28.077 -18.035  -4.619  +1.367  +1.251  +2.384  +0.000  +0.000  +0.147  +0.000  +0.000 +42.837  +2.000  +2.000  +2.000  +0.405552
 -28.328 -18.049  -4.629  +1.372  +1.220  +2.492  +0.000  +0.000  +0.111  +0.000  +0.000 +49.085  +2.000  +2.000  +2.000  +0.411390
# Info: parameter out of range.
 -27.840 -17.710  -4.568  +1.413  +1.233  +2.491  +0.000  +0.000  +0.191  +0.000  +0.000 +47.295  +2.000  +2.000  +2.000  +0.415045
# Info: parameter out of range.
 -27.736 -17.729  -4.564  +1.434  +1.232  +2.527  +0.000  +0.000  +0.177  +0.000  +0.000 +46.269  +2.000  +2.000  +2.000  +0.414174
 -28.044 -17.798  -4.533  +1.412  +1.255  +2.525  +0.000  +0.000  +0.124  +0.000  +0.000 +51.704  +2.000  +2.000  +2.000  +0.409338
# Info: parameter out of range.
 -27.883 -17.792  -4.568  +1.408  +1.236  +2.491  +0.000  +0.000  +0.167  +0.000  +0.000 +47.346  +2.000  +2.000  +2.000  +0.412061
 -28.152 -18.032  -4.573  +1.365  +1.247  +2.447  +0.000  +0.000  +0.106  +0.000  +0.000 +48.795  +2.000  +2.000  +2.000  +0.404190
 -28.450 -17.995  -4.664  +1.349  +1.258  +2.512  +0.000  +0.000  +0.122  +0.000  +0.000 +48.917  +2.000  +2.000  +2.000  +0.403726
# Info: parameter out of range.
 -27.874 -17.867  -4.544  +1.406  +1.241  +2.514  +0.000  +0.000  +0.155  +0.000  +0.000 +45.286  +2.000  +2.000  +2.000  +0.409412
# Info: parameter out of range.
 -28.000 -17.866  -4.583  +1.395  +1.241  +2.488  +0.000  +0.000  +0.147  +0.000  +0.000 +47.881  +2.000  +2.000  +2.000  +0.409292
 -27.823 -17.787  -4.555  +1.395  +1.276  +2.476  +0.000  +0.000  +0.153  +0.000  +0.000 +47.448  +2.000  +2.000  +2.000  +0.414238
 -28.201 -17.984  -4.610  +1.378  +1.234  +2.488  +0.000  +0.000  +0.121  +0.000  +0.000 +48.676  +2.000  +2.000  +2.000  +0.407619
# Info: parameter out of range.
 -27.995 -17.900  -4.572  +1.393  +1.244  +2.497  +0.000  +0.000  +0.141  +0.000  +0.000 +46.988  +2.000  +2.000  +2.000  +0.408010
 -28.176 -18.093  -4.676  +1.344  +1.236  +2.429  +0.000  +0.000  +0.135  +0.000  +0.000 +44.496  +2.000  +2.000  +2.000  +0.410022
 -28.077 -17.872  -4.569  +1.395  +1.250  +2.501  +0.000  +0.000  +0.127  +0.000  +0.000 +49.902  +2.000  +2.000  +2.000  +0.407427
 -28.240 -18.026  -4.624  +1.361  +1.253  +2.470  +0.000  +0.000  +0.107  +0.000  +0.000 +48.824  +2.000  +2.000  +2.000  +0.403741
 -28.313 -18.045  -4.555  +1.394  +1.236  +2.495  +0.000  +0.000  +0.114  +0.000  +0.000 +45.126  +2.000  +2.000  +2.000  +0.403072
 -28.358 -18.105  -4.625  +1.336  +1.259  +2.412  +0.000  +0.000  +0.128  +0.000  +0.000 +45.337  +2.000  +2.000  +2.000  +0.402138
 -28.472 -18.124  -4.638  +1.344  +1.253  +2.430  +0.000  +0.000  +0.102  +0.000  +0.000 +47.616  +2.000  +2.000  +2.000  +0.401168
 -28.333 -18.075  -4.606  +1.350  +1.268  +2.425  +0.000  +0.000  +0.117  +0.000  +0.000 +45.663  +2.000  +2.000  +2.000  +0.401754
 -28.522 -18.237  -4.656  +1.322  +1.256  +2.393  +0.000  +0.000  +0.109  +0.000  +0.000 +43.376  +2.000  +2.000  +2.000  +0.399966
# Info: parameter out of range.
 -28.216 -18.058  -4.618  +1.360  +1.252  +2.416  +0.000  +0.000  +0.130  +0.000  +0.000 +44.772  +2.000  +2.000  +2.000  +0.403842
 -28.575 -18.134  -4.673  +1.339  +1.262  +2.441  +0.000  +0.000  +0.126  +0.000  +0.000 +43.613  +2.000  +2.000  +2.000  +0.400230
 -28.600 -18.127  -4.642  +1.339  +1.259  +2.479  +0.000  +0.000  +0.101  +0.000  +0.000 +47.346  +2.000  +2.000  +2.000  +0.399634
 -28.665 -18.184  -4.641  +1.332  +1.260  +2.427  +0.000  +0.000  +0.122  +0.000  +0.000 +42.924  +2.000  +2.000  +2.000  +0.398701
 -28.510 -18.262  -4.595  +1.340  +1.256  +2.364  +0.000  +0.000  +0.107  +0.000  +0.000 +41.333  +2.000  +2.000  +2.000  +0.397446
 -28.695 -18.267  -4.714  +1.281  +1.282  +2.348  +0.000  +0.000  +0.114  +0.000  +0.000 +44.176  +2.000  +2.000  +2.000  +0.397709
# Info: parameter out of range.
 -28.452 -18.140  -4.635  +1.334  +1.261  +2.413  +0.000  +0.000  +0.120  +0.000  +0.000 +44.921  +2.000  +2.000  +2.000  +0.400697
 -28.789 -18.294  -4.692  +1.308  +1.254  +2.398  +0.000  +0.000  +0.108  +0.000  +0.000 +43.163  +2.000  +2.000  +2.000  +0.399935
 -28.730 -18.288  -4.674  +1.305  +1.269  +2.385  +0.000  +0.000  +0.125  +0.000  +0.000 +40.098  +2.000  +2.000  +2.000  +0.396867
 -28.819 -18.308  -4.687  +1.308  +1.264  +2.396  +0.000  +0.000  +0.108  +0.000  +0.000 +41.586  +2.000  +2.000  +2.000  +0.396483
# Info: parameter out of range.
 -28.620 -18.190  -4.668  +1.328  +1.262  +2.420  +0.000  +0.000  +0.119  +0.000  +0.000 +43.307  +2.000  +2.000  +2.000  +0.399039
 -28.836 -18.243  -4.672  +1.313  +1.270  +2.411  +0.000  +0.000  +0.118  +0.000  +0.000 +42.607  +2.000  +2.000  +2.000  +0.396315
 -28.579 -18.173  -4.631  +1.329  +1.276  +2.409  +0.000  +0.000  +0.120  +0.000  +0.000 +42.681  +2.000  +2.000  +2.000  +0.398429
 -28.764 -18.352  -4.679  +1.295  +1.276  +2.312  +0.000  +0.000  +0.132  +0.000  +0.000 +37.332  +2.000  +2.000  +2.000  +0.395257
 -28.779 -18.330  -4.655  +1.298  +1.276  +2.343  +0.000  +0.000  +0.118  +0.000  +0.000 +39.877  +2.000  +2.000  +2.000  +0.394808
 -28.763 -18.372  -4.686  +1.285  +1.282  +2.315  +0.000  +0.000  +0.113  +0.000  +0.000 +39.498  +2.000  +2.000  +2.000  +0.394273
 -28.895 -18.432  -4.710  +1.277  +1.267  +2.309  +0.000  +0.000  +0.114  +0.000  +0.000 +38.946  +2.000  +2.000  +2.000  +0.397016
 -28.828 -18.379  -4.625  +1.324  +1.258  +2.361  +0.000  +0.000  +0.120  +0.000  +0.000 +36.143  +2.000  +2.000  +2.000  +0.393937
 -29.094 -18.414  -4.752  +1.261  +1.284  +2.344  +0.000  +0.000  +0.130  +0.000  +0.000 +37.689  +2.000  +2.000  +2.000  +0.394274
 -28.759 -18.239  -4.648  +1.320  +1.278  +2.408  +0.000  +0.000  +0.128  +0.000  +0.000 +39.761  +2.000  +2.000  +2.000  +0.396211
 -28.931 -18.371  -4.677  +1.296  +1.278  +2.337  +0.000  +0.000  +0.117  +0.000  +0.000 +38.526  +2.000  +2.000  +2.000  +0.393049
 -28.869 -18.367  -4.662  +1.290  +1.287  +2.312  +0.000  +0.000  +0.136  +0.000  +0.000 +36.272  +2.000  +2.000  +2.000  +0.393190
 -28.861 -18.463  -4.674  +1.279  +1.285  +2.271  +0.000  +0.000  +0.131  +0.000  +0.000 +33.668  +2.000  +2.000  +2.000  +0.391949
 -28.964 -18.522  -4.705  +1.262  +1.279  +2.241  +0.000  +0.000  +0.122  +0.000  +0.000 +34.990  +2.000  +2.000  +2.000  +0.393498
 -29.008 -18.453  -4.680  +1.279  +1.282  +2.319  +0.000  +0.000  +0.114  +0.000  +0.000 +36.834  +2.000  +2.000  +2.000  +0.391341
 -29.050 -18.505  -4.710  +1.271  +1.283  +2.282  +0.000  +0.000  +0.128  +0.000  +0.000 +33.528  +2.000  +2.000  +2.000  +0.391018
 -28.725 -18.444  -4.603  +1.310  +1.274  +2.265  +0.000  +0.000  +0.115  +0.000  +0.000 +34.676  +2.000  +2.000  +2.000  +0.392004
 -29.046 -18.504  -4.648  +1.293  +1.274  +2.283  +0.000  +0.000  +0.132  +0.000  +0.000 +31.661  +2.000  +2.000  +2.000  +0.390028
 -29.035 -18.528  -4.714  +1.246  +1.302  +2.217  +0.000  +0.000  +0.128  +0.000  +0.000 +33.895  +2.000  +2.000  +2.000  +0.390090
 -28.918 -18.386  -4.637  +1.304  +1.287  +2.330  +0.000  +0.000  +0.128  +0.000  +0.000 +34.775  +2.000  +2.000  +2.000  +0.392314
 -29.024 -18.547  -4.674  +1.280  +1.279  +2.264  +0.000  +0.000  +0.112  +0.000  +0.000 +33.118  +2.000  +2.000  +2.000  +0.389485
 -28.986 -18.587  -4.658  +1.270  +1.288  +2.221  +0.000  +0.000  +0.131  +0.000  +0.000 +29.513  +2.000  +2.000  +2.000  +0.388450
 -29.016 -18.621  -4.703  +1.253  +1.280  +2.200  +0.000  +0.000  +0.119  +0.000  +0.000 +31.948  +2.000  +2.000  +2.000  +0.392218
 -28.942 -18.445  -4.653  +1.291  +1.285  +2.298  +0.000  +0.000  +0.126  +0.000  +0.000 +34.068  +2.000  +2.000  +2.000  +0.390956
 -29.263 -18.564  -4.750  +1.242  +1.296  +2.274  +0.000  +0.000  +0.135  +0.000  +0.000 +31.895  +2.000  +2.000  +2.000  +0.389825
 -29.228 -18.570  -4.698  +1.264  +1.288  +2.268  +0.000  +0.000  +0.121  +0.000  +0.000 +32.460  +2.000  +2.000  +2.000  +0.388039
 -29.136 -18.610  -4.696  +1.260  +1.292  +2.207  +0.000  +0.000  +0.139  +0.000  +0.000 +28.201  +2.000  +2.000  +2.000  +0.387799
 -29.115 -18.584  -4.663  +1.265  +1.293  +2.226  +0.000  +0.000  +0.129  +0.000  +0.000 +30.176  +2.000  +2.000  +2.000  +0.387465
 -29.266 -18.678  -4.722  +1.239  +1.293  +2.192  +0.000  +0.000  +0.131  +0.000  +0.000 +28.662  +2.000  +2.000  +2.000  +0.388169
 -29.231 -18.633  -4.663  +1.282  +1.274  +2.267  +0.000  +0.000  +0.129  +0.000  +0.000 +27.526  +2.000  +2.000  +2.000  +0.386929
 -29.266 -18.689  -4.733  +1.233  +1.302  +2.197  +0.000  +0.000  +0.125  +0.000  +0.000 +28.727  +2.000  +2.000  +2.000  +0.386675
 -29.049 -18.661  -4.626  +1.281  +1.281  +2.187  +0.000  +0.000  +0.119  +0.000  +0.000 +27.700  +2.000  +2.000  +2.000  +0.386182
 -29.295 -18.706  -4.691  +1.244  +1.299  +2.177  +0.000  +0.000  +0.143  +0.000  +0.000 +25.123  +2.000  +2.000  +2.000  +0.385147
 -29.410 -18.696  -4.715  +1.247  +1.292  +2.209  +0.000  +0.000  +0.128  +0.000  +0.000 +27.631  +2.000  +2.000  +2.000  +0.385492
 -29.167 -18.609  -4.650  +1.280  +1.287  +2.243  +0.000  +0.000  +0.128  +0.000  +0.000 +28.224  +2.000  +2.000  +2.000  +0.386288
 -29.190 -18.726  -4.662  +1.259  +1.292  +2.160  +0.000  +0.000  +0.139  +0.000  +0.000 +23.367  +2.000  +2.000  +2.000  +0.384582
 -29.295 -18.716  -4.655  +1.262  +1.288  +2.209  +0.000  +0.000  +0.121  +0.000  +0.000 +26.418  +2.000  +2.000  +2.000  +0.383962
 -29.361 -18.775  -4.686  +1.257  +1.285  +2.187  +0.000  +0.000  +0.129  +0.000  +0.000 +23.503  +2.000  +2.000  +2.000  +0.383663
 -29.277 -18.761  -4.691  +1.234  +1.308  +2.125  +0.000  +0.000  +0.129  +0.000  +0.000 +25.147  +2.000  +2.000  +2.000  +0.383566
 -29.245 -18.724  -4.611  +1.283  +1.281  +2.177  +0.000  +0.000  +0.134  +0.000  +0.000 +23.051  +2.000  +2.000  +2.000  +0.383460
 -29.364 -18.833  -4.684  +1.237  +1.295  +2.115  +0.000  +0.000  +0.133  +0.000  +0.000 +22.261  +2.000  +2.000  +2.000  +0.383524
 -29.560 -18.823  -4.722  +1.225  +1.304  +2.153  +0.000  +0.000  +0.145  +0.000  +0.000 +21.425  +2.000  +2.000  +2.000  +0.382561
 -29.237 -18.820  -4.636  +1.253  +1.296  +2.117  +0.000  +0.000  +0.140  +0.000  +0.000 +19.943  +2.000  +2.000  +2.000  +0.381991
 -29.337 -18.839  -4.646  +1.259  +1.289  +2.134  +0.000  +0.000  +0.124  +0.000  +0.000 +21.156  +2.000  +2.000  +2.000  +0.381276
 -29.480 -18.846  -4.671  +1.243  +1.294  +2.144  +0.000  +0.000  +0.125  +0.000  +0.000 +22.359  +2.000  +2.000  +2.000  +0.381107
 -29.420 -18.890  -4.682  +1.235  +1.300  +2.079  +0.000  +0.000  +0.144  +0.000  +0.000 +18.293  +2.000  +2.000  +2.000  +0.381055
 -29.369 -18.859  -4.650  +1.236  +1.306  +2.075  +0.000  +0.000  +0.139  +0.000  +0.000 +19.905  +2.000  +2.000  +2.000  +0.380775
 -29.475 -18.897  -4.634  +1.259  +1.283  +2.123  +0.000  +0.000  +0.142  +0.000  +0.000 +16.951  +2.000  +2.000  +2.000  +0.380010
 -29.416 -18.842  -4.628  +1.262  +1.294  +2.135  +0.000  +0.000  +0.141  +0.000  +0.000 +18.510  +2.000  +2.000  +2.000  +0.379973
 -29.578 -18.980  -4.706  +1.209  +1.310  +2.063  +0.000  +0.000  +0.141  +0.000  +0.000 +16.584  +2.000  +2.000  +2.000  +0.379941
 -29.268 -18.920  -4.591  +1.264  +1.289  +2.064  +0.000  +0.000  +0.129  +0.000  +0.000 +17.001  +2.000  +2.000  +2.000  +0.379311
 -29.599 -18.948  -4.666  +1.239  +1.295  +2.087  +0.000  +0.000  +0.131  +0.000  +0.000 +17.747  +2.000  +2.000  +2.000  +0.378553
 -29.565 -18.957  -4.661  +1.228  +1.304  +2.058  +0.000  +0.000  +0.149  +0.000  +0.000 +15.682  +2.000  +2.000  +2.000  +0.378558
 -29.443 -18.977  -4.634  +1.240  +1.302  +2.027  +0.000  +0.000  +0.154  +0.000  +0.000 +12.809  +2.000  +2.000  +2.000  +0.378037
 -29.509 -18.955  -4.611  +1.249  +1.296  +2.079  +0.000  +0.000  +0.138  +0.000  +0.000 +15.504  +2.000  +2.000  +2.000  +0.377342
 -29.595 -19.010  -4.633  +1.251  +1.287  +2.085  +0.000  +0.000  +0.142  +0.000  +0.000 +12.792  +2.000  +2.000  +2.000  +0.376666
 -29.518 -19.000  -4.649  +1.226  +1.311  +2.027  +0.000  +0.000  +0.139  +0.000  +0.000 +14.707  +2.000  +2.000  +2.000  +0.376872
 -29.602 -19.095  -4.659  +1.215  +1.305  +1.988  +0.000  +0.000  +0.140  +0.000  +0.000 +12.197  +2.000  +2.000  +2.000  +0.377215
 -29.446 -18.985  -4.570  +1.268  +1.287  +2.041  +0.000  +0.000  +0.139  +0.000  +0.000 +13.025  +2.000  +2.000  +2.000  +0.376704
 -29.801 -19.062  -4.680  +1.215  +1.307  +2.034  +0.000  +0.000  +0.154  +0.000  +0.000 +11.615  +2.000  +2.000  +2.000  +0.376054
 -29.564 -19.051  -4.614  +1.248  +1.293  +2.033  +0.000  +0.000  +0.136  +0.000  +0.000 +11.917  +2.000  +2.000  +2.000  +0.375397
 -29.520 -19.086  -4.596  +1.239  +1.302  +1.991  +0.000  +0.000  +0.154  +0.000  +0.000  +8.394  +2.000  +2.000  +2.000  +0.374698
 -29.696 -19.084  -4.619  +1.238  +1.296  +2.043  +0.000  +0.000  +0.131  +0.000  +0.000 +12.228  +2.000  +2.000  +2.000  +0.374210
 -29.677 -19.138  -4.644  +1.227  +1.301  +1.981  +0.000  +0.000  +0.146  +0.000  +0.000  +8.715  +2.000  +2.000  +2.000  +0.374311
 -29.602 -19.009  -4.592  +1.264  +1.292  +2.071  +0.000  +0.000  +0.145  +0.000  +0.000 +11.152  +2.000  +2.000  +2.000  +0.375087
 -29.707 -19.106  -4.588  +1.261  +1.280  +2.043  +0.000  +0.000  +0.148  +0.000  +0.000  +7.753  +2.000  +2.000  +2.000  +0.373560
 -29.844 -19.152  -4.672  +1.218  +1.302  +2.029  +0.000  +0.000  +0.150  +0.000  +0.000  +8.116  +2.000  +2.000  +2.000  +0.373913
 -29.758 -19.162  -4.618  +1.226  +1.306  +1.971  +0.000  +0.000  +0.149  +0.000  +0.000  +7.181  +2.000  +2.000  +2.000  +0.372264
 -29.541 -19.135  -4.556  +1.265  +1.286  +2.007  +0.000  +0.000  +0.136  +0.000  +0.000  +7.249  +2.000  +2.000  +2.000  +0.372855
 -29.772 -19.167  -4.608  +1.237  +1.298  +2.000  +0.000  +0.000  +0.155  +0.000  +0.000  +5.780  +2.000  +2.000  +2.000  +0.371797
 -29.777 -19.248  -4.634  +1.214  +1.301  +1.945  +0.000  +0.000  +0.147  +0.000  +0.000  +5.202  +2.000  +2.000  +2.000  +0.373106
 -29.923 -19.213  -4.639  +1.232  +1.291  +2.014  +0.000  +0.000  +0.136  +0.000  +0.000  +7.162  +2.000  +2.000  +2.000  +0.371771
 -29.827 -19.179  -4.589  +1.246  +1.289  +2.032  +0.000  +0.000  +0.142  +0.000  +0.000  +6.453  +2.000  +2.000  +2.000  +0.371078
 -29.842 -19.256  -4.607  +1.237  +1.293  +1.968  +0.000  +0.000  +0.160  +0.000  +0.000  +1.496  +2.000  +2.000  +2.000  +0.370256
 -29.693 -19.215  -4.538  +1.262  +1.284  +1.966  +0.000  +0.000  +0.143  +0.000  +0.000  +3.953  +2.000  +2.000  +2.000  +0.370561
 -29.826 -19.287  -4.609  +1.219  +1.307  +1.933  +0.000  +0.000  +0.143  +0.000  +0.000  +3.366  +2.000  +2.000  +2.000  +0.369622
 -29.768 -19.155  -4.557  +1.267  +1.287  +2.028  +0.000  +0.000  +0.144  +0.000  +0.000  +5.457  +2.000  +2.000  +2.000  +0.370750
# Info: parameter out of range.
 -29.671 -19.170  -4.576  +1.253  +1.290  +1.998  +0.000  +0.000  +0.141  +0.000  +0.000  +6.177  +2.000  +2.000  +2.000  +0.371734
 -29.822 -19.248  -4.562  +1.262  +1.278  +2.013  +0.000  +0.000  +0.142  +0.000  +0.000  +2.780  +2.000  +2.000  +2.000  +0.369381
 -29.821 -19.264  -4.562  +1.258  +1.282  +1.987  +0.000  +0.000  +0.133  +0.000  +0.000  +3.431  +2.000  +2.000  +2.000  +0.369127
 -29.645 -19.231  -4.511  +1.269  +1.286  +1.968  +0.000  +0.000  +0.151  +0.000  +0.000  +1.117  +2.000  +2.000  +2.000  +0.369781
 -29.890 -19.289  -4.558  +1.252  +1.286  +1.976  +0.000  +0.000  +0.148  +0.000  +0.000  +0.836  +2.000  +2.000  +2.000  +0.367994
# Info: parameter out of range.
 -29.808 -19.211  -4.576  +1.250  +1.288  +2.006  +0.000  +0.000  +0.144  +0.000  +0.000  +4.629  +2.000  +2.000  +2.000  +0.370249
# Info: parameter out of range.
 -29.781 -19.203  -4.561  +1.259  +1.287  +2.002  +0.000  +0.000  +0.145  +0.000  +0.000  +4.079  +2.000  +2.000  +2.000  +0.369997
 -29.916 -19.282  -4.599  +1.239  +1.293  +1.997  +0.000  +0.000  +0.148  +0.000  +0.000  +1.480  +2.000  +2.000  +2.000  +0.368334
 -29.785 -19.248  -4.527  +1.265  +1.284  +2.003  +0.000  +0.000  +0.129  +0.000  +0.000  +3.934  +2.000  +2.000  +2.000  +0.368490
 -29.814 -19.302  -4.546  +1.256  +1.287  +1.964  +0.000  +0.000  +0.141  +0.000  +0.000  +0.627  +2.000  +2.000  +2.000  +0.367682
 -29.849 -19.335  -4.557  +1.246  +1.288  +1.958  +0.000  +0.000  +0.139  +0.000  +0.000  +0.313  +2.000  +2.000  +2.000  +0.367399
# Info: parameter out of range.
 -29.743 -19.256  -4.538  +1.259  +1.287  +1.973  +0.000  +0.000  +0.146  +0.000  +0.000  +1.606  +2.000  +2.000  +2.000  +0.368958
 -29.834 -19.269  -4.504  +1.290  +1.265  +2.035  +0.000  +0.000  +0.138  +0.000  +0.000  +0.386  +2.000  +2.000  +2.000  +0.367721
 -29.841 -19.313  -4.535  +1.254  +1.290  +1.960  +0.000  +0.000  +0.139  +0.000  +0.000  +0.373  +2.000  +2.000  +2.000  +0.367062
# Info: parameter out of range.
 -29.827 -19.275  -4.554  +1.257  +1.283  +1.985  +0.000  +0.000  +0.137  +0.000  +0.000  +2.313  +2.000  +2.000  +2.000  +0.368475
 -29.946 -19.322  -4.557  +1.255  +1.282  +1.996  +0.000  +0.000  +0.134  +0.000  +0.000  +0.959  +2.000  +2.000  +2.000  +0.366769
# Info: parameter out of range.
 -29.825 -19.273  -4.539  +1.260  +1.284  +1.993  +0.000  +0.000  +0.135  +0.000  +0.000  +2.422  +2.000  +2.000  +2.000  +0.368017
# Info: parameter out of range.
 -29.846 -19.287  -4.551  +1.257  +1.284  +1.985  +0.000  +0.000  +0.139  +0.000  +0.000  +1.619  +2.000  +2.000  +2.000  +0.368009
 -29.795 -19.315  -4.488  +1.279  +1.274  +1.970  +0.000  +0.000  +0.130  +0.000  +0.000  +0.403  +2.000  +2.000  +2.000  +0.367016
# Info: parameter out of range.
 -29.838 -19.289  -4.538  +1.261  +1.283  +1.987  +0.000  +0.000  +0.137  +0.000  +0.000  +1.556  +2.000  +2.000  +2.000  +0.367702
# Info: parameter out of range.
 -29.848 -19.296  -4.543  +1.259  +1.283  +1.983  +0.000  +0.000  +0.139  +0.000  +0.000  +1.150  +2.000  +2.000  +2.000  +0.367669
 -29.801 -19.321  -4.509  +1.273  +1.277  +1.987  +0.000  +0.000  +0.126  +0.000  +0.000  +0.606  +2.000  +2.000  +2.000  +0.366787
 -29.849 -19.354  -4.565  +1.230  +1.302  +1.916  +0.000  +0.000  +0.133  +0.000  +0.000  +1.111  +2.000  +2.000  +2.000  +0.367024
# Info: parameter out of range.
 -29.841 -19.304  -4.538  +1.259  +1.284  +1.977  +0.000  +0.000  +0.136  +0.000  +0.000  +1.124  +2.000  +2.000  +2.000  +0.367393
 -29.879 -19.338  -4.527  +1.258  +1.283  +1.973  +0.000  +0.000  +0.128  +0.000  +0.000  +0.883  +2.000  +2.000  +2.000  +0.366469
 -29.852 -19.355  -4.526  +1.254  +1.287  +1.951  +0.000  +0.000  +0.128  +0.000  +0.000  +0.293  +2.000  +2.000  +2.000  +0.366178
 -29.852 -19.321  -4.504  +1.270  +1.281  +1.975  +0.000  +0.000  +0.124  +0.000  +0.000  +1.125  +2.000  +2.000  +2.000  +0.366420
 -29.863 -19.356  -4.515  +1.260  +1.285  +1.955  +0.000  +0.000  +0.125  +0.000  +0.000  +0.314  +2.000  +2.000  +2.000  +0.365899
 -29.869 -19.358  -4.513  +1.266  +1.277  +1.971  +0.000  +0.000  +0.118  +0.000  +0.000  +1.051  +2.000  +2.000  +2.000  +0.365983
 -29.866 -19.317  -4.470  +1.298  +1.260  +2.029  +0.000  +0.000  +0.120  +0.000  +0.000  +0.298  +2.000  +2.000  +2.000  +0.366142
 -29.937 -19.357  -4.542  +1.255  +1.284  +1.990  +0.000  +0.000  +0.121  +0.000  +0.000  +0.979  +2.000  +2.000  +2.000  +0.365588
 -29.965 -19.360  -4.529  +1.256  +1.283  +1.973  +0.000  +0.000  +0.124  +0.000  +0.000  +0.869  +2.000  +2.000  +2.000  +0.365540
 -29.824 -19.368  -4.475  +1.274  +1.278  +1.958  +0.000  +0.000  +0.113  +0.000  +0.000  +0.494  +2.000  +2.000  +2.000  +0.365431
 -29.878 -19.360  -4.491  +1.275  +1.276  +1.977  +0.000  +0.000  +0.115  +0.000  +0.000  +0.473  +2.000  +2.000  +2.000  +0.365313
 -29.911 -19.387  -4.511  +1.265  +1.276  +1.976  +0.000  +0.000  +0.116  +0.000  +0.000  +0.068  +2.000  +2.000  +2.000  +0.365142
 -29.926 -19.360  -4.486  +1.283  +1.268  +2.006  +0.000  +0.000  +0.110  +0.000  +0.000  +0.843  +2.000  +2.000  +2.000  +0.365039
 -29.928 -19.409  -4.546  +1.235  +1.297  +1.923  +0.000  +0.000  +0.115  +0.000  +0.000  +0.975  +2.000  +2.000  +2.000  +0.365060
 -29.939 -19.381  -4.511  +1.260  +1.284  +1.968  +0.000  +0.000  +0.116  +0.000  +0.000  +0.203  +2.000  +2.000  +2.000  +0.364659
 -29.964 -19.390  -4.508  +1.266  +1.277  +1.987  +0.000  +0.000  +0.108  +0.000  +0.000  +0.912  +2.000  +2.000  +2.000  +0.364426
 -29.897 -19.397  -4.472  +1.274  +1.275  +1.952  +0.000  +0.000  +0.109  +0.000  +0.000  +0.230  +2.000  +2.000  +2.000  +0.364494
 -29.852 -19.403  -4.471  +1.277  +1.275  +1.964  +0.000  +0.000  +0.102  +0.000  +0.000  +0.180  +2.000  +2.000  +2.000  +0.364379
 -30.000 -19.403  -4.524  +1.260  +1.279  +1.981  +0.000  +0.000  +0.110  +0.000  +0.000  +0.477  +2.000  +2.000  +2.000  +0.364220
 -29.976 -19.423  -4.515  +1.255  +1.282  +1.962  +0.000  +0.000  +0.107  +0.000  +0.000  +0.500  +2.000  +2.000  +2.000  +0.364081
 -29.959 -19.405  -4.497  +1.262  +1.283  +1.960  +0.000  +0.000  +0.103  +0.000  +0.000  +1.012  +2.000  +2.000  +2.000  +0.363919
 -29.951 -19.382  -4.450  +1.299  +1.259  +2.022  +0.000  +0.000  +0.101  +0.000  +0.000  +0.115  +2.000  +2.000  +2.000  +0.363986
 -29.958 -19.436  -4.501  +1.255  +1.286  +1.944  +0.000  +0.000  +0.104  +0.000  +0.000  +0.064  +2.000  +2.000  +2.000  +0.363455
# Info: parameter out of range.
 -29.942 -19.393  -4.502  +1.264  +1.280  +1.970  +0.000  +0.000  +0.111  +0.000  +0.000  +0.320  +2.000  +2.000  +2.000  +0.364354
# Info: parameter out of range.
 -29.924 -19.401  -4.484  +1.270  +1.276  +1.963  +0.000  +0.000  +0.107  +0.000  +0.000  +0.339  +2.000  +2.000  +2.000  +0.364264
# Info: parameter out of range.
 -29.955 -19.398  -4.500  +1.267  +1.277  +1.979  +0.000  +0.000  +0.107  +0.000  +0.000  +0.644  +2.000  +2.000  +2.000  +0.364228
# Info: parameter out of range.
 -29.905 -19.404  -4.484  +1.272  +1.276  +1.968  +0.000  +0.000  +0.104  +0.000  +0.000  +0.307  +2.000  +2.000  +2.000  +0.364180
# Info: parameter out of range.
 -29.948 -19.400  -4.498  +1.266  +1.279  +1.971  +0.000  +0.000  +0.108  +0.000  +0.000  +0.376  +2.000  +2.000  +2.000  +0.364175
 -29.989 -19.412  -4.508  +1.263  +1.279  +1.984  +0.000  +0.000  +0.104  +0.000  +0.000  +0.535  +2.000  +2.000  +2.000  +0.363716
 -29.967 -19.418  -4.494  +1.266  +1.278  +1.969  +0.000  +0.000  +0.103  +0.000  +0.000  +0.202  +2.000  +2.000  +2.000  +0.363619
# Info: parameter out of range.
 -29.978 -19.407  -4.509  +1.263  +1.278  +1.977  +0.000  +0.000  +0.107  +0.000  +0.000  +0.433  +2.000  +2.000  +2.000  +0.364021
# Info: parameter out of range.
 -29.935 -19.407  -4.490  +1.269  +1.277  +1.971  +0.000  +0.000  +0.104  +0.000  +0.000  +0.356  +2.000  +2.000  +2.000  +0.363996
 -29.981 -19.423  -4.493  +1.267  +1.277  +1.976  +0.000  +0.000  +0.100  +0.000  +0.000  +0.428  +2.000  +2.000  +2.000  +0.363444
 -29.953 -19.399  -4.470  +1.282  +1.273  +1.988  +0.000  +0.000  +0.100  +0.000  +0.000  +0.286  +2.000  +2.000  +2.000  +0.363647
# Info: parameter out of range.
 -29.970 -19.408  -4.498  +1.267  +1.277  +1.977  +0.000  +0.000  +0.105  +0.000  +0.000  +0.404  +2.000  +2.000  +2.000  +0.363845
 -29.997 -19.414  -4.488  +1.271  +1.276  +1.984  +0.000  +0.000  +0.101  +0.000  +0.000  +0.406  +2.000  +2.000  +2.000  +0.363343
 -29.993 -19.447  -4.537  +1.235  +1.298  +1.923  +0.000  +0.000  +0.104  +0.000  +0.000  +0.720  +2.000  +2.000  +2.000  +0.363491
# Info: parameter out of range.
 -29.968 -19.412  -4.498  +1.263  +1.282  +1.964  +0.000  +0.000  +0.103  +0.000  +0.000  +0.696  +2.000  +2.000  +2.000  +0.363727
# Info: parameter out of range.
 -29.973 -19.414  -4.499  +1.265  +1.279  +1.971  +0.000  +0.000  +0.104  +0.000  +0.000  +0.410  +2.000  +2.000  +2.000  +0.363675
 -29.985 -19.429  -4.500  +1.263  +1.280  +1.971  +0.000  +0.000  +0.102  +0.000  +0.000  +0.066  +2.000  +2.000  +2.000  +0.363308
 -29.963 -19.433  -4.487  +1.263  +1.283  +1.948  +0.000  +0.000  +0.101  +0.000  +0.000  +0.111  +2.000  +2.000  +2.000  +0.363257
 -29.976 -19.435  -4.494  +1.260  +1.283  +1.954  +0.000  +0.000  +0.100  +0.000  +0.000  +0.160  +2.000  +2.000  +2.000  +0.363156
# Info: parameter out of range.
 -29.965 -19.414  -4.485  +1.271  +1.278  +1.973  +0.000  +0.000  +0.101  +0.000  +0.000  +0.278  +2.000  +2.000  +2.000  +0.363476
# Info: parameter out of range.
 -29.972 -19.424  -4.496  +1.263  +1.280  +1.964  +0.000  +0.000  +0.102  +0.000  +0.000  +0.241  +2.000  +2.000  +2.000  +0.363483
# Info: parameter out of range.
 -29.984 -19.437  -4.515  +1.249  +1.289  +1.943  +0.000  +0.000  +0.103  +0.000  +0.000  +0.469  +2.000  +2.000  +2.000  +0.363381
 -29.980 -19.431  -4.495  +1.262  +1.282  +1.959  +0.000  +0.000  +0.100  +0.000  +0.000  +0.255  +2.000  +2.000  +2.000  +0.363202
 -29.991 -19.445  -4.509  +1.252  +1.286  +1.946  +0.000  +0.000  +0.102  +0.000  +0.000  +0.212  +2.000  +2.000  +2.000  +0.363193
# Info: parameter out of range.
 -29.970 -19.433  -4.499  +1.258  +1.284  +1.952  +0.000  +0.000  +0.102  +0.000  +0.000  +0.164  +2.000  +2.000  +2.000  +0.363367
 -29.980 -19.442  -4.504  +1.252  +1.289  +1.938  +0.000  +0.000  +0.102  +0.000  +0.000  +0.033  +2.000  +2.000  +2.000  +0.363123
# Info: parameter out of range.
 -29.982 -19.435  -4.506  +1.255  +1.286  +1.950  +0.000  +0.000  +0.102  +0.000  +0.000  +0.323  +2.000  +2.000  +2.000  +0.363305
# Info: parameter out of range.
 -29.976 -19.433  -4.499  +1.259  +1.283  +1.954  +0.000  +0.000  +0.102  +0.000  +0.000  +0.180  +2.000  +2.000  +2.000  +0.363286
# Info: parameter out of range.
 -29.988 -19.424  -4.494  +1.265  +1.280  +1.968  +0.000  +0.000  +0.101  +0.000  +0.000  +0.287  +2.000  +2.000  +2.000  +0.363269
 -29.974 -19.441  -4.497  +1.254  +1.289  +1.934  +0.000  +0.000  +0.100  +0.000  +0.000  +0.324  +2.000  +2.000  +2.000  +0.363156
 -29.975 -19.437  -4.488  +1.262  +1.283  +1.950  +0.000  +0.000  +0.100  +0.000  +0.000  +0.068  +2.000  +2.000  +2.000  +0.363101
# Info: parameter out of range.
 -29.977 -19.435  -4.497  +1.259  +1.284  +1.952  +0.000  +0.000  +0.101  +0.000  +0.000  +0.180  +2.000  +2.000  +2.000  +0.363233
 -29.966 -19.450  -4.499  +1.251  +1.290  +1.927  +0.000  +0.000  +0.101  +0.000  +0.000  +0.049  +2.000  +2.000  +2.000  +0.363077
 -29.992 -19.446  -4.508  +1.250  +1.289  +1.942  +0.000  +0.000  +0.101  +0.000  +0.000  +0.209  +2.000  +2.000  +2.000  +0.363055
 -29.981 -19.447  -4.501  +1.252  +1.289  +1.936  +0.000  +0.000  +0.100  +0.000  +0.000  +0.147  +2.000  +2.000  +2.000  +0.363021
 -29.979 -19.454  -4.505  +1.247  +1.292  +1.923  +0.000  +0.000  +0.101  +0.000  +0.000  +0.045  +2.000  +2.000  +2.000  +0.363018
# Info: parameter out of range.
 -29.984 -19.444  -4.504  +1.253  +1.287  +1.942  +0.000  +0.000  +0.101  +0.000  +0.000  +0.171  +2.000  +2.000  +2.000  +0.363129
# Info: parameter out of range.
 -29.977 -19.443  -4.499  +1.254  +1.288  +1.936  +0.000  +0.000  +0.101  +0.000  +0.000  +0.217  +2.000  +2.000  +2.000  +0.363112
 -29.982 -19.455  -4.508  +1.245  +1.293  +1.920  +0.000  +0.000  +0.102  +0.000  +0.000  +0.074  +2.000  +2.000  +2.000  +0.363008
 -29.974 -19.449  -4.499  +1.250  +1.291  +1.926  +0.000  +0.000  +0.101  +0.000  +0.000  +0.040  +2.000  +2.000  +2.000  +0.363007
# Info: parameter out of range.
 -29.979 -19.445  -4.502  +1.252  +1.289  +1.936  +0.000  +0.000  +0.102  +0.000  +0.000  +0.070  +2.000  +2.000  +2.000  +0.363086
# Info: parameter out of range.
 -29.978 -19.445  -4.500  +1.252  +1.289  +1.934  +0.000  +0.000  +0.101  +0.000  +0.000  +0.152  +2.000  +2.000  +2.000  +0.363077
 -29.983 -19.461  -4.518  +1.238  +1.298  +1.911  +0.000  +0.000  +0.102  +0.000  +0.000  +0.129  +2.000  +2.000  +2.000  +0.363015
 -29.980 -19.457  -4.507  +1.244  +1.293  +1.919  +0.000  +0.000  +0.101  +0.000  +0.000  +0.142  +2.000  +2.000  +2.000  +0.362978
 -29.982 -19.460  -4.511  +1.242  +1.295  +1.917  +0.000  +0.000  +0.101  +0.000  +0.000  +0.057  +2.000  +2.000  +2.000  +0.362968
 -29.997 -19.457  -4.515  +1.241  +1.295  +1.921  +0.000  +0.000  +0.102  +0.000  +0.000  +0.162  +2.000  +2.000  +2.000  +0.362938
# Info: parameter out of range.
# Info: parameter not good for elses.
 -29.995 -19.452  -4.512  +1.246  +1.292  +1.932  +0.000  +0.000  +0.101  +0.000  +0.000  +0.186  +2.000  +2.000  +2.000  +0.362987
 -29.989 -19.452  -4.508  +1.247  +1.292  +1.929  +0.000  +0.000  +0.101  +0.000  +0.000  +0.154  +2.000  +2.000  +2.000  +0.362974
 -29.988 -19.456  -4.510  +1.244  +1.294  +1.922  +0.000  +0.000  +0.102  +0.000  +0.000  +0.104  +2.000  +2.000  +2.000  +0.362968
 -29.990 -19.459  -4.517  +1.239  +1.296  +1.916  +0.000  +0.000  +0.102  +0.000  +0.000  +0.146  +2.000  +2.000  +2.000  +0.362977
 -29.990 -19.456  -4.512  +1.243  +1.294  +1.921  +0.000  +0.000  +0.102  +0.000  +0.000  +0.118  +2.000  +2.000  +2.000  +0.362973
 -29.986 -19.453  -4.507  +1.246  +1.293  +1.924  +0.000  +0.000  +0.101  +0.000  +0.000  +0.101  +2.000  +2.000  +2.000  +0.362967
 -29.988 -19.457  -4.511  +1.243  +1.294  +1.920  +0.000  +0.000  +0.101  +0.000  +0.000  +0.152  +2.000  +2.000  +2.000  +0.362958
 -29.990 -19.459  -4.513  +1.242  +1.295  +1.919  +0.000  +0.000  +0.102  +0.000  +0.000  +0.109  +2.000  +2.000  +2.000  +0.362948
 -29.985 -19.461  -4.512  +1.240  +1.296  +1.911  +0.000  +0.000  +0.102  +0.000  +0.000  +0.076  +2.000  +2.000  +2.000  +0.362934
 -29.988 -19.454  -4.506  +1.247  +1.292  +1.926  +0.000  +0.000  +0.101  +0.000  +0.000  +0.099  +2.000  +2.000  +2.000  +0.362941
 -29.988 -19.461  -4.513  +1.240  +1.297  +1.912  +0.000  +0.000  +0.102  +0.000  +0.000  +0.076  +2.000  +2.000  +2.000  +0.362940
 -29.988 -19.458  -4.511  +1.243  +1.295  +1.918  +0.000  +0.000  +0.101  +0.000  +0.000  +0.101  +2.000  +2.000  +2.000  +0.362923
 -29.989 -19.459  -4.512  +1.241  +1.296  +1.916  +0.000  +0.000  +0.101  +0.000  +0.000  +0.115  +2.000  +2.000  +2.000  +0.362912
 -29.993 -19.463  -4.516  +1.238  +1.297  +1.912  +0.000  +0.000  +0.102  +0.000  +0.000  +0.122  +2.000  +2.000  +2.000  +0.362914
 -29.991 -19.461  -4.513  +1.240  +1.296  +1.914  +0.000  +0.000  +0.102  +0.000  +0.000  +0.063  +2.000  +2.000  +2.000  +0.362895
 -29.990 -19.460  -4.511  +1.241  +1.296  +1.914  +0.000  +0.000  +0.102  +0.000  +0.000  +0.094  +2.000  +2.000  +2.000  +0.362899
 -29.992 -19.467  -4.520  +1.234  +1.300  +1.904  +0.000  +0.000  +0.102  +0.000  +0.000  +0.104  +2.000  +2.000  +2.000  +0.362908
 -29.993 -19.461  -4.514  +1.240  +1.296  +1.915  +0.000  +0.000  +0.101  +0.000  +0.000  +0.133  +2.000  +2.000  +2.000  +0.362898
 -29.983 -19.465  -4.512  +1.238  +1.298  +1.905  +0.000  +0.000  +0.101  +0.000  +0.000  +0.040  +2.000  +2.000  +2.000  +0.362894
 -29.995 -19.463  -4.516  +1.239  +1.297  +1.913  +0.000  +0.000  +0.101  +0.000  +0.000  +0.117  +2.000  +2.000  +2.000  +0.362874
 -29.994 -19.466  -4.518  +1.235  +1.299  +1.905  +0.000  +0.000  +0.102  +0.000  +0.000  +0.096  +2.000  +2.000  +2.000  +0.362883
 -29.989 -19.462  -4.513  +1.239  +1.298  +1.909  +0.000  +0.000  +0.102  +0.000  +0.000  +0.069  +2.000  +2.000  +2.000  +0.362874
# Info: converged
