# Ds Dp Dd Z1s Z1p Z1d Z2s Z2p Z2d CAs CAp CAd Rs Rp Rd, sum of errors
 -60.000 -40.000  -6.000  +2.000  +1.000  +1.000  +0.000  +0.000  +0.100  +0.000  +0.000  +0.000  +2.000  +2.000  +2.000  +1.530620
 -60.000 -10.000  -2.000  +4.000  +2.000  +5.000  +0.000  +0.000  +1.000  +0.000  +0.000 +80.000  +2.000  +2.000  +2.000  +0.828886
 -30.000 -40.000  -2.000  +4.000  +2.000  +5.000  +0.000  +0.000  +1.000  +0.000  +0.000 +80.000  +2.000  +2.000  +2.000  +0.633294
 -30.000 -10.000  -6.000  +4.000  +2.000  +5.000  +0.000  +0.000  +1.000  +0.000  +0.000 +80.000  +2.000  +2.000  +2.000  +0.434095
 -30.000 -10.000  -2.000  +2.000  +2.000  +5.000  +0.000  +0.000  +1.000  +0.000  +0.000 +80.000  +2.000  +2.000  +2.000  +0.473105
 -30.000 -10.000  -2.000  +4.000  +1.000  +5.000  +0.000  +0.000  +1.000  +0.000  +0.000 +80.000  +2.000  +2.000  +2.000  +1.262350
 -30.000 -10.000  -2.000  +4.000  +2.000  +1.000  +0.000  +0.000  +1.000  +0.000  +0.000 +80.000  +2.000  +2.000  +2.000  +0.473349
 -30.000 -10.000  -2.000  +4.000  +2.000  +5.000  +0.000  +0.000  +0.100  +0.000  +0.000 +80.000  +2.000  +2.000  +2.000  +0.552108
 -30.000 -10.000  -2.000  +4.000  +2.000  +5.000  +0.000  +0.000  +1.000  +0.000  +0.000  +0.000  +2.000  +2.000  +2.000  +0.537050
# Info: parameter out of range.
 -46.875 -26.875  -4.250  +2.875  +1.438  +2.750  +0.000  +0.000  +0.494  +0.000  +0.000 +35.000  +2.000  +2.000  +2.000  +0.802276
# Info: parameter out of range.
 -32.930 -12.930  -2.391  +3.805  +1.465  +4.609  +0.000  +0.000  +0.912  +0.000  +0.000 +72.188  +2.000  +2.000  +2.000  +0.719857
# Info: parameter out of range.
 -46.238 -13.113  -2.415  +3.792  +1.931  +4.585  +0.000  +0.000  +0.907  +0.000  +0.000 +71.699  +2.000  +2.000  +2.000  +0.536232
# Info: parameter out of range.
 -39.635 -20.690  -3.425  +3.287  +1.681  +3.575  +0.000  +0.000  +0.679  +0.000  +0.000 +51.493  +2.000  +2.000  +2.000  +0.470059
# Info: parameter out of range.
 -33.082 -14.203  -2.560  +3.720  +1.708  +4.440  +0.000  +0.000  +0.874  +0.000  +0.000 +68.793  +2.000  +2.000  +2.000  +0.515503
# Info: parameter out of range.
 -31.810 -26.125  -2.400  +3.800  +1.958  +4.600  +0.000  +0.000  +0.910  +0.000  +0.000 +71.999  +2.000  +2.000  +2.000  +0.386481
# Info: parameter out of range.
 -31.923 -12.133  -2.425  +3.787  +1.955  +4.575  +0.000  +0.000  +0.511  +0.000  +0.000 +71.499  +2.000  +2.000  +2.000  +0.554312
 -30.905 -18.063  -2.200  +3.900  +1.979  +4.800  +0.000  +0.000  +0.505  +0.000  +0.000 +76.000  +2.000  +2.000  +2.000  +0.393421
 -30.905 -18.063  -2.200  +3.900  +1.979  +4.800  +0.000  +0.000  +0.955  +0.000  +0.000 +36.000  +2.000  +2.000  +2.000  +0.410176
 -39.024 -19.619  -2.408  +3.796  +1.944  +4.592  +0.000  +0.000  +0.908  +0.000  +0.000 +71.849  +2.000  +2.000  +2.000  +0.363386
 -32.446 -20.164  -2.480  +3.760  +1.833  +4.520  +0.000  +0.000  +0.892  +0.000  +0.000 +70.396  +2.000  +2.000  +2.000  +0.365077
 -30.905 -18.063  -2.200  +3.900  +1.979  +2.800  +0.000  +0.000  +0.955  +0.000  +0.000 +76.000  +2.000  +2.000  +2.000  +0.381585
 -30.905 -18.063  -2.200  +2.900  +1.979  +4.800  +0.000  +0.000  +0.955  +0.000  +0.000 +76.000  +2.000  +2.000  +2.000  +0.350559
 -35.723 -23.408  -2.913  +3.544  +1.819  +4.087  +0.000  +0.000  +0.795  +0.000  +0.000 +61.746  +2.000  +2.000  +2.000  +0.354229
 -30.905 -18.063  -4.200  +3.900  +1.979  +4.800  +0.000  +0.000  +0.955  +0.000  +0.000 +76.000  +2.000  +2.000  +2.000  +0.370485
# Info: parameter out of range.
 -31.866 -19.129  -2.413  +3.794  +1.956  +4.587  +0.000  +0.000  +0.907  +0.000  +0.000 +54.249  +2.000  +2.000  +2.000  +0.373438
# Info: parameter out of range.
 -31.926 -19.196  -2.426  +3.787  +1.955  +4.574  +0.000  +0.000  +0.707  +0.000  +0.000 +72.890  +2.000  +2.000  +2.000  +0.352800
 -34.115 -12.801  -2.910  +3.545  +1.903  +4.090  +0.000  +0.000  +0.859  +0.000  +0.000 +67.783  +2.000  +2.000  +2.000  +0.462581
 -32.386 -22.794  -2.527  +3.736  +1.944  +4.473  +0.000  +0.000  +0.897  +0.000  +0.000 +70.945  +2.000  +2.000  +2.000  +0.358381
# Info: parameter out of range.
 -32.026 -19.059  -2.448  +3.776  +1.952  +3.677  +0.000  +0.000  +0.916  +0.000  +0.000 +72.629  +2.000  +2.000  +2.000  +0.359326
# Info: parameter out of range.
 -32.517 -19.587  -2.556  +3.722  +1.941  +4.514  +0.000  +0.000  +0.893  +0.000  +0.000 +62.903  +2.000  +2.000  +2.000  +0.355536
# Info: parameter out of range.
 -32.137 -19.149  -3.347  +3.764  +1.950  +4.602  +0.000  +0.000  +0.913  +0.000  +0.000 +72.960  +2.000  +2.000  +2.000  +0.350804
# Info: parameter out of range.
 -32.888 -20.137  -2.542  +3.694  +1.884  +4.467  +0.000  +0.000  +0.882  +0.000  +0.000 +70.318  +2.000  +2.000  +2.000  +0.349847
# Info: parameter out of range.
 -35.794 -19.897  -2.514  +3.706  +1.936  +4.496  +0.000  +0.000  +0.889  +0.000  +0.000 +70.949  +2.000  +2.000  +2.000  +0.346261
# Info: parameter out of range.
 -32.530 -19.669  -2.538  +3.691  +1.939  +4.089  +0.000  +0.000  +0.891  +0.000  +0.000 +71.234  +2.000  +2.000  +2.000  +0.348036
 -33.719 -16.982  -2.731  +3.466  +1.907  +4.435  +0.000  +0.000  +0.834  +0.000  +0.000 +68.805  +2.000  +2.000  +2.000  +0.338406
 -33.889 -19.538  -2.746  +3.416  +1.901  +4.374  +0.000  +0.000  +0.824  +0.000  +0.000 +78.322  +2.000  +2.000  +2.000  +0.324940
# Info: parameter out of range.
 -34.348 -21.243  -2.772  +3.548  +1.875  +4.284  +0.000  +0.000  +0.828  +0.000  +0.000 +67.215  +2.000  +2.000  +2.000  +0.337074
# Info: parameter out of range.
 -32.601 -19.265  -2.550  +3.655  +1.938  +4.509  +0.000  +0.000  +0.792  +0.000  +0.000 +72.432  +2.000  +2.000  +2.000  +0.339793
# Info: parameter out of range.
 -32.736 -19.249  -2.961  +3.637  +1.935  +4.517  +0.000  +0.000  +0.887  +0.000  +0.000 +72.435  +2.000  +2.000  +2.000  +0.338625
# Info: parameter out of range.
 -32.234 -18.780  -2.435  +3.251  +1.947  +4.598  +0.000  +0.000  +0.904  +0.000  +0.000 +73.732  +2.000  +2.000  +2.000  +0.325458
 -34.074 -18.519  -2.770  +3.398  +1.960  +4.358  +0.000  +0.000  +0.830  +0.000  +0.000 +73.463  +2.000  +2.000  +2.000  +0.323137
 -34.818 -18.700  -2.832  +3.328  +1.911  +4.803  +0.000  +0.000  +0.806  +0.000  +0.000 +73.104  +2.000  +2.000  +2.000  +0.324049
 -31.311 -18.172  -2.935  +3.219  +1.907  +4.474  +0.000  +0.000  +0.788  +0.000  +0.000 +73.928  +2.000  +2.000  +2.000  +0.315675
 -34.181 -18.531  -2.996  +3.161  +1.898  +4.452  +0.000  +0.000  +0.883  +0.000  +0.000 +72.818  +2.000  +2.000  +2.000  +0.316468
 -34.408 -18.367  -2.593  +3.060  +1.892  +4.427  +0.000  +0.000  +0.787  +0.000  +0.000 +72.912  +2.000  +2.000  +2.000  +0.319435
 -33.597 -20.980  -2.788  +3.130  +1.916  +4.507  +0.000  +0.000  +0.829  +0.000  +0.000 +77.569  +2.000  +2.000  +2.000  +0.312749
# Info: parameter out of range.
 -33.956 -20.096  -2.767  +3.397  +1.896  +4.391  +0.000  +0.000  +0.830  +0.000  +0.000 +70.848  +2.000  +2.000  +2.000  +0.324050
 -35.325 -19.445  -3.172  +3.276  +1.874  +4.348  +0.000  +0.000  +0.740  +0.000  +0.000 +74.510  +2.000  +2.000  +2.000  +0.329134
 -33.007 -18.946  -2.619  +3.257  +1.928  +4.536  +0.000  +0.000  +0.863  +0.000  +0.000 +73.926  +2.000  +2.000  +2.000  +0.319381
 -33.449 -18.540  -2.829  +3.071  +1.926  +4.613  +0.000  +0.000  +0.830  +0.000  +0.000 +68.820  +2.000  +2.000  +2.000  +0.316377
 -33.255 -17.593  -2.824  +3.009  +1.939  +4.651  +0.000  +0.000  +0.824  +0.000  +0.000 +75.787  +2.000  +2.000  +2.000  +0.315728
 -32.002 -18.713  -2.757  +2.998  +1.931  +4.201  +0.000  +0.000  +0.852  +0.000  +0.000 +74.202  +2.000  +2.000  +2.000  +0.321137
 -32.228 -18.942  -2.815  +2.828  +1.874  +4.607  +0.000  +0.000  +0.834  +0.000  +0.000 +74.028  +2.000  +2.000  +2.000  +0.315039
 -34.357 -18.805  -2.843  +3.185  +1.889  +4.866  +0.000  +0.000  +0.807  +0.000  +0.000 +73.245  +2.000  +2.000  +2.000  +0.318060
 -31.938 -19.261  -3.069  +3.155  +1.927  +4.749  +0.000  +0.000  +0.877  +0.000  +0.000 +74.618  +2.000  +2.000  +2.000  +0.319611
 -33.791 -18.590  -2.712  +3.084  +1.901  +4.508  +0.000  +0.000  +0.810  +0.000  +0.000 +73.339  +2.000  +2.000  +2.000  +0.315153
 -33.536 -18.592  -3.066  +2.914  +1.884  +4.634  +0.000  +0.000  +0.788  +0.000  +0.000 +73.457  +2.000  +2.000  +2.000  +0.311533
 -31.980 -18.680  -2.898  +2.919  +1.922  +4.246  +0.000  +0.000  +0.839  +0.000  +0.000 +74.191  +2.000  +2.000  +2.000  +0.320739
 -33.763 -18.774  -2.857  +3.119  +1.897  +4.711  +0.000  +0.000  +0.815  +0.000  +0.000 +73.482  +2.000  +2.000  +2.000  +0.313879
 -32.052 -19.015  -2.711  +2.933  +1.913  +4.724  +0.000  +0.000  +0.746  +0.000  +0.000 +74.784  +2.000  +2.000  +2.000  +0.314085
# Info: parameter out of range.
 -33.195 -18.686  -2.834  +3.050  +1.915  +4.608  +0.000  +0.000  +0.817  +0.000  +0.000 +71.683  +2.000  +2.000  +2.000  +0.313915
 -32.613 -20.345  -2.856  +3.060  +1.863  +4.542  +0.000  +0.000  +0.782  +0.000  +0.000 +72.281  +2.000  +2.000  +2.000  +0.310885
 -34.882 -20.309  -2.724  +2.810  +1.883  +4.737  +0.000  +0.000  +0.818  +0.000  +0.000 +73.728  +2.000  +2.000  +2.000  +0.315772
 -32.204 -18.706  -2.883  +3.117  +1.901  +4.539  +0.000  +0.000  +0.795  +0.000  +0.000 +73.878  +2.000  +2.000  +2.000  +0.312770
 -32.006 -19.920  -2.990  +2.954  +1.890  +4.710  +0.000  +0.000  +0.792  +0.000  +0.000 +74.452  +2.000  +2.000  +2.000  +0.311441
 -33.513 -19.813  -2.931  +3.241  +1.921  +4.636  +0.000  +0.000  +0.757  +0.000  +0.000 +73.869  +2.000  +2.000  +2.000  +0.314498
 -32.549 -19.159  -2.844  +2.931  +1.886  +4.615  +0.000  +0.000  +0.815  +0.000  +0.000 +73.988  +2.000  +2.000  +2.000  +0.312228
 -33.814 -19.775  -3.068  +3.136  +1.875  +4.492  +0.000  +0.000  +0.862  +0.000  +0.000 +72.913  +2.000  +2.000  +2.000  +0.312327
 -32.825 -20.377  -3.005  +3.040  +1.863  +4.580  +0.000  +0.000  +0.802  +0.000  +0.000 +76.322  +2.000  +2.000  +2.000  +0.308777
 -32.023 -20.690  -3.018  +2.952  +1.872  +4.444  +0.000  +0.000  +0.801  +0.000  +0.000 +75.233  +2.000  +2.000  +2.000  +0.310589
 -33.537 -21.253  -3.026  +2.912  +1.861  +4.592  +0.000  +0.000  +0.823  +0.000  +0.000 +75.176  +2.000  +2.000  +2.000  +0.308474
 -32.129 -19.048  -3.180  +2.845  +1.832  +4.645  +0.000  +0.000  +0.788  +0.000  +0.000 +70.886  +2.000  +2.000  +2.000  +0.309114
 -31.490 -20.070  -2.928  +2.766  +1.863  +4.698  +0.000  +0.000  +0.735  +0.000  +0.000 +75.035  +2.000  +2.000  +2.000  +0.313255
 -33.233 -19.849  -3.033  +3.043  +1.872  +4.544  +0.000  +0.000  +0.830  +0.000  +0.000 +73.444  +2.000  +2.000  +2.000  +0.309927
 -32.926 -20.859  -3.200  +2.999  +1.849  +4.558  +0.000  +0.000  +0.787  +0.000  +0.000 +73.825  +2.000  +2.000  +2.000  +0.307035
 -31.787 -21.993  -3.011  +3.037  +1.842  +4.520  +0.000  +0.000  +0.813  +0.000  +0.000 +74.447  +2.000  +2.000  +2.000  +0.310285
 -33.262 -21.184  -3.092  +3.018  +1.824  +4.396  +0.000  +0.000  +0.815  +0.000  +0.000 +73.451  +2.000  +2.000  +2.000  +0.308865
 -32.818 -20.968  -3.286  +2.902  +1.841  +4.527  +0.000  +0.000  +0.833  +0.000  +0.000 +75.915  +2.000  +2.000  +2.000  +0.307037
 -33.606 -20.693  -3.190  +2.997  +1.824  +4.646  +0.000  +0.000  +0.822  +0.000  +0.000 +73.133  +2.000  +2.000  +2.000  +0.308391
 -34.297 -19.064  -3.242  +2.902  +1.849  +4.602  +0.000  +0.000  +0.811  +0.000  +0.000 +73.591  +2.000  +2.000  +2.000  +0.310752
 -32.415 -21.261  -3.069  +3.003  +1.844  +4.540  +0.000  +0.000  +0.813  +0.000  +0.000 +74.233  +2.000  +2.000  +2.000  +0.308142
 -32.646 -21.561  -3.229  +2.886  +1.812  +4.577  +0.000  +0.000  +0.790  +0.000  +0.000 +74.792  +2.000  +2.000  +2.000  +0.306413
 -33.880 -22.991  -3.094  +3.094  +1.847  +4.459  +0.000  +0.000  +0.833  +0.000  +0.000 +78.325  +2.000  +2.000  +2.000  +0.307489
 -32.901 -21.307  -3.182  +2.940  +1.862  +4.724  +0.000  +0.000  +0.811  +0.000  +0.000 +76.979  +2.000  +2.000  +2.000  +0.307277
 -33.357 -22.347  -3.314  +2.894  +1.821  +4.576  +0.000  +0.000  +0.825  +0.000  +0.000 +74.273  +2.000  +2.000  +2.000  +0.305322
 -32.600 -21.744  -3.364  +3.016  +1.814  +4.560  +0.000  +0.000  +0.806  +0.000  +0.000 +75.193  +2.000  +2.000  +2.000  +0.306587
 -32.280 -22.567  -3.244  +2.936  +1.849  +4.485  +0.000  +0.000  +0.803  +0.000  +0.000 +77.750  +2.000  +2.000  +2.000  +0.308072
 -33.438 -22.325  -3.409  +2.913  +1.830  +4.576  +0.000  +0.000  +0.809  +0.000  +0.000 +77.530  +2.000  +2.000  +2.000  +0.304172
 -33.862 -20.959  -3.275  +2.975  +1.820  +4.655  +0.000  +0.000  +0.821  +0.000  +0.000 +73.958  +2.000  +2.000  +2.000  +0.307330
 -32.257 -20.026  -3.471  +2.787  +1.815  +4.729  +0.000  +0.000  +0.787  +0.000  +0.000 +72.291  +2.000  +2.000  +2.000  +0.306733
 -31.874 -21.825  -3.338  +2.859  +1.841  +4.552  +0.000  +0.000  +0.791  +0.000  +0.000 +76.242  +2.000  +2.000  +2.000  +0.308024
 -33.365 -21.175  -3.291  +2.946  +1.825  +4.629  +0.000  +0.000  +0.813  +0.000  +0.000 +74.529  +2.000  +2.000  +2.000  +0.305862
 -32.951 -21.444  -3.459  +2.896  +1.790  +4.459  +0.000  +0.000  +0.802  +0.000  +0.000 +72.608  +2.000  +2.000  +2.000  +0.306532
 -33.067 -21.902  -3.399  +2.932  +1.799  +4.639  +0.000  +0.000  +0.772  +0.000  +0.000 +72.844  +2.000  +2.000  +2.000  +0.307555
 -32.880 -21.202  -3.314  +2.909  +1.830  +4.555  +0.000  +0.000  +0.817  +0.000  +0.000 +75.148  +2.000  +2.000  +2.000  +0.305783
 -32.948 -22.097  -3.513  +2.813  +1.786  +4.608  +0.000  +0.000  +0.825  +0.000  +0.000 +75.266  +2.000  +2.000  +2.000  +0.304797
 -33.789 -23.447  -3.252  +3.031  +1.812  +4.406  +0.000  +0.000  +0.835  +0.000  +0.000 +77.544  +2.000  +2.000  +2.000  +0.306771
 -32.640 -20.881  -3.416  +2.848  +1.814  +4.649  +0.000  +0.000  +0.799  +0.000  +0.000 +73.604  +2.000  +2.000  +2.000  +0.305563
 -33.456 -21.514  -3.372  +2.760  +1.814  +4.597  +0.000  +0.000  +0.814  +0.000  +0.000 +74.244  +2.000  +2.000  +2.000  +0.306851
 -32.814 -21.686  -3.366  +2.952  +1.814  +4.570  +0.000  +0.000  +0.808  +0.000  +0.000 +74.956  +2.000  +2.000  +2.000  +0.305466
 -33.071 -21.875  -3.254  +2.895  +1.843  +4.726  +0.000  +0.000  +0.820  +0.000  +0.000 +77.416  +2.000  +2.000  +2.000  +0.306163
 -33.482 -21.836  -3.491  +2.907  +1.829  +4.645  +0.000  +0.000  +0.839  +0.000  +0.000 +75.889  +2.000  +2.000  +2.000  +0.304558
 -33.160 -21.513  -3.524  +2.901  +1.794  +4.476  +0.000  +0.000  +0.814  +0.000  +0.000 +72.882  +2.000  +2.000  +2.000  +0.305451
 -32.815 -22.296  -3.546  +2.838  +1.804  +4.535  +0.000  +0.000  +0.821  +0.000  +0.000 +75.358  +2.000  +2.000  +2.000  +0.304411
 -33.283 -22.544  -3.581  +2.857  +1.793  +4.603  +0.000  +0.000  +0.818  +0.000  +0.000 +74.792  +2.000  +2.000  +2.000  +0.303893
 -33.684 -23.279  -3.520  +2.921  +1.803  +4.499  +0.000  +0.000  +0.841  +0.000  +0.000 +76.632  +2.000  +2.000  +2.000  +0.303893
# Info: converged
