# Ds Dp Dd Z1s Z1p Z1d Z2s Z2p Z2d CAs CAp CAd Rs Rp Rd, sum of errors
 -60.000 -40.000  -6.000  +2.000  +1.000  +1.000  +0.000  +0.000  +0.100  +0.000  +0.000  +0.000  +2.000  +2.000  +2.000  +0.741397
 -60.000 -10.000  -2.000  +4.000  +2.000  +5.000  +0.000  +0.000  +1.000  +0.000  +0.000 +80.000  +2.000  +2.000  +2.000  +1.215378
 -30.000 -40.000  -2.000  +4.000  +2.000  +5.000  +0.000  +0.000  +1.000  +0.000  +0.000 +80.000  +2.000  +2.000  +2.000  +1.188142
 -30.000 -10.000  -6.000  +4.000  +2.000  +5.000  +0.000  +0.000  +1.000  +0.000  +0.000 +80.000  +2.000  +2.000  +2.000  +0.853605
 -30.000 -10.000  -2.000  +2.000  +2.000  +5.000  +0.000  +0.000  +1.000  +0.000  +0.000 +80.000  +2.000  +2.000  +2.000  +0.735206
 -30.000 -10.000  -2.000  +4.000  +1.000  +5.000  +0.000  +0.000  +1.000  +0.000  +0.000 +80.000  +2.000  +2.000  +2.000  +1.132876
 -30.000 -10.000  -2.000  +4.000  +2.000  +1.000  +0.000  +0.000  +1.000  +0.000  +0.000 +80.000  +2.000  +2.000  +2.000  +0.746830
 -30.000 -10.000  -2.000  +4.000  +2.000  +5.000  +0.000  +0.000  +0.100  +0.000  +0.000 +80.000  +2.000  +2.000  +2.000  +0.682998
 -30.000 -10.000  -2.000  +4.000  +2.000  +5.000  +0.000  +0.000  +1.000  +0.000  +0.000  +0.000  +2.000  +2.000  +2.000  +0.686348
# Info: parameter out of range.
 -46.875 -13.750  -2.500  +3.750  +1.875  +4.500  +0.000  +0.000  +0.887  +0.000  +0.000 +70.000  +2.000  +2.000  +2.000  +0.642758
# Info: parameter out of range.
 -32.930 -27.109  -2.531  +3.734  +1.867  +4.469  +0.000  +0.000  +0.880  +0.000  +0.000 +69.375  +2.000  +2.000  +2.000  +0.573494
# Info: parameter out of range.
 -33.113 -13.179  -2.564  +3.718  +1.421  +4.436  +0.000  +0.000  +0.873  +0.000  +0.000 +68.711  +2.000  +2.000  +2.000  +0.582893
# Info: parameter out of range.
 -33.307 -13.377  -4.350  +3.700  +1.885  +4.400  +0.000  +0.000  +0.865  +0.000  +0.000 +68.005  +2.000  +2.000  +2.000  +0.519885
# Info: parameter out of range.
 -33.514 -13.588  -2.497  +3.681  +1.878  +2.613  +0.000  +0.000  +0.857  +0.000  +0.000 +67.256  +2.000  +2.000  +2.000  +0.490327
# Info: parameter out of range.
 -46.859 -26.938  -4.278  +2.786  +1.433  +2.714  +0.000  +0.000  +0.454  +0.000  +0.000 +31.459  +2.000  +2.000  +2.000  +0.405741
# Info: parameter out of range.
 -32.912 -12.996  -2.420  +2.836  +1.897  +4.571  +0.000  +0.000  +0.870  +0.000  +0.000 +68.425  +2.000  +2.000  +2.000  +0.540194
# Info: parameter out of range.
 -33.094 -13.184  -2.446  +3.763  +1.891  +4.544  +0.000  +0.000  +0.862  +0.000  +0.000 +32.702  +2.000  +2.000  +2.000  +0.488482
# Info: parameter out of range.
 -33.288 -13.383  -2.474  +3.748  +1.884  +4.515  +0.000  +0.000  +0.459  +0.000  +0.000 +69.746  +2.000  +2.000  +2.000  +0.467576
# Info: parameter out of range.
 -40.876 -15.235  -2.722  +3.623  +1.822  +4.266  +0.000  +0.000  +0.826  +0.000  +0.000 +64.730  +2.000  +2.000  +2.000  +0.460998
# Info: parameter out of range.
 -34.480 -15.077  -2.765  +3.601  +1.621  +4.223  +0.000  +0.000  +0.816  +0.000  +0.000 +63.837  +2.000  +2.000  +2.000  +0.420091
# Info: parameter out of range.
 -34.486 -21.291  -2.763  +3.601  +1.828  +4.225  +0.000  +0.000  +0.816  +0.000  +0.000 +63.823  +2.000  +2.000  +2.000  +0.327213
# Info: parameter out of range.
 -34.575 -14.753  -2.728  +3.199  +1.839  +4.254  +0.000  +0.000  +0.807  +0.000  +0.000 +63.060  +2.000  +2.000  +2.000  +0.441715
# Info: parameter out of range.
 -34.852 -15.029  -3.592  +3.600  +1.830  +4.160  +0.000  +0.000  +0.801  +0.000  +0.000 +62.541  +2.000  +2.000  +2.000  +0.421889
# Info: parameter out of range.
 -35.039 -15.225  -2.734  +3.586  +1.823  +3.363  +0.000  +0.000  +0.793  +0.000  +0.000 +61.871  +2.000  +2.000  +2.000  +0.407661
# Info: parameter out of range.
 -34.951 -15.150  -2.727  +3.615  +1.826  +4.254  +0.000  +0.000  +0.792  +0.000  +0.000 +46.418  +2.000  +2.000  +2.000  +0.401117
# Info: parameter out of range.
 -35.151 -15.360  -2.756  +3.600  +1.818  +4.224  +0.000  +0.000  +0.611  +0.000  +0.000 +63.482  +2.000  +2.000  +2.000  +0.387628
 -31.722 -19.471  -3.363  +3.274  +1.682  +3.588  +0.000  +0.000  +0.646  +0.000  +0.000 +49.393  +2.000  +2.000  +2.000  +0.339217
 -37.310 -21.132  -3.516  +3.717  +1.626  +3.434  +0.000  +0.000  +0.625  +0.000  +0.000 +47.646  +2.000  +2.000  +2.000  +0.239574
 -37.647 -22.382  -2.633  +3.345  +1.584  +3.346  +0.000  +0.000  +0.587  +0.000  +0.000 +44.441  +2.000  +2.000  +2.000  +0.286990
 -38.811 -24.160  -3.428  +3.280  +1.785  +3.063  +0.000  +0.000  +0.515  +0.000  +0.000 +38.296  +2.000  +2.000  +2.000  +0.394236
 -39.195 -26.246  -3.632  +3.219  +1.572  +3.849  +0.000  +0.000  +0.468  +0.000  +0.000 +34.368  +2.000  +2.000  +2.000  +0.409811
 -36.078 -17.980  -2.958  +3.494  +1.761  +3.484  +0.000  +0.000  +0.712  +0.000  +0.000 +54.995  +2.000  +2.000  +2.000  +0.309347
# Info: parameter out of range.
 -41.314 -23.277  -3.648  +3.139  +1.586  +3.208  +0.000  +0.000  +0.558  +0.000  +0.000 +41.260  +2.000  +2.000  +2.000  +0.310878
 -38.179 -26.113  -3.539  +3.247  +1.592  +2.889  +0.000  +0.000  +0.476  +0.000  +0.000 +54.416  +2.000  +2.000  +2.000  +0.411004
 -35.758 -17.891  -2.930  +3.523  +1.767  +3.913  +0.000  +0.000  +0.713  +0.000  +0.000 +48.417  +2.000  +2.000  +2.000  +0.307299
 -33.556 -15.536  -2.714  +3.643  +1.629  +4.292  +0.000  +0.000  +0.802  +0.000  +0.000 +65.068  +2.000  +2.000  +2.000  +0.391552
 -37.497 -22.004  -3.249  +3.371  +1.746  +3.370  +0.000  +0.000  +0.587  +0.000  +0.000 +44.989  +2.000  +2.000  +2.000  +0.314662
 -37.801 -25.997  -3.509  +3.266  +1.577  +2.918  +0.000  +0.000  +0.700  +0.000  +0.000 +35.259  +2.000  +2.000  +2.000  +0.394673
 -35.814 -18.019  -2.944  +3.516  +1.758  +3.897  +0.000  +0.000  +0.633  +0.000  +0.000 +56.426  +2.000  +2.000  +2.000  +0.302247
 -42.254 -21.523  -2.797  +3.652  +1.732  +3.632  +0.000  +0.000  +0.662  +0.000  +0.000 +51.107  +2.000  +2.000  +2.000  +0.246218
 -41.432 -19.761  -3.406  +3.338  +1.562  +2.846  +0.000  +0.000  +0.454  +0.000  +0.000 +33.498  +2.000  +2.000  +2.000  +0.289915
 -39.405 -18.487  -2.959  +3.560  +1.598  +3.570  +0.000  +0.000  +0.649  +0.000  +0.000 +49.458  +2.000  +2.000  +2.000  +0.295963
 -35.110 -16.017  -2.388  +3.898  +1.761  +3.823  +0.000  +0.000  +0.700  +0.000  +0.000 +55.237  +2.000  +2.000  +2.000  +0.351972
 -39.763 -21.462  -3.333  +3.328  +1.630  +3.362  +0.000  +0.000  +0.594  +0.000  +0.000 +44.754  +2.000  +2.000  +2.000  +0.270907
 -41.268 -22.184  -3.171  +3.501  +1.554  +3.516  +0.000  +0.000  +0.517  +0.000  +0.000 +38.941  +2.000  +2.000  +2.000  +0.244418
 -42.965 -23.347  -3.260  +3.466  +1.494  +2.988  +0.000  +0.000  +0.468  +0.000  +0.000 +43.151  +2.000  +2.000  +2.000  +0.244031
 -44.697 -24.551  -3.325  +3.461  +1.437  +2.776  +0.000  +0.000  +0.506  +0.000  +0.000 +31.823  +2.000  +2.000  +2.000  +0.241436
 -42.429 -25.598  -3.401  +3.392  +1.556  +2.905  +0.000  +0.000  +0.454  +0.000  +0.000 +34.382  +2.000  +2.000  +2.000  +0.306515
 -40.161 -20.265  -3.070  +3.518  +1.588  +3.403  +0.000  +0.000  +0.600  +0.000  +0.000 +45.689  +2.000  +2.000  +2.000  +0.255370
 -40.084 -24.450  -2.870  +3.659  +1.599  +3.767  +0.000  +0.000  +0.686  +0.000  +0.000 +53.390  +2.000  +2.000  +2.000  +0.264855
 -44.478 -22.347  -3.702  +3.731  +1.581  +3.373  +0.000  +0.000  +0.577  +0.000  +0.000 +44.684  +2.000  +2.000  +2.000  +0.225582
 -43.541 -23.488  -3.095  +3.848  +1.523  +3.360  +0.000  +0.000  +0.566  +0.000  +0.000 +44.353  +2.000  +2.000  +2.000  +0.208356
 -44.084 -20.259  -3.614  +3.565  +1.534  +2.853  +0.000  +0.000  +0.444  +0.000  +0.000 +33.458  +2.000  +2.000  +2.000  +0.290322
 -41.084 -23.403  -3.056  +3.635  +1.583  +3.539  +0.000  +0.000  +0.626  +0.000  +0.000 +48.407  +2.000  +2.000  +2.000  +0.235561
 -44.238 -25.229  -3.411  +3.734  +1.545  +3.250  +0.000  +0.000  +0.536  +0.000  +0.000 +41.839  +2.000  +2.000  +2.000  +0.229539
 -42.641 -24.897  -3.837  +3.621  +1.354  +2.927  +0.000  +0.000  +0.444  +0.000  +0.000 +34.104  +2.000  +2.000  +2.000  +0.248701
 -42.351 -22.366  -3.057  +3.644  +1.637  +3.455  +0.000  +0.000  +0.607  +0.000  +0.000 +46.856  +2.000  +2.000  +2.000  +0.231956
 -43.898 -24.281  -3.434  +3.808  +1.553  +3.028  +0.000  +0.000  +0.611  +0.000  +0.000 +48.248  +2.000  +2.000  +2.000  +0.204625
 -42.434 -23.352  -3.389  +3.928  +1.627  +3.566  +0.000  +0.000  +0.696  +0.000  +0.000 +45.314  +2.000  +2.000  +2.000  +0.201354
# Info: parameter out of range.
 -43.557 -23.875  -3.329  +3.608  +1.511  +3.076  +0.000  +0.000  +0.556  +0.000  +0.000 +38.871  +2.000  +2.000  +2.000  +0.225131
 -49.086 -25.953  -3.102  +3.767  +1.514  +3.228  +0.000  +0.000  +0.568  +0.000  +0.000 +41.998  +2.000  +2.000  +2.000  +0.230775
 -47.312 -24.320  -3.574  +3.882  +1.539  +3.045  +0.000  +0.000  +0.554  +0.000  +0.000 +39.634  +2.000  +2.000  +2.000  +0.207926
 -47.285 -25.845  -3.702  +3.932  +1.461  +3.026  +0.000  +0.000  +0.559  +0.000  +0.000 +39.379  +2.000  +2.000  +2.000  +0.196871
 -40.100 -22.232  -3.806  +3.850  +1.571  +3.203  +0.000  +0.000  +0.595  +0.000  +0.000 +43.583  +2.000  +2.000  +2.000  +0.208030
 -43.913 -22.207  -3.597  +3.912  +1.547  +3.169  +0.000  +0.000  +0.642  +0.000  +0.000 +44.178  +2.000  +2.000  +2.000  +0.212128
 -43.532 -25.053  -3.279  +3.961  +1.502  +2.996  +0.000  +0.000  +0.617  +0.000  +0.000 +41.205  +2.000  +2.000  +2.000  +0.192328
# Info: parameter out of range.
 -43.779 -23.861  -3.406  +3.749  +1.526  +3.125  +0.000  +0.000  +0.580  +0.000  +0.000 +41.054  +2.000  +2.000  +2.000  +0.209810
 -44.057 -25.902  -3.325  +3.827  +1.529  +3.168  +0.000  +0.000  +0.552  +0.000  +0.000 +41.515  +2.000  +2.000  +2.000  +0.227623
 -43.949 -23.130  -3.529  +3.891  +1.542  +3.169  +0.000  +0.000  +0.620  +0.000  +0.000 +43.512  +2.000  +2.000  +2.000  +0.200357
# Info: parameter out of range.
 -43.893 -23.912  -3.441  +3.818  +1.533  +3.150  +0.000  +0.000  +0.591  +0.000  +0.000 +42.104  +2.000  +2.000  +2.000  +0.203107
 -44.560 -24.543  -3.943  +3.920  +1.559  +2.935  +0.000  +0.000  +0.644  +0.000  +0.000 +41.391  +2.000  +2.000  +2.000  +0.189283
 -49.116 -26.378  -3.266  +3.935  +1.508  +3.026  +0.000  +0.000  +0.628  +0.000  +0.000 +41.614  +2.000  +2.000  +2.000  +0.205953
 -42.355 -24.803  -3.422  +3.917  +1.532  +3.178  +0.000  +0.000  +0.688  +0.000  +0.000 +46.058  +2.000  +2.000  +2.000  +0.200202
 -38.861 -22.352  -3.768  +3.859  +1.569  +3.236  +0.000  +0.000  +0.629  +0.000  +0.000 +45.189  +2.000  +2.000  +2.000  +0.213930
 -46.552 -25.372  -3.392  +3.916  +1.523  +3.078  +0.000  +0.000  +0.628  +0.000  +0.000 +42.508  +2.000  +2.000  +2.000  +0.197475
# Info: parameter out of range.
 -44.109 -24.391  -3.473  +3.859  +1.544  +3.083  +0.000  +0.000  +0.620  +0.000  +0.000 +45.466  +2.000  +2.000  +2.000  +0.198722
# Info: parameter out of range.
 -44.120 -24.237  -3.479  +3.867  +1.535  +3.139  +0.000  +0.000  +0.613  +0.000  +0.000 +42.604  +2.000  +2.000  +2.000  +0.197762
 -46.682 -25.991  -3.666  +3.888  +1.422  +2.585  +0.000  +0.000  +0.551  +0.000  +0.000 +40.217  +2.000  +2.000  +2.000  +0.199068
 -45.850 -26.929  -3.560  +3.924  +1.477  +2.837  +0.000  +0.000  +0.610  +0.000  +0.000 +41.195  +2.000  +2.000  +2.000  +0.204335
 -44.424 -24.080  -3.536  +3.899  +1.526  +3.086  +0.000  +0.000  +0.617  +0.000  +0.000 +42.933  +2.000  +2.000  +2.000  +0.194273
 -47.961 -25.075  -3.695  +3.894  +1.486  +2.804  +0.000  +0.000  +0.525  +0.000  +0.000 +37.868  +2.000  +2.000  +2.000  +0.203373
 -43.756 -24.871  -3.490  +3.911  +1.520  +3.085  +0.000  +0.000  +0.647  +0.000  +0.000 +44.010  +2.000  +2.000  +2.000  +0.194095
 -42.903 -23.607  -3.408  +3.929  +1.620  +3.522  +0.000  +0.000  +0.685  +0.000  +0.000 +44.657  +2.000  +2.000  +2.000  +0.201047
 -45.737 -25.395  -3.601  +3.898  +1.472  +2.819  +0.000  +0.000  +0.585  +0.000  +0.000 +41.327  +2.000  +2.000  +2.000  +0.192611
 -45.882 -25.458  -3.633  +3.967  +1.481  +2.959  +0.000  +0.000  +0.607  +0.000  +0.000 +38.373  +2.000  +2.000  +2.000  +0.187717
 -46.312 -25.918  -3.666  +3.984  +1.476  +2.857  +0.000  +0.000  +0.613  +0.000  +0.000 +40.178  +2.000  +2.000  +2.000  +0.184949
 -43.820 -24.919  -3.821  +3.952  +1.476  +2.862  +0.000  +0.000  +0.595  +0.000  +0.000 +39.692  +2.000  +2.000  +2.000  +0.187146
 -42.221 -24.215  -3.541  +3.941  +1.543  +2.873  +0.000  +0.000  +0.673  +0.000  +0.000 +42.898  +2.000  +2.000  +2.000  +0.190688
 -44.531 -26.013  -3.707  +3.985  +1.481  +2.761  +0.000  +0.000  +0.628  +0.000  +0.000 +39.336  +2.000  +2.000  +2.000  +0.185964
 -45.393 -25.507  -3.807  +3.991  +1.477  +2.681  +0.000  +0.000  +0.594  +0.000  +0.000 +37.090  +2.000  +2.000  +2.000  +0.180093
# Info: parameter out of range.
 -45.134 -25.299  -3.638  +3.930  +1.486  +2.842  +0.000  +0.000  +0.603  +0.000  +0.000 +40.674  +2.000  +2.000  +2.000  +0.188162
 -45.932 -25.415  -4.160  +3.956  +1.492  +2.697  +0.000  +0.000  +0.622  +0.000  +0.000 +38.703  +2.000  +2.000  +2.000  +0.179046
 -48.170 -26.554  -4.053  +3.980  +1.440  +2.775  +0.000  +0.000  +0.554  +0.000  +0.000 +35.961  +2.000  +2.000  +2.000  +0.188569
# Info: parameter out of range.
 -45.103 -25.089  -3.877  +3.944  +1.518  +2.870  +0.000  +0.000  +0.623  +0.000  +0.000 +40.071  +2.000  +2.000  +2.000  +0.185161
 -42.357 -24.351  -3.524  +3.947  +1.532  +2.857  +0.000  +0.000  +0.667  +0.000  +0.000 +42.568  +2.000  +2.000  +2.000  +0.189696
 -46.717 -26.003  -3.921  +3.972  +1.463  +2.796  +0.000  +0.000  +0.582  +0.000  +0.000 +37.612  +2.000  +2.000  +2.000  +0.184568
# Info: parameter out of range.
 -45.298 -25.420  -3.731  +3.950  +1.484  +2.826  +0.000  +0.000  +0.606  +0.000  +0.000 +39.778  +2.000  +2.000  +2.000  +0.185574
 -44.894 -25.613  -4.040  +3.967  +1.486  +2.629  +0.000  +0.000  +0.608  +0.000  +0.000 +39.742  +2.000  +2.000  +2.000  +0.179323
 -47.224 -26.325  -3.906  +3.985  +1.493  +2.667  +0.000  +0.000  +0.624  +0.000  +0.000 +38.436  +2.000  +2.000  +2.000  +0.183215
 -47.187 -25.309  -4.070  +3.953  +1.491  +2.745  +0.000  +0.000  +0.590  +0.000  +0.000 +38.566  +2.000  +2.000  +2.000  +0.185875
 -45.195 -25.837  -3.798  +3.977  +1.484  +2.757  +0.000  +0.000  +0.618  +0.000  +0.000 +39.144  +2.000  +2.000  +2.000  +0.182883
 -46.395 -26.007  -4.063  +3.995  +1.488  +2.662  +0.000  +0.000  +0.616  +0.000  +0.000 +37.966  +2.000  +2.000  +2.000  +0.177970
# Info: parameter out of range.
 -45.556 -25.459  -3.898  +3.961  +1.500  +2.794  +0.000  +0.000  +0.616  +0.000  +0.000 +39.340  +2.000  +2.000  +2.000  +0.182721
 -45.514 -25.624  -4.232  +3.967  +1.495  +2.564  +0.000  +0.000  +0.607  +0.000  +0.000 +36.830  +2.000  +2.000  +2.000  +0.176315
 -44.809 -25.444  -4.055  +3.978  +1.516  +2.567  +0.000  +0.000  +0.644  +0.000  +0.000 +39.200  +2.000  +2.000  +2.000  +0.178423
 -43.697 -24.901  -4.107  +3.963  +1.491  +2.671  +0.000  +0.000  +0.607  +0.000  +0.000 +38.568  +2.000  +2.000  +2.000  +0.179948
 -45.352 -25.156  -4.293  +3.968  +1.503  +2.559  +0.000  +0.000  +0.610  +0.000  +0.000 +37.716  +2.000  +2.000  +2.000  +0.175064
 -44.941 -25.458  -4.291  +3.985  +1.487  +2.463  +0.000  +0.000  +0.610  +0.000  +0.000 +37.113  +2.000  +2.000  +2.000  +0.172429
 -44.991 -25.397  -4.503  +3.953  +1.512  +2.522  +0.000  +0.000  +0.638  +0.000  +0.000 +39.369  +2.000  +2.000  +2.000  +0.175352
 -47.009 -26.127  -4.302  +3.979  +1.504  +2.495  +0.000  +0.000  +0.632  +0.000  +0.000 +38.092  +2.000  +2.000  +2.000  +0.177248
 -46.341 -25.544  -4.435  +3.978  +1.513  +2.503  +0.000  +0.000  +0.636  +0.000  +0.000 +36.506  +2.000  +2.000  +2.000  +0.173580
 -45.406 -25.775  -4.384  +3.994  +1.512  +2.387  +0.000  +0.000  +0.626  +0.000  +0.000 +36.995  +2.000  +2.000  +2.000  +0.173357
 -46.679 -25.828  -4.570  +3.977  +1.487  +2.472  +0.000  +0.000  +0.600  +0.000  +0.000 +35.947  +2.000  +2.000  +2.000  +0.171840
 -45.163 -25.220  -4.690  +3.956  +1.515  +2.329  +0.000  +0.000  +0.624  +0.000  +0.000 +36.676  +2.000  +2.000  +2.000  +0.170519
 -44.087 -24.873  -4.548  +3.965  +1.502  +2.455  +0.000  +0.000  +0.606  +0.000  +0.000 +36.196  +2.000  +2.000  +2.000  +0.172509
 -45.226 -25.189  -4.696  +3.977  +1.513  +2.359  +0.000  +0.000  +0.631  +0.000  +0.000 +37.300  +2.000  +2.000  +2.000  +0.168659
 -45.808 -25.363  -4.474  +3.997  +1.496  +2.360  +0.000  +0.000  +0.598  +0.000  +0.000 +34.243  +2.000  +2.000  +2.000  +0.168585
 -45.561 -25.657  -4.729  +3.989  +1.504  +2.273  +0.000  +0.000  +0.623  +0.000  +0.000 +35.028  +2.000  +2.000  +2.000  +0.166677
 -44.376 -25.297  -4.660  +3.982  +1.491  +2.271  +0.000  +0.000  +0.593  +0.000  +0.000 +35.869  +2.000  +2.000  +2.000  +0.168124
 -45.054 -24.946  -4.781  +3.963  +1.487  +2.359  +0.000  +0.000  +0.595  +0.000  +0.000 +35.098  +2.000  +2.000  +2.000  +0.170025
 -46.615 -25.866  -4.675  +3.991  +1.493  +2.267  +0.000  +0.000  +0.613  +0.000  +0.000 +35.622  +2.000  +2.000  +2.000  +0.166768
 -46.180 -25.383  -5.028  +3.973  +1.510  +2.209  +0.000  +0.000  +0.609  +0.000  +0.000 +34.333  +2.000  +2.000  +2.000  +0.165306
 -44.318 -24.902  -4.863  +3.980  +1.515  +2.135  +0.000  +0.000  +0.622  +0.000  +0.000 +35.095  +2.000  +2.000  +2.000  +0.165411
# Info: parameter out of range.
 -45.278 -25.273  -4.714  +3.969  +1.508  +2.304  +0.000  +0.000  +0.617  +0.000  +0.000 +36.000  +2.000  +2.000  +2.000  +0.168403
# Info: parameter out of range.
 -45.237 -25.156  -4.755  +3.972  +1.495  +2.315  +0.000  +0.000  +0.604  +0.000  +0.000 +35.267  +2.000  +2.000  +2.000  +0.167682
 -45.617 -25.536  -4.779  +3.986  +1.489  +2.174  +0.000  +0.000  +0.589  +0.000  +0.000 +33.065  +2.000  +2.000  +2.000  +0.164239
 -44.987 -25.405  -5.077  +3.964  +1.505  +2.127  +0.000  +0.000  +0.619  +0.000  +0.000 +35.827  +2.000  +2.000  +2.000  +0.164564
 -45.445 -25.528  -4.927  +3.991  +1.493  +2.139  +0.000  +0.000  +0.601  +0.000  +0.000 +34.027  +2.000  +2.000  +2.000  +0.162440
 -46.614 -25.562  -5.048  +3.980  +1.510  +2.139  +0.000  +0.000  +0.626  +0.000  +0.000 +33.697  +2.000  +2.000  +2.000  +0.164049
 -46.097 -25.803  -5.026  +3.991  +1.509  +2.050  +0.000  +0.000  +0.621  +0.000  +0.000 +33.906  +2.000  +2.000  +2.000  +0.162677
 -44.590 -25.078  -5.194  +3.973  +1.516  +2.045  +0.000  +0.000  +0.615  +0.000  +0.000 +33.122  +2.000  +2.000  +2.000  +0.162856
 -45.401 -25.142  -5.257  +3.970  +1.508  +1.982  +0.000  +0.000  +0.602  +0.000  +0.000 +33.240  +2.000  +2.000  +2.000  +0.161353
 -46.915 -25.957  -5.221  +3.977  +1.495  +2.081  +0.000  +0.000  +0.599  +0.000  +0.000 +32.709  +2.000  +2.000  +2.000  +0.161930
 -45.236 -25.619  -5.104  +3.985  +1.497  +1.975  +0.000  +0.000  +0.609  +0.000  +0.000 +33.066  +2.000  +2.000  +2.000  +0.160355
 -46.491 -25.651  -5.062  +3.999  +1.499  +2.019  +0.000  +0.000  +0.596  +0.000  +0.000 +30.881  +2.000  +2.000  +2.000  +0.159978
 -46.080 -25.549  -5.431  +3.980  +1.517  +1.933  +0.000  +0.000  +0.628  +0.000  +0.000 +33.097  +2.000  +2.000  +2.000  +0.159793
 -44.950 -25.520  -5.258  +3.986  +1.498  +1.917  +0.000  +0.000  +0.592  +0.000  +0.000 +32.315  +2.000  +2.000  +2.000  +0.159217
 -47.064 -26.115  -5.127  +3.997  +1.488  +1.979  +0.000  +0.000  +0.597  +0.000  +0.000 +32.688  +2.000  +2.000  +2.000  +0.159583
 -45.799 -25.467  -5.321  +3.980  +1.489  +1.956  +0.000  +0.000  +0.585  +0.000  +0.000 +31.599  +2.000  +2.000  +2.000  +0.158758
 -46.539 -25.727  -5.518  +3.978  +1.505  +1.822  +0.000  +0.000  +0.602  +0.000  +0.000 +30.872  +2.000  +2.000  +2.000  +0.157707
 -44.975 -25.241  -5.298  +3.992  +1.505  +1.815  +0.000  +0.000  +0.604  +0.000  +0.000 +31.730  +2.000  +2.000  +2.000  +0.157988
# Info: parameter out of range.
 -45.646 -25.377  -5.261  +3.979  +1.504  +1.954  +0.000  +0.000  +0.602  +0.000  +0.000 +32.635  +2.000  +2.000  +2.000  +0.159789
 -46.650 -25.543  -5.465  +3.988  +1.505  +1.874  +0.000  +0.000  +0.592  +0.000  +0.000 +30.888  +2.000  +2.000  +2.000  +0.158101
 -45.435 -25.484  -5.608  +3.971  +1.504  +1.794  +0.000  +0.000  +0.604  +0.000  +0.000 +33.075  +2.000  +2.000  +2.000  +0.157437
 -45.685 -25.569  -5.283  +3.988  +1.483  +1.845  +0.000  +0.000  +0.566  +0.000  +0.000 +30.854  +2.000  +2.000  +2.000  +0.157636
 -46.128 -25.790  -5.459  +3.992  +1.491  +1.796  +0.000  +0.000  +0.584  +0.000  +0.000 +30.870  +2.000  +2.000  +2.000  +0.155484
 -44.476 -24.971  -5.675  +3.972  +1.507  +1.725  +0.000  +0.000  +0.585  +0.000  +0.000 +30.363  +2.000  +2.000  +2.000  +0.158336
 -46.472 -25.428  -5.649  +3.979  +1.499  +1.739  +0.000  +0.000  +0.589  +0.000  +0.000 +30.248  +2.000  +2.000  +2.000  +0.157199
 -45.791 -25.471  -5.668  +3.985  +1.510  +1.646  +0.000  +0.000  +0.597  +0.000  +0.000 +30.626  +2.000  +2.000  +2.000  +0.155946
 -47.443 -26.093  -5.312  +3.997  +1.493  +1.857  +0.000  +0.000  +0.600  +0.000  +0.000 +31.928  +2.000  +2.000  +2.000  +0.158363
 -45.218 -25.251  -5.584  +3.978  +1.504  +1.758  +0.000  +0.000  +0.589  +0.000  +0.000 +30.754  +2.000  +2.000  +2.000  +0.156990
 -44.911 -25.447  -5.552  +3.977  +1.496  +1.680  +0.000  +0.000  +0.591  +0.000  +0.000 +31.369  +2.000  +2.000  +2.000  +0.156909
 -46.569 -25.801  -5.781  +3.970  +1.493  +1.706  +0.000  +0.000  +0.576  +0.000  +0.000 +30.436  +2.000  +2.000  +2.000  +0.155389
 -45.013 -25.333  -5.628  +3.982  +1.490  +1.669  +0.000  +0.000  +0.572  +0.000  +0.000 +31.186  +2.000  +2.000  +2.000  +0.156364
 -45.699 -25.432  -5.949  +3.970  +1.514  +1.602  +0.000  +0.000  +0.609  +0.000  +0.000 +31.288  +2.000  +2.000  +2.000  +0.155894
 -46.015 -25.505  -5.709  +3.987  +1.494  +1.606  +0.000  +0.000  +0.572  +0.000  +0.000 +28.619  +2.000  +2.000  +2.000  +0.154781
 -44.864 -25.580  -5.684  +3.981  +1.499  +1.626  +0.000  +0.000  +0.584  +0.000  +0.000 +31.039  +2.000  +2.000  +2.000  +0.156235
 -46.030 -25.838  -5.773  +3.983  +1.493  +1.574  +0.000  +0.000  +0.583  +0.000  +0.000 +30.604  +2.000  +2.000  +2.000  +0.154071
 -46.617 -25.740  -5.861  +3.985  +1.500  +1.626  +0.000  +0.000  +0.578  +0.000  +0.000 +29.799  +2.000  +2.000  +2.000  +0.154278
 -46.916 -25.956  -5.843  +3.981  +1.509  +1.627  +0.000  +0.000  +0.598  +0.000  +0.000 +29.634  +2.000  +2.000  +2.000  +0.155749
 -47.577 -25.803  -5.827  +3.982  +1.502  +1.669  +0.000  +0.000  +0.591  +0.000  +0.000 +29.430  +2.000  +2.000  +2.000  +0.157215
 -45.543 -25.636  -5.719  +3.981  +1.500  +1.637  +0.000  +0.000  +0.585  +0.000  +0.000 +30.637  +2.000  +2.000  +2.000  +0.155007
 -46.588 -25.953  -5.856  +3.978  +1.488  +1.647  +0.000  +0.000  +0.575  +0.000  +0.000 +29.846  +2.000  +2.000  +2.000  +0.153537
 -46.902 -26.123  -5.551  +3.994  +1.478  +1.703  +0.000  +0.000  +0.554  +0.000  +0.000 +28.824  +2.000  +2.000  +2.000  +0.154192
 -45.682 -25.640  -5.584  +3.986  +1.475  +1.697  +0.000  +0.000  +0.554  +0.000  +0.000 +30.275  +2.000  +2.000  +2.000  +0.155585
 -46.607 -25.877  -5.779  +3.982  +1.500  +1.644  +0.000  +0.000  +0.587  +0.000  +0.000 +29.794  +2.000  +2.000  +2.000  +0.154676
# Info: parameter out of range.
 -46.244 -25.799  -5.606  +3.987  +1.492  +1.720  +0.000  +0.000  +0.580  +0.000  +0.000 +30.345  +2.000  +2.000  +2.000  +0.154706
 -46.067 -25.817  -5.683  +4.000  +1.494  +1.584  +0.000  +0.000  +0.577  +0.000  +0.000 +29.180  +2.000  +2.000  +2.000  +0.153157
 -47.225 -26.028  -5.735  +3.993  +1.485  +1.639  +0.000  +0.000  +0.566  +0.000  +0.000 +28.616  +2.000  +2.000  +2.000  +0.154063
 -47.055 -26.289  -5.752  +3.988  +1.488  +1.679  +0.000  +0.000  +0.577  +0.000  +0.000 +30.633  +2.000  +2.000  +2.000  +0.154004
 -47.029 -26.117  -5.891  +3.989  +1.490  +1.555  +0.000  +0.000  +0.569  +0.000  +0.000 +28.979  +2.000  +2.000  +2.000  +0.153042
 -46.771 -26.099  -5.747  +3.995  +1.478  +1.607  +0.000  +0.000  +0.558  +0.000  +0.000 +29.326  +2.000  +2.000  +2.000  +0.152842
 -46.800 -26.326  -5.636  +3.995  +1.473  +1.621  +0.000  +0.000  +0.562  +0.000  +0.000 +29.203  +2.000  +2.000  +2.000  +0.153055
 -46.489 -25.994  -5.967  +3.986  +1.494  +1.524  +0.000  +0.000  +0.588  +0.000  +0.000 +30.273  +2.000  +2.000  +2.000  +0.152833
 -47.476 -26.317  -5.794  +3.998  +1.480  +1.639  +0.000  +0.000  +0.561  +0.000  +0.000 +28.409  +2.000  +2.000  +2.000  +0.152663
 -46.344 -26.201  -5.846  +3.989  +1.486  +1.575  +0.000  +0.000  +0.576  +0.000  +0.000 +30.346  +2.000  +2.000  +2.000  +0.152708
 -46.336 -25.917  -5.853  +3.994  +1.483  +1.509  +0.000  +0.000  +0.564  +0.000  +0.000 +28.258  +2.000  +2.000  +2.000  +0.152488
# Info: parameter out of range.
 -46.626 -26.026  -5.829  +3.985  +1.486  +1.612  +0.000  +0.000  +0.572  +0.000  +0.000 +29.546  +2.000  +2.000  +2.000  +0.153003
 -47.401 -26.432  -5.958  +3.983  +1.474  +1.577  +0.000  +0.000  +0.560  +0.000  +0.000 +29.405  +2.000  +2.000  +2.000  +0.152376
# Info: parameter out of range.
 -46.805 -26.232  -5.749  +3.992  +1.479  +1.598  +0.000  +0.000  +0.565  +0.000  +0.000 +29.260  +2.000  +2.000  +2.000  +0.152685
 -46.533 -26.188  -5.795  +3.992  +1.475  +1.606  +0.000  +0.000  +0.567  +0.000  +0.000 +29.727  +2.000  +2.000  +2.000  +0.152193
 -46.913 -26.319  -5.848  +3.997  +1.476  +1.546  +0.000  +0.000  +0.562  +0.000  +0.000 +29.205  +2.000  +2.000  +2.000  +0.151807
 -46.803 -26.301  -5.955  +3.988  +1.483  +1.536  +0.000  +0.000  +0.578  +0.000  +0.000 +29.395  +2.000  +2.000  +2.000  +0.151888
 -47.164 -26.483  -5.733  +3.997  +1.465  +1.623  +0.000  +0.000  +0.545  +0.000  +0.000 +28.229  +2.000  +2.000  +2.000  +0.152194
 -47.514 -26.346  -5.825  +3.996  +1.467  +1.583  +0.000  +0.000  +0.550  +0.000  +0.000 +27.626  +2.000  +2.000  +2.000  +0.152904
 -46.636 -26.237  -5.841  +3.991  +1.481  +1.577  +0.000  +0.000  +0.569  +0.000  +0.000 +29.666  +2.000  +2.000  +2.000  +0.152208
 -47.011 -26.316  -5.946  +3.992  +1.476  +1.556  +0.000  +0.000  +0.561  +0.000  +0.000 +28.813  +2.000  +2.000  +2.000  +0.151335
 -46.223 -26.231  -5.939  +3.985  +1.473  +1.493  +0.000  +0.000  +0.566  +0.000  +0.000 +29.765  +2.000  +2.000  +2.000  +0.152119
 -47.334 -26.710  -5.900  +3.987  +1.468  +1.619  +0.000  +0.000  +0.563  +0.000  +0.000 +30.294  +2.000  +2.000  +2.000  +0.152030
 -46.253 -26.264  -5.781  +3.999  +1.476  +1.562  +0.000  +0.000  +0.568  +0.000  +0.000 +29.369  +2.000  +2.000  +2.000  +0.151715
 -46.922 -26.466  -5.883  +3.994  +1.466  +1.558  +0.000  +0.000  +0.558  +0.000  +0.000 +29.033  +2.000  +2.000  +2.000  +0.151353
# Info: parameter out of range.
 -46.956 -26.416  -5.807  +3.994  +1.469  +1.591  +0.000  +0.000  +0.555  +0.000  +0.000 +28.839  +2.000  +2.000  +2.000  +0.151802
 -47.071 -26.568  -5.970  +3.992  +1.472  +1.510  +0.000  +0.000  +0.561  +0.000  +0.000 +28.951  +2.000  +2.000  +2.000  +0.151165
# Info: parameter out of range.
 -46.565 -26.325  -5.912  +3.989  +1.473  +1.526  +0.000  +0.000  +0.565  +0.000  +0.000 +29.501  +2.000  +2.000  +2.000  +0.151694
 -46.289 -26.034  -5.875  +3.999  +1.480  +1.477  +0.000  +0.000  +0.564  +0.000  +0.000 +27.983  +2.000  +2.000  +2.000  +0.151751
# Info: parameter out of range.
 -46.775 -26.320  -5.917  +3.991  +1.478  +1.539  +0.000  +0.000  +0.570  +0.000  +0.000 +29.179  +2.000  +2.000  +2.000  +0.151596
 -46.548 -26.358  -5.924  +3.991  +1.471  +1.533  +0.000  +0.000  +0.563  +0.000  +0.000 +28.712  +2.000  +2.000  +2.000  +0.151122
 -46.403 -26.247  -5.995  +3.993  +1.479  +1.474  +0.000  +0.000  +0.572  +0.000  +0.000 +29.046  +2.000  +2.000  +2.000  +0.151198
 -47.098 -26.682  -5.957  +3.987  +1.468  +1.587  +0.000  +0.000  +0.565  +0.000  +0.000 +30.168  +2.000  +2.000  +2.000  +0.151483
# Info: parameter out of range.
 -46.526 -26.337  -5.859  +3.995  +1.474  +1.549  +0.000  +0.000  +0.566  +0.000  +0.000 +29.272  +2.000  +2.000  +2.000  +0.151428
 -47.023 -26.498  -5.950  +3.995  +1.473  +1.550  +0.000  +0.000  +0.565  +0.000  +0.000 +28.792  +2.000  +2.000  +2.000  +0.150820
 -46.875 -26.548  -5.955  +3.994  +1.466  +1.541  +0.000  +0.000  +0.558  +0.000  +0.000 +29.018  +2.000  +2.000  +2.000  +0.150742
 -46.497 -26.153  -5.914  +4.000  +1.476  +1.481  +0.000  +0.000  +0.561  +0.000  +0.000 +27.742  +2.000  +2.000  +2.000  +0.151185
# Info: parameter out of range.
 -46.660 -26.366  -5.901  +3.995  +1.473  +1.537  +0.000  +0.000  +0.564  +0.000  +0.000 +29.018  +2.000  +2.000  +2.000  +0.151198
# Info: parameter out of range.
 -46.842 -26.424  -5.914  +3.994  +1.470  +1.541  +0.000  +0.000  +0.561  +0.000  +0.000 +28.897  +2.000  +2.000  +2.000  +0.151133
 -46.469 -26.474  -5.935  +3.996  +1.469  +1.486  +0.000  +0.000  +0.565  +0.000  +0.000 +28.731  +2.000  +2.000  +2.000  +0.151025
 -46.772 -26.452  -5.989  +3.994  +1.471  +1.492  +0.000  +0.000  +0.562  +0.000  +0.000 +28.455  +2.000  +2.000  +2.000  +0.150715
 -47.122 -26.622  -5.892  +3.996  +1.464  +1.559  +0.000  +0.000  +0.552  +0.000  +0.000 +28.279  +2.000  +2.000  +2.000  +0.150911
 -47.183 -26.833  -5.968  +3.988  +1.463  +1.572  +0.000  +0.000  +0.561  +0.000  +0.000 +29.717  +2.000  +2.000  +2.000  +0.151230
 -46.669 -26.323  -5.928  +3.997  +1.473  +1.504  +0.000  +0.000  +0.561  +0.000  +0.000 +28.236  +2.000  +2.000  +2.000  +0.150962
 -46.509 -26.357  -5.902  +3.997  +1.468  +1.541  +0.000  +0.000  +0.560  +0.000  +0.000 +28.329  +2.000  +2.000  +2.000  +0.150782
 -46.655 -26.484  -5.955  +3.996  +1.469  +1.511  +0.000  +0.000  +0.561  +0.000  +0.000 +28.241  +2.000  +2.000  +2.000  +0.150525
 -46.975 -26.581  -5.952  +4.000  +1.467  +1.513  +0.000  +0.000  +0.558  +0.000  +0.000 +28.308  +2.000  +2.000  +2.000  +0.150402
 -47.181 -26.492  -5.946  +3.996  +1.468  +1.567  +0.000  +0.000  +0.554  +0.000  +0.000 +28.183  +2.000  +2.000  +2.000  +0.150687
 -47.109 -26.686  -5.958  +3.995  +1.463  +1.565  +0.000  +0.000  +0.557  +0.000  +0.000 +28.665  +2.000  +2.000  +2.000  +0.150438
# Info: parameter out of range.
 -47.005 -26.567  -5.922  +3.996  +1.466  +1.547  +0.000  +0.000  +0.556  +0.000  +0.000 +28.389  +2.000  +2.000  +2.000  +0.150715
 -46.747 -26.544  -5.944  +3.997  +1.462  +1.519  +0.000  +0.000  +0.552  +0.000  +0.000 +28.105  +2.000  +2.000  +2.000  +0.150541
# Info: parameter out of range.
 -46.712 -26.451  -5.927  +3.996  +1.467  +1.537  +0.000  +0.000  +0.559  +0.000  +0.000 +28.375  +2.000  +2.000  +2.000  +0.150625
 -46.914 -26.516  -5.943  +3.999  +1.467  +1.521  +0.000  +0.000  +0.556  +0.000  +0.000 +27.662  +2.000  +2.000  +2.000  +0.150322
 -46.762 -26.484  -5.982  +3.997  +1.467  +1.509  +0.000  +0.000  +0.559  +0.000  +0.000 +28.109  +2.000  +2.000  +2.000  +0.150253
 -46.992 -26.608  -5.913  +4.000  +1.462  +1.568  +0.000  +0.000  +0.552  +0.000  +0.000 +27.957  +2.000  +2.000  +2.000  +0.150238
 -46.535 -26.596  -5.948  +3.999  +1.463  +1.494  +0.000  +0.000  +0.559  +0.000  +0.000 +28.172  +2.000  +2.000  +2.000  +0.150464
 -46.960 -26.674  -5.971  +3.999  +1.463  +1.514  +0.000  +0.000  +0.555  +0.000  +0.000 +27.930  +2.000  +2.000  +2.000  +0.150091
 -46.979 -26.614  -5.961  +3.999  +1.468  +1.530  +0.000  +0.000  +0.562  +0.000  +0.000 +28.156  +2.000  +2.000  +2.000  +0.150712
 -46.805 -26.561  -5.948  +3.998  +1.463  +1.522  +0.000  +0.000  +0.554  +0.000  +0.000 +28.118  +2.000  +2.000  +2.000  +0.150385
# Info: parameter out of range.
 -46.768 -26.536  -5.953  +3.997  +1.467  +1.518  +0.000  +0.000  +0.559  +0.000  +0.000 +28.178  +2.000  +2.000  +2.000  +0.150376
 -47.286 -26.566  -5.957  +3.997  +1.467  +1.563  +0.000  +0.000  +0.553  +0.000  +0.000 +28.060  +2.000  +2.000  +2.000  +0.150504
 -46.723 -26.588  -5.950  +3.999  +1.464  +1.512  +0.000  +0.000  +0.558  +0.000  +0.000 +28.144  +2.000  +2.000  +2.000  +0.150324
# Info: parameter out of range.
 -46.986 -26.627  -5.954  +3.997  +1.464  +1.543  +0.000  +0.000  +0.557  +0.000  +0.000 +28.358  +2.000  +2.000  +2.000  +0.150325
 -46.752 -26.568  -5.952  +3.997  +1.462  +1.539  +0.000  +0.000  +0.554  +0.000  +0.000 +27.806  +2.000  +2.000  +2.000  +0.150171
 -46.909 -26.589  -5.956  +3.999  +1.466  +1.535  +0.000  +0.000  +0.558  +0.000  +0.000 +27.918  +2.000  +2.000  +2.000  +0.150094
 -46.981 -26.627  -5.952  +3.999  +1.462  +1.542  +0.000  +0.000  +0.553  +0.000  +0.000 +27.793  +2.000  +2.000  +2.000  +0.150043
# Info: parameter out of range.
 -46.930 -26.605  -5.953  +3.998  +1.464  +1.537  +0.000  +0.000  +0.556  +0.000  +0.000 +28.136  +2.000  +2.000  +2.000  +0.150240
 -47.077 -26.579  -5.956  +3.998  +1.464  +1.555  +0.000  +0.000  +0.553  +0.000  +0.000 +27.684  +2.000  +2.000  +2.000  +0.150095
 -46.927 -26.668  -5.966  +3.998  +1.461  +1.553  +0.000  +0.000  +0.554  +0.000  +0.000 +28.172  +2.000  +2.000  +2.000  +0.149979
 -47.121 -26.745  -5.923  +4.000  +1.458  +1.577  +0.000  +0.000  +0.549  +0.000  +0.000 +27.740  +2.000  +2.000  +2.000  +0.150066
 -47.000 -26.660  -5.944  +4.000  +1.460  +1.559  +0.000  +0.000  +0.551  +0.000  +0.000 +27.614  +2.000  +2.000  +2.000  +0.149914
 -46.940 -26.670  -5.992  +3.997  +1.462  +1.525  +0.000  +0.000  +0.555  +0.000  +0.000 +27.707  +2.000  +2.000  +2.000  +0.149874
# Info: parameter out of range.
 -46.871 -26.610  -5.955  +3.998  +1.462  +1.542  +0.000  +0.000  +0.554  +0.000  +0.000 +27.813  +2.000  +2.000  +2.000  +0.150067
 -46.850 -26.732  -5.959  +3.999  +1.459  +1.532  +0.000  +0.000  +0.554  +0.000  +0.000 +27.988  +2.000  +2.000  +2.000  +0.150027
 -47.004 -26.757  -5.959  +3.999  +1.457  +1.551  +0.000  +0.000  +0.549  +0.000  +0.000 +27.771  +2.000  +2.000  +2.000  +0.149952
 -46.963 -26.693  -5.941  +3.998  +1.458  +1.581  +0.000  +0.000  +0.550  +0.000  +0.000 +27.720  +2.000  +2.000  +2.000  +0.149931
 -47.076 -26.778  -5.954  +4.000  +1.457  +1.563  +0.000  +0.000  +0.550  +0.000  +0.000 +27.813  +2.000  +2.000  +2.000  +0.149865
 -46.815 -26.651  -5.994  +3.998  +1.461  +1.525  +0.000  +0.000  +0.555  +0.000  +0.000 +27.905  +2.000  +2.000  +2.000  +0.149846
 -46.913 -26.775  -5.975  +3.998  +1.457  +1.555  +0.000  +0.000  +0.551  +0.000  +0.000 +27.879  +2.000  +2.000  +2.000  +0.149812
 -47.059 -26.681  -5.972  +3.998  +1.459  +1.571  +0.000  +0.000  +0.549  +0.000  +0.000 +27.657  +2.000  +2.000  +2.000  +0.149799
 -47.015 -26.749  -5.967  +3.999  +1.457  +1.554  +0.000  +0.000  +0.549  +0.000  +0.000 +27.344  +2.000  +2.000  +2.000  +0.149731
 -46.942 -26.657  -5.976  +3.998  +1.461  +1.557  +0.000  +0.000  +0.554  +0.000  +0.000 +27.639  +2.000  +2.000  +2.000  +0.149712
# Info: parameter out of range.
 -46.967 -26.698  -5.956  +3.998  +1.459  +1.566  +0.000  +0.000  +0.551  +0.000  +0.000 +27.707  +2.000  +2.000  +2.000  +0.149851
# Info: parameter out of range.
 -46.983 -26.684  -5.958  +3.999  +1.460  +1.555  +0.000  +0.000  +0.551  +0.000  +0.000 +27.660  +2.000  +2.000  +2.000  +0.149852
 -47.002 -26.748  -5.946  +4.000  +1.455  +1.587  +0.000  +0.000  +0.547  +0.000  +0.000 +27.694  +2.000  +2.000  +2.000  +0.149803
 -46.848 -26.632  -5.982  +3.997  +1.460  +1.555  +0.000  +0.000  +0.552  +0.000  +0.000 +27.558  +2.000  +2.000  +2.000  +0.149729
 -46.907 -26.714  -5.983  +3.997  +1.457  +1.562  +0.000  +0.000  +0.551  +0.000  +0.000 +27.686  +2.000  +2.000  +2.000  +0.149685
 -46.908 -26.704  -5.992  +3.998  +1.458  +1.551  +0.000  +0.000  +0.551  +0.000  +0.000 +27.633  +2.000  +2.000  +2.000  +0.149629
 -47.084 -26.764  -5.955  +3.998  +1.455  +1.599  +0.000  +0.000  +0.546  +0.000  +0.000 +27.368  +2.000  +2.000  +2.000  +0.149683
 -47.028 -26.638  -5.968  +3.998  +1.459  +1.579  +0.000  +0.000  +0.549  +0.000  +0.000 +27.266  +2.000  +2.000  +2.000  +0.149690
# Info: parameter out of range.
 -46.988 -26.720  -5.960  +3.999  +1.457  +1.577  +0.000  +0.000  +0.549  +0.000  +0.000 +27.606  +2.000  +2.000  +2.000  +0.149736
 -46.871 -26.713  -5.974  +3.998  +1.457  +1.562  +0.000  +0.000  +0.551  +0.000  +0.000 +27.368  +2.000  +2.000  +2.000  +0.149591
 -46.913 -26.672  -5.989  +3.997  +1.460  +1.553  +0.000  +0.000  +0.552  +0.000  +0.000 +27.359  +2.000  +2.000  +2.000  +0.149604
 -46.860 -26.625  -5.988  +3.997  +1.460  +1.575  +0.000  +0.000  +0.552  +0.000  +0.000 +27.625  +2.000  +2.000  +2.000  +0.149596
 -47.030 -26.740  -5.975  +3.999  +1.457  +1.580  +0.000  +0.000  +0.550  +0.000  +0.000 +27.428  +2.000  +2.000  +2.000  +0.149559
 -46.959 -26.736  -5.980  +3.998  +1.455  +1.583  +0.000  +0.000  +0.546  +0.000  +0.000 +27.294  +2.000  +2.000  +2.000  +0.149550
 -46.855 -26.779  -5.991  +3.997  +1.456  +1.562  +0.000  +0.000  +0.551  +0.000  +0.000 +27.674  +2.000  +2.000  +2.000  +0.149612
 -46.963 -26.719  -5.977  +3.998  +1.457  +1.579  +0.000  +0.000  +0.549  +0.000  +0.000 +27.252  +2.000  +2.000  +2.000  +0.149490
# Info: parameter out of range.
 -47.002 -26.738  -5.969  +3.998  +1.456  +1.583  +0.000  +0.000  +0.548  +0.000  +0.000 +27.411  +2.000  +2.000  +2.000  +0.149620
 -46.955 -26.727  -5.968  +3.998  +1.456  +1.594  +0.000  +0.000  +0.549  +0.000  +0.000 +27.220  +2.000  +2.000  +2.000  +0.149513
 -46.850 -26.690  -5.992  +3.997  +1.458  +1.564  +0.000  +0.000  +0.551  +0.000  +0.000 +27.394  +2.000  +2.000  +2.000  +0.149499
 -46.995 -26.626  -5.970  +3.998  +1.459  +1.585  +0.000  +0.000  +0.549  +0.000  +0.000 +27.060  +2.000  +2.000  +2.000  +0.149569
 -46.958 -26.722  -5.967  +3.998  +1.455  +1.602  +0.000  +0.000  +0.548  +0.000  +0.000 +27.301  +2.000  +2.000  +2.000  +0.149508
 -47.035 -26.793  -5.963  +3.999  +1.454  +1.587  +0.000  +0.000  +0.546  +0.000  +0.000 +26.954  +2.000  +2.000  +2.000  +0.149490
# Info: converged
