# Ds Dp Dd Z1s Z1p Z1d Z2s Z2p Z2d CAs CAp CAd Rs Rp Rd, eval_f_all eval_f_ebd eval_f_etot
 -30.000 -20.000  -5.000  +2.000  +2.000  +3.000  +0.000  +0.000  +1.000  +0.000  +0.000  +0.000  +1.000  +1.250  +1.000      +0.94105500     +0.53209500     +0.40896000
 -40.000 -10.000  -5.000  +5.000  +5.000  +3.000  +0.000  +0.000  +1.000  +0.000  +0.000  +0.000  +2.000  +2.000  +1.000      +1.74995900     +0.40859900     +1.34136000
 -25.000 -25.000  -5.000  +5.000  +5.000  +3.000  +0.000  +0.000  +1.000  +0.000  +0.000  +0.000  +2.000  +2.000  +1.000      +0.95104400     +0.82198400     +0.12906000
 -25.000 -10.000  -5.000  +1.000  +5.000  +3.000  +0.000  +0.000  +1.000  +0.000  +0.000  +0.000  +2.000  +2.000  +1.000      +1.03746300     +0.23745300     +0.80001000
 -25.000 -10.000  -5.000  +5.000  +1.000  +3.000  +0.000  +0.000  +1.000  +0.000  +0.000  +0.000  +2.000  +2.000  +1.000      +1.52261900     +0.25825900     +1.26436000
 -25.000 -10.000  -5.000  +5.000  +5.000  +3.000  +0.000  +0.000  +1.000  +0.000  +0.000  +0.000  +0.500  +2.000  +1.000      +1.40277300     +0.31627300     +1.08650000
 -25.000 -10.000  -5.000  +5.000  +5.000  +3.000  +0.000  +0.000  +1.000  +0.000  +0.000  +0.000  +2.000  +0.500  +1.000      +1.48009300     +0.31627300     +1.16382000
# Info: parameter out of range.
 -32.917 -12.083  -5.000  +4.417  +4.417  +3.000  +0.000  +0.000  +1.000  +0.000  +0.000  +0.000  +1.792  +1.812  +1.000      +0.63389200     +0.30189200     +0.33200000
# Info: parameter out of range.
 -26.076 -12.257  -5.000  +4.368  +2.701  +3.000  +0.000  +0.000  +1.000  +0.000  +0.000  +0.000  +1.774  +1.797  +1.000      +0.44661100     +0.33120100     +0.11541000
# Info: parameter out of range.
 -26.166 -12.445  -5.000  +4.315  +4.510  +3.000  +0.000  +0.000  +1.000  +0.000  +0.000  +0.000  +1.755  +1.155  +1.000      +0.57297400     +0.39646400     +0.17651000
# Info: parameter out of range.
 -26.263 -12.649  -5.000  +4.258  +4.469  +3.000  +0.000  +0.000  +1.000  +0.000  +0.000  +0.000  +1.110  +1.835  +1.000      +0.53344300     +0.39844300     +0.13500000
# Info: parameter out of range.
 -26.369 -12.870  -5.000  +2.530  +4.425  +3.000  +0.000  +0.000  +1.000  +0.000  +0.000  +0.000  +1.786  +1.821  +1.000      +0.76630300     +0.33974300     +0.42656000
# Info: parameter out of range.
 -26.483 -19.359  -5.000  +4.324  +4.377  +3.000  +0.000  +0.000  +1.000  +0.000  +0.000  +0.000  +1.768  +1.806  +1.000      +0.75862700     +0.57889700     +0.17973000
# Info: parameter out of range.
 -28.689 -16.805  -5.000  +3.018  +3.075  +3.000  +0.000  +0.000  +1.000  +0.000  +0.000  +0.000  +1.332  +1.477  +1.000      +0.94153900     +0.37975900     +0.56178000
 -28.038 -16.128  -5.000  +3.184  +2.351  +3.000  +0.000  +0.000  +1.000  +0.000  +0.000  +0.000  +1.387  +1.523  +1.000      +0.88200200     +0.35241200     +0.52959000
 -26.222 -12.563  -5.000  +3.449  +3.563  +3.000  +0.000  +0.000  +1.000  +0.000  +0.000  +0.000  +1.780  +1.809  +1.000      +0.61326200     +0.35256200     +0.26070000
 -26.279 -15.808  -5.000  +4.346  +3.539  +3.000  +0.000  +0.000  +1.000  +0.000  +0.000  +0.000  +1.771  +1.801  +1.000      +0.77495100     +0.46616100     +0.30879000
 -29.497 -12.170  -5.000  +4.392  +3.559  +3.000  +0.000  +0.000  +1.000  +0.000  +0.000  +0.000  +1.783  +1.805  +1.000      +0.45295500     +0.29737500     +0.15558000
 -26.121 -12.351  -5.000  +4.342  +3.606  +3.000  +0.000  +0.000  +1.000  +0.000  +0.000  +0.000  +1.765  +1.476  +1.000      +0.47858900     +0.37030900     +0.10828000
 -26.170 -12.453  -5.000  +4.313  +3.585  +3.000  +0.000  +0.000  +1.000  +0.000  +0.000  +0.000  +1.442  +1.816  +1.000      +0.47410000     +0.37113000     +0.10297000
# Info: parameter out of range.
 -27.383 -14.531  -5.000  +3.693  +2.888  +3.000  +0.000  +0.000  +1.000  +0.000  +0.000  +0.000  +1.553  +1.637  +1.000      +0.74923400     +0.36029400     +0.38894000
# Info: parameter out of range.
 -26.596 -14.264  -5.000  +4.219  +3.428  +3.000  +0.000  +0.000  +1.000  +0.000  +0.000  +0.000  +1.727  +1.762  +1.000      +0.67514600     +0.40675600     +0.26839000
 -26.178 -10.822  -5.000  +4.668  +3.926  +3.000  +0.000  +0.000  +1.000  +0.000  +0.000  +0.000  +1.871  +1.851  +1.000      +0.79076200     +0.27408200     +0.51668000
 -27.082 -13.604  -5.000  +3.937  +3.148  +3.000  +0.000  +0.000  +1.000  +0.000  +0.000  +0.000  +1.633  +1.691  +1.000      +0.62849900     +0.35860900     +0.26989000
 -27.127 -10.868  -5.000  +4.048  +3.293  +3.000  +0.000  +0.000  +1.000  +0.000  +0.000  +0.000  +1.665  +1.702  +1.000      +0.61024500     +0.28809500     +0.32215000
 -26.656 -10.617  -5.000  +4.367  +3.621  +3.000  +0.000  +0.000  +1.000  +0.000  +0.000  +0.000  +1.771  +1.777  +1.000      +0.80971800     +0.30675800     +0.50296000
 -26.975 -12.857  -5.000  +4.044  +3.266  +3.000  +0.000  +0.000  +1.000  +0.000  +0.000  +0.000  +1.667  +1.712  +1.000      +0.51344900     +0.34708900     +0.16636000
# Info: parameter out of range.
 -26.608 -12.361  -5.000  +3.850  +3.449  +3.000  +0.000  +0.000  +1.000  +0.000  +0.000  +0.000  +1.731  +1.763  +1.000      +0.48397500     +0.34485500     +0.13912000
 -26.689 -13.948  -5.000  +4.389  +3.430  +3.000  +0.000  +0.000  +1.000  +0.000  +0.000  +0.000  +1.722  +1.754  +1.000      +0.62381800     +0.39822800     +0.22559000
 -27.018 -11.638  -5.000  +4.133  +3.327  +3.000  +0.000  +0.000  +1.000  +0.000  +0.000  +0.000  +1.680  +1.715  +1.000      +0.47987400     +0.31517400     +0.16470000
 -26.855 -11.553  -5.000  +4.422  +3.476  +3.000  +0.000  +0.000  +1.000  +0.000  +0.000  +0.000  +1.725  +1.745  +1.000      +0.55510500     +0.32609500     +0.22901000
 -26.945 -12.531  -5.000  +4.139  +3.319  +3.000  +0.000  +0.000  +1.000  +0.000  +0.000  +0.000  +1.682  +1.720  +1.000      +0.45888400     +0.34236400     +0.11652000
 -27.334 -12.105  -5.000  +4.712  +3.250  +3.000  +0.000  +0.000  +1.000  +0.000  +0.000  +0.000  +1.644  +1.680  +1.000      +0.42193200     +0.32621200     +0.09572000
 -27.030 -12.984  -5.000  +4.622  +3.346  +3.000  +0.000  +0.000  +1.000  +0.000  +0.000  +0.000  +1.684  +1.716  +1.000      +0.48080500     +0.36180500     +0.11900000
 -27.021 -11.975  -5.000  +4.255  +3.332  +3.000  +0.000  +0.000  +1.000  +0.000  +0.000  +0.000  +1.681  +1.715  +1.000      +0.44811600     +0.32692600     +0.12119000
# Info: parameter out of range.
 -26.647 -12.300  -5.000  +4.353  +3.448  +3.000  +0.000  +0.000  +1.000  +0.000  +0.000  +0.000  +1.716  +1.616  +1.000      +0.45312300     +0.35095300     +0.10217000
 -28.337 -11.993  -5.000  +4.427  +2.951  +3.000  +0.000  +0.000  +1.000  +0.000  +0.000  +0.000  +1.984  +1.628  +1.000      +0.36938300     +0.28417300     +0.08521000
 -28.025 -11.736  -5.000  +4.697  +3.095  +3.000  +0.000  +0.000  +1.000  +0.000  +0.000  +0.000  +1.846  +1.693  +1.000      +0.41747300     +0.29417300     +0.12330000
 -28.782 -11.779  -5.000  +4.598  +2.848  +3.000  +0.000  +0.000  +1.000  +0.000  +0.000  +0.000  +1.854  +1.824  +1.000      +0.35562100     +0.26676100     +0.08886000
 -25.695 -11.778  -5.000  +4.627  +2.500  +3.000  +0.000  +0.000  +1.000  +0.000  +0.000  +0.000  +1.811  +1.641  +1.000      +0.39976300     +0.32155300     +0.07821000
 -27.729 -11.908  -5.000  +4.887  +2.450  +3.000  +0.000  +0.000  +1.000  +0.000  +0.000  +0.000  +1.957  +1.706  +1.000      +0.35286500     +0.27469500     +0.07817000
 -29.225 -11.510  -5.000  +4.948  +2.997  +3.000  +0.000  +0.000  +1.000  +0.000  +0.000  +0.000  +1.925  +1.594  +1.000      +0.39808700     +0.26465700     +0.13343000
# Info: parameter out of range.
 -27.650 -11.945  -5.000  +4.705  +3.028  +3.000  +0.000  +0.000  +1.000  +0.000  +0.000  +0.000  +1.770  +1.680  +1.000      +0.38921700     +0.30473700     +0.08448000
 -27.781 -11.902  -5.000  +4.700  +2.496  +3.000  +0.000  +0.000  +1.000  +0.000  +0.000  +0.000  +1.921  +1.664  +1.000      +0.34288500     +0.27291500     +0.06997000
 -30.806 -11.901  -5.000  +4.795  +3.090  +3.000  +0.000  +0.000  +1.000  +0.000  +0.000  +0.000  +1.993  +1.724  +1.000      +0.37959500     +0.25509500     +0.12450000
 -27.804 -12.300  -5.000  +4.423  +2.625  +3.000  +0.000  +0.000  +1.000  +0.000  +0.000  +0.000  +1.902  +1.815  +1.000      +0.38846100     +0.28612100     +0.10234000
# Info: parameter out of range.
 -28.095 -11.954  -5.000  +4.672  +2.886  +3.000  +0.000  +0.000  +1.000  +0.000  +0.000  +0.000  +1.853  +1.704  +1.000      +0.36192700     +0.28798700     +0.07394000
 -29.373 -11.513  -5.000  +4.937  +2.949  +3.000  +0.000  +0.000  +1.000  +0.000  +0.000  +0.000  +1.952  +1.601  +1.000      +0.38559900     +0.25981900     +0.12578000
 -28.196 -12.103  -5.000  +4.551  +2.706  +3.000  +0.000  +0.000  +1.000  +0.000  +0.000  +0.000  +1.915  +1.762  +1.000      +0.35455800     +0.27840800     +0.07615000
 -25.501 -11.979  -5.000  +4.483  +2.355  +3.000  +0.000  +0.000  +1.000  +0.000  +0.000  +0.000  +1.836  +1.705  +1.000      +0.42645400     +0.32352400     +0.10293000
 -29.480 -11.920  -5.000  +4.717  +2.906  +3.000  +0.000  +0.000  +1.000  +0.000  +0.000  +0.000  +1.953  +1.719  +1.000      +0.34642600     +0.26251600     +0.08391000
 -28.351 -11.862  -5.000  +4.949  +2.480  +3.000  +0.000  +0.000  +1.000  +0.000  +0.000  +0.000  +1.834  +1.831  +1.000      +0.33229400     +0.26161400     +0.07068000
 -28.678 -11.871  -5.000  +4.796  +2.409  +3.000  +0.000  +0.000  +1.000  +0.000  +0.000  +0.000  +1.959  +1.798  +1.000      +0.31362400     +0.24823400     +0.06539000
 -27.956 -12.076  -5.000  +4.936  +2.301  +3.000  +0.000  +0.000  +1.000  +0.000  +0.000  +0.000  +1.992  +1.670  +1.000      +0.36159200     +0.26612200     +0.09547000
 -28.576 -11.853  -5.000  +4.682  +2.711  +3.000  +0.000  +0.000  +1.000  +0.000  +0.000  +0.000  +1.889  +1.785  +1.000      +0.33312600     +0.26608600     +0.06704000
# Info: parameter out of range.
 -28.314 -11.994  -5.000  +4.670  +2.641  +3.000  +0.000  +0.000  +1.000  +0.000  +0.000  +0.000  +1.917  +1.756  +1.000      +0.34060900     +0.27101900     +0.06959000
 -29.330 -11.893  -5.000  +4.617  +2.764  +3.000  +0.000  +0.000  +1.000  +0.000  +0.000  +0.000  +1.867  +1.813  +1.000      +0.32875200     +0.25503200     +0.07372000
 -27.530 -11.871  -5.000  +4.754  +2.261  +3.000  +0.000  +0.000  +1.000  +0.000  +0.000  +0.000  +1.842  +1.830  +1.000      +0.34146300     +0.26586300     +0.07560000
 -29.146 -11.880  -5.000  +4.789  +2.592  +3.000  +0.000  +0.000  +1.000  +0.000  +0.000  +0.000  +1.848  +1.940  +1.000      +0.31185800     +0.25002800     +0.06183000
 -29.935 -11.913  -5.000  +4.747  +2.938  +3.000  +0.000  +0.000  +1.000  +0.000  +0.000  +0.000  +1.929  +1.811  +1.000      +0.34854400     +0.25737400     +0.09117000
 -28.131 -11.882  -5.000  +4.752  +2.430  +3.000  +0.000  +0.000  +1.000  +0.000  +0.000  +0.000  +1.864  +1.825  +1.000      +0.33079000     +0.26126000     +0.06953000
 -29.090 -11.752  -5.000  +4.859  +2.488  +3.000  +0.000  +0.000  +1.000  +0.000  +0.000  +0.000  +1.836  +1.908  +1.000      +0.30059300     +0.24278300     +0.05781000
 -29.000 -11.860  -5.000  +4.905  +2.344  +3.000  +0.000  +0.000  +1.000  +0.000  +0.000  +0.000  +1.847  +1.920  +1.000      +0.30595600     +0.23876600     +0.06719000
 -29.441 -11.850  -5.000  +4.624  +2.530  +3.000  +0.000  +0.000  +1.000  +0.000  +0.000  +0.000  +1.907  +1.904  +1.000      +0.29949400     +0.23762400     +0.06187000
 -30.097 -11.820  -5.000  +4.778  +2.613  +3.000  +0.000  +0.000  +1.000  +0.000  +0.000  +0.000  +1.891  +1.936  +1.000      +0.29673200     +0.23368200     +0.06305000
 -29.154 -11.785  -5.000  +4.967  +2.228  +3.000  +0.000  +0.000  +1.000  +0.000  +0.000  +0.000  +1.895  +1.989  +1.000      +0.29000500     +0.22749500     +0.06251000
# Info: parameter out of range.
 -29.000 -11.847  -5.000  +4.808  +2.438  +3.000  +0.000  +0.000  +1.000  +0.000  +0.000  +0.000  +1.915  +1.866  +1.000      +0.30483500     +0.24288500     +0.06195000
 -29.448 -11.758  -5.000  +4.857  +2.287  +3.000  +0.000  +0.000  +1.000  +0.000  +0.000  +0.000  +1.916  +1.901  +1.000      +0.27846100     +0.22320100     +0.05526000
 -29.743 -11.745  -5.000  +4.726  +2.518  +3.000  +0.000  +0.000  +1.000  +0.000  +0.000  +0.000  +1.940  +1.914  +1.000      +0.29140400     +0.23085400     +0.06055000
 -29.991 -11.723  -5.000  +4.795  +2.450  +3.000  +0.000  +0.000  +1.000  +0.000  +0.000  +0.000  +1.880  +1.985  +1.000      +0.27947400     +0.22296400     +0.05651000
 -30.201 -11.808  -5.000  +4.724  +2.387  +3.000  +0.000  +0.000  +1.000  +0.000  +0.000  +0.000  +1.973  +1.968  +1.000      +0.27151500     +0.21591500     +0.05560000
 -30.104 -11.696  -5.000  +4.991  +2.298  +3.000  +0.000  +0.000  +1.000  +0.000  +0.000  +0.000  +1.925  +1.994  +1.000      +0.26554900     +0.21316900     +0.05238000
 -29.450 -11.685  -5.000  +4.909  +2.110  +3.000  +0.000  +0.000  +1.000  +0.000  +0.000  +0.000  +1.953  +1.981  +1.000      +0.25709200     +0.21074200     +0.04635000
# Info: parameter out of range.
 -29.734 -11.743  -5.000  +4.800  +2.405  +3.000  +0.000  +0.000  +1.000  +0.000  +0.000  +0.000  +1.932  +1.942  +1.000      +0.27981500     +0.22465500     +0.05516000
 -30.489 -11.686  -5.000  +4.726  +2.418  +3.000  +0.000  +0.000  +1.000  +0.000  +0.000  +0.000  +1.964  +1.934  +1.000      +0.27129300     +0.21195300     +0.05934000
 -30.160 -11.708  -5.000  +4.868  +2.245  +3.000  +0.000  +0.000  +1.000  +0.000  +0.000  +0.000  +1.939  +1.979  +1.000      +0.25658200     +0.20696200     +0.04962000
# Info: parameter out of range.
 -29.983 -11.723  -5.000  +4.821  +2.371  +3.000  +0.000  +0.000  +1.000  +0.000  +0.000  +0.000  +1.913  +1.972  +1.000      +0.27171600     +0.21806600     +0.05365000
# Info: parameter out of range.
 -29.756 -11.738  -5.000  +4.849  +2.296  +3.000  +0.000  +0.000  +1.000  +0.000  +0.000  +0.000  +1.930  +1.936  +1.000      +0.27057000     +0.21755000     +0.05302000
 -30.070 -11.717  -5.000  +4.868  +2.214  +3.000  +0.000  +0.000  +1.000  +0.000  +0.000  +0.000  +1.982  +1.959  +1.000      +0.25544400     +0.20643400     +0.04901000
# Info: parameter out of range.
 -30.103 -11.756  -5.000  +4.796  +2.325  +3.000  +0.000  +0.000  +1.000  +0.000  +0.000  +0.000  +1.961  +1.966  +1.000      +0.26622500     +0.21326500     +0.05296000
# Info: parameter out of range.
 -30.215 -11.701  -5.000  +4.803  +2.333  +3.000  +0.000  +0.000  +1.000  +0.000  +0.000  +0.000  +1.956  +1.952  +1.000      +0.26366300     +0.21120300     +0.05246000
# Info: parameter out of range.
 -29.887 -11.724  -5.000  +4.861  +2.275  +3.000  +0.000  +0.000  +1.000  +0.000  +0.000  +0.000  +1.941  +1.954  +1.000      +0.26551500     +0.21377500     +0.05174000
 -29.859 -11.654  -5.000  +4.970  +2.166  +3.000  +0.000  +0.000  +1.000  +0.000  +0.000  +0.000  +1.938  +1.974  +1.000      +0.25472600     +0.20727600     +0.04745000
 -29.777 -11.701  -5.000  +4.768  +2.150  +3.000  +0.000  +0.000  +1.000  +0.000  +0.000  +0.000  +1.978  +1.939  +1.000      +0.25112000     +0.20507000     +0.04605000
 -29.957 -11.665  -5.000  +4.868  +2.131  +3.000  +0.000  +0.000  +1.000  +0.000  +0.000  +0.000  +1.974  +1.974  +1.000      +0.24590100     +0.20161100     +0.04429000
 -29.543 -11.675  -5.000  +4.948  +2.006  +3.000  +0.000  +0.000  +1.000  +0.000  +0.000  +0.000  +1.965  +1.983  +1.000      +0.24032400     +0.20253400     +0.03779000
 -30.339 -11.689  -5.000  +4.854  +2.194  +3.000  +0.000  +0.000  +1.000  +0.000  +0.000  +0.000  +1.972  +1.955  +1.000      +0.24682800     +0.20003800     +0.04679000
 -29.688 -11.659  -5.000  +4.891  +2.042  +3.000  +0.000  +0.000  +1.000  +0.000  +0.000  +0.000  +1.997  +1.949  +1.000      +0.23987100     +0.20076100     +0.03911000
 -29.650 -11.630  -5.000  +4.899  +2.016  +3.000  +0.000  +0.000  +1.000  +0.000  +0.000  +0.000  +1.959  +1.966  +1.000      +0.23654300     +0.19930300     +0.03724000
# Info: parameter out of range.
 -29.842 -11.662  -5.000  +4.921  +2.128  +3.000  +0.000  +0.000  +1.000  +0.000  +0.000  +0.000  +1.956  +1.967  +1.000      +0.24912900     +0.20428900     +0.04484000
# Info: parameter out of range.
 -29.807 -11.682  -5.000  +4.833  +2.118  +3.000  +0.000  +0.000  +1.000  +0.000  +0.000  +0.000  +1.974  +1.952  +1.000      +0.24710400     +0.20309400     +0.04401000
 -29.819 -11.671  -5.000  +4.843  +2.041  +3.000  +0.000  +0.000  +1.000  +0.000  +0.000  +0.000  +1.991  +1.959  +1.000      +0.23669500     +0.19754500     +0.03915000
 -29.859 -11.648  -5.000  +4.935  +2.025  +3.000  +0.000  +0.000  +1.000  +0.000  +0.000  +0.000  +1.978  +1.976  +1.000      +0.23471400     +0.19697400     +0.03774000
 -29.166 -11.627  -5.000  +4.941  +1.893  +3.000  +0.000  +0.000  +1.000  +0.000  +0.000  +0.000  +1.982  +1.981  +1.000      +0.23302300     +0.20233300     +0.03069000
 -29.285 -11.639  -5.000  +4.951  +1.876  +3.000  +0.000  +0.000  +1.000  +0.000  +0.000  +0.000  +1.984  +1.964  +1.000      +0.23024000     +0.19919000     +0.03105000
 -29.613 -11.616  -5.000  +4.872  +1.959  +3.000  +0.000  +0.000  +1.000  +0.000  +0.000  +0.000  +1.999  +1.948  +1.000      +0.23092300     +0.19551300     +0.03541000
 -29.443 -11.618  -5.000  +4.922  +1.894  +3.000  +0.000  +0.000  +1.000  +0.000  +0.000  +0.000  +1.967  +1.983  +1.000      +0.22910800     +0.19590800     +0.03320000
 -29.186 -11.588  -5.000  +4.997  +1.847  +3.000  +0.000  +0.000  +1.000  +0.000  +0.000  +0.000  +1.966  +1.980  +1.000      +0.23285000     +0.19947000     +0.03338000
# Info: parameter out of range.
 -29.538 -11.626  -5.000  +4.918  +1.966  +3.000  +0.000  +0.000  +1.000  +0.000  +0.000  +0.000  +1.969  +1.969  +1.000      +0.23261300     +0.19853300     +0.03408000
 -28.885 -11.591  -5.000  +4.931  +1.787  +3.000  +0.000  +0.000  +1.000  +0.000  +0.000  +0.000  +1.978  +1.965  +1.000      +0.25104900     +0.20181900     +0.04923000
 -29.615 -11.633  -5.000  +4.934  +1.965  +3.000  +0.000  +0.000  +1.000  +0.000  +0.000  +0.000  +1.978  +1.973  +1.000      +0.23124200     +0.19741200     +0.03383000
 -29.727 -11.613  -5.000  +4.924  +1.943  +3.000  +0.000  +0.000  +1.000  +0.000  +0.000  +0.000  +1.972  +1.958  +1.000      +0.22711900     +0.19318900     +0.03393000
 -29.887 -11.661  -5.000  +4.844  +2.021  +3.000  +0.000  +0.000  +1.000  +0.000  +0.000  +0.000  +1.991  +1.951  +1.000      +0.23275000     +0.19474000     +0.03801000
 -29.361 -11.606  -5.000  +4.959  +1.890  +3.000  +0.000  +0.000  +1.000  +0.000  +0.000  +0.000  +1.972  +1.973  +1.000      +0.22974400     +0.19785400     +0.03189000
 -29.477 -11.615  -5.000  +4.937  +1.877  +3.000  +0.000  +0.000  +1.000  +0.000  +0.000  +0.000  +1.989  +1.964  +1.000      +0.22867900     +0.19435900     +0.03432000
 -29.353 -11.603  -5.000  +4.921  +1.848  +3.000  +0.000  +0.000  +1.000  +0.000  +0.000  +0.000  +1.983  +1.956  +1.000      +0.23403100     +0.19466100     +0.03937000
 -29.550 -11.626  -5.000  +4.931  +1.936  +3.000  +0.000  +0.000  +1.000  +0.000  +0.000  +0.000  +1.979  +1.969  +1.000      +0.22928700     +0.19662700     +0.03266000
# Info: parameter out of range.
 -29.543 -11.618  -5.000  +4.905  +1.931  +3.000  +0.000  +0.000  +1.000  +0.000  +0.000  +0.000  +1.988  +1.958  +1.000      +0.22948000     +0.19577000     +0.03371000
 -29.749 -11.593  -5.000  +4.908  +1.947  +3.000  +0.000  +0.000  +1.000  +0.000  +0.000  +0.000  +1.972  +1.971  +1.000      +0.22773300     +0.19238300     +0.03535000
 -29.801 -11.622  -5.000  +4.884  +1.952  +3.000  +0.000  +0.000  +1.000  +0.000  +0.000  +0.000  +1.984  +1.961  +1.000      +0.22721600     +0.19176600     +0.03545000
 -29.705 -11.611  -5.000  +4.931  +1.919  +3.000  +0.000  +0.000  +1.000  +0.000  +0.000  +0.000  +1.966  +1.977  +1.000      +0.22589200     +0.19216200     +0.03373000
 -29.751 -11.599  -5.000  +4.905  +1.908  +3.000  +0.000  +0.000  +1.000  +0.000  +0.000  +0.000  +1.971  +1.969  +1.000      +0.22637500     +0.18983500     +0.03654000
 -29.960 -11.600  -5.000  +4.907  +1.955  +3.000  +0.000  +0.000  +1.000  +0.000  +0.000  +0.000  +1.984  +1.951  +1.000      +0.22520700     +0.18901700     +0.03619000
 -30.088 -11.597  -5.000  +4.883  +1.998  +3.000  +0.000  +0.000  +1.000  +0.000  +0.000  +0.000  +1.961  +1.965  +1.000      +0.22728400     +0.18921400     +0.03807000
 -29.928 -11.621  -5.000  +4.903  +1.944  +3.000  +0.000  +0.000  +1.000  +0.000  +0.000  +0.000  +1.974  +1.956  +1.000      +0.22455700     +0.18919700     +0.03536000
 -29.536 -11.625  -5.000  +4.935  +1.876  +3.000  +0.000  +0.000  +1.000  +0.000  +0.000  +0.000  +1.989  +1.959  +1.000      +0.22767200     +0.19319200     +0.03448000
 -29.950 -11.604  -5.000  +4.896  +1.968  +3.000  +0.000  +0.000  +1.000  +0.000  +0.000  +0.000  +1.968  +1.964  +1.000      +0.22630600     +0.18992600     +0.03638000
 -29.873 -11.594  -5.000  +4.938  +1.927  +3.000  +0.000  +0.000  +1.000  +0.000  +0.000  +0.000  +1.961  +1.964  +1.000      +0.22425900     +0.18925900     +0.03500000
 -29.996 -11.597  -5.000  +4.902  +1.931  +3.000  +0.000  +0.000  +1.000  +0.000  +0.000  +0.000  +1.969  +1.969  +1.000      +0.22386400     +0.18661400     +0.03725000
 -30.053 -11.610  -5.000  +4.921  +1.973  +3.000  +0.000  +0.000  +1.000  +0.000  +0.000  +0.000  +1.970  +1.958  +1.000      +0.22473700     +0.18900700     +0.03573000
 -29.889 -11.607  -5.000  +4.938  +1.915  +3.000  +0.000  +0.000  +1.000  +0.000  +0.000  +0.000  +1.974  +1.961  +1.000      +0.22334200     +0.18844200     +0.03490000
 -30.195 -11.598  -5.000  +4.905  +1.962  +3.000  +0.000  +0.000  +1.000  +0.000  +0.000  +0.000  +1.978  +1.942  +1.000      +0.22292000     +0.18538000     +0.03754000
 -30.018 -11.609  -5.000  +4.928  +1.929  +3.000  +0.000  +0.000  +1.000  +0.000  +0.000  +0.000  +1.958  +1.966  +1.000      +0.22229200     +0.18685200     +0.03544000
 -29.913 -11.598  -5.000  +4.917  +1.897  +3.000  +0.000  +0.000  +1.000  +0.000  +0.000  +0.000  +1.968  +1.961  +1.000      +0.22431700     +0.18624700     +0.03807000
 -30.032 -11.580  -5.000  +4.940  +1.909  +3.000  +0.000  +0.000  +1.000  +0.000  +0.000  +0.000  +1.962  +1.965  +1.000      +0.22263000     +0.18500000     +0.03763000
 -30.088 -11.597  -5.000  +4.933  +1.961  +3.000  +0.000  +0.000  +1.000  +0.000  +0.000  +0.000  +1.966  +1.961  +1.000      +0.22337300     +0.18761300     +0.03576000
 -30.200 -11.602  -5.000  +4.911  +1.943  +3.000  +0.000  +0.000  +1.000  +0.000  +0.000  +0.000  +1.974  +1.958  +1.000      +0.22153500     +0.18411500     +0.03742000
 -30.145 -11.601  -5.000  +4.950  +1.943  +3.000  +0.000  +0.000  +1.000  +0.000  +0.000  +0.000  +1.968  +1.949  +1.000      +0.22107800     +0.18577800     +0.03530000
 -30.071 -11.602  -5.000  +4.924  +1.906  +3.000  +0.000  +0.000  +1.000  +0.000  +0.000  +0.000  +1.972  +1.953  +1.000      +0.22206400     +0.18416400     +0.03790000
 -30.331 -11.591  -5.000  +4.915  +1.949  +3.000  +0.000  +0.000  +1.000  +0.000  +0.000  +0.000  +1.964  +1.949  +1.000      +0.22079200     +0.18227200     +0.03852000
 -30.071 -11.597  -5.000  +4.951  +1.898  +3.000  +0.000  +0.000  +1.000  +0.000  +0.000  +0.000  +1.955  +1.971  +1.000      +0.22107800     +0.18400800     +0.03707000
 -30.246 -11.620  -5.000  +4.920  +1.947  +3.000  +0.000  +0.000  +1.000  +0.000  +0.000  +0.000  +1.968  +1.950  +1.000      +0.22029100     +0.18405100     +0.03624000
 -30.337 -11.595  -5.000  +4.929  +1.932  +3.000  +0.000  +0.000  +1.000  +0.000  +0.000  +0.000  +1.975  +1.944  +1.000      +0.21969600     +0.18134600     +0.03835000
 -30.372 -11.599  -5.000  +4.935  +1.964  +3.000  +0.000  +0.000  +1.000  +0.000  +0.000  +0.000  +1.963  +1.954  +1.000      +0.22009600     +0.18314600     +0.03695000
 -30.301 -11.599  -5.000  +4.956  +1.935  +3.000  +0.000  +0.000  +1.000  +0.000  +0.000  +0.000  +1.957  +1.948  +1.000      +0.21887600     +0.18265600     +0.03622000
 -30.506 -11.605  -5.000  +4.917  +1.992  +3.000  +0.000  +0.000  +1.000  +0.000  +0.000  +0.000  +1.977  +1.927  +1.000      +0.22102400     +0.18282400     +0.03820000
 -30.553 -11.602  -5.000  +4.907  +1.963  +3.000  +0.000  +0.000  +1.000  +0.000  +0.000  +0.000  +1.967  +1.942  +1.000      +0.21918700     +0.17985700     +0.03933000
 -30.207 -11.597  -5.000  +4.937  +1.904  +3.000  +0.000  +0.000  +1.000  +0.000  +0.000  +0.000  +1.954  +1.969  +1.000      +0.22021700     +0.18180700     +0.03841000
 -30.341 -11.614  -5.000  +4.946  +1.933  +3.000  +0.000  +0.000  +1.000  +0.000  +0.000  +0.000  +1.964  +1.953  +1.000      +0.21812000     +0.18191000     +0.03621000
 -30.458 -11.582  -5.000  +4.950  +1.931  +3.000  +0.000  +0.000  +1.000  +0.000  +0.000  +0.000  +1.959  +1.953  +1.000      +0.21826700     +0.17950700     +0.03876000
 -30.580 -11.600  -5.000  +4.937  +1.981  +3.000  +0.000  +0.000  +1.000  +0.000  +0.000  +0.000  +1.974  +1.930  +1.000      +0.21912700     +0.18125700     +0.03787000
 -30.484 -11.598  -5.000  +4.940  +1.928  +3.000  +0.000  +0.000  +1.000  +0.000  +0.000  +0.000  +1.969  +1.936  +1.000      +0.21789200     +0.17894200     +0.03895000
 -30.569 -11.604  -5.000  +4.950  +1.958  +3.000  +0.000  +0.000  +1.000  +0.000  +0.000  +0.000  +1.955  +1.943  +1.000      +0.21727300     +0.18002300     +0.03725000
 -30.357 -11.597  -5.000  +4.985  +1.925  +3.000  +0.000  +0.000  +1.000  +0.000  +0.000  +0.000  +1.959  +1.946  +1.000      +0.21713500     +0.18157500     +0.03556000
 -30.257 -11.598  -5.000  +4.972  +1.888  +3.000  +0.000  +0.000  +1.000  +0.000  +0.000  +0.000  +1.947  +1.963  +1.000      +0.21878300     +0.18053300     +0.03825000
 -30.521 -11.598  -5.000  +4.958  +1.919  +3.000  +0.000  +0.000  +1.000  +0.000  +0.000  +0.000  +1.961  +1.950  +1.000      +0.21659500     +0.17813500     +0.03846000
 -30.653 -11.600  -5.000  +4.938  +1.976  +3.000  +0.000  +0.000  +1.000  +0.000  +0.000  +0.000  +1.975  +1.931  +1.000      +0.21812800     +0.17984800     +0.03828000
 -30.518 -11.621  -5.000  +4.956  +1.949  +3.000  +0.000  +0.000  +1.000  +0.000  +0.000  +0.000  +1.969  +1.933  +1.000      +0.21654700     +0.18053700     +0.03601000
 -30.277 -11.611  -5.000  +4.974  +1.894  +3.000  +0.000  +0.000  +1.000  +0.000  +0.000  +0.000  +1.950  +1.957  +1.000      +0.21771300     +0.18084300     +0.03687000
 -30.568 -11.596  -5.000  +4.975  +1.925  +3.000  +0.000  +0.000  +1.000  +0.000  +0.000  +0.000  +1.956  +1.935  +1.000      +0.21584100     +0.17809100     +0.03775000
 -30.452 -11.611  -5.000  +4.993  +1.929  +3.000  +0.000  +0.000  +1.000  +0.000  +0.000  +0.000  +1.948  +1.952  +1.000      +0.21543900     +0.18067900     +0.03476000
 -30.718 -11.598  -5.000  +4.965  +1.974  +3.000  +0.000  +0.000  +1.000  +0.000  +0.000  +0.000  +1.966  +1.930  +1.000      +0.21665600     +0.17924600     +0.03741000
 -30.476 -11.604  -5.000  +4.995  +1.916  +3.000  +0.000  +0.000  +1.000  +0.000  +0.000  +0.000  +1.965  +1.938  +1.000      +0.21535900     +0.17933900     +0.03602000
 -30.727 -11.612  -5.000  +4.962  +1.946  +3.000  +0.000  +0.000  +1.000  +0.000  +0.000  +0.000  +1.962  +1.934  +1.000      +0.21473800     +0.17723800     +0.03750000
 -30.369 -11.616  -5.000  +4.981  +1.887  +3.000  +0.000  +0.000  +1.000  +0.000  +0.000  +0.000  +1.955  +1.951  +1.000      +0.21666700     +0.17904700     +0.03762000
 -30.631 -11.603  -5.000  +4.969  +1.952  +3.000  +0.000  +0.000  +1.000  +0.000  +0.000  +0.000  +1.963  +1.935  +1.000      +0.21591700     +0.17906700     +0.03685000
 -30.603 -11.617  -5.000  +4.992  +1.953  +3.000  +0.000  +0.000  +1.000  +0.000  +0.000  +0.000  +1.960  +1.926  +1.000      +0.21509200     +0.18012200     +0.03497000
# Info: parameter out of range.
 -30.547 -11.614  -5.000  +4.969  +1.943  +3.000  +0.000  +0.000  +1.000  +0.000  +0.000  +0.000  +1.964  +1.935  +1.000      +0.21585200     +0.17979200     +0.03606000
 -30.493 -11.616  -5.000  +4.992  +1.918  +3.000  +0.000  +0.000  +1.000  +0.000  +0.000  +0.000  +1.956  +1.938  +1.000      +0.21478000     +0.17935000     +0.03543000
# Info: parameter out of range.
 -30.550 -11.612  -5.000  +4.977  +1.937  +3.000  +0.000  +0.000  +1.000  +0.000  +0.000  +0.000  +1.961  +1.936  +1.000      +0.21542700     +0.17944700     +0.03598000
 -30.533 -11.628  -5.000  +4.995  +1.941  +3.000  +0.000  +0.000  +1.000  +0.000  +0.000  +0.000  +1.961  +1.940  +1.000      +0.21463900     +0.18056900     +0.03407000
 -30.675 -11.619  -5.000  +4.978  +1.941  +3.000  +0.000  +0.000  +1.000  +0.000  +0.000  +0.000  +1.974  +1.919  +1.000      +0.21433000     +0.17803000     +0.03630000
 -30.619 -11.620  -5.000  +4.995  +1.935  +3.000  +0.000  +0.000  +1.000  +0.000  +0.000  +0.000  +1.965  +1.929  +1.000      +0.21385400     +0.17870400     +0.03515000
 -30.740 -11.634  -5.000  +4.977  +1.962  +3.000  +0.000  +0.000  +1.000  +0.000  +0.000  +0.000  +1.961  +1.923  +1.000      +0.21425500     +0.17875500     +0.03550000
 -30.660 -11.625  -5.000  +4.975  +1.928  +3.000  +0.000  +0.000  +1.000  +0.000  +0.000  +0.000  +1.966  +1.935  +1.000      +0.21377900     +0.17735900     +0.03642000
 -30.825 -11.630  -5.000  +4.968  +1.967  +3.000  +0.000  +0.000  +1.000  +0.000  +0.000  +0.000  +1.974  +1.922  +1.000      +0.21413800     +0.17771800     +0.03642000
# Info: parameter out of range.
 -30.701 -11.619  -5.000  +4.972  +1.946  +3.000  +0.000  +0.000  +1.000  +0.000  +0.000  +0.000  +1.965  +1.931  +1.000      +0.21435100     +0.17786100     +0.03649000
 -30.874 -11.621  -5.000  +4.960  +1.952  +3.000  +0.000  +0.000  +1.000  +0.000  +0.000  +0.000  +1.974  +1.913  +1.000      +0.21382400     +0.17573400     +0.03809000
 -30.763 -11.630  -5.000  +4.979  +1.949  +3.000  +0.000  +0.000  +1.000  +0.000  +0.000  +0.000  +1.974  +1.916  +1.000      +0.21343000     +0.17751000     +0.03592000
 -30.818 -11.635  -5.000  +4.973  +1.956  +3.000  +0.000  +0.000  +1.000  +0.000  +0.000  +0.000  +1.964  +1.927  +1.000      +0.21325000     +0.17720000     +0.03605000
 -30.779 -11.620  -5.000  +4.973  +1.933  +3.000  +0.000  +0.000  +1.000  +0.000  +0.000  +0.000  +1.978  +1.924  +1.000      +0.21339500     +0.17592500     +0.03747000
 -30.680 -11.621  -5.000  +4.983  +1.918  +3.000  +0.000  +0.000  +1.000  +0.000  +0.000  +0.000  +1.966  +1.927  +1.000      +0.21356400     +0.17643400     +0.03713000
 -30.906 -11.631  -5.000  +4.953  +1.944  +3.000  +0.000  +0.000  +1.000  +0.000  +0.000  +0.000  +1.976  +1.919  +1.000      +0.21314500     +0.17476500     +0.03838000
 -30.661 -11.633  -5.000  +4.985  +1.925  +3.000  +0.000  +0.000  +1.000  +0.000  +0.000  +0.000  +1.967  +1.936  +1.000      +0.21293900     +0.17737900     +0.03556000
 -30.876 -11.632  -5.000  +4.974  +1.947  +3.000  +0.000  +0.000  +1.000  +0.000  +0.000  +0.000  +1.975  +1.915  +1.000      +0.21261800     +0.17573800     +0.03688000
 -30.922 -11.640  -5.000  +4.962  +1.967  +3.000  +0.000  +0.000  +1.000  +0.000  +0.000  +0.000  +1.979  +1.919  +1.000      +0.21322800     +0.17648800     +0.03674000
 -30.891 -11.633  -5.000  +4.961  +1.941  +3.000  +0.000  +0.000  +1.000  +0.000  +0.000  +0.000  +1.973  +1.931  +1.000      +0.21257400     +0.17494400     +0.03763000
 -30.912 -11.648  -5.000  +4.963  +1.960  +3.000  +0.000  +0.000  +1.000  +0.000  +0.000  +0.000  +1.967  +1.925  +1.000      +0.21256700     +0.17621700     +0.03635000
 -30.904 -11.637  -5.000  +4.960  +1.938  +3.000  +0.000  +0.000  +1.000  +0.000  +0.000  +0.000  +1.981  +1.921  +1.000      +0.21241300     +0.17458300     +0.03783000
 -30.796 -11.631  -5.000  +4.970  +1.918  +3.000  +0.000  +0.000  +1.000  +0.000  +0.000  +0.000  +1.968  +1.929  +1.000      +0.21276500     +0.17471500     +0.03805000
 -30.775 -11.640  -5.000  +4.985  +1.933  +3.000  +0.000  +0.000  +1.000  +0.000  +0.000  +0.000  +1.968  +1.933  +1.000      +0.21194200     +0.17640200     +0.03554000
 -31.057 -11.641  -5.000  +4.952  +1.955  +3.000  +0.000  +0.000  +1.000  +0.000  +0.000  +0.000  +1.977  +1.915  +1.000      +0.21215500     +0.17374500     +0.03841000
 -31.010 -11.646  -5.000  +4.962  +1.973  +3.000  +0.000  +0.000  +1.000  +0.000  +0.000  +0.000  +1.979  +1.917  +1.000      +0.21277100     +0.17589100     +0.03688000
 -30.849 -11.635  -5.000  +4.968  +1.932  +3.000  +0.000  +0.000  +1.000  +0.000  +0.000  +0.000  +1.970  +1.926  +1.000      +0.21239500     +0.17496500     +0.03743000
 -30.920 -11.646  -5.000  +4.956  +1.940  +3.000  +0.000  +0.000  +1.000  +0.000  +0.000  +0.000  +1.970  +1.935  +1.000      +0.21187100     +0.17449100     +0.03738000
 -30.915 -11.649  -5.000  +4.967  +1.944  +3.000  +0.000  +0.000  +1.000  +0.000  +0.000  +0.000  +1.971  +1.921  +1.000      +0.21168300     +0.17513300     +0.03655000
 -30.894 -11.635  -5.000  +4.967  +1.920  +3.000  +0.000  +0.000  +1.000  +0.000  +0.000  +0.000  +1.979  +1.926  +1.000      +0.21215400     +0.17351400     +0.03864000
 -30.898 -11.645  -5.000  +4.971  +1.936  +3.000  +0.000  +0.000  +1.000  +0.000  +0.000  +0.000  +1.964  +1.932  +1.000      +0.21144600     +0.17477600     +0.03667000
 -30.970 -11.651  -5.000  +4.965  +1.944  +3.000  +0.000  +0.000  +1.000  +0.000  +0.000  +0.000  +1.972  +1.928  +1.000      +0.21121700     +0.17435700     +0.03686000
 -30.734 -11.648  -5.000  +4.985  +1.918  +3.000  +0.000  +0.000  +1.000  +0.000  +0.000  +0.000  +1.965  +1.943  +1.000      +0.21152300     +0.17601300     +0.03551000
 -30.843 -11.658  -5.000  +4.976  +1.951  +3.000  +0.000  +0.000  +1.000  +0.000  +0.000  +0.000  +1.957  +1.938  +1.000      +0.21177000     +0.17683000     +0.03494000
 -30.985 -11.659  -5.000  +4.955  +1.945  +3.000  +0.000  +0.000  +1.000  +0.000  +0.000  +0.000  +1.965  +1.933  +1.000      +0.21110500     +0.17415500     +0.03695000
 -30.862 -11.657  -5.000  +4.984  +1.940  +3.000  +0.000  +0.000  +1.000  +0.000  +0.000  +0.000  +1.962  +1.929  +1.000      +0.21092000     +0.17588000     +0.03504000
 -30.945 -11.645  -5.000  +4.966  +1.924  +3.000  +0.000  +0.000  +1.000  +0.000  +0.000  +0.000  +1.976  +1.924  +1.000      +0.21138700     +0.17323700     +0.03815000
 -30.884 -11.652  -5.000  +4.975  +1.924  +3.000  +0.000  +0.000  +1.000  +0.000  +0.000  +0.000  +1.963  +1.942  +1.000      +0.21072000     +0.17429000     +0.03643000
 -31.115 -11.655  -5.000  +4.954  +1.953  +3.000  +0.000  +0.000  +1.000  +0.000  +0.000  +0.000  +1.970  +1.919  +1.000      +0.21102000     +0.17315000     +0.03787000
 -31.022 -11.661  -5.000  +4.961  +1.941  +3.000  +0.000  +0.000  +1.000  +0.000  +0.000  +0.000  +1.972  +1.926  +1.000      +0.21047700     +0.17354700     +0.03693000
 -31.001 -11.667  -5.000  +4.965  +1.958  +3.000  +0.000  +0.000  +1.000  +0.000  +0.000  +0.000  +1.959  +1.935  +1.000      +0.21094200     +0.17518200     +0.03576000
 -30.986 -11.666  -5.000  +4.967  +1.943  +3.000  +0.000  +0.000  +1.000  +0.000  +0.000  +0.000  +1.958  +1.934  +1.000      +0.21031000     +0.17432000     +0.03599000
 -30.971 -11.660  -5.000  +4.980  +1.942  +3.000  +0.000  +0.000  +1.000  +0.000  +0.000  +0.000  +1.963  +1.929  +1.000      +0.21015700     +0.17457700     +0.03558000
 -30.794 -11.667  -5.000  +4.990  +1.929  +3.000  +0.000  +0.000  +1.000  +0.000  +0.000  +0.000  +1.956  +1.946  +1.000      +0.21034900     +0.17629900     +0.03405000
 -30.839 -11.654  -5.000  +4.987  +1.915  +3.000  +0.000  +0.000  +1.000  +0.000  +0.000  +0.000  +1.966  +1.934  +1.000      +0.21050200     +0.17448200     +0.03602000
 -30.970 -11.663  -5.000  +4.969  +1.925  +3.000  +0.000  +0.000  +1.000  +0.000  +0.000  +0.000  +1.964  +1.941  +1.000      +0.20985700     +0.17324700     +0.03661000
 -30.977 -11.672  -5.000  +4.977  +1.941  +3.000  +0.000  +0.000  +1.000  +0.000  +0.000  +0.000  +1.963  +1.928  +1.000      +0.20975300     +0.17449300     +0.03526000
 -31.068 -11.675  -5.000  +4.961  +1.958  +3.000  +0.000  +0.000  +1.000  +0.000  +0.000  +0.000  +1.960  +1.935  +1.000      +0.21029300     +0.17442300     +0.03587000
 -30.900 -11.673  -5.000  +4.987  +1.938  +3.000  +0.000  +0.000  +1.000  +0.000  +0.000  +0.000  +1.950  +1.945  +1.000      +0.20976000     +0.17555000     +0.03421000
 -31.163 -11.670  -5.000  +4.957  +1.953  +3.000  +0.000  +0.000  +1.000  +0.000  +0.000  +0.000  +1.963  +1.924  +1.000      +0.20987200     +0.17280200     +0.03707000
 -31.030 -11.672  -5.000  +4.977  +1.943  +3.000  +0.000  +0.000  +1.000  +0.000  +0.000  +0.000  +1.963  +1.934  +1.000      +0.20937800     +0.17398800     +0.03539000
 -30.936 -11.662  -5.000  +4.988  +1.922  +3.000  +0.000  +0.000  +1.000  +0.000  +0.000  +0.000  +1.962  +1.932  +1.000      +0.20951600     +0.17379600     +0.03572000
 -31.021 -11.677  -5.000  +4.972  +1.932  +3.000  +0.000  +0.000  +1.000  +0.000  +0.000  +0.000  +1.959  +1.939  +1.000      +0.20901400     +0.17332400     +0.03569000
 -30.781 -11.670  -5.000  +5.000  +1.914  +3.000  +0.000  +0.000  +1.000  +0.000  +0.000  +0.000  +1.957  +1.949  +1.000      +0.20955600     +0.17561600     +0.03394000
 -30.912 -11.678  -5.000  +4.997  +1.938  +3.000  +0.000  +0.000  +1.000  +0.000  +0.000  +0.000  +1.954  +1.935  +1.000      +0.20926200     +0.17562200     +0.03364000
 -30.986 -11.670  -5.000  +4.983  +1.925  +3.000  +0.000  +0.000  +1.000  +0.000  +0.000  +0.000  +1.970  +1.928  +1.000      +0.20908100     +0.17335100     +0.03573000
 -30.912 -11.671  -5.000  +4.996  +1.918  +3.000  +0.000  +0.000  +1.000  +0.000  +0.000  +0.000  +1.958  +1.944  +1.000      +0.20874400     +0.17403400     +0.03471000
 -31.150 -11.674  -5.000  +4.971  +1.946  +3.000  +0.000  +0.000  +1.000  +0.000  +0.000  +0.000  +1.964  +1.921  +1.000      +0.20898400     +0.17266400     +0.03632000
 -31.068 -11.686  -5.000  +4.978  +1.945  +3.000  +0.000  +0.000  +1.000  +0.000  +0.000  +0.000  +1.960  +1.934  +1.000      +0.20868500     +0.17384500     +0.03484000
 -30.986 -11.680  -5.000  +4.988  +1.925  +3.000  +0.000  +0.000  +1.000  +0.000  +0.000  +0.000  +1.959  +1.933  +1.000      +0.20839800     +0.17357800     +0.03482000
 -31.129 -11.675  -5.000  +4.965  +1.925  +3.000  +0.000  +0.000  +1.000  +0.000  +0.000  +0.000  +1.970  +1.932  +1.000      +0.20874500     +0.17133500     +0.03741000
 -31.103 -11.684  -5.000  +4.973  +1.939  +3.000  +0.000  +0.000  +1.000  +0.000  +0.000  +0.000  +1.954  +1.940  +1.000      +0.20831900     +0.17287900     +0.03544000
 -31.095 -11.680  -5.000  +4.986  +1.933  +3.000  +0.000  +0.000  +1.000  +0.000  +0.000  +0.000  +1.963  +1.929  +1.000      +0.20805700     +0.17273700     +0.03532000
 -30.947 -11.685  -5.000  +4.990  +1.916  +3.000  +0.000  +0.000  +1.000  +0.000  +0.000  +0.000  +1.957  +1.949  +1.000      +0.20801900     +0.17352900     +0.03449000
# Info: parameter out of range.
 -31.074 -11.678  -5.000  +4.975  +1.927  +3.000  +0.000  +0.000  +1.000  +0.000  +0.000  +0.000  +1.964  +1.935  +1.000      +0.20844200     +0.17236200     +0.03608000
 -31.179 -11.693  -5.000  +4.968  +1.944  +3.000  +0.000  +0.000  +1.000  +0.000  +0.000  +0.000  +1.961  +1.930  +1.000      +0.20801500     +0.17237500     +0.03564000
 -31.060 -11.681  -5.000  +4.982  +1.917  +3.000  +0.000  +0.000  +1.000  +0.000  +0.000  +0.000  +1.959  +1.938  +1.000      +0.20794300     +0.17193300     +0.03601000
 -31.050 -11.690  -5.000  +4.987  +1.931  +3.000  +0.000  +0.000  +1.000  +0.000  +0.000  +0.000  +1.953  +1.938  +1.000      +0.20771700     +0.17326700     +0.03445000
 -31.159 -11.690  -5.000  +4.974  +1.935  +3.000  +0.000  +0.000  +1.000  +0.000  +0.000  +0.000  +1.956  +1.942  +1.000      +0.20754300     +0.17200300     +0.03554000
 -31.060 -11.688  -5.000  +4.989  +1.920  +3.000  +0.000  +0.000  +1.000  +0.000  +0.000  +0.000  +1.963  +1.935  +1.000      +0.20737400     +0.17236400     +0.03501000
 -31.056 -11.696  -5.000  +4.978  +1.921  +3.000  +0.000  +0.000  +1.000  +0.000  +0.000  +0.000  +1.953  +1.948  +1.000      +0.20734800     +0.17237800     +0.03497000
 -31.241 -11.694  -5.000  +4.969  +1.940  +3.000  +0.000  +0.000  +1.000  +0.000  +0.000  +0.000  +1.958  +1.928  +1.000      +0.20738000     +0.17138000     +0.03600000
 -31.030 -11.687  -5.000  +4.992  +1.910  +3.000  +0.000  +0.000  +1.000  +0.000  +0.000  +0.000  +1.953  +1.946  +1.000      +0.20726600     +0.17208600     +0.03518000
 -31.138 -11.701  -5.000  +4.981  +1.935  +3.000  +0.000  +0.000  +1.000  +0.000  +0.000  +0.000  +1.954  +1.941  +1.000      +0.20702400     +0.17252400     +0.03450000
 -31.178 -11.696  -5.000  +4.974  +1.923  +3.000  +0.000  +0.000  +1.000  +0.000  +0.000  +0.000  +1.959  +1.942  +1.000      +0.20687400     +0.17095400     +0.03592000
 -31.076 -11.697  -5.000  +4.987  +1.915  +3.000  +0.000  +0.000  +1.000  +0.000  +0.000  +0.000  +1.957  +1.939  +1.000      +0.20682600     +0.17186600     +0.03496000
 -30.939 -11.694  -5.000  +4.998  +1.902  +3.000  +0.000  +0.000  +1.000  +0.000  +0.000  +0.000  +1.955  +1.956  +1.000      +0.20716700     +0.17285700     +0.03431000
 -31.079 -11.702  -5.000  +4.981  +1.915  +3.000  +0.000  +0.000  +1.000  +0.000  +0.000  +0.000  +1.948  +1.956  +1.000      +0.20661700     +0.17180700     +0.03481000
 -31.090 -11.697  -5.000  +4.993  +1.912  +3.000  +0.000  +0.000  +1.000  +0.000  +0.000  +0.000  +1.955  +1.945  +1.000      +0.20643600     +0.17160600     +0.03483000
 -31.137 -11.709  -5.000  +4.979  +1.924  +3.000  +0.000  +0.000  +1.000  +0.000  +0.000  +0.000  +1.956  +1.947  +1.000      +0.20631800     +0.17175800     +0.03456000
 -31.295 -11.707  -5.000  +4.967  +1.940  +3.000  +0.000  +0.000  +1.000  +0.000  +0.000  +0.000  +1.955  +1.934  +1.000      +0.20658900     +0.17088900     +0.03570000
 -31.147 -11.701  -5.000  +4.980  +1.908  +3.000  +0.000  +0.000  +1.000  +0.000  +0.000  +0.000  +1.957  +1.946  +1.000      +0.20644100     +0.17039100     +0.03605000
 -31.096 -11.708  -5.000  +4.989  +1.915  +3.000  +0.000  +0.000  +1.000  +0.000  +0.000  +0.000  +1.950  +1.947  +1.000      +0.20606900     +0.17178900     +0.03428000
 -31.205 -11.711  -5.000  +4.976  +1.923  +3.000  +0.000  +0.000  +1.000  +0.000  +0.000  +0.000  +1.950  +1.953  +1.000      +0.20588100     +0.17086100     +0.03502000
 -31.245 -11.709  -5.000  +4.980  +1.926  +3.000  +0.000  +0.000  +1.000  +0.000  +0.000  +0.000  +1.960  +1.935  +1.000      +0.20583700     +0.17062700     +0.03521000
 -31.012 -11.705  -5.000  +4.998  +1.896  +3.000  +0.000  +0.000  +1.000  +0.000  +0.000  +0.000  +1.954  +1.957  +1.000      +0.20618000     +0.17162000     +0.03456000
 -31.115 -11.711  -5.000  +4.992  +1.925  +3.000  +0.000  +0.000  +1.000  +0.000  +0.000  +0.000  +1.952  +1.948  +1.000      +0.20594500     +0.17231500     +0.03363000
 -31.180 -11.721  -5.000  +4.978  +1.924  +3.000  +0.000  +0.000  +1.000  +0.000  +0.000  +0.000  +1.952  +1.950  +1.000      +0.20555900     +0.17134900     +0.03421000
 -31.147 -11.713  -5.000  +4.992  +1.912  +3.000  +0.000  +0.000  +1.000  +0.000  +0.000  +0.000  +1.950  +1.950  +1.000      +0.20535600     +0.17104600     +0.03431000
 -31.317 -11.719  -5.000  +4.970  +1.946  +3.000  +0.000  +0.000  +1.000  +0.000  +0.000  +0.000  +1.950  +1.937  +1.000      +0.20607100     +0.17123100     +0.03484000
 -31.089 -11.708  -5.000  +4.991  +1.909  +3.000  +0.000  +0.000  +1.000  +0.000  +0.000  +0.000  +1.953  +1.952  +1.000      +0.20585400     +0.17144400     +0.03441000
 -31.231 -11.716  -5.000  +4.981  +1.924  +3.000  +0.000  +0.000  +1.000  +0.000  +0.000  +0.000  +1.956  +1.949  +1.000      +0.20536700     +0.17076700     +0.03460000
 -31.250 -11.714  -5.000  +4.974  +1.915  +3.000  +0.000  +0.000  +1.000  +0.000  +0.000  +0.000  +1.955  +1.948  +1.000      +0.20545800     +0.16971800     +0.03574000
 -31.175 -11.716  -5.000  +4.990  +1.913  +3.000  +0.000  +0.000  +1.000  +0.000  +0.000  +0.000  +1.959  +1.942  +1.000      +0.20521600     +0.17076600     +0.03445000
 -31.321 -11.721  -5.000  +4.974  +1.930  +3.000  +0.000  +0.000  +1.000  +0.000  +0.000  +0.000  +1.957  +1.939  +1.000      +0.20517800     +0.17006800     +0.03511000
 -31.190 -11.725  -5.000  +4.983  +1.914  +3.000  +0.000  +0.000  +1.000  +0.000  +0.000  +0.000  +1.949  +1.958  +1.000      +0.20480500     +0.17059500     +0.03421000
 -31.258 -11.715  -5.000  +4.986  +1.912  +3.000  +0.000  +0.000  +1.000  +0.000  +0.000  +0.000  +1.956  +1.945  +1.000      +0.20495300     +0.16962300     +0.03533000
 -31.191 -11.721  -5.000  +4.994  +1.920  +3.000  +0.000  +0.000  +1.000  +0.000  +0.000  +0.000  +1.954  +1.946  +1.000      +0.20486500     +0.17121500     +0.03365000
 -31.197 -11.721  -5.000  +4.992  +1.909  +3.000  +0.000  +0.000  +1.000  +0.000  +0.000  +0.000  +1.953  +1.944  +1.000      +0.20474600     +0.17031600     +0.03443000
 -31.297 -11.727  -5.000  +4.981  +1.920  +3.000  +0.000  +0.000  +1.000  +0.000  +0.000  +0.000  +1.960  +1.942  +1.000      +0.20450800     +0.16982800     +0.03468000
 -31.309 -11.727  -5.000  +4.980  +1.922  +3.000  +0.000  +0.000  +1.000  +0.000  +0.000  +0.000  +1.951  +1.950  +1.000      +0.20443900     +0.16978900     +0.03465000
 -31.160 -11.724  -5.000  +4.998  +1.903  +3.000  +0.000  +0.000  +1.000  +0.000  +0.000  +0.000  +1.951  +1.956  +1.000      +0.20436500     +0.17043500     +0.03393000
 -31.190 -11.734  -5.000  +4.990  +1.917  +3.000  +0.000  +0.000  +1.000  +0.000  +0.000  +0.000  +1.950  +1.953  +1.000      +0.20435000     +0.17109000     +0.03326000
 -31.257 -11.732  -5.000  +4.980  +1.908  +3.000  +0.000  +0.000  +1.000  +0.000  +0.000  +0.000  +1.950  +1.954  +1.000      +0.20421500     +0.16944500     +0.03477000
 -31.279 -11.730  -5.000  +4.991  +1.913  +3.000  +0.000  +0.000  +1.000  +0.000  +0.000  +0.000  +1.955  +1.942  +1.000      +0.20399000     +0.16969000     +0.03430000
 -31.300 -11.737  -5.000  +4.982  +1.918  +3.000  +0.000  +0.000  +1.000  +0.000  +0.000  +0.000  +1.953  +1.955  +1.000      +0.20385800     +0.16976800     +0.03409000
 -31.202 -11.734  -5.000  +4.993  +1.907  +3.000  +0.000  +0.000  +1.000  +0.000  +0.000  +0.000  +1.944  +1.962  +1.000      +0.20385300     +0.17024300     +0.03361000
 -31.153 -11.736  -5.000  +4.998  +1.900  +3.000  +0.000  +0.000  +1.000  +0.000  +0.000  +0.000  +1.950  +1.958  +1.000      +0.20383700     +0.17047700     +0.03336000
 -31.301 -11.743  -5.000  +4.979  +1.919  +3.000  +0.000  +0.000  +1.000  +0.000  +0.000  +0.000  +1.950  +1.952  +1.000      +0.20368500     +0.16981500     +0.03387000
 -31.308 -11.737  -5.000  +4.984  +1.904  +3.000  +0.000  +0.000  +1.000  +0.000  +0.000  +0.000  +1.951  +1.954  +1.000      +0.20354700     +0.16871700     +0.03483000
 -31.257 -11.741  -5.000  +4.995  +1.912  +3.000  +0.000  +0.000  +1.000  +0.000  +0.000  +0.000  +1.951  +1.953  +1.000      +0.20333500     +0.17009500     +0.03324000
 -31.228 -11.746  -5.000  +4.986  +1.908  +3.000  +0.000  +0.000  +1.000  +0.000  +0.000  +0.000  +1.944  +1.969  +1.000      +0.20332600     +0.16999600     +0.03333000
 -31.182 -11.742  -5.000  +4.997  +1.898  +3.000  +0.000  +0.000  +1.000  +0.000  +0.000  +0.000  +1.943  +1.961  +1.000      +0.20336700     +0.17002700     +0.03334000
 -31.275 -11.748  -5.000  +4.988  +1.907  +3.000  +0.000  +0.000  +1.000  +0.000  +0.000  +0.000  +1.952  +1.954  +1.000      +0.20308500     +0.16944500     +0.03364000
 -31.364 -11.749  -5.000  +4.979  +1.916  +3.000  +0.000  +0.000  +1.000  +0.000  +0.000  +0.000  +1.947  +1.957  +1.000      +0.20299200     +0.16895200     +0.03404000
 -31.237 -11.744  -5.000  +4.997  +1.897  +3.000  +0.000  +0.000  +1.000  +0.000  +0.000  +0.000  +1.946  +1.964  +1.000      +0.20292300     +0.16925300     +0.03367000
 -31.207 -11.754  -5.000  +4.996  +1.908  +3.000  +0.000  +0.000  +1.000  +0.000  +0.000  +0.000  +1.943  +1.965  +1.000      +0.20289700     +0.17053700     +0.03236000
 -31.340 -11.752  -5.000  +4.983  +1.917  +3.000  +0.000  +0.000  +1.000  +0.000  +0.000  +0.000  +1.951  +1.960  +1.000      +0.20287800     +0.16942800     +0.03345000
 -31.293 -11.757  -5.000  +4.981  +1.905  +3.000  +0.000  +0.000  +1.000  +0.000  +0.000  +0.000  +1.944  +1.970  +1.000      +0.20260900     +0.16907900     +0.03353000
 -31.344 -11.755  -5.000  +4.989  +1.909  +3.000  +0.000  +0.000  +1.000  +0.000  +0.000  +0.000  +1.951  +1.954  +1.000      +0.20239700     +0.16889700     +0.03350000
 -31.320 -11.756  -5.000  +4.988  +1.910  +3.000  +0.000  +0.000  +1.000  +0.000  +0.000  +0.000  +1.942  +1.969  +1.000      +0.20240500     +0.16924500     +0.03316000
 -31.217 -11.756  -5.000  +4.999  +1.900  +3.000  +0.000  +0.000  +1.000  +0.000  +0.000  +0.000  +1.946  +1.971  +1.000      +0.20238100     +0.16989100     +0.03249000
 -31.336 -11.766  -5.000  +4.982  +1.920  +3.000  +0.000  +0.000  +1.000  +0.000  +0.000  +0.000  +1.946  +1.966  +1.000      +0.20250200     +0.16977200     +0.03273000
 -31.410 -11.760  -5.000  +4.977  +1.912  +3.000  +0.000  +0.000  +1.000  +0.000  +0.000  +0.000  +1.950  +1.965  +1.000      +0.20217600     +0.16828600     +0.03389000
 -31.300 -11.765  -5.000  +4.988  +1.901  +3.000  +0.000  +0.000  +1.000  +0.000  +0.000  +0.000  +1.942  +1.972  +1.000      +0.20190300     +0.16894300     +0.03296000
 -31.349 -11.762  -5.000  +4.993  +1.912  +3.000  +0.000  +0.000  +1.000  +0.000  +0.000  +0.000  +1.948  +1.962  +1.000      +0.20192100     +0.16924100     +0.03268000
 -31.310 -11.753  -5.000  +4.997  +1.895  +3.000  +0.000  +0.000  +1.000  +0.000  +0.000  +0.000  +1.947  +1.965  +1.000      +0.20215800     +0.16837800     +0.03378000
 -31.323 -11.762  -5.000  +4.994  +1.900  +3.000  +0.000  +0.000  +1.000  +0.000  +0.000  +0.000  +1.952  +1.960  +1.000      +0.20185600     +0.16860600     +0.03325000
 -31.292 -11.764  -5.000  +4.994  +1.898  +3.000  +0.000  +0.000  +1.000  +0.000  +0.000  +0.000  +1.944  +1.977  +1.000      +0.20166700     +0.16886700     +0.03280000
 -31.445 -11.766  -5.000  +4.982  +1.907  +3.000  +0.000  +0.000  +1.000  +0.000  +0.000  +0.000  +1.949  +1.963  +1.000      +0.20153400     +0.16762400     +0.03391000
# Info: parameter out of range.
 -31.373 -11.761  -5.000  +4.984  +1.907  +3.000  +0.000  +0.000  +1.000  +0.000  +0.000  +0.000  +1.949  +1.966  +1.000      +0.20197600     +0.16843600     +0.03354000
 -31.384 -11.774  -5.000  +4.982  +1.913  +3.000  +0.000  +0.000  +1.000  +0.000  +0.000  +0.000  +1.948  +1.968  +1.000      +0.20160300     +0.16885300     +0.03275000
 -31.325 -11.770  -5.000  +4.993  +1.903  +3.000  +0.000  +0.000  +1.000  +0.000  +0.000  +0.000  +1.946  +1.969  +1.000      +0.20145700     +0.16892700     +0.03253000
 -31.340 -11.771  -5.000  +4.984  +1.895  +3.000  +0.000  +0.000  +1.000  +0.000  +0.000  +0.000  +1.946  +1.974  +1.000      +0.20147100     +0.16801100     +0.03346000
 -31.403 -11.771  -5.000  +4.988  +1.904  +3.000  +0.000  +0.000  +1.000  +0.000  +0.000  +0.000  +1.953  +1.965  +1.000      +0.20122600     +0.16801600     +0.03321000
 -31.407 -11.777  -5.000  +4.981  +1.907  +3.000  +0.000  +0.000  +1.000  +0.000  +0.000  +0.000  +1.943  +1.979  +1.000      +0.20109900     +0.16814900     +0.03295000
 -31.475 -11.778  -5.000  +4.976  +1.912  +3.000  +0.000  +0.000  +1.000  +0.000  +0.000  +0.000  +1.951  +1.962  +1.000      +0.20114600     +0.16770600     +0.03344000
 -31.415 -11.770  -5.000  +4.986  +1.896  +3.000  +0.000  +0.000  +1.000  +0.000  +0.000  +0.000  +1.948  +1.969  +1.000      +0.20116100     +0.16727100     +0.03389000
 -31.343 -11.780  -5.000  +4.988  +1.899  +3.000  +0.000  +0.000  +1.000  +0.000  +0.000  +0.000  +1.946  +1.977  +1.000      +0.20095000     +0.16841000     +0.03254000
 -31.449 -11.777  -5.000  +4.987  +1.912  +3.000  +0.000  +0.000  +1.000  +0.000  +0.000  +0.000  +1.950  +1.966  +1.000      +0.20094500     +0.16815500     +0.03279000
 -31.506 -11.781  -5.000  +4.976  +1.907  +3.000  +0.000  +0.000  +1.000  +0.000  +0.000  +0.000  +1.950  +1.971  +1.000      +0.20070500     +0.16701500     +0.03369000
 -31.462 -11.784  -5.000  +4.976  +1.907  +3.000  +0.000  +0.000  +1.000  +0.000  +0.000  +0.000  +1.943  +1.976  +1.000      +0.20070500     +0.16753500     +0.03317000
# Info: converged
